[2.110s] Invoking command in '/home/eyantra/LB24/Student/1048/src/ur5_control': PYTHONPATH=/home/eyantra/LB24/Student/1048/build/ur5_control/prefix_override:/usr/lib/python3/dist-packages/colcon_core/task/python/colcon_distutils_commands:/home/eyantra/LB24/Student/1048/install/ur5_control/lib/python3.10/site-packages:${PYTHONPATH} /usr/bin/python3 -W ignore:setup.py install is deprecated -W ignore:easy_install command is deprecated setup.py egg_info --egg-base ../../build/ur5_control build --build-base /home/eyantra/LB24/Student/1048/build/ur5_control/build install --record /home/eyantra/LB24/Student/1048/build/ur5_control/install.log --single-version-externally-managed install_data
[2.821s] running egg_info
[2.821s] creating ../../build/ur5_control/ur5_control.egg-info
[2.823s] writing ../../build/ur5_control/ur5_control.egg-info/PKG-INFO
[2.823s] writing dependency_links to ../../build/ur5_control/ur5_control.egg-info/dependency_links.txt
[2.823s] writing entry points to ../../build/ur5_control/ur5_control.egg-info/entry_points.txt
[2.824s] writing requirements to ../../build/ur5_control/ur5_control.egg-info/requires.txt
[2.831s] writing top-level names to ../../build/ur5_control/ur5_control.egg-info/top_level.txt
[2.831s] writing manifest file '../../build/ur5_control/ur5_control.egg-info/SOURCES.txt'
[2.832s] reading manifest file '../../build/ur5_control/ur5_control.egg-info/SOURCES.txt'
[2.833s] writing manifest file '../../build/ur5_control/ur5_control.egg-info/SOURCES.txt'
[2.838s] running build
[2.838s] running build_py
[2.838s] creating /home/eyantra/LB24/Student/1048/build/ur5_control/build
[2.838s] creating /home/eyantra/LB24/Student/1048/build/ur5_control/build/lib
[2.838s] creating /home/eyantra/LB24/Student/1048/build/ur5_control/build/lib/ur5_control
[2.838s] copying ur5_control/arm.py -> /home/eyantra/LB24/Student/1048/build/ur5_control/build/lib/ur5_control
[2.840s] copying ur5_control/arm5.py -> /home/eyantra/LB24/Student/1048/build/ur5_control/build/lib/ur5_control
[2.844s] copying ur5_control/__init__.py -> /home/eyantra/LB24/Student/1048/build/ur5_control/build/lib/ur5_control
[2.844s] running install
[2.844s] running install_lib
[2.845s] creating /home/eyantra/LB24/Student/1048/install/ur5_control/lib/python3.10/site-packages/ur5_control
[2.846s] copying /home/eyantra/LB24/Student/1048/build/ur5_control/build/lib/ur5_control/arm.py -> /home/eyantra/LB24/Student/1048/install/ur5_control/lib/python3.10/site-packages/ur5_control
[2.847s] copying /home/eyantra/LB24/Student/1048/build/ur5_control/build/lib/ur5_control/arm5.py -> /home/eyantra/LB24/Student/1048/install/ur5_control/lib/python3.10/site-packages/ur5_control
[2.847s] copying /home/eyantra/LB24/Student/1048/build/ur5_control/build/lib/ur5_control/__init__.py -> /home/eyantra/LB24/Student/1048/install/ur5_control/lib/python3.10/site-packages/ur5_control
[2.856s] byte-compiling /home/eyantra/LB24/Student/1048/install/ur5_control/lib/python3.10/site-packages/ur5_control/arm.py to arm.cpython-310.pyc
[2.857s] byte-compiling /home/eyantra/LB24/Student/1048/install/ur5_control/lib/python3.10/site-packages/ur5_control/arm5.py to arm5.cpython-310.pyc
[2.860s] byte-compiling /home/eyantra/LB24/Student/1048/install/ur5_control/lib/python3.10/site-packages/ur5_control/__init__.py to __init__.cpython-310.pyc
[2.862s] running install_data
[2.868s] creating /home/eyantra/LB24/Student/1048/install/ur5_control/share/ament_index
[2.868s] creating /home/eyantra/LB24/Student/1048/install/ur5_control/share/ament_index/resource_index
[2.869s] creating /home/eyantra/LB24/Student/1048/install/ur5_control/share/ament_index/resource_index/packages
[2.869s] copying resource/ur5_control -> /home/eyantra/LB24/Student/1048/install/ur5_control/share/ament_index/resource_index/packages
[2.869s] copying package.xml -> /home/eyantra/LB24/Student/1048/install/ur5_control/share/ur5_control
[2.869s] creating /home/eyantra/LB24/Student/1048/install/ur5_control/lib/ur5_control
[2.869s] copying ur5_control/__init__.py -> /home/eyantra/LB24/Student/1048/install/ur5_control/lib/ur5_control
[2.869s] running install_egg_info
[2.869s] Copying ../../build/ur5_control/ur5_control.egg-info to /home/eyantra/LB24/Student/1048/install/ur5_control/lib/python3.10/site-packages/ur5_control-0.0.0-py3.10.egg-info
[2.870s] running install_scripts
[2.910s] Installing 3a script to /home/eyantra/LB24/Student/1048/install/ur5_control/lib/ur5_control
[2.911s] Installing arm script to /home/eyantra/LB24/Student/1048/install/ur5_control/lib/ur5_control
[2.912s] Installing arm5 script to /home/eyantra/LB24/Student/1048/install/ur5_control/lib/ur5_control
[2.913s] Installing working script to /home/eyantra/LB24/Student/1048/install/ur5_control/lib/ur5_control
[2.914s] writing list of installed files to '/home/eyantra/LB24/Student/1048/build/ur5_control/install.log'
[3.048s] Invoked command in '/home/eyantra/LB24/Student/1048/src/ur5_control' returned '0': PYTHONPATH=/home/eyantra/LB24/Student/1048/build/ur5_control/prefix_override:/usr/lib/python3/dist-packages/colcon_core/task/python/colcon_distutils_commands:/home/eyantra/LB24/Student/1048/install/ur5_control/lib/python3.10/site-packages:${PYTHONPATH} /usr/bin/python3 -W ignore:setup.py install is deprecated -W ignore:easy_install command is deprecated setup.py egg_info --egg-base ../../build/ur5_control build --build-base /home/eyantra/LB24/Student/1048/build/ur5_control/build install --record /home/eyantra/LB24/Student/1048/build/ur5_control/install.log --single-version-externally-managed install_data
