[1.411s] Invoking command in '/home/eyantra/LB24/Student/1048/src/ff': PYTHONPATH=/home/eyantra/LB24/Student/1048/build/ff/prefix_override:/usr/lib/python3/dist-packages/colcon_core/task/python/colcon_distutils_commands:/home/eyantra/LB24/Student/1048/install/ff/lib/python3.10/site-packages:${PYTHONPATH} /usr/bin/python3 -W ignore:setup.py install is deprecated -W ignore:easy_install command is deprecated setup.py egg_info --egg-base ../../build/ff build --build-base /home/eyantra/LB24/Student/1048/build/ff/build install --record /home/eyantra/LB24/Student/1048/build/ff/install.log --single-version-externally-managed install_data
[1.728s] running egg_info
[1.729s] writing ../../build/ff/ff.egg-info/PKG-INFO
[1.729s] writing dependency_links to ../../build/ff/ff.egg-info/dependency_links.txt
[1.729s] writing entry points to ../../build/ff/ff.egg-info/entry_points.txt
[1.729s] writing requirements to ../../build/ff/ff.egg-info/requires.txt
[1.729s] writing top-level names to ../../build/ff/ff.egg-info/top_level.txt
[1.731s] reading manifest file '../../build/ff/ff.egg-info/SOURCES.txt'
[1.732s] writing manifest file '../../build/ff/ff.egg-info/SOURCES.txt'
[1.732s] running build
[1.732s] running build_py
[1.732s] running install
[1.733s] running install_lib
[1.734s] running install_data
[1.734s] running install_egg_info
[1.736s] removing '/home/eyantra/LB24/Student/1048/install/ff/lib/python3.10/site-packages/ff-0.0.0-py3.10.egg-info' (and everything under it)
[1.736s] Copying ../../build/ff/ff.egg-info to /home/eyantra/LB24/Student/1048/install/ff/lib/python3.10/site-packages/ff-0.0.0-py3.10.egg-info
[1.737s] running install_scripts
[1.759s] Installing go script to /home/eyantra/LB24/Student/1048/install/ff/lib/ff
[1.760s] writing list of installed files to '/home/eyantra/LB24/Student/1048/build/ff/install.log'
[1.809s] Invoked command in '/home/eyantra/LB24/Student/1048/src/ff' returned '0': PYTHONPATH=/home/eyantra/LB24/Student/1048/build/ff/prefix_override:/usr/lib/python3/dist-packages/colcon_core/task/python/colcon_distutils_commands:/home/eyantra/LB24/Student/1048/install/ff/lib/python3.10/site-packages:${PYTHONPATH} /usr/bin/python3 -W ignore:setup.py install is deprecated -W ignore:easy_install command is deprecated setup.py egg_info --egg-base ../../build/ff build --build-base /home/eyantra/LB24/Student/1048/build/ff/build install --record /home/eyantra/LB24/Student/1048/build/ff/install.log --single-version-externally-managed install_data
