[0.008s] Invoking command in '/home/northee/git/task3a/build/fin': AMENT_PREFIX_PATH=/home/northee/git/task3a/install/usb_servo:/home/northee/git/task3a/install/ebot_docking:${AMENT_PREFIX_PATH} CMAKE_PREFIX_PATH=/home/northee/git/task3a/install/usb_servo:/home/northee/git/task3a/install/ebot_docking:/opt/ros/humble LD_LIBRARY_PATH=/home/northee/git/task3a/install/usb_servo/lib:/home/northee/git/task3a/install/ebot_docking/lib:${LD_LIBRARY_PATH} PYTHONPATH=/home/northee/git/task3a/install/usb_servo/local/lib/python3.10/dist-packages:/home/northee/git/task3a/install/ebot_docking/local/lib/python3.10/dist-packages:${PYTHONPATH} /usr/bin/cmake --build /home/northee/git/task3a/build/fin -- -j24 -l24
[0.019s] -- Found ament_cmake: 1.3.11 (/opt/ros/humble/share/ament_cmake/cmake)
[0.064s] -- Found rclcpp: 16.0.11 (/opt/ros/humble/share/rclcpp/cmake)
[0.078s] -- Found rosidl_generator_c: 3.1.6 (/opt/ros/humble/share/rosidl_generator_c/cmake)
[0.080s] -- Found rosidl_adapter: 3.1.6 (/opt/ros/humble/share/rosidl_adapter/cmake)
[0.082s] -- Found rosidl_generator_cpp: 3.1.6 (/opt/ros/humble/share/rosidl_generator_cpp/cmake)
[0.087s] -- Using all available rosidl_typesupport_c: rosidl_typesupport_fastrtps_c;rosidl_typesupport_introspection_c
[0.092s] -- Using all available rosidl_typesupport_cpp: rosidl_typesupport_fastrtps_cpp;rosidl_typesupport_introspection_cpp
[0.108s] -- Found rmw_implementation_cmake: 6.1.2 (/opt/ros/humble/share/rmw_implementation_cmake/cmake)
[0.109s] -- Found rmw_fastrtps_cpp: 6.2.7 (/opt/ros/humble/share/rmw_fastrtps_cpp/cmake)
[0.162s] -- Using RMW implementation 'rmw_fastrtps_cpp' as default
[0.185s] -- Found rclcpp_action: 16.0.11 (/opt/ros/humble/share/rclcpp_action/cmake)
[0.199s] -- Found geometry_msgs: 4.2.4 (/opt/ros/humble/share/geometry_msgs/cmake)
[0.205s] -- Found ebot_docking: 0.0.0 (/home/northee/git/task3a/install/ebot_docking/share/ebot_docking/cmake)
[0.209s] -- Found sensor_msgs: 4.2.4 (/opt/ros/humble/share/sensor_msgs/cmake)
[0.217s] -- Found usb_servo: 0.0.0 (/home/northee/git/task3a/install/usb_servo/share/usb_servo/cmake)
[0.221s] -- Found nav2_msgs: 1.1.18 (/opt/ros/humble/share/nav2_msgs/cmake)
[0.242s] -- Found ament_lint_auto: 0.12.11 (/opt/ros/humble/share/ament_lint_auto/cmake)
[0.274s] -- Added test 'cppcheck' to perform static code analysis on C / C++ code
[0.274s] -- Configured cppcheck include dirs: 
[0.274s] -- Configured cppcheck exclude dirs and/or files: 
[0.274s] -- Added test 'flake8' to check Python code syntax and style conventions
[0.274s] -- Added test 'lint_cmake' to check CMake code style
[0.274s] -- Added test 'pep257' to check Python code against some of the docstring style conventions in PEP 257
[0.274s] -- Added test 'uncrustify' to check C / C++ code style
[0.274s] -- Configured uncrustify additional arguments: 
[0.275s] -- Added test 'xmllint' to check XML markup files
[0.275s] -- Configuring done
[0.283s] -- Generating done
[0.286s] -- Build files have been written to: /home/northee/git/task3a/build/fin
[0.302s] [ 33%] Built target arm
[0.302s] [ 83%] [32mBuilding CXX object CMakeFiles/nav.dir/src/nav.cpp.o[0m
[0.303s] [ 83%] Built target dock
[4.734s] [100%] [32m[1mLinking CXX executable nav[0m
[4.967s] [100%] Built target nav
[4.971s] Invoked command in '/home/northee/git/task3a/build/fin' returned '0': AMENT_PREFIX_PATH=/home/northee/git/task3a/install/usb_servo:/home/northee/git/task3a/install/ebot_docking:${AMENT_PREFIX_PATH} CMAKE_PREFIX_PATH=/home/northee/git/task3a/install/usb_servo:/home/northee/git/task3a/install/ebot_docking:/opt/ros/humble LD_LIBRARY_PATH=/home/northee/git/task3a/install/usb_servo/lib:/home/northee/git/task3a/install/ebot_docking/lib:${LD_LIBRARY_PATH} PYTHONPATH=/home/northee/git/task3a/install/usb_servo/local/lib/python3.10/dist-packages:/home/northee/git/task3a/install/ebot_docking/local/lib/python3.10/dist-packages:${PYTHONPATH} /usr/bin/cmake --build /home/northee/git/task3a/build/fin -- -j24 -l24
[4.971s] Invoking command in '/home/northee/git/task3a/build/fin': AMENT_PREFIX_PATH=/home/northee/git/task3a/install/usb_servo:/home/northee/git/task3a/install/ebot_docking:${AMENT_PREFIX_PATH} CMAKE_PREFIX_PATH=/home/northee/git/task3a/install/usb_servo:/home/northee/git/task3a/install/ebot_docking:/opt/ros/humble LD_LIBRARY_PATH=/home/northee/git/task3a/install/usb_servo/lib:/home/northee/git/task3a/install/ebot_docking/lib:${LD_LIBRARY_PATH} PYTHONPATH=/home/northee/git/task3a/install/usb_servo/local/lib/python3.10/dist-packages:/home/northee/git/task3a/install/ebot_docking/local/lib/python3.10/dist-packages:${PYTHONPATH} /usr/bin/cmake --install /home/northee/git/task3a/build/fin
[4.972s] -- Install configuration: ""
[4.972s] -- Up-to-date: /home/northee/git/task3a/install/fin/lib/fin/arm
[4.972s] -- Up-to-date: /home/northee/git/task3a/install/fin/lib/fin/dock
[4.972s] -- Installing: /home/northee/git/task3a/install/fin/lib/fin/nav
[4.974s] -- Set runtime path of "/home/northee/git/task3a/install/fin/lib/fin/nav" to ""
[4.974s] -- Up-to-date: /home/northee/git/task3a/install/fin/lib/fin/arm.py
[4.974s] -- Up-to-date: /home/northee/git/task3a/install/fin/share/ament_index/resource_index/package_run_dependencies/fin
[4.974s] -- Installing: /home/northee/git/task3a/install/fin/share/ament_index/resource_index/parent_prefix_path/fin
[4.974s] -- Up-to-date: /home/northee/git/task3a/install/fin/share/fin/environment/ament_prefix_path.sh
[4.974s] -- Installing: /home/northee/git/task3a/install/fin/share/fin/environment/ament_prefix_path.dsv
[4.974s] -- Up-to-date: /home/northee/git/task3a/install/fin/share/fin/environment/path.sh
[4.974s] -- Installing: /home/northee/git/task3a/install/fin/share/fin/environment/path.dsv
[4.974s] -- Up-to-date: /home/northee/git/task3a/install/fin/share/fin/local_setup.bash
[4.974s] -- Up-to-date: /home/northee/git/task3a/install/fin/share/fin/local_setup.sh
[4.975s] -- Up-to-date: /home/northee/git/task3a/install/fin/share/fin/local_setup.zsh
[4.975s] -- Installing: /home/northee/git/task3a/install/fin/share/fin/local_setup.dsv
[4.975s] -- Installing: /home/northee/git/task3a/install/fin/share/fin/package.dsv
[4.975s] -- Up-to-date: /home/northee/git/task3a/install/fin/share/ament_index/resource_index/packages/fin
[4.975s] -- Up-to-date: /home/northee/git/task3a/install/fin/share/fin/cmake/finConfig.cmake
[4.975s] -- Up-to-date: /home/northee/git/task3a/install/fin/share/fin/cmake/finConfig-version.cmake
[4.975s] -- Up-to-date: /home/northee/git/task3a/install/fin/share/fin/package.xml
[4.975s] Invoked command in '/home/northee/git/task3a/build/fin' returned '0': AMENT_PREFIX_PATH=/home/northee/git/task3a/install/usb_servo:/home/northee/git/task3a/install/ebot_docking:${AMENT_PREFIX_PATH} CMAKE_PREFIX_PATH=/home/northee/git/task3a/install/usb_servo:/home/northee/git/task3a/install/ebot_docking:/opt/ros/humble LD_LIBRARY_PATH=/home/northee/git/task3a/install/usb_servo/lib:/home/northee/git/task3a/install/ebot_docking/lib:${LD_LIBRARY_PATH} PYTHONPATH=/home/northee/git/task3a/install/usb_servo/local/lib/python3.10/dist-packages:/home/northee/git/task3a/install/ebot_docking/local/lib/python3.10/dist-packages:${PYTHONPATH} /usr/bin/cmake --install /home/northee/git/task3a/build/fin
