[0.385s] Invoking command in '/home/northee/git/task3a/build/ur_moveit_config': CMAKE_PREFIX_PATH=${CMAKE_PREFIX_PATH}:/home/northee/eyrc/eyrc_ws/install/ur5_control:/home/northee/eyrc/eyrc_ws/install/bot:/home/northee/git/task3a/install/ur5_control:/home/northee/git/task3a/install/ff:/home/northee/git/task3a/install/bot:/home/northee/ROS2/turtle_ws/install/turtle_final:/home/northee/ROS2/turtle_ws/install/service_tut:/home/northee/ROS2/turtle_ws/install/first_pkg:/home/northee/ROS2/turtle_ws/install/exercise_1:/home/northee/ROS2/turtle_ws/install/arena_25:/home/northee/ROS2/urdf_ws/install/py_pubsub:/home/northee/ROS2/urdf_ws/install/ros2_control_demo_testing:/opt/ros/humble /usr/bin/cmake /home/northee/git/task3a/src/ur_moveit_config -DCMAKE_INSTALL_PREFIX=/home/northee/git/task3a/install/ur_moveit_config
[0.391s] -- Found ament_cmake: 1.3.11 (/opt/ros/humble/share/ament_cmake/cmake)
[0.449s] -- Found ament_lint_auto: 0.12.11 (/opt/ros/humble/share/ament_lint_auto/cmake)
[0.488s] -- Configuring done
[0.488s] -- Generating done
[0.489s] -- Build files have been written to: /home/northee/git/task3a/build/ur_moveit_config
[0.490s] Invoked command in '/home/northee/git/task3a/build/ur_moveit_config' returned '0': CMAKE_PREFIX_PATH=${CMAKE_PREFIX_PATH}:/home/northee/eyrc/eyrc_ws/install/ur5_control:/home/northee/eyrc/eyrc_ws/install/bot:/home/northee/git/task3a/install/ur5_control:/home/northee/git/task3a/install/ff:/home/northee/git/task3a/install/bot:/home/northee/ROS2/turtle_ws/install/turtle_final:/home/northee/ROS2/turtle_ws/install/service_tut:/home/northee/ROS2/turtle_ws/install/first_pkg:/home/northee/ROS2/turtle_ws/install/exercise_1:/home/northee/ROS2/turtle_ws/install/arena_25:/home/northee/ROS2/urdf_ws/install/py_pubsub:/home/northee/ROS2/urdf_ws/install/ros2_control_demo_testing:/opt/ros/humble /usr/bin/cmake /home/northee/git/task3a/src/ur_moveit_config -DCMAKE_INSTALL_PREFIX=/home/northee/git/task3a/install/ur_moveit_config
[0.491s] Invoking command in '/home/northee/git/task3a/build/ur_moveit_config': CMAKE_PREFIX_PATH=${CMAKE_PREFIX_PATH}:/home/northee/eyrc/eyrc_ws/install/ur5_control:/home/northee/eyrc/eyrc_ws/install/bot:/home/northee/git/task3a/install/ur5_control:/home/northee/git/task3a/install/ff:/home/northee/git/task3a/install/bot:/home/northee/ROS2/turtle_ws/install/turtle_final:/home/northee/ROS2/turtle_ws/install/service_tut:/home/northee/ROS2/turtle_ws/install/first_pkg:/home/northee/ROS2/turtle_ws/install/exercise_1:/home/northee/ROS2/turtle_ws/install/arena_25:/home/northee/ROS2/urdf_ws/install/py_pubsub:/home/northee/ROS2/urdf_ws/install/ros2_control_demo_testing:/opt/ros/humble /usr/bin/cmake --build /home/northee/git/task3a/build/ur_moveit_config -- -j24 -l24
[0.504s] Invoked command in '/home/northee/git/task3a/build/ur_moveit_config' returned '0': CMAKE_PREFIX_PATH=${CMAKE_PREFIX_PATH}:/home/northee/eyrc/eyrc_ws/install/ur5_control:/home/northee/eyrc/eyrc_ws/install/bot:/home/northee/git/task3a/install/ur5_control:/home/northee/git/task3a/install/ff:/home/northee/git/task3a/install/bot:/home/northee/ROS2/turtle_ws/install/turtle_final:/home/northee/ROS2/turtle_ws/install/service_tut:/home/northee/ROS2/turtle_ws/install/first_pkg:/home/northee/ROS2/turtle_ws/install/exercise_1:/home/northee/ROS2/turtle_ws/install/arena_25:/home/northee/ROS2/urdf_ws/install/py_pubsub:/home/northee/ROS2/urdf_ws/install/ros2_control_demo_testing:/opt/ros/humble /usr/bin/cmake --build /home/northee/git/task3a/build/ur_moveit_config -- -j24 -l24
[0.506s] Invoking command in '/home/northee/git/task3a/build/ur_moveit_config': CMAKE_PREFIX_PATH=${CMAKE_PREFIX_PATH}:/home/northee/eyrc/eyrc_ws/install/ur5_control:/home/northee/eyrc/eyrc_ws/install/bot:/home/northee/git/task3a/install/ur5_control:/home/northee/git/task3a/install/ff:/home/northee/git/task3a/install/bot:/home/northee/ROS2/turtle_ws/install/turtle_final:/home/northee/ROS2/turtle_ws/install/service_tut:/home/northee/ROS2/turtle_ws/install/first_pkg:/home/northee/ROS2/turtle_ws/install/exercise_1:/home/northee/ROS2/turtle_ws/install/arena_25:/home/northee/ROS2/urdf_ws/install/py_pubsub:/home/northee/ROS2/urdf_ws/install/ros2_control_demo_testing:/opt/ros/humble /usr/bin/cmake --install /home/northee/git/task3a/build/ur_moveit_config
[0.508s] -- Install configuration: ""
[0.508s] -- Up-to-date: /home/northee/git/task3a/install/ur_moveit_config/share/ur_moveit_config/config
[0.508s] -- Up-to-date: /home/northee/git/task3a/install/ur_moveit_config/share/ur_moveit_config/config/kinematics.yaml
[0.508s] -- Up-to-date: /home/northee/git/task3a/install/ur_moveit_config/share/ur_moveit_config/launch
[0.508s] -- Up-to-date: /home/northee/git/task3a/install/ur_moveit_config/share/ur_moveit_config/launch/ur_moveit.launch.py
[0.508s] -- Up-to-date: /home/northee/git/task3a/install/ur_moveit_config/share/ur_moveit_config/rviz
[0.508s] -- Up-to-date: /home/northee/git/task3a/install/ur_moveit_config/share/ur_moveit_config/rviz/view_robot.rviz
[0.508s] -- Up-to-date: /home/northee/git/task3a/install/ur_moveit_config/share/ur_moveit_config/srdf
[0.508s] -- Up-to-date: /home/northee/git/task3a/install/ur_moveit_config/share/ur_moveit_config/srdf/ur_macro.srdf.xacro
[0.508s] -- Up-to-date: /home/northee/git/task3a/install/ur_moveit_config/share/ur_moveit_config/srdf/ur.srdf.xacro
[0.508s] -- Up-to-date: /home/northee/git/task3a/install/ur_moveit_config/share/ament_index/resource_index/package_run_dependencies/ur_moveit_config
[0.509s] -- Installing: /home/northee/git/task3a/install/ur_moveit_config/share/ament_index/resource_index/parent_prefix_path/ur_moveit_config
[0.509s] -- Up-to-date: /home/northee/git/task3a/install/ur_moveit_config/share/ur_moveit_config/environment/ament_prefix_path.sh
[0.509s] -- Installing: /home/northee/git/task3a/install/ur_moveit_config/share/ur_moveit_config/environment/ament_prefix_path.dsv
[0.509s] -- Up-to-date: /home/northee/git/task3a/install/ur_moveit_config/share/ur_moveit_config/environment/path.sh
[0.509s] -- Installing: /home/northee/git/task3a/install/ur_moveit_config/share/ur_moveit_config/environment/path.dsv
[0.509s] -- Up-to-date: /home/northee/git/task3a/install/ur_moveit_config/share/ur_moveit_config/local_setup.bash
[0.509s] -- Up-to-date: /home/northee/git/task3a/install/ur_moveit_config/share/ur_moveit_config/local_setup.sh
[0.509s] -- Up-to-date: /home/northee/git/task3a/install/ur_moveit_config/share/ur_moveit_config/local_setup.zsh
[0.509s] -- Installing: /home/northee/git/task3a/install/ur_moveit_config/share/ur_moveit_config/local_setup.dsv
[0.509s] -- Installing: /home/northee/git/task3a/install/ur_moveit_config/share/ur_moveit_config/package.dsv
[0.509s] -- Up-to-date: /home/northee/git/task3a/install/ur_moveit_config/share/ament_index/resource_index/packages/ur_moveit_config
[0.509s] -- Up-to-date: /home/northee/git/task3a/install/ur_moveit_config/share/ur_moveit_config/cmake/ur_moveit_configConfig.cmake
[0.509s] -- Up-to-date: /home/northee/git/task3a/install/ur_moveit_config/share/ur_moveit_config/cmake/ur_moveit_configConfig-version.cmake
[0.509s] -- Up-to-date: /home/northee/git/task3a/install/ur_moveit_config/share/ur_moveit_config/package.xml
[0.510s] Invoked command in '/home/northee/git/task3a/build/ur_moveit_config' returned '0': CMAKE_PREFIX_PATH=${CMAKE_PREFIX_PATH}:/home/northee/eyrc/eyrc_ws/install/ur5_control:/home/northee/eyrc/eyrc_ws/install/bot:/home/northee/git/task3a/install/ur5_control:/home/northee/git/task3a/install/ff:/home/northee/git/task3a/install/bot:/home/northee/ROS2/turtle_ws/install/turtle_final:/home/northee/ROS2/turtle_ws/install/service_tut:/home/northee/ROS2/turtle_ws/install/first_pkg:/home/northee/ROS2/turtle_ws/install/exercise_1:/home/northee/ROS2/turtle_ws/install/arena_25:/home/northee/ROS2/urdf_ws/install/py_pubsub:/home/northee/ROS2/urdf_ws/install/ros2_control_demo_testing:/opt/ros/humble /usr/bin/cmake --install /home/northee/git/task3a/build/ur_moveit_config
