[1.713s] Invoking command in '/home/eyantra/LB24/Student/1048/build/ur_moveit_config': CMAKE_PREFIX_PATH=/opt/ros/humble /usr/bin/cmake /home/eyantra/LB24/Student/1048/src/ur_moveit_config -DCMAKE_INSTALL_PREFIX=/home/eyantra/LB24/Student/1048/install/ur_moveit_config
[1.873s] -- The C compiler identification is GNU 11.4.0
[2.048s] -- The CXX compiler identification is GNU 11.4.0
[2.084s] -- Detecting C compiler ABI info
[2.334s] -- Detecting C compiler ABI info - done
[2.361s] -- Check for working C compiler: /usr/bin/cc - skipped
[2.361s] -- Detecting C compile features
[2.362s] -- Detecting C compile features - done
[2.389s] -- Detecting CXX compiler ABI info
[2.722s] -- Detecting CXX compiler ABI info - done
[2.772s] -- Check for working CXX compiler: /usr/bin/c++ - skipped
[2.773s] -- Detecting CXX compile features
[2.773s] -- Detecting CXX compile features - done
[2.780s] -- Found ament_cmake: 1.3.11 (/opt/ros/humble/share/ament_cmake/cmake)
[3.396s] -- Found Python3: /usr/bin/python3 (found version "3.10.12") found components: Interpreter 
[3.778s] -- Found ament_lint_auto: 0.12.11 (/opt/ros/humble/share/ament_lint_auto/cmake)
[4.056s] -- Configuring done
[4.061s] -- Generating done
[4.065s] -- Build files have been written to: /home/eyantra/LB24/Student/1048/build/ur_moveit_config
[4.102s] Invoked command in '/home/eyantra/LB24/Student/1048/build/ur_moveit_config' returned '0': CMAKE_PREFIX_PATH=/opt/ros/humble /usr/bin/cmake /home/eyantra/LB24/Student/1048/src/ur_moveit_config -DCMAKE_INSTALL_PREFIX=/home/eyantra/LB24/Student/1048/install/ur_moveit_config
[4.103s] Invoking command in '/home/eyantra/LB24/Student/1048/build/ur_moveit_config': CMAKE_PREFIX_PATH=/opt/ros/humble /usr/bin/cmake --build /home/eyantra/LB24/Student/1048/build/ur_moveit_config -- -j8 -l8
[4.214s] Invoked command in '/home/eyantra/LB24/Student/1048/build/ur_moveit_config' returned '0': CMAKE_PREFIX_PATH=/opt/ros/humble /usr/bin/cmake --build /home/eyantra/LB24/Student/1048/build/ur_moveit_config -- -j8 -l8
[4.264s] Invoking command in '/home/eyantra/LB24/Student/1048/build/ur_moveit_config': CMAKE_PREFIX_PATH=/opt/ros/humble /usr/bin/cmake --install /home/eyantra/LB24/Student/1048/build/ur_moveit_config
[4.289s] -- Install configuration: ""
[4.290s] -- Installing: /home/eyantra/LB24/Student/1048/install/ur_moveit_config/share/ur_moveit_config/config
[4.290s] -- Installing: /home/eyantra/LB24/Student/1048/install/ur_moveit_config/share/ur_moveit_config/config/kinematics.yaml
[4.290s] -- Installing: /home/eyantra/LB24/Student/1048/install/ur_moveit_config/share/ur_moveit_config/launch
[4.290s] -- Installing: /home/eyantra/LB24/Student/1048/install/ur_moveit_config/share/ur_moveit_config/launch/ur_moveit.launch.py
[4.290s] -- Installing: /home/eyantra/LB24/Student/1048/install/ur_moveit_config/share/ur_moveit_config/rviz
[4.290s] -- Installing: /home/eyantra/LB24/Student/1048/install/ur_moveit_config/share/ur_moveit_config/rviz/view_robot.rviz
[4.299s] -- Installing: /home/eyantra/LB24/Student/1048/install/ur_moveit_config/share/ur_moveit_config/srdf
[4.299s] -- Installing: /home/eyantra/LB24/Student/1048/install/ur_moveit_config/share/ur_moveit_config/srdf/ur_macro.srdf.xacro
[4.299s] -- Installing: /home/eyantra/LB24/Student/1048/install/ur_moveit_config/share/ur_moveit_config/srdf/ur.srdf.xacro
[4.299s] -- Installing: /home/eyantra/LB24/Student/1048/install/ur_moveit_config/share/ament_index/resource_index/package_run_dependencies/ur_moveit_config
[4.299s] -- Installing: /home/eyantra/LB24/Student/1048/install/ur_moveit_config/share/ament_index/resource_index/parent_prefix_path/ur_moveit_config
[4.299s] -- Installing: /home/eyantra/LB24/Student/1048/install/ur_moveit_config/share/ur_moveit_config/environment/ament_prefix_path.sh
[4.299s] -- Installing: /home/eyantra/LB24/Student/1048/install/ur_moveit_config/share/ur_moveit_config/environment/ament_prefix_path.dsv
[4.300s] -- Installing: /home/eyantra/LB24/Student/1048/install/ur_moveit_config/share/ur_moveit_config/environment/path.sh
[4.300s] -- Installing: /home/eyantra/LB24/Student/1048/install/ur_moveit_config/share/ur_moveit_config/environment/path.dsv
[4.300s] -- Installing: /home/eyantra/LB24/Student/1048/install/ur_moveit_config/share/ur_moveit_config/local_setup.bash
[4.300s] -- Installing: /home/eyantra/LB24/Student/1048/install/ur_moveit_config/share/ur_moveit_config/local_setup.sh
[4.300s] -- Installing: /home/eyantra/LB24/Student/1048/install/ur_moveit_config/share/ur_moveit_config/local_setup.zsh
[4.300s] -- Installing: /home/eyantra/LB24/Student/1048/install/ur_moveit_config/share/ur_moveit_config/local_setup.dsv
[4.300s] -- Installing: /home/eyantra/LB24/Student/1048/install/ur_moveit_config/share/ur_moveit_config/package.dsv
[4.300s] -- Installing: /home/eyantra/LB24/Student/1048/install/ur_moveit_config/share/ament_index/resource_index/packages/ur_moveit_config
[4.300s] -- Installing: /home/eyantra/LB24/Student/1048/install/ur_moveit_config/share/ur_moveit_config/cmake/ur_moveit_configConfig.cmake
[4.301s] -- Installing: /home/eyantra/LB24/Student/1048/install/ur_moveit_config/share/ur_moveit_config/cmake/ur_moveit_configConfig-version.cmake
[4.301s] -- Installing: /home/eyantra/LB24/Student/1048/install/ur_moveit_config/share/ur_moveit_config/package.xml
[4.326s] Invoked command in '/home/eyantra/LB24/Student/1048/build/ur_moveit_config' returned '0': CMAKE_PREFIX_PATH=/opt/ros/humble /usr/bin/cmake --install /home/eyantra/LB24/Student/1048/build/ur_moveit_config
