[3.352s] Invoking command in '/home/eyantra/LB24/Student/1048/src/ur5_control': PYTHONPATH=/home/eyantra/LB24/Student/1048/build/ur5_control/prefix_override:/usr/lib/python3/dist-packages/colcon_core/task/python/colcon_distutils_commands:/home/eyantra/LB24/Student/1048/install/ur5_control/lib/python3.10/site-packages:${PYTHONPATH} /usr/bin/python3 -W ignore:setup.py install is deprecated -W ignore:easy_install command is deprecated setup.py egg_info --egg-base ../../build/ur5_control build --build-base /home/eyantra/LB24/Student/1048/build/ur5_control/build install --record /home/eyantra/LB24/Student/1048/build/ur5_control/install.log --single-version-externally-managed install_data
[3.865s] running egg_info
[3.869s] writing ../../build/ur5_control/ur5_control.egg-info/PKG-INFO
[3.869s] writing dependency_links to ../../build/ur5_control/ur5_control.egg-info/dependency_links.txt
[3.870s] writing entry points to ../../build/ur5_control/ur5_control.egg-info/entry_points.txt
[3.873s] writing requirements to ../../build/ur5_control/ur5_control.egg-info/requires.txt
[3.877s] writing top-level names to ../../build/ur5_control/ur5_control.egg-info/top_level.txt
[3.883s] reading manifest file '../../build/ur5_control/ur5_control.egg-info/SOURCES.txt'
[3.884s] writing manifest file '../../build/ur5_control/ur5_control.egg-info/SOURCES.txt'
[3.884s] running build
[3.885s] running build_py
[3.887s] running install
[3.892s] running install_lib
[3.894s] running install_data
[3.895s] running install_egg_info
[3.900s] removing '/home/eyantra/LB24/Student/1048/install/ur5_control/lib/python3.10/site-packages/ur5_control-0.0.0-py3.10.egg-info' (and everything under it)
[3.900s] Copying ../../build/ur5_control/ur5_control.egg-info to /home/eyantra/LB24/Student/1048/install/ur5_control/lib/python3.10/site-packages/ur5_control-0.0.0-py3.10.egg-info
[3.900s] running install_scripts
[3.944s] Installing 3a script to /home/eyantra/LB24/Student/1048/install/ur5_control/lib/ur5_control
[3.944s] Installing arm script to /home/eyantra/LB24/Student/1048/install/ur5_control/lib/ur5_control
[3.944s] Installing arm5 script to /home/eyantra/LB24/Student/1048/install/ur5_control/lib/ur5_control
[3.944s] Installing working script to /home/eyantra/LB24/Student/1048/install/ur5_control/lib/ur5_control
[3.944s] writing list of installed files to '/home/eyantra/LB24/Student/1048/build/ur5_control/install.log'
[4.045s] Invoked command in '/home/eyantra/LB24/Student/1048/src/ur5_control' returned '0': PYTHONPATH=/home/eyantra/LB24/Student/1048/build/ur5_control/prefix_override:/usr/lib/python3/dist-packages/colcon_core/task/python/colcon_distutils_commands:/home/eyantra/LB24/Student/1048/install/ur5_control/lib/python3.10/site-packages:${PYTHONPATH} /usr/bin/python3 -W ignore:setup.py install is deprecated -W ignore:easy_install command is deprecated setup.py egg_info --egg-base ../../build/ur5_control build --build-base /home/eyantra/LB24/Student/1048/build/ur5_control/build install --record /home/eyantra/LB24/Student/1048/build/ur5_control/install.log --single-version-externally-managed install_data
