running egg_info
writing ../../build/ur5_control/ur5_control.egg-info/PKG-INFO
writing dependency_links to ../../build/ur5_control/ur5_control.egg-info/dependency_links.txt
writing entry points to ../../build/ur5_control/ur5_control.egg-info/entry_points.txt
writing requirements to ../../build/ur5_control/ur5_control.egg-info/requires.txt
writing top-level names to ../../build/ur5_control/ur5_control.egg-info/top_level.txt
reading manifest file '../../build/ur5_control/ur5_control.egg-info/SOURCES.txt'
writing manifest file '../../build/ur5_control/ur5_control.egg-info/SOURCES.txt'
running build
running build_py
running install
running install_lib
running install_data
running install_egg_info
removing '/home/eyantra/LB24/Student/1048/install/ur5_control/lib/python3.10/site-packages/ur5_control-0.0.0-py3.10.egg-info' (and everything under it)
Copying ../../build/ur5_control/ur5_control.egg-info to /home/eyantra/LB24/Student/1048/install/ur5_control/lib/python3.10/site-packages/ur5_control-0.0.0-py3.10.egg-info
running install_scripts
Installing 3a script to /home/eyantra/LB24/Student/1048/install/ur5_control/lib/ur5_control
Installing arm script to /home/eyantra/LB24/Student/1048/install/ur5_control/lib/ur5_control
Installing arm5 script to /home/eyantra/LB24/Student/1048/install/ur5_control/lib/ur5_control
Installing working script to /home/eyantra/LB24/Student/1048/install/ur5_control/lib/ur5_control
writing list of installed files to '/home/eyantra/LB24/Student/1048/build/ur5_control/install.log'
