[3.026s] Invoking command in '/home/eyantra/LB24/Student/1048/src/ff': PYTHONPATH=/home/eyantra/LB24/Student/1048/build/ff/prefix_override:/usr/lib/python3/dist-packages/colcon_core/task/python/colcon_distutils_commands:/home/eyantra/LB24/Student/1048/install/ff/lib/python3.10/site-packages:${PYTHONPATH} /usr/bin/python3 -W ignore:setup.py install is deprecated -W ignore:easy_install command is deprecated setup.py egg_info --egg-base ../../build/ff build --build-base /home/eyantra/LB24/Student/1048/build/ff/build install --record /home/eyantra/LB24/Student/1048/build/ff/install.log --single-version-externally-managed install_data
[3.797s] running egg_info
[3.799s] writing ../../build/ff/ff.egg-info/PKG-INFO
[3.804s] writing dependency_links to ../../build/ff/ff.egg-info/dependency_links.txt
[3.805s] writing entry points to ../../build/ff/ff.egg-info/entry_points.txt
[3.807s] writing requirements to ../../build/ff/ff.egg-info/requires.txt
[3.808s] writing top-level names to ../../build/ff/ff.egg-info/top_level.txt
[3.810s] reading manifest file '../../build/ff/ff.egg-info/SOURCES.txt'
[3.816s] writing manifest file '../../build/ff/ff.egg-info/SOURCES.txt'
[3.818s] running build
[3.819s] running build_py
[3.820s] running install
[3.820s] running install_lib
[3.820s] running install_data
[3.820s] running install_egg_info
[3.822s] removing '/home/eyantra/LB24/Student/1048/install/ff/lib/python3.10/site-packages/ff-0.0.0-py3.10.egg-info' (and everything under it)
[3.822s] Copying ../../build/ff/ff.egg-info to /home/eyantra/LB24/Student/1048/install/ff/lib/python3.10/site-packages/ff-0.0.0-py3.10.egg-info
[3.825s] running install_scripts
[3.871s] Installing go script to /home/eyantra/LB24/Student/1048/install/ff/lib/ff
[3.872s] writing list of installed files to '/home/eyantra/LB24/Student/1048/build/ff/install.log'
[4.011s] Invoked command in '/home/eyantra/LB24/Student/1048/src/ff' returned '0': PYTHONPATH=/home/eyantra/LB24/Student/1048/build/ff/prefix_override:/usr/lib/python3/dist-packages/colcon_core/task/python/colcon_distutils_commands:/home/eyantra/LB24/Student/1048/install/ff/lib/python3.10/site-packages:${PYTHONPATH} /usr/bin/python3 -W ignore:setup.py install is deprecated -W ignore:easy_install command is deprecated setup.py egg_info --egg-base ../../build/ff build --build-base /home/eyantra/LB24/Student/1048/build/ff/build install --record /home/eyantra/LB24/Student/1048/build/ff/install.log --single-version-externally-managed install_data
