[0.586s] Invoking command in '/home/northee/git/task3a/src/ff': PYTHONPATH=/home/northee/git/task3a/build/ff/prefix_override:/usr/lib/python3/dist-packages/colcon_core/task/python/colcon_distutils_commands:/home/northee/git/task3a/install/ff/lib/python3.10/site-packages:${PYTHONPATH} /usr/bin/python3 -W ignore:setup.py install is deprecated -W ignore:easy_install command is deprecated setup.py egg_info --egg-base ../../build/ff build --build-base /home/northee/git/task3a/build/ff/build install --record /home/northee/git/task3a/build/ff/install.log --single-version-externally-managed install_data
[0.696s] running egg_info
[0.696s] writing ../../build/ff/ff.egg-info/PKG-INFO
[0.697s] writing dependency_links to ../../build/ff/ff.egg-info/dependency_links.txt
[0.697s] writing entry points to ../../build/ff/ff.egg-info/entry_points.txt
[0.697s] writing requirements to ../../build/ff/ff.egg-info/requires.txt
[0.697s] writing top-level names to ../../build/ff/ff.egg-info/top_level.txt
[0.697s] reading manifest file '../../build/ff/ff.egg-info/SOURCES.txt'
[0.698s] writing manifest file '../../build/ff/ff.egg-info/SOURCES.txt'
[0.698s] running build
[0.698s] running build_py
[0.698s] running install
[0.698s] running install_lib
[0.699s] running install_data
[0.699s] running install_egg_info
[0.700s] removing '/home/northee/git/task3a/install/ff/lib/python3.10/site-packages/ff-0.0.0-py3.10.egg-info' (and everything under it)
[0.700s] Copying ../../build/ff/ff.egg-info to /home/northee/git/task3a/install/ff/lib/python3.10/site-packages/ff-0.0.0-py3.10.egg-info
[0.700s] running install_scripts
[0.711s] Installing arm script to /home/northee/git/task3a/install/ff/lib/ff
[0.711s] Installing dock script to /home/northee/git/task3a/install/ff/lib/ff
[0.711s] Installing nav script to /home/northee/git/task3a/install/ff/lib/ff
[0.711s] writing list of installed files to '/home/northee/git/task3a/build/ff/install.log'
[0.722s] Invoked command in '/home/northee/git/task3a/src/ff' returned '0': PYTHONPATH=/home/northee/git/task3a/build/ff/prefix_override:/usr/lib/python3/dist-packages/colcon_core/task/python/colcon_distutils_commands:/home/northee/git/task3a/install/ff/lib/python3.10/site-packages:${PYTHONPATH} /usr/bin/python3 -W ignore:setup.py install is deprecated -W ignore:easy_install command is deprecated setup.py egg_info --egg-base ../../build/ff build --build-base /home/northee/git/task3a/build/ff/build install --record /home/northee/git/task3a/build/ff/install.log --single-version-externally-managed install_data
