[0.576s] Invoking command in '/home/northee/git/task3a/src/bot': PYTHONPATH=/home/northee/git/task3a/build/bot/prefix_override:/usr/lib/python3/dist-packages/colcon_core/task/python/colcon_distutils_commands:/home/northee/git/task3a/install/bot/lib/python3.10/site-packages:${PYTHONPATH} /usr/bin/python3 -W ignore:setup.py install is deprecated -W ignore:easy_install command is deprecated setup.py egg_info --egg-base ../../build/bot build --build-base /home/northee/git/task3a/build/bot/build install --record /home/northee/git/task3a/build/bot/install.log --single-version-externally-managed install_data
[0.675s] running egg_info
[0.675s] writing ../../build/bot/bot.egg-info/PKG-INFO
[0.675s] writing dependency_links to ../../build/bot/bot.egg-info/dependency_links.txt
[0.675s] writing entry points to ../../build/bot/bot.egg-info/entry_points.txt
[0.675s] writing requirements to ../../build/bot/bot.egg-info/requires.txt
[0.675s] writing top-level names to ../../build/bot/bot.egg-info/top_level.txt
[0.676s] reading manifest file '../../build/bot/bot.egg-info/SOURCES.txt'
[0.676s] writing manifest file '../../build/bot/bot.egg-info/SOURCES.txt'
[0.676s] running build
[0.676s] running build_py
[0.677s] running install
[0.677s] running install_lib
[0.677s] running install_data
[0.677s] running install_egg_info
[0.678s] removing '/home/northee/git/task3a/install/bot/lib/python3.10/site-packages/bot-0.0.0-py3.10.egg-info' (and everything under it)
[0.678s] Copying ../../build/bot/bot.egg-info to /home/northee/git/task3a/install/bot/lib/python3.10/site-packages/bot-0.0.0-py3.10.egg-info
[0.678s] running install_scripts
[0.689s] Installing arm script to /home/northee/git/task3a/install/bot/lib/bot
[0.689s] Installing dock script to /home/northee/git/task3a/install/bot/lib/bot
[0.689s] Installing nav script to /home/northee/git/task3a/install/bot/lib/bot
[0.689s] writing list of installed files to '/home/northee/git/task3a/build/bot/install.log'
[0.700s] Invoked command in '/home/northee/git/task3a/src/bot' returned '0': PYTHONPATH=/home/northee/git/task3a/build/bot/prefix_override:/usr/lib/python3/dist-packages/colcon_core/task/python/colcon_distutils_commands:/home/northee/git/task3a/install/bot/lib/python3.10/site-packages:${PYTHONPATH} /usr/bin/python3 -W ignore:setup.py install is deprecated -W ignore:easy_install command is deprecated setup.py egg_info --egg-base ../../build/bot build --build-base /home/northee/git/task3a/build/bot/build install --record /home/northee/git/task3a/build/bot/install.log --single-version-externally-managed install_data
