[0.383s] Invoking command in '/home/northee/git/task3a/build/ur_moveit_config': CMAKE_PREFIX_PATH=${CMAKE_PREFIX_PATH}:/home/northee/eyrc/eyrc_ws/install/ur5_control:/home/northee/eyrc/eyrc_ws/install/bot:/home/northee/git/task3a/install/ur5_control:/home/northee/git/task3a/install/ff:/home/northee/git/task3a/install/bot:/home/northee/ROS2/turtle_ws/install/turtle_final:/home/northee/ROS2/turtle_ws/install/service_tut:/home/northee/ROS2/turtle_ws/install/first_pkg:/home/northee/ROS2/turtle_ws/install/exercise_1:/home/northee/ROS2/turtle_ws/install/arena_25:/home/northee/ROS2/urdf_ws/install/py_pubsub:/home/northee/ROS2/urdf_ws/install/ros2_control_demo_testing:/opt/ros/humble /usr/bin/cmake /home/northee/git/task3a/src/ur_moveit_config -DCMAKE_EXPORT_COMPILE_COMMANDS=ON --no-warn-unused-cli -DCMAKE_INSTALL_PREFIX=/home/northee/git/task3a/install/ur_moveit_config
[0.387s] Not searching for unused variables given on the command line.
[0.414s] -- The C compiler identification is GNU 11.4.0
[0.448s] -- The CXX compiler identification is GNU 11.4.0
[0.455s] -- Detecting C compiler ABI info
[0.493s] -- Detecting C compiler ABI info - done
[0.496s] -- Check for working C compiler: /usr/bin/cc - skipped
[0.497s] -- Detecting C compile features
[0.497s] -- Detecting C compile features - done
[0.498s] -- Detecting CXX compiler ABI info
[0.539s] -- Detecting CXX compiler ABI info - done
[0.544s] -- Check for working CXX compiler: /usr/bin/c++ - skipped
[0.544s] -- Detecting CXX compile features
[0.545s] -- Detecting CXX compile features - done
[0.549s] -- Found ament_cmake: 1.3.11 (/opt/ros/humble/share/ament_cmake/cmake)
[0.632s] -- Found Python3: /usr/bin/python3 (found version "3.10.12") found components: Interpreter 
[0.723s] -- Found ament_lint_auto: 0.12.11 (/opt/ros/humble/share/ament_lint_auto/cmake)
[0.759s] -- Configuring done
[0.760s] -- Generating done
[0.760s] -- Build files have been written to: /home/northee/git/task3a/build/ur_moveit_config
[0.762s] Invoked command in '/home/northee/git/task3a/build/ur_moveit_config' returned '0': CMAKE_PREFIX_PATH=${CMAKE_PREFIX_PATH}:/home/northee/eyrc/eyrc_ws/install/ur5_control:/home/northee/eyrc/eyrc_ws/install/bot:/home/northee/git/task3a/install/ur5_control:/home/northee/git/task3a/install/ff:/home/northee/git/task3a/install/bot:/home/northee/ROS2/turtle_ws/install/turtle_final:/home/northee/ROS2/turtle_ws/install/service_tut:/home/northee/ROS2/turtle_ws/install/first_pkg:/home/northee/ROS2/turtle_ws/install/exercise_1:/home/northee/ROS2/turtle_ws/install/arena_25:/home/northee/ROS2/urdf_ws/install/py_pubsub:/home/northee/ROS2/urdf_ws/install/ros2_control_demo_testing:/opt/ros/humble /usr/bin/cmake /home/northee/git/task3a/src/ur_moveit_config -DCMAKE_EXPORT_COMPILE_COMMANDS=ON --no-warn-unused-cli -DCMAKE_INSTALL_PREFIX=/home/northee/git/task3a/install/ur_moveit_config
[0.762s] Invoking command in '/home/northee/git/task3a/build/ur_moveit_config': CMAKE_PREFIX_PATH=${CMAKE_PREFIX_PATH}:/home/northee/eyrc/eyrc_ws/install/ur5_control:/home/northee/eyrc/eyrc_ws/install/bot:/home/northee/git/task3a/install/ur5_control:/home/northee/git/task3a/install/ff:/home/northee/git/task3a/install/bot:/home/northee/ROS2/turtle_ws/install/turtle_final:/home/northee/ROS2/turtle_ws/install/service_tut:/home/northee/ROS2/turtle_ws/install/first_pkg:/home/northee/ROS2/turtle_ws/install/exercise_1:/home/northee/ROS2/turtle_ws/install/arena_25:/home/northee/ROS2/urdf_ws/install/py_pubsub:/home/northee/ROS2/urdf_ws/install/ros2_control_demo_testing:/opt/ros/humble /usr/bin/cmake --build /home/northee/git/task3a/build/ur_moveit_config -- -j24 -l24
[0.775s] Invoked command in '/home/northee/git/task3a/build/ur_moveit_config' returned '0': CMAKE_PREFIX_PATH=${CMAKE_PREFIX_PATH}:/home/northee/eyrc/eyrc_ws/install/ur5_control:/home/northee/eyrc/eyrc_ws/install/bot:/home/northee/git/task3a/install/ur5_control:/home/northee/git/task3a/install/ff:/home/northee/git/task3a/install/bot:/home/northee/ROS2/turtle_ws/install/turtle_final:/home/northee/ROS2/turtle_ws/install/service_tut:/home/northee/ROS2/turtle_ws/install/first_pkg:/home/northee/ROS2/turtle_ws/install/exercise_1:/home/northee/ROS2/turtle_ws/install/arena_25:/home/northee/ROS2/urdf_ws/install/py_pubsub:/home/northee/ROS2/urdf_ws/install/ros2_control_demo_testing:/opt/ros/humble /usr/bin/cmake --build /home/northee/git/task3a/build/ur_moveit_config -- -j24 -l24
[0.779s] Invoking command in '/home/northee/git/task3a/build/ur_moveit_config': CMAKE_PREFIX_PATH=${CMAKE_PREFIX_PATH}:/home/northee/eyrc/eyrc_ws/install/ur5_control:/home/northee/eyrc/eyrc_ws/install/bot:/home/northee/git/task3a/install/ur5_control:/home/northee/git/task3a/install/ff:/home/northee/git/task3a/install/bot:/home/northee/ROS2/turtle_ws/install/turtle_final:/home/northee/ROS2/turtle_ws/install/service_tut:/home/northee/ROS2/turtle_ws/install/first_pkg:/home/northee/ROS2/turtle_ws/install/exercise_1:/home/northee/ROS2/turtle_ws/install/arena_25:/home/northee/ROS2/urdf_ws/install/py_pubsub:/home/northee/ROS2/urdf_ws/install/ros2_control_demo_testing:/opt/ros/humble /usr/bin/cmake --install /home/northee/git/task3a/build/ur_moveit_config
[0.781s] -- Install configuration: ""
[0.781s] -- Installing: /home/northee/git/task3a/install/ur_moveit_config/share/ur_moveit_config/config
[0.781s] -- Installing: /home/northee/git/task3a/install/ur_moveit_config/share/ur_moveit_config/config/kinematics.yaml
[0.781s] -- Installing: /home/northee/git/task3a/install/ur_moveit_config/share/ur_moveit_config/launch
[0.781s] -- Installing: /home/northee/git/task3a/install/ur_moveit_config/share/ur_moveit_config/launch/ur_moveit.launch.py
[0.781s] -- Installing: /home/northee/git/task3a/install/ur_moveit_config/share/ur_moveit_config/rviz
[0.781s] -- Installing: /home/northee/git/task3a/install/ur_moveit_config/share/ur_moveit_config/rviz/view_robot.rviz
[0.781s] -- Installing: /home/northee/git/task3a/install/ur_moveit_config/share/ur_moveit_config/srdf
[0.781s] -- Installing: /home/northee/git/task3a/install/ur_moveit_config/share/ur_moveit_config/srdf/ur_macro.srdf.xacro
[0.781s] -- Installing: /home/northee/git/task3a/install/ur_moveit_config/share/ur_moveit_config/srdf/ur.srdf.xacro
[0.781s] -- Installing: /home/northee/git/task3a/install/ur_moveit_config/share/ament_index/resource_index/package_run_dependencies/ur_moveit_config
[0.781s] -- Installing: /home/northee/git/task3a/install/ur_moveit_config/share/ament_index/resource_index/parent_prefix_path/ur_moveit_config
[0.781s] -- Installing: /home/northee/git/task3a/install/ur_moveit_config/share/ur_moveit_config/environment/ament_prefix_path.sh
[0.781s] -- Installing: /home/northee/git/task3a/install/ur_moveit_config/share/ur_moveit_config/environment/ament_prefix_path.dsv
[0.781s] -- Installing: /home/northee/git/task3a/install/ur_moveit_config/share/ur_moveit_config/environment/path.sh
[0.781s] -- Installing: /home/northee/git/task3a/install/ur_moveit_config/share/ur_moveit_config/environment/path.dsv
[0.781s] -- Installing: /home/northee/git/task3a/install/ur_moveit_config/share/ur_moveit_config/local_setup.bash
[0.781s] -- Installing: /home/northee/git/task3a/install/ur_moveit_config/share/ur_moveit_config/local_setup.sh
[0.781s] -- Installing: /home/northee/git/task3a/install/ur_moveit_config/share/ur_moveit_config/local_setup.zsh
[0.781s] -- Installing: /home/northee/git/task3a/install/ur_moveit_config/share/ur_moveit_config/local_setup.dsv
[0.781s] -- Installing: /home/northee/git/task3a/install/ur_moveit_config/share/ur_moveit_config/package.dsv
[0.782s] -- Installing: /home/northee/git/task3a/install/ur_moveit_config/share/ament_index/resource_index/packages/ur_moveit_config
[0.782s] -- Installing: /home/northee/git/task3a/install/ur_moveit_config/share/ur_moveit_config/cmake/ur_moveit_configConfig.cmake
[0.782s] -- Installing: /home/northee/git/task3a/install/ur_moveit_config/share/ur_moveit_config/cmake/ur_moveit_configConfig-version.cmake
[0.782s] -- Installing: /home/northee/git/task3a/install/ur_moveit_config/share/ur_moveit_config/package.xml
[0.782s] Invoked command in '/home/northee/git/task3a/build/ur_moveit_config' returned '0': CMAKE_PREFIX_PATH=${CMAKE_PREFIX_PATH}:/home/northee/eyrc/eyrc_ws/install/ur5_control:/home/northee/eyrc/eyrc_ws/install/bot:/home/northee/git/task3a/install/ur5_control:/home/northee/git/task3a/install/ff:/home/northee/git/task3a/install/bot:/home/northee/ROS2/turtle_ws/install/turtle_final:/home/northee/ROS2/turtle_ws/install/service_tut:/home/northee/ROS2/turtle_ws/install/first_pkg:/home/northee/ROS2/turtle_ws/install/exercise_1:/home/northee/ROS2/turtle_ws/install/arena_25:/home/northee/ROS2/urdf_ws/install/py_pubsub:/home/northee/ROS2/urdf_ws/install/ros2_control_demo_testing:/opt/ros/humble /usr/bin/cmake --install /home/northee/git/task3a/build/ur_moveit_config
