[2.717s] Invoking command in '/home/eyantra/LB24/Student/1048/src/jk': PYTHONPATH=/home/eyantra/LB24/Student/1048/build/jk/prefix_override:/usr/lib/python3/dist-packages/colcon_core/task/python/colcon_distutils_commands:/home/eyantra/LB24/Student/1048/install/jk/lib/python3.10/site-packages:${PYTHONPATH} /usr/bin/python3 -W ignore:setup.py install is deprecated -W ignore:easy_install command is deprecated setup.py egg_info --egg-base ../../build/jk build --build-base /home/eyantra/LB24/Student/1048/build/jk/build install --record /home/eyantra/LB24/Student/1048/build/jk/install.log --single-version-externally-managed install_data
[3.227s] running egg_info
[3.229s] writing ../../build/jk/jk.egg-info/PKG-INFO
[3.230s] writing dependency_links to ../../build/jk/jk.egg-info/dependency_links.txt
[3.231s] writing entry points to ../../build/jk/jk.egg-info/entry_points.txt
[3.232s] writing requirements to ../../build/jk/jk.egg-info/requires.txt
[3.233s] writing top-level names to ../../build/jk/jk.egg-info/top_level.txt
[3.234s] reading manifest file '../../build/jk/jk.egg-info/SOURCES.txt'
[3.240s] writing manifest file '../../build/jk/jk.egg-info/SOURCES.txt'
[3.242s] running build
[3.245s] running build_py
[3.246s] copying jk/nav.py -> /home/eyantra/LB24/Student/1048/build/jk/build/lib/jk
[3.246s] running install
[3.247s] running install_lib
[3.248s] copying /home/eyantra/LB24/Student/1048/build/jk/build/lib/jk/nav.py -> /home/eyantra/LB24/Student/1048/install/jk/lib/python3.10/site-packages/jk
[3.250s] byte-compiling /home/eyantra/LB24/Student/1048/install/jk/lib/python3.10/site-packages/jk/nav.py to nav.cpython-310.pyc
[3.251s] running install_data
[3.252s] running install_egg_info
[3.261s] removing '/home/eyantra/LB24/Student/1048/install/jk/lib/python3.10/site-packages/jk-0.0.0-py3.10.egg-info' (and everything under it)
[3.261s] Copying ../../build/jk/jk.egg-info to /home/eyantra/LB24/Student/1048/install/jk/lib/python3.10/site-packages/jk-0.0.0-py3.10.egg-info
[3.261s] running install_scripts
[3.308s] Installing arm script to /home/eyantra/LB24/Student/1048/install/jk/lib/jk
[3.308s] Installing dock script to /home/eyantra/LB24/Student/1048/install/jk/lib/jk
[3.310s] Installing nav script to /home/eyantra/LB24/Student/1048/install/jk/lib/jk
[3.314s] writing list of installed files to '/home/eyantra/LB24/Student/1048/build/jk/install.log'
[3.427s] Invoked command in '/home/eyantra/LB24/Student/1048/src/jk' returned '0': PYTHONPATH=/home/eyantra/LB24/Student/1048/build/jk/prefix_override:/usr/lib/python3/dist-packages/colcon_core/task/python/colcon_distutils_commands:/home/eyantra/LB24/Student/1048/install/jk/lib/python3.10/site-packages:${PYTHONPATH} /usr/bin/python3 -W ignore:setup.py install is deprecated -W ignore:easy_install command is deprecated setup.py egg_info --egg-base ../../build/jk build --build-base /home/eyantra/LB24/Student/1048/build/jk/build install --record /home/eyantra/LB24/Student/1048/build/jk/install.log --single-version-externally-managed install_data
