[2.231s] Invoking command in '/home/eyantra/LB24/Student/1048/src/ff': PYTHONPATH=/home/eyantra/LB24/Student/1048/build/ff/prefix_override:/usr/lib/python3/dist-packages/colcon_core/task/python/colcon_distutils_commands:/home/eyantra/LB24/Student/1048/install/ff/lib/python3.10/site-packages:${PYTHONPATH} /usr/bin/python3 -W ignore:setup.py install is deprecated -W ignore:easy_install command is deprecated setup.py egg_info --egg-base ../../build/ff build --build-base /home/eyantra/LB24/Student/1048/build/ff/build install --record /home/eyantra/LB24/Student/1048/build/ff/install.log --single-version-externally-managed install_data
[2.981s] running egg_info
[2.982s] writing ../../build/ff/ff.egg-info/PKG-INFO
[2.983s] writing dependency_links to ../../build/ff/ff.egg-info/dependency_links.txt
[2.983s] writing entry points to ../../build/ff/ff.egg-info/entry_points.txt
[2.983s] writing requirements to ../../build/ff/ff.egg-info/requires.txt
[2.983s] writing top-level names to ../../build/ff/ff.egg-info/top_level.txt
[2.987s] reading manifest file '../../build/ff/ff.egg-info/SOURCES.txt'
[2.994s] writing manifest file '../../build/ff/ff.egg-info/SOURCES.txt'
[2.994s] running build
[2.995s] running build_py
[2.995s] running install
[2.995s] running install_lib
[2.999s] running install_data
[3.000s] running install_egg_info
[3.002s] removing '/home/eyantra/LB24/Student/1048/install/ff/lib/python3.10/site-packages/ff-0.0.0-py3.10.egg-info' (and everything under it)
[3.003s] Copying ../../build/ff/ff.egg-info to /home/eyantra/LB24/Student/1048/install/ff/lib/python3.10/site-packages/ff-0.0.0-py3.10.egg-info
[3.004s] running install_scripts
[3.050s] Installing go script to /home/eyantra/LB24/Student/1048/install/ff/lib/ff
[3.055s] writing list of installed files to '/home/eyantra/LB24/Student/1048/build/ff/install.log'
[3.155s] Invoked command in '/home/eyantra/LB24/Student/1048/src/ff' returned '0': PYTHONPATH=/home/eyantra/LB24/Student/1048/build/ff/prefix_override:/usr/lib/python3/dist-packages/colcon_core/task/python/colcon_distutils_commands:/home/eyantra/LB24/Student/1048/install/ff/lib/python3.10/site-packages:${PYTHONPATH} /usr/bin/python3 -W ignore:setup.py install is deprecated -W ignore:easy_install command is deprecated setup.py egg_info --egg-base ../../build/ff build --build-base /home/eyantra/LB24/Student/1048/build/ff/build install --record /home/eyantra/LB24/Student/1048/build/ff/install.log --single-version-externally-managed install_data
