[0.093s] Invoking command in '/home/eyantra/LB24/Student/1048/build/ebot_nav2': CMAKE_PREFIX_PATH=/opt/ros/humble /usr/bin/cmake --build /home/eyantra/LB24/Student/1048/build/ebot_nav2 -- -j8 -l8
[0.850s] Invoked command in '/home/eyantra/LB24/Student/1048/build/ebot_nav2' returned '0': CMAKE_PREFIX_PATH=/opt/ros/humble /usr/bin/cmake --build /home/eyantra/LB24/Student/1048/build/ebot_nav2 -- -j8 -l8
[0.878s] Invoking command in '/home/eyantra/LB24/Student/1048/build/ebot_nav2': CMAKE_PREFIX_PATH=/opt/ros/humble /usr/bin/cmake --install /home/eyantra/LB24/Student/1048/build/ebot_nav2
[0.948s] -- Install configuration: ""
[0.949s] -- Up-to-date: /home/eyantra/LB24/Student/1048/install/ebot_nav2/share/ebot_nav2//launch
[0.949s] -- Up-to-date: /home/eyantra/LB24/Student/1048/install/ebot_nav2/share/ebot_nav2//launch/ebot_nav2_brinup.launch.py
[0.949s] -- Up-to-date: /home/eyantra/LB24/Student/1048/install/ebot_nav2/share/ebot_nav2//models
[0.951s] -- Up-to-date: /home/eyantra/LB24/Student/1048/install/ebot_nav2/share/ebot_nav2//models/ground_plane
[0.962s] -- Up-to-date: /home/eyantra/LB24/Student/1048/install/ebot_nav2/share/ebot_nav2//models/ground_plane/model-1_4.sdf
[0.962s] -- Up-to-date: /home/eyantra/LB24/Student/1048/install/ebot_nav2/share/ebot_nav2//models/ground_plane/model.config
[0.962s] -- Up-to-date: /home/eyantra/LB24/Student/1048/install/ebot_nav2/share/ebot_nav2//models/ground_plane/model-1_3.sdf
[0.962s] -- Up-to-date: /home/eyantra/LB24/Student/1048/install/ebot_nav2/share/ebot_nav2//models/ground_plane/model-1_2.sdf
[0.962s] -- Up-to-date: /home/eyantra/LB24/Student/1048/install/ebot_nav2/share/ebot_nav2//models/ground_plane/model.sdf
[0.977s] -- Up-to-date: /home/eyantra/LB24/Student/1048/install/ebot_nav2/share/ebot_nav2//models/ebot
[0.978s] -- Up-to-date: /home/eyantra/LB24/Student/1048/install/ebot_nav2/share/ebot_nav2//models/ebot/agri_bot.xacro
[0.978s] -- Up-to-date: /home/eyantra/LB24/Student/1048/install/ebot_nav2/share/ebot_nav2//models/ebot/ebot_trolley.xacro
[0.979s] -- Up-to-date: /home/eyantra/LB24/Student/1048/install/ebot_nav2/share/ebot_nav2//models/ebot/ebot_trolley_ur5.xacro
[0.979s] -- Up-to-date: /home/eyantra/LB24/Student/1048/install/ebot_nav2/share/ebot_nav2//models/ebot/ebot.gazebo
[0.979s] -- Up-to-date: /home/eyantra/LB24/Student/1048/install/ebot_nav2/share/ebot_nav2//meshes
[0.979s] -- Up-to-date: /home/eyantra/LB24/Student/1048/install/ebot_nav2/share/ebot_nav2//meshes/LIDAR.STL
[0.979s] -- Up-to-date: /home/eyantra/LB24/Student/1048/install/ebot_nav2/share/ebot_nav2//meshes/FUS3.STL
[0.984s] -- Up-to-date: /home/eyantra/LB24/Student/1048/install/ebot_nav2/share/ebot_nav2//meshes/NAVRS.STL
[0.985s] -- Up-to-date: /home/eyantra/LB24/Student/1048/install/ebot_nav2/share/ebot_nav2//meshes/FWL.STL
[0.985s] -- Up-to-date: /home/eyantra/LB24/Student/1048/install/ebot_nav2/share/ebot_nav2//meshes/FUS1.STL
[0.985s] -- Up-to-date: /home/eyantra/LB24/Student/1048/install/ebot_nav2/share/ebot_nav2//meshes/basket_collision.stl
[0.985s] -- Up-to-date: /home/eyantra/LB24/Student/1048/install/ebot_nav2/share/ebot_nav2//meshes/LHUS10.STL
[0.985s] -- Up-to-date: /home/eyantra/LB24/Student/1048/install/ebot_nav2/share/ebot_nav2//meshes/LANT.STL
[0.986s] -- Up-to-date: /home/eyantra/LB24/Student/1048/install/ebot_nav2/share/ebot_nav2//meshes/basket.dae
[0.986s] -- Up-to-date: /home/eyantra/LB24/Student/1048/install/ebot_nav2/share/ebot_nav2//meshes/FWR.STL
[0.986s] -- Up-to-date: /home/eyantra/LB24/Student/1048/install/ebot_nav2/share/ebot_nav2//meshes/RRS.STL
[0.986s] -- Up-to-date: /home/eyantra/LB24/Student/1048/install/ebot_nav2/share/ebot_nav2//meshes/robot_base.stl
[0.986s] -- Up-to-date: /home/eyantra/LB24/Student/1048/install/ebot_nav2/share/ebot_nav2//meshes/RWL.STL
[0.986s] -- Up-to-date: /home/eyantra/LB24/Student/1048/install/ebot_nav2/share/ebot_nav2//meshes/RANT.STL
[0.986s] -- Up-to-date: /home/eyantra/LB24/Student/1048/install/ebot_nav2/share/ebot_nav2//meshes/RUS5.STL
[0.993s] -- Up-to-date: /home/eyantra/LB24/Student/1048/install/ebot_nav2/share/ebot_nav2//meshes/RWR.STL
[0.993s] -- Up-to-date: /home/eyantra/LB24/Student/1048/install/ebot_nav2/share/ebot_nav2//meshes/LHUS9.STL
[0.993s] -- Up-to-date: /home/eyantra/LB24/Student/1048/install/ebot_nav2/share/ebot_nav2//meshes/chassis.dae
[0.993s] -- Up-to-date: /home/eyantra/LB24/Student/1048/install/ebot_nav2/share/ebot_nav2//meshes/RHUS9.STL
[0.993s] -- Up-to-date: /home/eyantra/LB24/Student/1048/install/ebot_nav2/share/ebot_nav2//meshes/RUS6.STL
[0.994s] -- Up-to-date: /home/eyantra/LB24/Student/1048/install/ebot_nav2/share/ebot_nav2//meshes/FUS4.STL
[0.994s] -- Up-to-date: /home/eyantra/LB24/Student/1048/install/ebot_nav2/share/ebot_nav2//meshes/FRS.STL
[0.994s] -- Up-to-date: /home/eyantra/LB24/Student/1048/install/ebot_nav2/share/ebot_nav2//meshes/FUS2.STL
[0.994s] -- Up-to-date: /home/eyantra/LB24/Student/1048/install/ebot_nav2/share/ebot_nav2//meshes/RHUS7.STL
[0.994s] -- Up-to-date: /home/eyantra/LB24/Student/1048/install/ebot_nav2/share/ebot_nav2//meshes/trolley.STL
[0.994s] -- Up-to-date: /home/eyantra/LB24/Student/1048/install/ebot_nav2/share/ebot_nav2//config
[0.994s] -- Up-to-date: /home/eyantra/LB24/Student/1048/install/ebot_nav2/share/ebot_nav2//config/config.yaml
[0.994s] -- Up-to-date: /home/eyantra/LB24/Student/1048/install/ebot_nav2/share/ebot_nav2//config/ekf.yaml
[0.994s] -- Up-to-date: /home/eyantra/LB24/Student/1048/install/ebot_nav2/share/ebot_nav2//config/mapper_params_online_async.yaml
[0.994s] -- Up-to-date: /home/eyantra/LB24/Student/1048/install/ebot_nav2/share/ebot_nav2//plugins
[0.994s] -- Up-to-date: /home/eyantra/LB24/Student/1048/install/ebot_nav2/share/ebot_nav2//plugins/libgazebo_ros_vacuum_gripper.so
[0.995s] -- Up-to-date: /home/eyantra/LB24/Student/1048/install/ebot_nav2/share/ebot_nav2//plugins/libgazebo_collision_sensor.so
[0.995s] -- Up-to-date: /home/eyantra/LB24/Student/1048/install/ebot_nav2/share/ebot_nav2//maps
[0.995s] -- Up-to-date: /home/eyantra/LB24/Student/1048/install/ebot_nav2/share/ebot_nav2//maps/map.pgm
[0.995s] -- Up-to-date: /home/eyantra/LB24/Student/1048/install/ebot_nav2/share/ebot_nav2//maps/map.posegraph
[0.995s] -- Up-to-date: /home/eyantra/LB24/Student/1048/install/ebot_nav2/share/ebot_nav2//maps/map.yaml
[0.995s] -- Up-to-date: /home/eyantra/LB24/Student/1048/install/ebot_nav2/share/ebot_nav2//maps/map.data
[0.995s] -- Up-to-date: /home/eyantra/LB24/Student/1048/install/ebot_nav2/share/ebot_nav2//params
[0.995s] -- Up-to-date: /home/eyantra/LB24/Student/1048/install/ebot_nav2/share/ebot_nav2//params/nav2_params.yaml
[0.995s] -- Up-to-date: /home/eyantra/LB24/Student/1048/install/ebot_nav2/share/ebot_nav2//params/nav2_params_filtered.yaml
[0.995s] -- Up-to-date: /home/eyantra/LB24/Student/1048/install/ebot_nav2/share/ebot_nav2//rviz
[0.995s] -- Up-to-date: /home/eyantra/LB24/Student/1048/install/ebot_nav2/share/ebot_nav2//rviz/nav2_default_view.rviz
[0.996s] -- Up-to-date: /home/eyantra/LB24/Student/1048/install/ebot_nav2/lib/ebot_nav2/pyarmor_runtime_000000
[0.996s] -- Up-to-date: /home/eyantra/LB24/Student/1048/install/ebot_nav2/lib/ebot_nav2/pyarmor_runtime_000000/__init__.py
[0.996s] -- Up-to-date: /home/eyantra/LB24/Student/1048/install/ebot_nav2/lib/ebot_nav2/pyarmor_runtime_000000/pyarmor_runtime.so
[0.996s] -- Up-to-date: /home/eyantra/LB24/Student/1048/install/ebot_nav2/lib/ebot_nav2/pose_detector.py
[0.996s] -- Up-to-date: /home/eyantra/LB24/Student/1048/install/ebot_nav2/lib/ebot_nav2/pf_pose_saver.py
[0.996s] -- Up-to-date: /home/eyantra/LB24/Student/1048/install/ebot_nav2/lib/ebot_nav2/duplicate_imu.py
[0.996s] -- Up-to-date: /home/eyantra/LB24/Student/1048/install/ebot_nav2/share/ament_index/resource_index/package_run_dependencies/ebot_nav2
[1.005s] -- Up-to-date: /home/eyantra/LB24/Student/1048/install/ebot_nav2/share/ament_index/resource_index/parent_prefix_path/ebot_nav2
[1.006s] -- Up-to-date: /home/eyantra/LB24/Student/1048/install/ebot_nav2/share/ebot_nav2/environment/ament_prefix_path.sh
[1.006s] -- Up-to-date: /home/eyantra/LB24/Student/1048/install/ebot_nav2/share/ebot_nav2/environment/ament_prefix_path.dsv
[1.006s] -- Up-to-date: /home/eyantra/LB24/Student/1048/install/ebot_nav2/share/ebot_nav2/environment/path.sh
[1.006s] -- Up-to-date: /home/eyantra/LB24/Student/1048/install/ebot_nav2/share/ebot_nav2/environment/path.dsv
[1.006s] -- Up-to-date: /home/eyantra/LB24/Student/1048/install/ebot_nav2/share/ebot_nav2/local_setup.bash
[1.006s] -- Up-to-date: /home/eyantra/LB24/Student/1048/install/ebot_nav2/share/ebot_nav2/local_setup.sh
[1.006s] -- Up-to-date: /home/eyantra/LB24/Student/1048/install/ebot_nav2/share/ebot_nav2/local_setup.zsh
[1.006s] -- Up-to-date: /home/eyantra/LB24/Student/1048/install/ebot_nav2/share/ebot_nav2/local_setup.dsv
[1.006s] -- Installing: /home/eyantra/LB24/Student/1048/install/ebot_nav2/share/ebot_nav2/package.dsv
[1.007s] -- Up-to-date: /home/eyantra/LB24/Student/1048/install/ebot_nav2/share/ament_index/resource_index/packages/ebot_nav2
[1.007s] -- Up-to-date: /home/eyantra/LB24/Student/1048/install/ebot_nav2/share/ebot_nav2/cmake/ebot_nav2Config.cmake
[1.007s] -- Up-to-date: /home/eyantra/LB24/Student/1048/install/ebot_nav2/share/ebot_nav2/cmake/ebot_nav2Config-version.cmake
[1.007s] -- Up-to-date: /home/eyantra/LB24/Student/1048/install/ebot_nav2/share/ebot_nav2/package.xml
[1.027s] Invoked command in '/home/eyantra/LB24/Student/1048/build/ebot_nav2' returned '0': CMAKE_PREFIX_PATH=/opt/ros/humble /usr/bin/cmake --install /home/eyantra/LB24/Student/1048/build/ebot_nav2
