[0.141s] Invoking command in '/home/eyantra/LB24/Student/1048/build/fin': AMENT_PREFIX_PATH=/home/eyantra/LB24/Student/1048/install/usb_servo:/home/eyantra/LB24/Student/1048/install/ebot_docking:${AMENT_PREFIX_PATH} CMAKE_PREFIX_PATH=/home/eyantra/LB24/Student/1048/install/usb_servo:/home/eyantra/LB24/Student/1048/install/ebot_docking:/opt/ros/humble LD_LIBRARY_PATH=/home/eyantra/LB24/Student/1048/install/usb_servo/lib:/home/eyantra/LB24/Student/1048/install/ebot_docking/lib:${LD_LIBRARY_PATH} PYTHONPATH=/home/eyantra/LB24/Student/1048/install/usb_servo/local/lib/python3.10/dist-packages:/home/eyantra/LB24/Student/1048/install/ebot_docking/local/lib/python3.10/dist-packages:${PYTHONPATH} /usr/bin/cmake --build /home/eyantra/LB24/Student/1048/build/fin -- -j8 -l8
[0.317s] [ 33%] Built target arm
[0.406s] [ 50%] [32mBuilding CXX object CMakeFiles/nav.dir/src/nav.cpp.o[0m
[20.462s] [ 66%] [32m[1mLinking CXX executable nav[0m
[22.427s] [ 66%] Built target nav
[22.483s] [100%] Built target dock
[22.508s] Invoked command in '/home/eyantra/LB24/Student/1048/build/fin' returned '0': AMENT_PREFIX_PATH=/home/eyantra/LB24/Student/1048/install/usb_servo:/home/eyantra/LB24/Student/1048/install/ebot_docking:${AMENT_PREFIX_PATH} CMAKE_PREFIX_PATH=/home/eyantra/LB24/Student/1048/install/usb_servo:/home/eyantra/LB24/Student/1048/install/ebot_docking:/opt/ros/humble LD_LIBRARY_PATH=/home/eyantra/LB24/Student/1048/install/usb_servo/lib:/home/eyantra/LB24/Student/1048/install/ebot_docking/lib:${LD_LIBRARY_PATH} PYTHONPATH=/home/eyantra/LB24/Student/1048/install/usb_servo/local/lib/python3.10/dist-packages:/home/eyantra/LB24/Student/1048/install/ebot_docking/local/lib/python3.10/dist-packages:${PYTHONPATH} /usr/bin/cmake --build /home/eyantra/LB24/Student/1048/build/fin -- -j8 -l8
[22.511s] Invoking command in '/home/eyantra/LB24/Student/1048/build/fin': AMENT_PREFIX_PATH=/home/eyantra/LB24/Student/1048/install/usb_servo:/home/eyantra/LB24/Student/1048/install/ebot_docking:${AMENT_PREFIX_PATH} CMAKE_PREFIX_PATH=/home/eyantra/LB24/Student/1048/install/usb_servo:/home/eyantra/LB24/Student/1048/install/ebot_docking:/opt/ros/humble LD_LIBRARY_PATH=/home/eyantra/LB24/Student/1048/install/usb_servo/lib:/home/eyantra/LB24/Student/1048/install/ebot_docking/lib:${LD_LIBRARY_PATH} PYTHONPATH=/home/eyantra/LB24/Student/1048/install/usb_servo/local/lib/python3.10/dist-packages:/home/eyantra/LB24/Student/1048/install/ebot_docking/local/lib/python3.10/dist-packages:${PYTHONPATH} /usr/bin/cmake --install /home/eyantra/LB24/Student/1048/build/fin
[22.519s] -- Install configuration: ""
[22.519s] -- Up-to-date: /home/eyantra/LB24/Student/1048/install/fin/lib/fin/arm
[22.519s] -- Up-to-date: /home/eyantra/LB24/Student/1048/install/fin/lib/fin/dock
[22.520s] -- Installing: /home/eyantra/LB24/Student/1048/install/fin/lib/fin/nav
[22.530s] -- Set runtime path of "/home/eyantra/LB24/Student/1048/install/fin/lib/fin/nav" to ""
[22.530s] -- Up-to-date: /home/eyantra/LB24/Student/1048/install/fin/lib/fin/arm.py
[22.530s] -- Up-to-date: /home/eyantra/LB24/Student/1048/install/fin/share/ament_index/resource_index/package_run_dependencies/fin
[22.530s] -- Up-to-date: /home/eyantra/LB24/Student/1048/install/fin/share/ament_index/resource_index/parent_prefix_path/fin
[22.530s] -- Up-to-date: /home/eyantra/LB24/Student/1048/install/fin/share/fin/environment/ament_prefix_path.sh
[22.530s] -- Up-to-date: /home/eyantra/LB24/Student/1048/install/fin/share/fin/environment/ament_prefix_path.dsv
[22.530s] -- Up-to-date: /home/eyantra/LB24/Student/1048/install/fin/share/fin/environment/path.sh
[22.535s] -- Up-to-date: /home/eyantra/LB24/Student/1048/install/fin/share/fin/environment/path.dsv
[22.535s] -- Up-to-date: /home/eyantra/LB24/Student/1048/install/fin/share/fin/local_setup.bash
[22.536s] -- Up-to-date: /home/eyantra/LB24/Student/1048/install/fin/share/fin/local_setup.sh
[22.542s] -- Up-to-date: /home/eyantra/LB24/Student/1048/install/fin/share/fin/local_setup.zsh
[22.543s] -- Up-to-date: /home/eyantra/LB24/Student/1048/install/fin/share/fin/local_setup.dsv
[22.543s] -- Installing: /home/eyantra/LB24/Student/1048/install/fin/share/fin/package.dsv
[22.543s] -- Up-to-date: /home/eyantra/LB24/Student/1048/install/fin/share/ament_index/resource_index/packages/fin
[22.543s] -- Up-to-date: /home/eyantra/LB24/Student/1048/install/fin/share/fin/cmake/finConfig.cmake
[22.543s] -- Up-to-date: /home/eyantra/LB24/Student/1048/install/fin/share/fin/cmake/finConfig-version.cmake
[22.543s] -- Up-to-date: /home/eyantra/LB24/Student/1048/install/fin/share/fin/package.xml
[22.543s] Invoked command in '/home/eyantra/LB24/Student/1048/build/fin' returned '0': AMENT_PREFIX_PATH=/home/eyantra/LB24/Student/1048/install/usb_servo:/home/eyantra/LB24/Student/1048/install/ebot_docking:${AMENT_PREFIX_PATH} CMAKE_PREFIX_PATH=/home/eyantra/LB24/Student/1048/install/usb_servo:/home/eyantra/LB24/Student/1048/install/ebot_docking:/opt/ros/humble LD_LIBRARY_PATH=/home/eyantra/LB24/Student/1048/install/usb_servo/lib:/home/eyantra/LB24/Student/1048/install/ebot_docking/lib:${LD_LIBRARY_PATH} PYTHONPATH=/home/eyantra/LB24/Student/1048/install/usb_servo/local/lib/python3.10/dist-packages:/home/eyantra/LB24/Student/1048/install/ebot_docking/local/lib/python3.10/dist-packages:${PYTHONPATH} /usr/bin/cmake --install /home/eyantra/LB24/Student/1048/build/fin
