[0.594s] Invoking command in '/home/northee/git/task3a/src/jk': PYTHONPATH=/home/northee/git/task3a/build/jk/prefix_override:/usr/lib/python3/dist-packages/colcon_core/task/python/colcon_distutils_commands:/home/northee/git/task3a/install/jk/lib/python3.10/site-packages:${PYTHONPATH} /usr/bin/python3 -W ignore:setup.py install is deprecated -W ignore:easy_install command is deprecated setup.py egg_info --egg-base ../../build/jk build --build-base /home/northee/git/task3a/build/jk/build install --record /home/northee/git/task3a/build/jk/install.log --single-version-externally-managed install_data
[0.697s] running egg_info
[0.697s] creating ../../build/jk/jk.egg-info
[0.698s] writing ../../build/jk/jk.egg-info/PKG-INFO
[0.698s] writing dependency_links to ../../build/jk/jk.egg-info/dependency_links.txt
[0.698s] writing entry points to ../../build/jk/jk.egg-info/entry_points.txt
[0.698s] writing requirements to ../../build/jk/jk.egg-info/requires.txt
[0.698s] writing top-level names to ../../build/jk/jk.egg-info/top_level.txt
[0.698s] writing manifest file '../../build/jk/jk.egg-info/SOURCES.txt'
[0.698s] reading manifest file '../../build/jk/jk.egg-info/SOURCES.txt'
[0.699s] writing manifest file '../../build/jk/jk.egg-info/SOURCES.txt'
[0.699s] running build
[0.699s] running build_py
[0.699s] creating /home/northee/git/task3a/build/jk/build
[0.699s] creating /home/northee/git/task3a/build/jk/build/lib
[0.699s] creating /home/northee/git/task3a/build/jk/build/lib/jk
[0.699s] copying jk/__init__.py -> /home/northee/git/task3a/build/jk/build/lib/jk
[0.699s] copying jk/arm.py -> /home/northee/git/task3a/build/jk/build/lib/jk
[0.699s] copying jk/nav.py -> /home/northee/git/task3a/build/jk/build/lib/jk
[0.699s] running install
[0.699s] running install_lib
[0.699s] creating /home/northee/git/task3a/install/jk/lib/python3.10/site-packages/jk
[0.699s] copying /home/northee/git/task3a/build/jk/build/lib/jk/__init__.py -> /home/northee/git/task3a/install/jk/lib/python3.10/site-packages/jk
[0.700s] copying /home/northee/git/task3a/build/jk/build/lib/jk/arm.py -> /home/northee/git/task3a/install/jk/lib/python3.10/site-packages/jk
[0.700s] copying /home/northee/git/task3a/build/jk/build/lib/jk/nav.py -> /home/northee/git/task3a/install/jk/lib/python3.10/site-packages/jk
[0.700s] byte-compiling /home/northee/git/task3a/install/jk/lib/python3.10/site-packages/jk/__init__.py to __init__.cpython-310.pyc
[0.700s] byte-compiling /home/northee/git/task3a/install/jk/lib/python3.10/site-packages/jk/arm.py to arm.cpython-310.pyc
[0.701s] byte-compiling /home/northee/git/task3a/install/jk/lib/python3.10/site-packages/jk/nav.py to nav.cpython-310.pyc
[0.702s] running install_data
[0.702s] creating /home/northee/git/task3a/install/jk/share/ament_index
[0.702s] creating /home/northee/git/task3a/install/jk/share/ament_index/resource_index
[0.702s] creating /home/northee/git/task3a/install/jk/share/ament_index/resource_index/packages
[0.702s] copying resource/jk -> /home/northee/git/task3a/install/jk/share/ament_index/resource_index/packages
[0.702s] copying package.xml -> /home/northee/git/task3a/install/jk/share/jk
[0.702s] running install_egg_info
[0.703s] Copying ../../build/jk/jk.egg-info to /home/northee/git/task3a/install/jk/lib/python3.10/site-packages/jk-0.0.0-py3.10.egg-info
[0.703s] running install_scripts
[0.712s] Installing arm script to /home/northee/git/task3a/install/jk/lib/jk
[0.712s] Installing nav script to /home/northee/git/task3a/install/jk/lib/jk
[0.712s] writing list of installed files to '/home/northee/git/task3a/build/jk/install.log'
[0.723s] Invoked command in '/home/northee/git/task3a/src/jk' returned '0': PYTHONPATH=/home/northee/git/task3a/build/jk/prefix_override:/usr/lib/python3/dist-packages/colcon_core/task/python/colcon_distutils_commands:/home/northee/git/task3a/install/jk/lib/python3.10/site-packages:${PYTHONPATH} /usr/bin/python3 -W ignore:setup.py install is deprecated -W ignore:easy_install command is deprecated setup.py egg_info --egg-base ../../build/jk build --build-base /home/northee/git/task3a/build/jk/build install --record /home/northee/git/task3a/build/jk/install.log --single-version-externally-managed install_data
