[0.627s] Invoking command in '/home/northee/git/task3a/src/ur5_control': PYTHONPATH=/home/northee/git/task3a/build/ur5_control/prefix_override:/usr/lib/python3/dist-packages/colcon_core/task/python/colcon_distutils_commands:/home/northee/git/task3a/install/ur5_control/lib/python3.10/site-packages:${PYTHONPATH} /usr/bin/python3 -W ignore:setup.py install is deprecated -W ignore:easy_install command is deprecated setup.py egg_info --egg-base ../../build/ur5_control build --build-base /home/northee/git/task3a/build/ur5_control/build install --record /home/northee/git/task3a/build/ur5_control/install.log --single-version-externally-managed install_data
[0.754s] running egg_info
[0.755s] writing ../../build/ur5_control/ur5_control.egg-info/PKG-INFO
[0.755s] writing dependency_links to ../../build/ur5_control/ur5_control.egg-info/dependency_links.txt
[0.755s] writing entry points to ../../build/ur5_control/ur5_control.egg-info/entry_points.txt
[0.755s] writing requirements to ../../build/ur5_control/ur5_control.egg-info/requires.txt
[0.755s] writing top-level names to ../../build/ur5_control/ur5_control.egg-info/top_level.txt
[0.756s] reading manifest file '../../build/ur5_control/ur5_control.egg-info/SOURCES.txt'
[0.756s] writing manifest file '../../build/ur5_control/ur5_control.egg-info/SOURCES.txt'
[0.756s] running build
[0.756s] running build_py
[0.756s] running install
[0.756s] running install_lib
[0.757s] running install_data
[0.757s] running install_egg_info
[0.758s] removing '/home/northee/git/task3a/install/ur5_control/lib/python3.10/site-packages/ur5_control-0.0.0-py3.10.egg-info' (and everything under it)
[0.759s] Copying ../../build/ur5_control/ur5_control.egg-info to /home/northee/git/task3a/install/ur5_control/lib/python3.10/site-packages/ur5_control-0.0.0-py3.10.egg-info
[0.759s] running install_scripts
[0.769s] Installing 3a script to /home/northee/git/task3a/install/ur5_control/lib/ur5_control
[0.769s] Installing arm script to /home/northee/git/task3a/install/ur5_control/lib/ur5_control
[0.769s] Installing arm5 script to /home/northee/git/task3a/install/ur5_control/lib/ur5_control
[0.769s] Installing working script to /home/northee/git/task3a/install/ur5_control/lib/ur5_control
[0.769s] writing list of installed files to '/home/northee/git/task3a/build/ur5_control/install.log'
[0.781s] Invoked command in '/home/northee/git/task3a/src/ur5_control' returned '0': PYTHONPATH=/home/northee/git/task3a/build/ur5_control/prefix_override:/usr/lib/python3/dist-packages/colcon_core/task/python/colcon_distutils_commands:/home/northee/git/task3a/install/ur5_control/lib/python3.10/site-packages:${PYTHONPATH} /usr/bin/python3 -W ignore:setup.py install is deprecated -W ignore:easy_install command is deprecated setup.py egg_info --egg-base ../../build/ur5_control build --build-base /home/northee/git/task3a/build/ur5_control/build install --record /home/northee/git/task3a/build/ur5_control/install.log --single-version-externally-managed install_data
