[4.296s] Invoking command in '/home/eyantra/LB24/Student/1048/src/ur5_control': PYTHONPATH=/home/eyantra/LB24/Student/1048/build/ur5_control/prefix_override:/usr/lib/python3/dist-packages/colcon_core/task/python/colcon_distutils_commands:/home/eyantra/LB24/Student/1048/install/ur5_control/lib/python3.10/site-packages:${PYTHONPATH} /usr/bin/python3 -W ignore:setup.py install is deprecated -W ignore:easy_install command is deprecated setup.py egg_info --egg-base ../../build/ur5_control build --build-base /home/eyantra/LB24/Student/1048/build/ur5_control/build install --record /home/eyantra/LB24/Student/1048/build/ur5_control/install.log --single-version-externally-managed install_data
[5.097s] running egg_info
[5.099s] writing ../../build/ur5_control/ur5_control.egg-info/PKG-INFO
[5.102s] writing dependency_links to ../../build/ur5_control/ur5_control.egg-info/dependency_links.txt
[5.107s] writing entry points to ../../build/ur5_control/ur5_control.egg-info/entry_points.txt
[5.114s] writing requirements to ../../build/ur5_control/ur5_control.egg-info/requires.txt
[5.117s] writing top-level names to ../../build/ur5_control/ur5_control.egg-info/top_level.txt
[5.118s] reading manifest file '../../build/ur5_control/ur5_control.egg-info/SOURCES.txt'
[5.126s] writing manifest file '../../build/ur5_control/ur5_control.egg-info/SOURCES.txt'
[5.127s] running build
[5.128s] running build_py
[5.128s] running install
[5.129s] running install_lib
[5.130s] running install_data
[5.130s] running install_egg_info
[5.131s] removing '/home/eyantra/LB24/Student/1048/install/ur5_control/lib/python3.10/site-packages/ur5_control-0.0.0-py3.10.egg-info' (and everything under it)
[5.131s] Copying ../../build/ur5_control/ur5_control.egg-info to /home/eyantra/LB24/Student/1048/install/ur5_control/lib/python3.10/site-packages/ur5_control-0.0.0-py3.10.egg-info
[5.132s] running install_scripts
[5.168s] Installing 3a script to /home/eyantra/LB24/Student/1048/install/ur5_control/lib/ur5_control
[5.169s] Installing arm script to /home/eyantra/LB24/Student/1048/install/ur5_control/lib/ur5_control
[5.169s] Installing arm5 script to /home/eyantra/LB24/Student/1048/install/ur5_control/lib/ur5_control
[5.172s] Installing working script to /home/eyantra/LB24/Student/1048/install/ur5_control/lib/ur5_control
[5.172s] writing list of installed files to '/home/eyantra/LB24/Student/1048/build/ur5_control/install.log'
[5.283s] Invoked command in '/home/eyantra/LB24/Student/1048/src/ur5_control' returned '0': PYTHONPATH=/home/eyantra/LB24/Student/1048/build/ur5_control/prefix_override:/usr/lib/python3/dist-packages/colcon_core/task/python/colcon_distutils_commands:/home/eyantra/LB24/Student/1048/install/ur5_control/lib/python3.10/site-packages:${PYTHONPATH} /usr/bin/python3 -W ignore:setup.py install is deprecated -W ignore:easy_install command is deprecated setup.py egg_info --egg-base ../../build/ur5_control build --build-base /home/eyantra/LB24/Student/1048/build/ur5_control/build install --record /home/eyantra/LB24/Student/1048/build/ur5_control/install.log --single-version-externally-managed install_data
