[0.341s] Invoking command in '/home/northee/git/task3a/build/ur_moveit_config': CMAKE_PREFIX_PATH=/opt/ros/humble /usr/bin/cmake --build /home/northee/git/task3a/build/ur_moveit_config -- -j24 -l24
[0.355s] Invoked command in '/home/northee/git/task3a/build/ur_moveit_config' returned '0': CMAKE_PREFIX_PATH=/opt/ros/humble /usr/bin/cmake --build /home/northee/git/task3a/build/ur_moveit_config -- -j24 -l24
[0.356s] Invoking command in '/home/northee/git/task3a/build/ur_moveit_config': CMAKE_PREFIX_PATH=/opt/ros/humble /usr/bin/cmake --install /home/northee/git/task3a/build/ur_moveit_config
[0.358s] -- Install configuration: ""
[0.358s] -- Up-to-date: /home/northee/git/task3a/install/ur_moveit_config/share/ur_moveit_config/config
[0.358s] -- Up-to-date: /home/northee/git/task3a/install/ur_moveit_config/share/ur_moveit_config/config/kinematics.yaml
[0.358s] -- Up-to-date: /home/northee/git/task3a/install/ur_moveit_config/share/ur_moveit_config/launch
[0.358s] -- Up-to-date: /home/northee/git/task3a/install/ur_moveit_config/share/ur_moveit_config/launch/ur_moveit.launch.py
[0.358s] -- Up-to-date: /home/northee/git/task3a/install/ur_moveit_config/share/ur_moveit_config/rviz
[0.358s] -- Up-to-date: /home/northee/git/task3a/install/ur_moveit_config/share/ur_moveit_config/rviz/view_robot.rviz
[0.358s] -- Up-to-date: /home/northee/git/task3a/install/ur_moveit_config/share/ur_moveit_config/srdf
[0.358s] -- Up-to-date: /home/northee/git/task3a/install/ur_moveit_config/share/ur_moveit_config/srdf/ur_macro.srdf.xacro
[0.358s] -- Up-to-date: /home/northee/git/task3a/install/ur_moveit_config/share/ur_moveit_config/srdf/ur.srdf.xacro
[0.359s] -- Up-to-date: /home/northee/git/task3a/install/ur_moveit_config/share/ament_index/resource_index/package_run_dependencies/ur_moveit_config
[0.359s] -- Up-to-date: /home/northee/git/task3a/install/ur_moveit_config/share/ament_index/resource_index/parent_prefix_path/ur_moveit_config
[0.359s] -- Up-to-date: /home/northee/git/task3a/install/ur_moveit_config/share/ur_moveit_config/environment/ament_prefix_path.sh
[0.359s] -- Up-to-date: /home/northee/git/task3a/install/ur_moveit_config/share/ur_moveit_config/environment/ament_prefix_path.dsv
[0.359s] -- Up-to-date: /home/northee/git/task3a/install/ur_moveit_config/share/ur_moveit_config/environment/path.sh
[0.359s] -- Up-to-date: /home/northee/git/task3a/install/ur_moveit_config/share/ur_moveit_config/environment/path.dsv
[0.359s] -- Up-to-date: /home/northee/git/task3a/install/ur_moveit_config/share/ur_moveit_config/local_setup.bash
[0.359s] -- Up-to-date: /home/northee/git/task3a/install/ur_moveit_config/share/ur_moveit_config/local_setup.sh
[0.359s] -- Up-to-date: /home/northee/git/task3a/install/ur_moveit_config/share/ur_moveit_config/local_setup.zsh
[0.359s] -- Up-to-date: /home/northee/git/task3a/install/ur_moveit_config/share/ur_moveit_config/local_setup.dsv
[0.359s] -- Installing: /home/northee/git/task3a/install/ur_moveit_config/share/ur_moveit_config/package.dsv
[0.359s] -- Up-to-date: /home/northee/git/task3a/install/ur_moveit_config/share/ament_index/resource_index/packages/ur_moveit_config
[0.359s] -- Up-to-date: /home/northee/git/task3a/install/ur_moveit_config/share/ur_moveit_config/cmake/ur_moveit_configConfig.cmake
[0.359s] -- Up-to-date: /home/northee/git/task3a/install/ur_moveit_config/share/ur_moveit_config/cmake/ur_moveit_configConfig-version.cmake
[0.359s] -- Up-to-date: /home/northee/git/task3a/install/ur_moveit_config/share/ur_moveit_config/package.xml
[0.367s] Invoked command in '/home/northee/git/task3a/build/ur_moveit_config' returned '0': CMAKE_PREFIX_PATH=/opt/ros/humble /usr/bin/cmake --install /home/northee/git/task3a/build/ur_moveit_config
