running egg_info
writing ../../build/ff/ff.egg-info/PKG-INFO
writing dependency_links to ../../build/ff/ff.egg-info/dependency_links.txt
writing entry points to ../../build/ff/ff.egg-info/entry_points.txt
writing requirements to ../../build/ff/ff.egg-info/requires.txt
writing top-level names to ../../build/ff/ff.egg-info/top_level.txt
reading manifest file '../../build/ff/ff.egg-info/SOURCES.txt'
writing manifest file '../../build/ff/ff.egg-info/SOURCES.txt'
running build
running build_py
running install
running install_lib
running install_data
running install_egg_info
removing '/home/eyantra/LB24/Student/1048/install/ff/lib/python3.10/site-packages/ff-0.0.0-py3.10.egg-info' (and everything under it)
Copying ../../build/ff/ff.egg-info to /home/eyantra/LB24/Student/1048/install/ff/lib/python3.10/site-packages/ff-0.0.0-py3.10.egg-info
running install_scripts
Installing arm script to /home/eyantra/LB24/Student/1048/install/ff/lib/ff
Installing dock script to /home/eyantra/LB24/Student/1048/install/ff/lib/ff
Installing nav script to /home/eyantra/LB24/Student/1048/install/ff/lib/ff
writing list of installed files to '/home/eyantra/LB24/Student/1048/build/ff/install.log'
