[2.523s] Invoking command in '/home/eyantra/LB24/Student/1048/src/jk': PYTHONPATH=/home/eyantra/LB24/Student/1048/build/jk/prefix_override:/usr/lib/python3/dist-packages/colcon_core/task/python/colcon_distutils_commands:/home/eyantra/LB24/Student/1048/install/jk/lib/python3.10/site-packages:${PYTHONPATH} /usr/bin/python3 -W ignore:setup.py install is deprecated -W ignore:easy_install command is deprecated setup.py egg_info --egg-base ../../build/jk build --build-base /home/eyantra/LB24/Student/1048/build/jk/build install --record /home/eyantra/LB24/Student/1048/build/jk/install.log --single-version-externally-managed install_data
[3.138s] running egg_info
[3.139s] creating ../../build/jk/jk.egg-info
[3.139s] writing ../../build/jk/jk.egg-info/PKG-INFO
[3.139s] writing dependency_links to ../../build/jk/jk.egg-info/dependency_links.txt
[3.139s] writing entry points to ../../build/jk/jk.egg-info/entry_points.txt
[3.139s] writing requirements to ../../build/jk/jk.egg-info/requires.txt
[3.139s] writing top-level names to ../../build/jk/jk.egg-info/top_level.txt
[3.140s] writing manifest file '../../build/jk/jk.egg-info/SOURCES.txt'
[3.143s] reading manifest file '../../build/jk/jk.egg-info/SOURCES.txt'
[3.144s] writing manifest file '../../build/jk/jk.egg-info/SOURCES.txt'
[3.144s] running build
[3.144s] running build_py
[3.144s] creating /home/eyantra/LB24/Student/1048/build/jk/build
[3.145s] creating /home/eyantra/LB24/Student/1048/build/jk/build/lib
[3.145s] creating /home/eyantra/LB24/Student/1048/build/jk/build/lib/jk
[3.145s] copying jk/nav.py -> /home/eyantra/LB24/Student/1048/build/jk/build/lib/jk
[3.145s] copying jk/dock.py -> /home/eyantra/LB24/Student/1048/build/jk/build/lib/jk
[3.145s] copying jk/arm.py -> /home/eyantra/LB24/Student/1048/build/jk/build/lib/jk
[3.146s] copying jk/__init__.py -> /home/eyantra/LB24/Student/1048/build/jk/build/lib/jk
[3.147s] running install
[3.148s] running install_lib
[3.156s] creating /home/eyantra/LB24/Student/1048/install/jk/lib/python3.10/site-packages/jk
[3.156s] copying /home/eyantra/LB24/Student/1048/build/jk/build/lib/jk/nav.py -> /home/eyantra/LB24/Student/1048/install/jk/lib/python3.10/site-packages/jk
[3.160s] copying /home/eyantra/LB24/Student/1048/build/jk/build/lib/jk/dock.py -> /home/eyantra/LB24/Student/1048/install/jk/lib/python3.10/site-packages/jk
[3.163s] copying /home/eyantra/LB24/Student/1048/build/jk/build/lib/jk/arm.py -> /home/eyantra/LB24/Student/1048/install/jk/lib/python3.10/site-packages/jk
[3.163s] copying /home/eyantra/LB24/Student/1048/build/jk/build/lib/jk/__init__.py -> /home/eyantra/LB24/Student/1048/install/jk/lib/python3.10/site-packages/jk
[3.163s] byte-compiling /home/eyantra/LB24/Student/1048/install/jk/lib/python3.10/site-packages/jk/nav.py to nav.cpython-310.pyc
[3.163s] byte-compiling /home/eyantra/LB24/Student/1048/install/jk/lib/python3.10/site-packages/jk/dock.py to dock.cpython-310.pyc
[3.163s] byte-compiling /home/eyantra/LB24/Student/1048/install/jk/lib/python3.10/site-packages/jk/arm.py to arm.cpython-310.pyc
[3.170s] byte-compiling /home/eyantra/LB24/Student/1048/install/jk/lib/python3.10/site-packages/jk/__init__.py to __init__.cpython-310.pyc
[3.172s] running install_data
[3.172s] creating /home/eyantra/LB24/Student/1048/install/jk/share/ament_index
[3.172s] creating /home/eyantra/LB24/Student/1048/install/jk/share/ament_index/resource_index
[3.172s] creating /home/eyantra/LB24/Student/1048/install/jk/share/ament_index/resource_index/packages
[3.172s] copying resource/jk -> /home/eyantra/LB24/Student/1048/install/jk/share/ament_index/resource_index/packages
[3.172s] copying package.xml -> /home/eyantra/LB24/Student/1048/install/jk/share/jk
[3.172s] running install_egg_info
[3.176s] Copying ../../build/jk/jk.egg-info to /home/eyantra/LB24/Student/1048/install/jk/lib/python3.10/site-packages/jk-0.0.0-py3.10.egg-info
[3.177s] running install_scripts
[3.235s] Installing arm script to /home/eyantra/LB24/Student/1048/install/jk/lib/jk
[3.235s] Installing dock script to /home/eyantra/LB24/Student/1048/install/jk/lib/jk
[3.235s] Installing nav script to /home/eyantra/LB24/Student/1048/install/jk/lib/jk
[3.239s] writing list of installed files to '/home/eyantra/LB24/Student/1048/build/jk/install.log'
[3.408s] Invoked command in '/home/eyantra/LB24/Student/1048/src/jk' returned '0': PYTHONPATH=/home/eyantra/LB24/Student/1048/build/jk/prefix_override:/usr/lib/python3/dist-packages/colcon_core/task/python/colcon_distutils_commands:/home/eyantra/LB24/Student/1048/install/jk/lib/python3.10/site-packages:${PYTHONPATH} /usr/bin/python3 -W ignore:setup.py install is deprecated -W ignore:easy_install command is deprecated setup.py egg_info --egg-base ../../build/jk build --build-base /home/eyantra/LB24/Student/1048/build/jk/build install --record /home/eyantra/LB24/Student/1048/build/jk/install.log --single-version-externally-managed install_data
