[2.874s] Invoking command in '/home/eyantra/LB24/Student/1048/src/bot': PYTHONPATH=/home/eyantra/LB24/Student/1048/build/bot/prefix_override:/usr/lib/python3/dist-packages/colcon_core/task/python/colcon_distutils_commands:/home/eyantra/LB24/Student/1048/install/bot/lib/python3.10/site-packages:${PYTHONPATH} /usr/bin/python3 -W ignore:setup.py install is deprecated -W ignore:easy_install command is deprecated setup.py egg_info --egg-base ../../build/bot build --build-base /home/eyantra/LB24/Student/1048/build/bot/build install --record /home/eyantra/LB24/Student/1048/build/bot/install.log --single-version-externally-managed install_data
[3.424s] running egg_info
[3.431s] writing ../../build/bot/bot.egg-info/PKG-INFO
[3.432s] writing dependency_links to ../../build/bot/bot.egg-info/dependency_links.txt
[3.432s] writing entry points to ../../build/bot/bot.egg-info/entry_points.txt
[3.432s] writing requirements to ../../build/bot/bot.egg-info/requires.txt
[3.432s] writing top-level names to ../../build/bot/bot.egg-info/top_level.txt
[3.437s] reading manifest file '../../build/bot/bot.egg-info/SOURCES.txt'
[3.438s] writing manifest file '../../build/bot/bot.egg-info/SOURCES.txt'
[3.439s] running build
[3.440s] running build_py
[3.444s] running install
[3.445s] running install_lib
[3.447s] running install_data
[3.448s] running install_egg_info
[3.453s] removing '/home/eyantra/LB24/Student/1048/install/bot/lib/python3.10/site-packages/bot-0.0.0-py3.10.egg-info' (and everything under it)
[3.453s] Copying ../../build/bot/bot.egg-info to /home/eyantra/LB24/Student/1048/install/bot/lib/python3.10/site-packages/bot-0.0.0-py3.10.egg-info
[3.453s] running install_scripts
[3.500s] Installing arm script to /home/eyantra/LB24/Student/1048/install/bot/lib/bot
[3.500s] Installing dock script to /home/eyantra/LB24/Student/1048/install/bot/lib/bot
[3.501s] Installing nav script to /home/eyantra/LB24/Student/1048/install/bot/lib/bot
[3.502s] writing list of installed files to '/home/eyantra/LB24/Student/1048/build/bot/install.log'
[3.636s] Invoked command in '/home/eyantra/LB24/Student/1048/src/bot' returned '0': PYTHONPATH=/home/eyantra/LB24/Student/1048/build/bot/prefix_override:/usr/lib/python3/dist-packages/colcon_core/task/python/colcon_distutils_commands:/home/eyantra/LB24/Student/1048/install/bot/lib/python3.10/site-packages:${PYTHONPATH} /usr/bin/python3 -W ignore:setup.py install is deprecated -W ignore:easy_install command is deprecated setup.py egg_info --egg-base ../../build/bot build --build-base /home/eyantra/LB24/Student/1048/build/bot/build install --record /home/eyantra/LB24/Student/1048/build/bot/install.log --single-version-externally-managed install_data
