[1.729s] Invoking command in '/home/eyantra/LB24/Student/1048/src/ur5_control': PYTHONPATH=/home/eyantra/LB24/Student/1048/build/ur5_control/prefix_override:/usr/lib/python3/dist-packages/colcon_core/task/python/colcon_distutils_commands:/home/eyantra/LB24/Student/1048/install/ur5_control/lib/python3.10/site-packages:${PYTHONPATH} /usr/bin/python3 -W ignore:setup.py install is deprecated -W ignore:easy_install command is deprecated setup.py egg_info --egg-base ../../build/ur5_control build --build-base /home/eyantra/LB24/Student/1048/build/ur5_control/build install --record /home/eyantra/LB24/Student/1048/build/ur5_control/install.log --single-version-externally-managed install_data
[2.041s] running egg_info
[2.041s] writing ../../build/ur5_control/ur5_control.egg-info/PKG-INFO
[2.042s] writing dependency_links to ../../build/ur5_control/ur5_control.egg-info/dependency_links.txt
[2.042s] writing entry points to ../../build/ur5_control/ur5_control.egg-info/entry_points.txt
[2.042s] writing requirements to ../../build/ur5_control/ur5_control.egg-info/requires.txt
[2.042s] writing top-level names to ../../build/ur5_control/ur5_control.egg-info/top_level.txt
[2.044s] reading manifest file '../../build/ur5_control/ur5_control.egg-info/SOURCES.txt'
[2.047s] writing manifest file '../../build/ur5_control/ur5_control.egg-info/SOURCES.txt'
[2.047s] running build
[2.047s] running build_py
[2.048s] running install
[2.048s] running install_lib
[2.049s] running install_data
[2.049s] running install_egg_info
[2.051s] removing '/home/eyantra/LB24/Student/1048/install/ur5_control/lib/python3.10/site-packages/ur5_control-0.0.0-py3.10.egg-info' (and everything under it)
[2.051s] Copying ../../build/ur5_control/ur5_control.egg-info to /home/eyantra/LB24/Student/1048/install/ur5_control/lib/python3.10/site-packages/ur5_control-0.0.0-py3.10.egg-info
[2.052s] running install_scripts
[2.072s] Installing 3a script to /home/eyantra/LB24/Student/1048/install/ur5_control/lib/ur5_control
[2.073s] Installing arm script to /home/eyantra/LB24/Student/1048/install/ur5_control/lib/ur5_control
[2.073s] Installing arm5 script to /home/eyantra/LB24/Student/1048/install/ur5_control/lib/ur5_control
[2.073s] Installing working script to /home/eyantra/LB24/Student/1048/install/ur5_control/lib/ur5_control
[2.073s] writing list of installed files to '/home/eyantra/LB24/Student/1048/build/ur5_control/install.log'
[2.105s] Invoked command in '/home/eyantra/LB24/Student/1048/src/ur5_control' returned '0': PYTHONPATH=/home/eyantra/LB24/Student/1048/build/ur5_control/prefix_override:/usr/lib/python3/dist-packages/colcon_core/task/python/colcon_distutils_commands:/home/eyantra/LB24/Student/1048/install/ur5_control/lib/python3.10/site-packages:${PYTHONPATH} /usr/bin/python3 -W ignore:setup.py install is deprecated -W ignore:easy_install command is deprecated setup.py egg_info --egg-base ../../build/ur5_control build --build-base /home/eyantra/LB24/Student/1048/build/ur5_control/build install --record /home/eyantra/LB24/Student/1048/build/ur5_control/install.log --single-version-externally-managed install_data
