[2.649s] Invoking command in '/home/eyantra/LB24/Student/1048/src/jk': PYTHONPATH=/home/eyantra/LB24/Student/1048/build/jk/prefix_override:/usr/lib/python3/dist-packages/colcon_core/task/python/colcon_distutils_commands:/home/eyantra/LB24/Student/1048/install/jk/lib/python3.10/site-packages:${PYTHONPATH} /usr/bin/python3 -W ignore:setup.py install is deprecated -W ignore:easy_install command is deprecated setup.py egg_info --egg-base ../../build/jk build --build-base /home/eyantra/LB24/Student/1048/build/jk/build install --record /home/eyantra/LB24/Student/1048/build/jk/install.log --single-version-externally-managed install_data
[3.146s] running egg_info
[3.147s] writing ../../build/jk/jk.egg-info/PKG-INFO
[3.147s] writing dependency_links to ../../build/jk/jk.egg-info/dependency_links.txt
[3.147s] writing entry points to ../../build/jk/jk.egg-info/entry_points.txt
[3.148s] writing requirements to ../../build/jk/jk.egg-info/requires.txt
[3.148s] writing top-level names to ../../build/jk/jk.egg-info/top_level.txt
[3.157s] reading manifest file '../../build/jk/jk.egg-info/SOURCES.txt'
[3.157s] writing manifest file '../../build/jk/jk.egg-info/SOURCES.txt'
[3.157s] running build
[3.157s] running build_py
[3.158s] copying jk/dock.py -> /home/eyantra/LB24/Student/1048/build/jk/build/lib/jk
[3.158s] running install
[3.160s] running install_lib
[3.160s] copying /home/eyantra/LB24/Student/1048/build/jk/build/lib/jk/dock.py -> /home/eyantra/LB24/Student/1048/install/jk/lib/python3.10/site-packages/jk
[3.162s] byte-compiling /home/eyantra/LB24/Student/1048/install/jk/lib/python3.10/site-packages/jk/dock.py to dock.cpython-310.pyc
[3.163s] running install_data
[3.163s] running install_egg_info
[3.167s] removing '/home/eyantra/LB24/Student/1048/install/jk/lib/python3.10/site-packages/jk-0.0.0-py3.10.egg-info' (and everything under it)
[3.168s] Copying ../../build/jk/jk.egg-info to /home/eyantra/LB24/Student/1048/install/jk/lib/python3.10/site-packages/jk-0.0.0-py3.10.egg-info
[3.176s] running install_scripts
[3.219s] Installing arm script to /home/eyantra/LB24/Student/1048/install/jk/lib/jk
[3.219s] Installing dock script to /home/eyantra/LB24/Student/1048/install/jk/lib/jk
[3.219s] Installing nav script to /home/eyantra/LB24/Student/1048/install/jk/lib/jk
[3.219s] writing list of installed files to '/home/eyantra/LB24/Student/1048/build/jk/install.log'
[3.327s] Invoked command in '/home/eyantra/LB24/Student/1048/src/jk' returned '0': PYTHONPATH=/home/eyantra/LB24/Student/1048/build/jk/prefix_override:/usr/lib/python3/dist-packages/colcon_core/task/python/colcon_distutils_commands:/home/eyantra/LB24/Student/1048/install/jk/lib/python3.10/site-packages:${PYTHONPATH} /usr/bin/python3 -W ignore:setup.py install is deprecated -W ignore:easy_install command is deprecated setup.py egg_info --egg-base ../../build/jk build --build-base /home/eyantra/LB24/Student/1048/build/jk/build install --record /home/eyantra/LB24/Student/1048/build/jk/install.log --single-version-externally-managed install_data
