[1.633s] Invoking command in '/home/eyantra/LB24/Student/1048/src/ff': PYTHONPATH=/home/eyantra/LB24/Student/1048/build/ff/prefix_override:/usr/lib/python3/dist-packages/colcon_core/task/python/colcon_distutils_commands:/home/eyantra/LB24/Student/1048/install/ff/lib/python3.10/site-packages:${PYTHONPATH} /usr/bin/python3 -W ignore:setup.py install is deprecated -W ignore:easy_install command is deprecated setup.py egg_info --egg-base ../../build/ff build --build-base /home/eyantra/LB24/Student/1048/build/ff/build install --record /home/eyantra/LB24/Student/1048/build/ff/install.log --single-version-externally-managed install_data
[1.940s] running egg_info
[1.940s] writing ../../build/ff/ff.egg-info/PKG-INFO
[1.941s] writing dependency_links to ../../build/ff/ff.egg-info/dependency_links.txt
[1.941s] writing entry points to ../../build/ff/ff.egg-info/entry_points.txt
[1.941s] writing requirements to ../../build/ff/ff.egg-info/requires.txt
[1.941s] writing top-level names to ../../build/ff/ff.egg-info/top_level.txt
[1.944s] reading manifest file '../../build/ff/ff.egg-info/SOURCES.txt'
[1.945s] writing manifest file '../../build/ff/ff.egg-info/SOURCES.txt'
[1.945s] running build
[1.945s] running build_py
[1.945s] running install
[1.946s] running install_lib
[1.947s] running install_data
[1.947s] running install_egg_info
[1.949s] removing '/home/eyantra/LB24/Student/1048/install/ff/lib/python3.10/site-packages/ff-0.0.0-py3.10.egg-info' (and everything under it)
[1.949s] Copying ../../build/ff/ff.egg-info to /home/eyantra/LB24/Student/1048/install/ff/lib/python3.10/site-packages/ff-0.0.0-py3.10.egg-info
[1.950s] running install_scripts
[1.969s] Installing arm script to /home/eyantra/LB24/Student/1048/install/ff/lib/ff
[1.969s] Installing dock script to /home/eyantra/LB24/Student/1048/install/ff/lib/ff
[1.970s] Installing nav script to /home/eyantra/LB24/Student/1048/install/ff/lib/ff
[1.970s] writing list of installed files to '/home/eyantra/LB24/Student/1048/build/ff/install.log'
[2.007s] Invoked command in '/home/eyantra/LB24/Student/1048/src/ff' returned '0': PYTHONPATH=/home/eyantra/LB24/Student/1048/build/ff/prefix_override:/usr/lib/python3/dist-packages/colcon_core/task/python/colcon_distutils_commands:/home/eyantra/LB24/Student/1048/install/ff/lib/python3.10/site-packages:${PYTHONPATH} /usr/bin/python3 -W ignore:setup.py install is deprecated -W ignore:easy_install command is deprecated setup.py egg_info --egg-base ../../build/ff build --build-base /home/eyantra/LB24/Student/1048/build/ff/build install --record /home/eyantra/LB24/Student/1048/build/ff/install.log --single-version-externally-managed install_data
