[0.036s] Invoking command in '/home/eyantra/LB24/Student/1048/build/fin': AMENT_PREFIX_PATH=/home/eyantra/LB24/Student/1048/install/usb_servo:/home/eyantra/LB24/Student/1048/install/ebot_docking:${AMENT_PREFIX_PATH} CMAKE_PREFIX_PATH=/home/eyantra/LB24/Student/1048/install/usb_servo:/home/eyantra/LB24/Student/1048/install/ebot_docking:/opt/ros/humble LD_LIBRARY_PATH=/home/eyantra/LB24/Student/1048/install/usb_servo/lib:/home/eyantra/LB24/Student/1048/install/ebot_docking/lib:${LD_LIBRARY_PATH} PYTHONPATH=/home/eyantra/LB24/Student/1048/install/usb_servo/local/lib/python3.10/dist-packages:/home/eyantra/LB24/Student/1048/install/ebot_docking/local/lib/python3.10/dist-packages:${PYTHONPATH} /usr/bin/cmake --build /home/eyantra/LB24/Student/1048/build/fin -- -j8 -l8
[0.131s] [35m[1mConsolidate compiler generated dependencies of target dock[0m
[0.184s] [ 25%] [32mBuilding CXX object CMakeFiles/dock.dir/src/dock.cpp.o[0m
[5.519s] [01m[K/home/eyantra/LB24/Student/1048/src/fin/src/dock.cpp:[m[K In member function ‘[01m[Kvoid Dock::callback_docking_server(ebot_docking::srv::DockSw_Request_<std::allocator<void> >::SharedPtr, ebot_docking::srv::DockSw_Response_<std::allocator<void> >::SharedPtr)[m[K’:
[5.519s] [01m[K/home/eyantra/LB24/Student/1048/src/fin/src/dock.cpp:75:15:[m[K [01;35m[Kwarning: [m[Kunused variable ‘[01m[Kf_rangeDiff[m[K’ [[01;35m[K]8;;https://gcc.gnu.org/onlinedocs/gcc/Warning-Options.html#index-Wunused-variable-Wunused-variable]8;;[m[K]
[5.520s]    75 |         float [01;35m[Kf_rangeDiff[m[K{};
[5.521s]       |               [01;35m[K^~~~~~~~~~~[m[K
[21.048s] [ 50%] [32m[1mLinking CXX executable dock[0m
[22.751s] [ 50%] Built target dock
[22.817s] [100%] Built target nav
[22.845s] Invoked command in '/home/eyantra/LB24/Student/1048/build/fin' returned '0': AMENT_PREFIX_PATH=/home/eyantra/LB24/Student/1048/install/usb_servo:/home/eyantra/LB24/Student/1048/install/ebot_docking:${AMENT_PREFIX_PATH} CMAKE_PREFIX_PATH=/home/eyantra/LB24/Student/1048/install/usb_servo:/home/eyantra/LB24/Student/1048/install/ebot_docking:/opt/ros/humble LD_LIBRARY_PATH=/home/eyantra/LB24/Student/1048/install/usb_servo/lib:/home/eyantra/LB24/Student/1048/install/ebot_docking/lib:${LD_LIBRARY_PATH} PYTHONPATH=/home/eyantra/LB24/Student/1048/install/usb_servo/local/lib/python3.10/dist-packages:/home/eyantra/LB24/Student/1048/install/ebot_docking/local/lib/python3.10/dist-packages:${PYTHONPATH} /usr/bin/cmake --build /home/eyantra/LB24/Student/1048/build/fin -- -j8 -l8
[22.846s] Invoking command in '/home/eyantra/LB24/Student/1048/build/fin': AMENT_PREFIX_PATH=/home/eyantra/LB24/Student/1048/install/usb_servo:/home/eyantra/LB24/Student/1048/install/ebot_docking:${AMENT_PREFIX_PATH} CMAKE_PREFIX_PATH=/home/eyantra/LB24/Student/1048/install/usb_servo:/home/eyantra/LB24/Student/1048/install/ebot_docking:/opt/ros/humble LD_LIBRARY_PATH=/home/eyantra/LB24/Student/1048/install/usb_servo/lib:/home/eyantra/LB24/Student/1048/install/ebot_docking/lib:${LD_LIBRARY_PATH} PYTHONPATH=/home/eyantra/LB24/Student/1048/install/usb_servo/local/lib/python3.10/dist-packages:/home/eyantra/LB24/Student/1048/install/ebot_docking/local/lib/python3.10/dist-packages:${PYTHONPATH} /usr/bin/cmake --install /home/eyantra/LB24/Student/1048/build/fin
[22.862s] -- Install configuration: ""
[22.862s] -- Installing: /home/eyantra/LB24/Student/1048/install/fin/lib/fin/dock
[22.868s] -- Set runtime path of "/home/eyantra/LB24/Student/1048/install/fin/lib/fin/dock" to ""
[22.869s] -- Up-to-date: /home/eyantra/LB24/Student/1048/install/fin/lib/fin/nav
[22.869s] -- Up-to-date: /home/eyantra/LB24/Student/1048/install/fin/lib/fin/arm.py
[22.869s] -- Up-to-date: /home/eyantra/LB24/Student/1048/install/fin/share/ament_index/resource_index/package_run_dependencies/fin
[22.869s] -- Up-to-date: /home/eyantra/LB24/Student/1048/install/fin/share/ament_index/resource_index/parent_prefix_path/fin
[22.869s] -- Up-to-date: /home/eyantra/LB24/Student/1048/install/fin/share/fin/environment/ament_prefix_path.sh
[22.869s] -- Up-to-date: /home/eyantra/LB24/Student/1048/install/fin/share/fin/environment/ament_prefix_path.dsv
[22.870s] -- Up-to-date: /home/eyantra/LB24/Student/1048/install/fin/share/fin/environment/path.sh
[22.870s] -- Up-to-date: /home/eyantra/LB24/Student/1048/install/fin/share/fin/environment/path.dsv
[22.870s] -- Up-to-date: /home/eyantra/LB24/Student/1048/install/fin/share/fin/local_setup.bash
[22.870s] -- Up-to-date: /home/eyantra/LB24/Student/1048/install/fin/share/fin/local_setup.sh
[22.870s] -- Up-to-date: /home/eyantra/LB24/Student/1048/install/fin/share/fin/local_setup.zsh
[22.870s] -- Up-to-date: /home/eyantra/LB24/Student/1048/install/fin/share/fin/local_setup.dsv
[22.870s] -- Installing: /home/eyantra/LB24/Student/1048/install/fin/share/fin/package.dsv
[22.870s] -- Up-to-date: /home/eyantra/LB24/Student/1048/install/fin/share/ament_index/resource_index/packages/fin
[22.873s] -- Up-to-date: /home/eyantra/LB24/Student/1048/install/fin/share/fin/cmake/finConfig.cmake
[22.873s] -- Up-to-date: /home/eyantra/LB24/Student/1048/install/fin/share/fin/cmake/finConfig-version.cmake
[22.873s] -- Up-to-date: /home/eyantra/LB24/Student/1048/install/fin/share/fin/package.xml
[22.895s] Invoked command in '/home/eyantra/LB24/Student/1048/build/fin' returned '0': AMENT_PREFIX_PATH=/home/eyantra/LB24/Student/1048/install/usb_servo:/home/eyantra/LB24/Student/1048/install/ebot_docking:${AMENT_PREFIX_PATH} CMAKE_PREFIX_PATH=/home/eyantra/LB24/Student/1048/install/usb_servo:/home/eyantra/LB24/Student/1048/install/ebot_docking:/opt/ros/humble LD_LIBRARY_PATH=/home/eyantra/LB24/Student/1048/install/usb_servo/lib:/home/eyantra/LB24/Student/1048/install/ebot_docking/lib:${LD_LIBRARY_PATH} PYTHONPATH=/home/eyantra/LB24/Student/1048/install/usb_servo/local/lib/python3.10/dist-packages:/home/eyantra/LB24/Student/1048/install/ebot_docking/local/lib/python3.10/dist-packages:${PYTHONPATH} /usr/bin/cmake --install /home/eyantra/LB24/Student/1048/build/fin
