[0.048s] Invoking command in '/home/eyantra/LB24/Student/1048/build/ebot_nav2': CMAKE_PREFIX_PATH=/opt/ros/humble /usr/bin/cmake /home/eyantra/LB24/Student/1048/src/ebot_nav2 -DCMAKE_INSTALL_PREFIX=/home/eyantra/LB24/Student/1048/install/ebot_nav2
[0.703s] -- The C compiler identification is GNU 11.4.0
[0.703s] -- The CXX compiler identification is GNU 11.4.0
[0.703s] -- Detecting C compiler ABI info
[0.703s] -- Detecting C compiler ABI info - done
[0.703s] -- Check for working C compiler: /usr/bin/cc - skipped
[0.704s] -- Detecting C compile features
[0.704s] -- Detecting C compile features - done
[0.704s] -- Detecting CXX compiler ABI info
[0.706s] -- Detecting CXX compiler ABI info - done
[0.723s] -- Check for working CXX compiler: /usr/bin/c++ - skipped
[0.723s] -- Detecting CXX compile features
[0.724s] -- Detecting CXX compile features - done
[0.729s] -- Found ament_cmake: 1.3.11 (/opt/ros/humble/share/ament_cmake/cmake)
[1.199s] -- Found Python3: /usr/bin/python3 (found version "3.10.12") found components: Interpreter 
[1.524s] -- Found rclcpp: 16.0.11 (/opt/ros/humble/share/rclcpp/cmake)
[1.659s] -- Found rosidl_generator_c: 3.1.6 (/opt/ros/humble/share/rosidl_generator_c/cmake)
[1.674s] -- Found rosidl_adapter: 3.1.6 (/opt/ros/humble/share/rosidl_adapter/cmake)
[1.697s] -- Found rosidl_generator_cpp: 3.1.6 (/opt/ros/humble/share/rosidl_generator_cpp/cmake)
[1.724s] -- Using all available rosidl_typesupport_c: rosidl_typesupport_fastrtps_c;rosidl_typesupport_introspection_c
[1.776s] -- Using all available rosidl_typesupport_cpp: rosidl_typesupport_fastrtps_cpp;rosidl_typesupport_introspection_cpp
[1.967s] -- Found rmw_implementation_cmake: 6.1.2 (/opt/ros/humble/share/rmw_implementation_cmake/cmake)
[1.979s] -- Found rmw_fastrtps_cpp: 6.2.7 (/opt/ros/humble/share/rmw_fastrtps_cpp/cmake)
[2.320s] -- Found OpenSSL: /usr/lib/x86_64-linux-gnu/libcrypto.so (found version "3.0.2")  
[2.411s] -- Found FastRTPS: /opt/ros/humble/include  
[2.549s] -- Using RMW implementation 'rmw_fastrtps_cpp' as default
[2.586s] -- Looking for pthread.h
[2.831s] -- Looking for pthread.h - found
[2.832s] -- Performing Test CMAKE_HAVE_LIBC_PTHREAD
[2.982s] -- Performing Test CMAKE_HAVE_LIBC_PTHREAD - Success
[2.983s] -- Found Threads: TRUE  
[3.152s] -- Found rclpy: 3.3.15 (/opt/ros/humble/share/rclpy/cmake)
[3.157s] -- Found urdf: 2.6.1 (/opt/ros/humble/share/urdf/cmake)
[3.289s] -- Found xacro: 2.0.8 (/opt/ros/humble/share/xacro/cmake)
[3.292s] -- Found ament_lint_auto: 0.12.11 (/opt/ros/humble/share/ament_lint_auto/cmake)
[3.477s] -- Added test 'flake8' to check Python code syntax and style conventions
[3.479s] -- Added test 'lint_cmake' to check CMake code style
[3.480s] -- Added test 'pep257' to check Python code against some of the docstring style conventions in PEP 257
[3.486s] -- Added test 'xmllint' to check XML markup files
[3.492s] -- Configuring done
[3.495s] -- Generating done
[3.505s] -- Build files have been written to: /home/eyantra/LB24/Student/1048/build/ebot_nav2
[3.564s] Invoked command in '/home/eyantra/LB24/Student/1048/build/ebot_nav2' returned '0': CMAKE_PREFIX_PATH=/opt/ros/humble /usr/bin/cmake /home/eyantra/LB24/Student/1048/src/ebot_nav2 -DCMAKE_INSTALL_PREFIX=/home/eyantra/LB24/Student/1048/install/ebot_nav2
[3.565s] Invoking command in '/home/eyantra/LB24/Student/1048/build/ebot_nav2': CMAKE_PREFIX_PATH=/opt/ros/humble /usr/bin/cmake --build /home/eyantra/LB24/Student/1048/build/ebot_nav2 -- -j8 -l8
[3.665s] Invoked command in '/home/eyantra/LB24/Student/1048/build/ebot_nav2' returned '0': CMAKE_PREFIX_PATH=/opt/ros/humble /usr/bin/cmake --build /home/eyantra/LB24/Student/1048/build/ebot_nav2 -- -j8 -l8
[3.666s] Invoking command in '/home/eyantra/LB24/Student/1048/build/ebot_nav2': CMAKE_PREFIX_PATH=/opt/ros/humble /usr/bin/cmake --install /home/eyantra/LB24/Student/1048/build/ebot_nav2
[3.682s] -- Install configuration: ""
[3.682s] -- Installing: /home/eyantra/LB24/Student/1048/install/ebot_nav2/share/ebot_nav2//launch
[3.683s] -- Installing: /home/eyantra/LB24/Student/1048/install/ebot_nav2/share/ebot_nav2//launch/ebot_nav2_brinup.launch.py
[3.683s] -- Installing: /home/eyantra/LB24/Student/1048/install/ebot_nav2/share/ebot_nav2//models
[3.683s] -- Installing: /home/eyantra/LB24/Student/1048/install/ebot_nav2/share/ebot_nav2//models/ground_plane
[3.683s] -- Installing: /home/eyantra/LB24/Student/1048/install/ebot_nav2/share/ebot_nav2//models/ground_plane/model-1_4.sdf
[3.683s] -- Installing: /home/eyantra/LB24/Student/1048/install/ebot_nav2/share/ebot_nav2//models/ground_plane/model.config
[3.684s] -- Installing: /home/eyantra/LB24/Student/1048/install/ebot_nav2/share/ebot_nav2//models/ground_plane/model-1_3.sdf
[3.685s] -- Installing: /home/eyantra/LB24/Student/1048/install/ebot_nav2/share/ebot_nav2//models/ground_plane/model-1_2.sdf
[3.686s] -- Installing: /home/eyantra/LB24/Student/1048/install/ebot_nav2/share/ebot_nav2//models/ground_plane/model.sdf
[3.701s] -- Installing: /home/eyantra/LB24/Student/1048/install/ebot_nav2/share/ebot_nav2//models/ebot
[3.701s] -- Installing: /home/eyantra/LB24/Student/1048/install/ebot_nav2/share/ebot_nav2//models/ebot/agri_bot.xacro
[3.702s] -- Installing: /home/eyantra/LB24/Student/1048/install/ebot_nav2/share/ebot_nav2//models/ebot/ebot_trolley.xacro
[3.702s] -- Installing: /home/eyantra/LB24/Student/1048/install/ebot_nav2/share/ebot_nav2//models/ebot/ebot_trolley_ur5.xacro
[3.703s] -- Installing: /home/eyantra/LB24/Student/1048/install/ebot_nav2/share/ebot_nav2//models/ebot/ebot.gazebo
[3.704s] -- Installing: /home/eyantra/LB24/Student/1048/install/ebot_nav2/share/ebot_nav2//meshes
[3.704s] -- Installing: /home/eyantra/LB24/Student/1048/install/ebot_nav2/share/ebot_nav2//meshes/LIDAR.STL
[3.713s] -- Installing: /home/eyantra/LB24/Student/1048/install/ebot_nav2/share/ebot_nav2//meshes/FUS3.STL
[3.714s] -- Installing: /home/eyantra/LB24/Student/1048/install/ebot_nav2/share/ebot_nav2//meshes/NAVRS.STL
[3.759s] -- Installing: /home/eyantra/LB24/Student/1048/install/ebot_nav2/share/ebot_nav2//meshes/FWL.STL
[3.768s] -- Installing: /home/eyantra/LB24/Student/1048/install/ebot_nav2/share/ebot_nav2//meshes/FUS1.STL
[3.768s] -- Installing: /home/eyantra/LB24/Student/1048/install/ebot_nav2/share/ebot_nav2//meshes/basket_collision.stl
[3.769s] -- Installing: /home/eyantra/LB24/Student/1048/install/ebot_nav2/share/ebot_nav2//meshes/LHUS10.STL
[3.769s] -- Installing: /home/eyantra/LB24/Student/1048/install/ebot_nav2/share/ebot_nav2//meshes/LANT.STL
[3.770s] -- Installing: /home/eyantra/LB24/Student/1048/install/ebot_nav2/share/ebot_nav2//meshes/basket.dae
[3.777s] -- Installing: /home/eyantra/LB24/Student/1048/install/ebot_nav2/share/ebot_nav2//meshes/FWR.STL
[3.787s] -- Installing: /home/eyantra/LB24/Student/1048/install/ebot_nav2/share/ebot_nav2//meshes/RRS.STL
[3.827s] -- Installing: /home/eyantra/LB24/Student/1048/install/ebot_nav2/share/ebot_nav2//meshes/robot_base.stl
[3.828s] -- Installing: /home/eyantra/LB24/Student/1048/install/ebot_nav2/share/ebot_nav2//meshes/RWL.STL
[3.835s] -- Installing: /home/eyantra/LB24/Student/1048/install/ebot_nav2/share/ebot_nav2//meshes/RANT.STL
[3.836s] -- Installing: /home/eyantra/LB24/Student/1048/install/ebot_nav2/share/ebot_nav2//meshes/RUS5.STL
[3.838s] -- Installing: /home/eyantra/LB24/Student/1048/install/ebot_nav2/share/ebot_nav2//meshes/RWR.STL
[3.843s] -- Installing: /home/eyantra/LB24/Student/1048/install/ebot_nav2/share/ebot_nav2//meshes/LHUS9.STL
[3.844s] -- Installing: /home/eyantra/LB24/Student/1048/install/ebot_nav2/share/ebot_nav2//meshes/chassis.dae
[4.034s] -- Installing: /home/eyantra/LB24/Student/1048/install/ebot_nav2/share/ebot_nav2//meshes/RHUS9.STL
[4.036s] -- Installing: /home/eyantra/LB24/Student/1048/install/ebot_nav2/share/ebot_nav2//meshes/RUS6.STL
[4.037s] -- Installing: /home/eyantra/LB24/Student/1048/install/ebot_nav2/share/ebot_nav2//meshes/FUS4.STL
[4.037s] -- Installing: /home/eyantra/LB24/Student/1048/install/ebot_nav2/share/ebot_nav2//meshes/FRS.STL
[4.069s] -- Installing: /home/eyantra/LB24/Student/1048/install/ebot_nav2/share/ebot_nav2//meshes/FUS2.STL
[4.069s] -- Installing: /home/eyantra/LB24/Student/1048/install/ebot_nav2/share/ebot_nav2//meshes/RHUS7.STL
[4.069s] -- Installing: /home/eyantra/LB24/Student/1048/install/ebot_nav2/share/ebot_nav2//meshes/trolley.STL
[4.070s] -- Installing: /home/eyantra/LB24/Student/1048/install/ebot_nav2/share/ebot_nav2//config
[4.070s] -- Installing: /home/eyantra/LB24/Student/1048/install/ebot_nav2/share/ebot_nav2//config/config.yaml
[4.070s] -- Installing: /home/eyantra/LB24/Student/1048/install/ebot_nav2/share/ebot_nav2//config/ekf.yaml
[4.071s] -- Installing: /home/eyantra/LB24/Student/1048/install/ebot_nav2/share/ebot_nav2//config/mapper_params_online_async.yaml
[4.071s] -- Installing: /home/eyantra/LB24/Student/1048/install/ebot_nav2/share/ebot_nav2//plugins
[4.072s] -- Installing: /home/eyantra/LB24/Student/1048/install/ebot_nav2/share/ebot_nav2//plugins/libgazebo_ros_vacuum_gripper.so
[4.107s] -- Installing: /home/eyantra/LB24/Student/1048/install/ebot_nav2/share/ebot_nav2//plugins/libgazebo_collision_sensor.so
[4.115s] -- Installing: /home/eyantra/LB24/Student/1048/install/ebot_nav2/share/ebot_nav2//maps
[4.115s] -- Installing: /home/eyantra/LB24/Student/1048/install/ebot_nav2/share/ebot_nav2//maps/map.pgm
[4.116s] -- Installing: /home/eyantra/LB24/Student/1048/install/ebot_nav2/share/ebot_nav2//maps/map.posegraph
[4.134s] -- Installing: /home/eyantra/LB24/Student/1048/install/ebot_nav2/share/ebot_nav2//maps/map.yaml
[4.143s] -- Installing: /home/eyantra/LB24/Student/1048/install/ebot_nav2/share/ebot_nav2//maps/map.data
[4.148s] -- Installing: /home/eyantra/LB24/Student/1048/install/ebot_nav2/share/ebot_nav2//params
[4.148s] -- Installing: /home/eyantra/LB24/Student/1048/install/ebot_nav2/share/ebot_nav2//params/nav2_params.yaml
[4.148s] -- Installing: /home/eyantra/LB24/Student/1048/install/ebot_nav2/share/ebot_nav2//params/nav2_params_filtered.yaml
[4.149s] -- Installing: /home/eyantra/LB24/Student/1048/install/ebot_nav2/share/ebot_nav2//rviz
[4.149s] -- Installing: /home/eyantra/LB24/Student/1048/install/ebot_nav2/share/ebot_nav2//rviz/nav2_default_view.rviz
[4.149s] -- Installing: /home/eyantra/LB24/Student/1048/install/ebot_nav2/lib/ebot_nav2/pyarmor_runtime_000000
[4.149s] -- Installing: /home/eyantra/LB24/Student/1048/install/ebot_nav2/lib/ebot_nav2/pyarmor_runtime_000000/__init__.py
[4.151s] -- Installing: /home/eyantra/LB24/Student/1048/install/ebot_nav2/lib/ebot_nav2/pyarmor_runtime_000000/pyarmor_runtime.so
[4.156s] -- Installing: /home/eyantra/LB24/Student/1048/install/ebot_nav2/lib/ebot_nav2/pose_detector.py
[4.156s] -- Installing: /home/eyantra/LB24/Student/1048/install/ebot_nav2/lib/ebot_nav2/pf_pose_saver.py
[4.160s] -- Installing: /home/eyantra/LB24/Student/1048/install/ebot_nav2/lib/ebot_nav2/duplicate_imu.py
[4.160s] -- Installing: /home/eyantra/LB24/Student/1048/install/ebot_nav2/share/ament_index/resource_index/package_run_dependencies/ebot_nav2
[4.161s] -- Installing: /home/eyantra/LB24/Student/1048/install/ebot_nav2/share/ament_index/resource_index/parent_prefix_path/ebot_nav2
[4.161s] -- Installing: /home/eyantra/LB24/Student/1048/install/ebot_nav2/share/ebot_nav2/environment/ament_prefix_path.sh
[4.161s] -- Installing: /home/eyantra/LB24/Student/1048/install/ebot_nav2/share/ebot_nav2/environment/ament_prefix_path.dsv
[4.161s] -- Installing: /home/eyantra/LB24/Student/1048/install/ebot_nav2/share/ebot_nav2/environment/path.sh
[4.163s] -- Installing: /home/eyantra/LB24/Student/1048/install/ebot_nav2/share/ebot_nav2/environment/path.dsv
[4.163s] -- Installing: /home/eyantra/LB24/Student/1048/install/ebot_nav2/share/ebot_nav2/local_setup.bash
[4.163s] -- Installing: /home/eyantra/LB24/Student/1048/install/ebot_nav2/share/ebot_nav2/local_setup.sh
[4.164s] -- Installing: /home/eyantra/LB24/Student/1048/install/ebot_nav2/share/ebot_nav2/local_setup.zsh
[4.164s] -- Installing: /home/eyantra/LB24/Student/1048/install/ebot_nav2/share/ebot_nav2/local_setup.dsv
[4.168s] -- Installing: /home/eyantra/LB24/Student/1048/install/ebot_nav2/share/ebot_nav2/package.dsv
[4.168s] -- Installing: /home/eyantra/LB24/Student/1048/install/ebot_nav2/share/ament_index/resource_index/packages/ebot_nav2
[4.169s] -- Installing: /home/eyantra/LB24/Student/1048/install/ebot_nav2/share/ebot_nav2/cmake/ebot_nav2Config.cmake
[4.169s] -- Installing: /home/eyantra/LB24/Student/1048/install/ebot_nav2/share/ebot_nav2/cmake/ebot_nav2Config-version.cmake
[4.169s] -- Installing: /home/eyantra/LB24/Student/1048/install/ebot_nav2/share/ebot_nav2/package.xml
[4.175s] Invoked command in '/home/eyantra/LB24/Student/1048/build/ebot_nav2' returned '0': CMAKE_PREFIX_PATH=/opt/ros/humble /usr/bin/cmake --install /home/eyantra/LB24/Student/1048/build/ebot_nav2
