[0.651s] Invoking command in '/home/northee/git/task3a/src/ur5_control': PYTHONPATH=/home/northee/git/task3a/build/ur5_control/prefix_override:/usr/lib/python3/dist-packages/colcon_core/task/python/colcon_distutils_commands:/home/northee/git/task3a/install/ur5_control/lib/python3.10/site-packages:${PYTHONPATH} /usr/bin/python3 -W ignore:setup.py install is deprecated -W ignore:easy_install command is deprecated setup.py egg_info --egg-base ../../build/ur5_control build --build-base /home/northee/git/task3a/build/ur5_control/build install --record /home/northee/git/task3a/build/ur5_control/install.log --single-version-externally-managed install_data
[0.749s] running egg_info
[0.749s] creating ../../build/ur5_control/ur5_control.egg-info
[0.749s] writing ../../build/ur5_control/ur5_control.egg-info/PKG-INFO
[0.749s] writing dependency_links to ../../build/ur5_control/ur5_control.egg-info/dependency_links.txt
[0.749s] writing entry points to ../../build/ur5_control/ur5_control.egg-info/entry_points.txt
[0.749s] writing requirements to ../../build/ur5_control/ur5_control.egg-info/requires.txt
[0.749s] writing top-level names to ../../build/ur5_control/ur5_control.egg-info/top_level.txt
[0.749s] writing manifest file '../../build/ur5_control/ur5_control.egg-info/SOURCES.txt'
[0.750s] reading manifest file '../../build/ur5_control/ur5_control.egg-info/SOURCES.txt'
[0.750s] writing manifest file '../../build/ur5_control/ur5_control.egg-info/SOURCES.txt'
[0.750s] running build
[0.750s] running build_py
[0.750s] creating /home/northee/git/task3a/build/ur5_control/build
[0.750s] creating /home/northee/git/task3a/build/ur5_control/build/lib
[0.750s] creating /home/northee/git/task3a/build/ur5_control/build/lib/ur5_control
[0.750s] copying ur5_control/__init__.py -> /home/northee/git/task3a/build/ur5_control/build/lib/ur5_control
[0.751s] copying ur5_control/arm5.py -> /home/northee/git/task3a/build/ur5_control/build/lib/ur5_control
[0.751s] copying ur5_control/arm.py -> /home/northee/git/task3a/build/ur5_control/build/lib/ur5_control
[0.752s] running install
[0.752s] running install_lib
[0.752s] creating /home/northee/git/task3a/install/ur5_control/lib/python3.10/site-packages/ur5_control
[0.752s] copying /home/northee/git/task3a/build/ur5_control/build/lib/ur5_control/__init__.py -> /home/northee/git/task3a/install/ur5_control/lib/python3.10/site-packages/ur5_control
[0.753s] copying /home/northee/git/task3a/build/ur5_control/build/lib/ur5_control/arm5.py -> /home/northee/git/task3a/install/ur5_control/lib/python3.10/site-packages/ur5_control
[0.753s] copying /home/northee/git/task3a/build/ur5_control/build/lib/ur5_control/arm.py -> /home/northee/git/task3a/install/ur5_control/lib/python3.10/site-packages/ur5_control
[0.753s] byte-compiling /home/northee/git/task3a/install/ur5_control/lib/python3.10/site-packages/ur5_control/__init__.py to __init__.cpython-310.pyc
[0.753s] byte-compiling /home/northee/git/task3a/install/ur5_control/lib/python3.10/site-packages/ur5_control/arm5.py to arm5.cpython-310.pyc
[0.755s] byte-compiling /home/northee/git/task3a/install/ur5_control/lib/python3.10/site-packages/ur5_control/arm.py to arm.cpython-310.pyc
[0.757s] running install_data
[0.757s] creating /home/northee/git/task3a/install/ur5_control/share/ament_index
[0.757s] creating /home/northee/git/task3a/install/ur5_control/share/ament_index/resource_index
[0.757s] creating /home/northee/git/task3a/install/ur5_control/share/ament_index/resource_index/packages
[0.757s] copying resource/ur5_control -> /home/northee/git/task3a/install/ur5_control/share/ament_index/resource_index/packages
[0.757s] copying package.xml -> /home/northee/git/task3a/install/ur5_control/share/ur5_control
[0.757s] creating /home/northee/git/task3a/install/ur5_control/lib/ur5_control
[0.757s] copying ur5_control/__init__.py -> /home/northee/git/task3a/install/ur5_control/lib/ur5_control
[0.757s] running install_egg_info
[0.759s] Copying ../../build/ur5_control/ur5_control.egg-info to /home/northee/git/task3a/install/ur5_control/lib/python3.10/site-packages/ur5_control-0.0.0-py3.10.egg-info
[0.759s] running install_scripts
[0.769s] Installing 3a script to /home/northee/git/task3a/install/ur5_control/lib/ur5_control
[0.769s] Installing arm script to /home/northee/git/task3a/install/ur5_control/lib/ur5_control
[0.769s] Installing arm5 script to /home/northee/git/task3a/install/ur5_control/lib/ur5_control
[0.769s] Installing working script to /home/northee/git/task3a/install/ur5_control/lib/ur5_control
[0.769s] writing list of installed files to '/home/northee/git/task3a/build/ur5_control/install.log'
[0.781s] Invoked command in '/home/northee/git/task3a/src/ur5_control' returned '0': PYTHONPATH=/home/northee/git/task3a/build/ur5_control/prefix_override:/usr/lib/python3/dist-packages/colcon_core/task/python/colcon_distutils_commands:/home/northee/git/task3a/install/ur5_control/lib/python3.10/site-packages:${PYTHONPATH} /usr/bin/python3 -W ignore:setup.py install is deprecated -W ignore:easy_install command is deprecated setup.py egg_info --egg-base ../../build/ur5_control build --build-base /home/northee/git/task3a/build/ur5_control/build install --record /home/northee/git/task3a/build/ur5_control/install.log --single-version-externally-managed install_data
