[2.180s] Invoking command in '/home/eyantra/LB24/Student/1048/src/ff': PYTHONPATH=/home/eyantra/LB24/Student/1048/build/ff/prefix_override:/usr/lib/python3/dist-packages/colcon_core/task/python/colcon_distutils_commands:/home/eyantra/LB24/Student/1048/install/ff/lib/python3.10/site-packages:${PYTHONPATH} /usr/bin/python3 -W ignore:setup.py install is deprecated -W ignore:easy_install command is deprecated setup.py egg_info --egg-base ../../build/ff build --build-base /home/eyantra/LB24/Student/1048/build/ff/build install --record /home/eyantra/LB24/Student/1048/build/ff/install.log --single-version-externally-managed install_data
[2.842s] running egg_info
[2.847s] writing ../../build/ff/ff.egg-info/PKG-INFO
[2.847s] writing dependency_links to ../../build/ff/ff.egg-info/dependency_links.txt
[2.849s] writing entry points to ../../build/ff/ff.egg-info/entry_points.txt
[2.849s] writing requirements to ../../build/ff/ff.egg-info/requires.txt
[2.850s] writing top-level names to ../../build/ff/ff.egg-info/top_level.txt
[2.850s] reading manifest file '../../build/ff/ff.egg-info/SOURCES.txt'
[2.851s] writing manifest file '../../build/ff/ff.egg-info/SOURCES.txt'
[2.852s] running build
[2.852s] running build_py
[2.854s] running install
[2.855s] running install_lib
[2.858s] running install_data
[2.860s] running install_egg_info
[2.863s] removing '/home/eyantra/LB24/Student/1048/install/ff/lib/python3.10/site-packages/ff-0.0.0-py3.10.egg-info' (and everything under it)
[2.865s] Copying ../../build/ff/ff.egg-info to /home/eyantra/LB24/Student/1048/install/ff/lib/python3.10/site-packages/ff-0.0.0-py3.10.egg-info
[2.867s] running install_scripts
[2.915s] Installing go script to /home/eyantra/LB24/Student/1048/install/ff/lib/ff
[2.916s] writing list of installed files to '/home/eyantra/LB24/Student/1048/build/ff/install.log'
[3.035s] Invoked command in '/home/eyantra/LB24/Student/1048/src/ff' returned '0': PYTHONPATH=/home/eyantra/LB24/Student/1048/build/ff/prefix_override:/usr/lib/python3/dist-packages/colcon_core/task/python/colcon_distutils_commands:/home/eyantra/LB24/Student/1048/install/ff/lib/python3.10/site-packages:${PYTHONPATH} /usr/bin/python3 -W ignore:setup.py install is deprecated -W ignore:easy_install command is deprecated setup.py egg_info --egg-base ../../build/ff build --build-base /home/eyantra/LB24/Student/1048/build/ff/build install --record /home/eyantra/LB24/Student/1048/build/ff/install.log --single-version-externally-managed install_data
