[0.009s] Invoking command in '/home/northee/git/task3a/build/fin': CMAKE_PREFIX_PATH=/home/northee/git/task3a/install/usb_servo:/home/northee/git/task3a/install/ebot_docking:/home/northee/eyrc/eyrc_ws/install/ur_simulation_gazebo:/home/northee/eyrc/eyrc_ws/install/ur_moveit_config:/home/northee/eyrc/eyrc_ws/install/ur_description:/home/northee/eyrc/eyrc_ws/install/servo_msgs:/home/northee/eyrc/eyrc_ws/install/realsense_gazebo_plugin:/home/northee/eyrc/eyrc_ws/install/pymoveit2:/home/northee/eyrc/eyrc_ws/install/ebot_description:/home/northee/eyrc/eyrc_ws/install/payload_service:/home/northee/eyrc/eyrc_ws/install/linkattacher_msgs:/home/northee/eyrc/eyrc_ws/install/eyantra_warehouse:/home/northee/eyrc/eyrc_ws/install/ebot_nav2:/home/northee/eyrc/eyrc_ws/install/ebot_docking:/home/northee/git/task3a/install/ur_moveit_config:/home/northee/git/task3a/install/pymoveit2:/home/northee/git/task3a/install/ebot_nav2:/home/northee/ROS2/mhr_ws/install/mhbot_nav2:/home/northee/ROS2/mhr_ws/install/mhbot_description:/home/northee/ROS2/mhr_ws/install/mhbot_bringup:/home/northee/eyrc/eyrc_ws/install/ur5_control:/home/northee/eyrc/eyrc_ws/install/bot:/home/northee/git/task3a/install/l:/home/northee/git/task3a/install/ff:/opt/ros/humble LD_LIBRARY_PATH=/home/northee/git/task3a/install/usb_servo/lib:/home/northee/git/task3a/install/ebot_docking/lib:/home/northee/eyrc/eyrc_ws/install/servo_msgs/lib:/home/northee/eyrc/eyrc_ws/install/realsense_gazebo_plugin/lib:/home/northee/eyrc/eyrc_ws/install/payload_service/lib:/home/northee/eyrc/eyrc_ws/install/linkattacher_msgs/lib:/usr/lib/x86_64-linux-gnu/gazebo-11/plugins:/opt/ros/humble/opt/rviz_ogre_vendor/lib:/opt/ros/humble/lib/x86_64-linux-gnu:/opt/ros/humble/lib:/usr/share/gazebo/../../lib/x86_64-linux-gnu/gazebo-11/plugins:/usr/share/gazebo/../../lib/x86_64-linux-gnu/gazebo-11/plugins:/usr/share/gazebo/../../lib/x86_64-linux-gnu/gazebo-11/plugins:/usr/share/gazebo/../../lib/x86_64-linux-gnu/gazebo-11/plugins:/usr/share/gazebo/../../lib/x86_64-linux-gnu/gazebo-11/plugins:/usr/share/gazebo/../../lib/x86_64-linux-gnu/gazebo-11/plugins:/usr/share/gazebo/../../lib/x86_64-linux-gnu/gazebo-11/plugins:/usr/share/gazebo/../../lib/x86_64-linux-gnu/gazebo-11/plugins:/usr/share/gazebo/../../lib/x86_64-linux-gnu/gazebo-11/plugins:/usr/share/gazebo/../../lib/x86_64-linux-gnu/gazebo-11/plugins:/usr/share/gazebo/../../lib/x86_64-linux-gnu/gazebo-11/plugins:/usr/share/gazebo/../../lib/x86_64-linux-gnu/gazebo-11/plugins:/usr/share/gazebo/../../lib/x86_64-linux-gnu/gazebo-11/plugins:/usr/share/gazebo/../../lib/x86_64-linux-gnu/gazebo-11/plugins:/usr/share/gazebo/../../lib/x86_64-linux-gnu/gazebo-11/plugins /usr/bin/cmake /home/northee/git/task3a/src/fin -DCMAKE_INSTALL_PREFIX=/home/northee/git/task3a/install/fin
[0.082s] -- The C compiler identification is GNU 11.4.0
[0.131s] -- The CXX compiler identification is GNU 11.4.0
[0.137s] -- Detecting C compiler ABI info
[0.184s] -- Detecting C compiler ABI info - done
[0.202s] -- Check for working C compiler: /usr/bin/cc - skipped
[0.202s] -- Detecting C compile features
[0.203s] -- Detecting C compile features - done
[0.207s] -- Detecting CXX compiler ABI info
[0.292s] -- Detecting CXX compiler ABI info - done
[0.299s] -- Check for working CXX compiler: /usr/bin/c++ - skipped
[0.299s] -- Detecting CXX compile features
[0.299s] -- Detecting CXX compile features - done
[0.302s] -- Found ament_cmake: 1.3.11 (/opt/ros/humble/share/ament_cmake/cmake)
[0.384s] -- Found Python3: /usr/bin/python3 (found version "3.10.12") found components: Interpreter 
[0.455s] -- Found rclcpp: 16.0.11 (/opt/ros/humble/share/rclcpp/cmake)
[0.483s] -- Found rosidl_generator_c: 3.1.6 (/opt/ros/humble/share/rosidl_generator_c/cmake)
[0.487s] -- Found rosidl_adapter: 3.1.6 (/opt/ros/humble/share/rosidl_adapter/cmake)
[0.492s] -- Found rosidl_generator_cpp: 3.1.6 (/opt/ros/humble/share/rosidl_generator_cpp/cmake)
[0.499s] -- Using all available rosidl_typesupport_c: rosidl_typesupport_fastrtps_c;rosidl_typesupport_introspection_c
[0.509s] -- Using all available rosidl_typesupport_cpp: rosidl_typesupport_fastrtps_cpp;rosidl_typesupport_introspection_cpp
[0.537s] -- Found rmw_implementation_cmake: 6.1.2 (/opt/ros/humble/share/rmw_implementation_cmake/cmake)
[0.540s] -- Found rmw_fastrtps_cpp: 6.2.7 (/opt/ros/humble/share/rmw_fastrtps_cpp/cmake)
[0.598s] -- Found OpenSSL: /usr/lib/x86_64-linux-gnu/libcrypto.so (found version "3.0.2")  
[0.620s] -- Found FastRTPS: /opt/ros/humble/include  
[0.650s] -- Using RMW implementation 'rmw_fastrtps_cpp' as default
[0.661s] -- Performing Test CMAKE_HAVE_LIBC_PTHREAD
[0.706s] -- Performing Test CMAKE_HAVE_LIBC_PTHREAD - Success
[0.707s] -- Found Threads: TRUE  
[0.743s] -- Found rclcpp_action: 16.0.11 (/opt/ros/humble/share/rclcpp_action/cmake)
[0.762s] -- Found geometry_msgs: 4.2.4 (/opt/ros/humble/share/geometry_msgs/cmake)
[0.768s] -- Found ebot_docking: 0.0.0 (/home/northee/git/task3a/install/ebot_docking/share/ebot_docking/cmake)
[0.774s] -- Found sensor_msgs: 4.2.4 (/opt/ros/humble/share/sensor_msgs/cmake)
[0.782s] -- Found usb_servo: 0.0.0 (/home/northee/git/task3a/install/usb_servo/share/usb_servo/cmake)
[0.787s] -- Found nav2_msgs: 1.1.18 (/opt/ros/humble/share/nav2_msgs/cmake)
[0.812s] [31mCMake Error at CMakeLists.txt:42 (install):
[0.812s]   install TARGETS given target "arm" which does not exist.
[0.812s] 
[0.812s] [0m
[0.813s] -- Found ament_lint_auto: 0.12.11 (/opt/ros/humble/share/ament_lint_auto/cmake)
[0.856s] -- Added test 'cppcheck' to perform static code analysis on C / C++ code
[0.856s] -- Configured cppcheck include dirs: 
[0.856s] -- Configured cppcheck exclude dirs and/or files: 
[0.856s] -- Added test 'flake8' to check Python code syntax and style conventions
[0.856s] -- Added test 'lint_cmake' to check CMake code style
[0.857s] -- Added test 'pep257' to check Python code against some of the docstring style conventions in PEP 257
[0.857s] -- Added test 'uncrustify' to check C / C++ code style
[0.857s] -- Configured uncrustify additional arguments: 
[0.857s] -- Added test 'xmllint' to check XML markup files
[0.858s] -- Configuring incomplete, errors occurred!
[0.858s] See also "/home/northee/git/task3a/build/fin/CMakeFiles/CMakeOutput.log".
[0.863s] Invoked command in '/home/northee/git/task3a/build/fin' returned '1': CMAKE_PREFIX_PATH=/home/northee/git/task3a/install/usb_servo:/home/northee/git/task3a/install/ebot_docking:/home/northee/eyrc/eyrc_ws/install/ur_simulation_gazebo:/home/northee/eyrc/eyrc_ws/install/ur_moveit_config:/home/northee/eyrc/eyrc_ws/install/ur_description:/home/northee/eyrc/eyrc_ws/install/servo_msgs:/home/northee/eyrc/eyrc_ws/install/realsense_gazebo_plugin:/home/northee/eyrc/eyrc_ws/install/pymoveit2:/home/northee/eyrc/eyrc_ws/install/ebot_description:/home/northee/eyrc/eyrc_ws/install/payload_service:/home/northee/eyrc/eyrc_ws/install/linkattacher_msgs:/home/northee/eyrc/eyrc_ws/install/eyantra_warehouse:/home/northee/eyrc/eyrc_ws/install/ebot_nav2:/home/northee/eyrc/eyrc_ws/install/ebot_docking:/home/northee/git/task3a/install/ur_moveit_config:/home/northee/git/task3a/install/pymoveit2:/home/northee/git/task3a/install/ebot_nav2:/home/northee/ROS2/mhr_ws/install/mhbot_nav2:/home/northee/ROS2/mhr_ws/install/mhbot_description:/home/northee/ROS2/mhr_ws/install/mhbot_bringup:/home/northee/eyrc/eyrc_ws/install/ur5_control:/home/northee/eyrc/eyrc_ws/install/bot:/home/northee/git/task3a/install/l:/home/northee/git/task3a/install/ff:/opt/ros/humble LD_LIBRARY_PATH=/home/northee/git/task3a/install/usb_servo/lib:/home/northee/git/task3a/install/ebot_docking/lib:/home/northee/eyrc/eyrc_ws/install/servo_msgs/lib:/home/northee/eyrc/eyrc_ws/install/realsense_gazebo_plugin/lib:/home/northee/eyrc/eyrc_ws/install/payload_service/lib:/home/northee/eyrc/eyrc_ws/install/linkattacher_msgs/lib:/usr/lib/x86_64-linux-gnu/gazebo-11/plugins:/opt/ros/humble/opt/rviz_ogre_vendor/lib:/opt/ros/humble/lib/x86_64-linux-gnu:/opt/ros/humble/lib:/usr/share/gazebo/../../lib/x86_64-linux-gnu/gazebo-11/plugins:/usr/share/gazebo/../../lib/x86_64-linux-gnu/gazebo-11/plugins:/usr/share/gazebo/../../lib/x86_64-linux-gnu/gazebo-11/plugins:/usr/share/gazebo/../../lib/x86_64-linux-gnu/gazebo-11/plugins:/usr/share/gazebo/../../lib/x86_64-linux-gnu/gazebo-11/plugins:/usr/share/gazebo/../../lib/x86_64-linux-gnu/gazebo-11/plugins:/usr/share/gazebo/../../lib/x86_64-linux-gnu/gazebo-11/plugins:/usr/share/gazebo/../../lib/x86_64-linux-gnu/gazebo-11/plugins:/usr/share/gazebo/../../lib/x86_64-linux-gnu/gazebo-11/plugins:/usr/share/gazebo/../../lib/x86_64-linux-gnu/gazebo-11/plugins:/usr/share/gazebo/../../lib/x86_64-linux-gnu/gazebo-11/plugins:/usr/share/gazebo/../../lib/x86_64-linux-gnu/gazebo-11/plugins:/usr/share/gazebo/../../lib/x86_64-linux-gnu/gazebo-11/plugins:/usr/share/gazebo/../../lib/x86_64-linux-gnu/gazebo-11/plugins:/usr/share/gazebo/../../lib/x86_64-linux-gnu/gazebo-11/plugins /usr/bin/cmake /home/northee/git/task3a/src/fin -DCMAKE_INSTALL_PREFIX=/home/northee/git/task3a/install/fin
