[ 33%] Built target arm
[ 66%] Built target dock
[ 83%] [32mBuilding CXX object CMakeFiles/nav.dir/src/nav.cpp.o[0m
[100%] [32m[1mLinking CXX executable nav[0m
[100%] Built target nav
-- Install configuration: ""
-- Installing: /home/northee/git/task3a/install/fin/lib/fin/arm
-- Set runtime path of "/home/northee/git/task3a/install/fin/lib/fin/arm" to ""
-- Installing: /home/northee/git/task3a/install/fin/lib/fin/dock
-- Set runtime path of "/home/northee/git/task3a/install/fin/lib/fin/dock" to ""
-- Installing: /home/northee/git/task3a/install/fin/lib/fin/nav
-- Set runtime path of "/home/northee/git/task3a/install/fin/lib/fin/nav" to ""
-- Installing: /home/northee/git/task3a/install/fin/share/ament_index/resource_index/package_run_dependencies/fin
-- Installing: /home/northee/git/task3a/install/fin/share/ament_index/resource_index/parent_prefix_path/fin
-- Installing: /home/northee/git/task3a/install/fin/share/fin/environment/ament_prefix_path.sh
-- Installing: /home/northee/git/task3a/install/fin/share/fin/environment/ament_prefix_path.dsv
-- Installing: /home/northee/git/task3a/install/fin/share/fin/environment/path.sh
-- Installing: /home/northee/git/task3a/install/fin/share/fin/environment/path.dsv
-- Installing: /home/northee/git/task3a/install/fin/share/fin/local_setup.bash
-- Installing: /home/northee/git/task3a/install/fin/share/fin/local_setup.sh
-- Installing: /home/northee/git/task3a/install/fin/share/fin/local_setup.zsh
-- Installing: /home/northee/git/task3a/install/fin/share/fin/local_setup.dsv
-- Installing: /home/northee/git/task3a/install/fin/share/fin/package.dsv
-- Installing: /home/northee/git/task3a/install/fin/share/ament_index/resource_index/packages/fin
-- Installing: /home/northee/git/task3a/install/fin/share/fin/cmake/finConfig.cmake
-- Installing: /home/northee/git/task3a/install/fin/share/fin/cmake/finConfig-version.cmake
-- Installing: /home/northee/git/task3a/install/fin/share/fin/package.xml
