[2.279s] Invoking command in '/home/eyantra/LB24/Student/1048/src/ff': PYTHONPATH=/home/eyantra/LB24/Student/1048/build/ff/prefix_override:/usr/lib/python3/dist-packages/colcon_core/task/python/colcon_distutils_commands:/home/eyantra/LB24/Student/1048/install/ff/lib/python3.10/site-packages:${PYTHONPATH} /usr/bin/python3 -W ignore:setup.py install is deprecated -W ignore:easy_install command is deprecated setup.py egg_info --egg-base ../../build/ff build --build-base /home/eyantra/LB24/Student/1048/build/ff/build install --record /home/eyantra/LB24/Student/1048/build/ff/install.log --single-version-externally-managed install_data
[2.918s] running egg_info
[2.919s] writing ../../build/ff/ff.egg-info/PKG-INFO
[2.919s] writing dependency_links to ../../build/ff/ff.egg-info/dependency_links.txt
[2.920s] writing entry points to ../../build/ff/ff.egg-info/entry_points.txt
[2.920s] writing requirements to ../../build/ff/ff.egg-info/requires.txt
[2.920s] writing top-level names to ../../build/ff/ff.egg-info/top_level.txt
[2.923s] reading manifest file '../../build/ff/ff.egg-info/SOURCES.txt'
[2.924s] writing manifest file '../../build/ff/ff.egg-info/SOURCES.txt'
[2.924s] running build
[2.924s] running build_py
[2.925s] running install
[2.926s] running install_lib
[2.928s] running install_data
[2.928s] running install_egg_info
[2.930s] removing '/home/eyantra/LB24/Student/1048/install/ff/lib/python3.10/site-packages/ff-0.0.0-py3.10.egg-info' (and everything under it)
[2.931s] Copying ../../build/ff/ff.egg-info to /home/eyantra/LB24/Student/1048/install/ff/lib/python3.10/site-packages/ff-0.0.0-py3.10.egg-info
[2.932s] running install_scripts
[2.989s] Installing go script to /home/eyantra/LB24/Student/1048/install/ff/lib/ff
[2.990s] writing list of installed files to '/home/eyantra/LB24/Student/1048/build/ff/install.log'
[3.123s] Invoked command in '/home/eyantra/LB24/Student/1048/src/ff' returned '0': PYTHONPATH=/home/eyantra/LB24/Student/1048/build/ff/prefix_override:/usr/lib/python3/dist-packages/colcon_core/task/python/colcon_distutils_commands:/home/eyantra/LB24/Student/1048/install/ff/lib/python3.10/site-packages:${PYTHONPATH} /usr/bin/python3 -W ignore:setup.py install is deprecated -W ignore:easy_install command is deprecated setup.py egg_info --egg-base ../../build/ff build --build-base /home/eyantra/LB24/Student/1048/build/ff/build install --record /home/eyantra/LB24/Student/1048/build/ff/install.log --single-version-externally-managed install_data
