[2.372s] Invoking command in '/home/eyantra/LB24/Student/1048/src/jk': PYTHONPATH=/home/eyantra/LB24/Student/1048/build/jk/prefix_override:/usr/lib/python3/dist-packages/colcon_core/task/python/colcon_distutils_commands:/home/eyantra/LB24/Student/1048/install/jk/lib/python3.10/site-packages:${PYTHONPATH} /usr/bin/python3 -W ignore:setup.py install is deprecated -W ignore:easy_install command is deprecated setup.py egg_info --egg-base ../../build/jk build --build-base /home/eyantra/LB24/Student/1048/build/jk/build install --record /home/eyantra/LB24/Student/1048/build/jk/install.log --single-version-externally-managed install_data
[2.858s] running egg_info
[2.858s] writing ../../build/jk/jk.egg-info/PKG-INFO
[2.858s] writing dependency_links to ../../build/jk/jk.egg-info/dependency_links.txt
[2.858s] writing entry points to ../../build/jk/jk.egg-info/entry_points.txt
[2.858s] writing requirements to ../../build/jk/jk.egg-info/requires.txt
[2.859s] writing top-level names to ../../build/jk/jk.egg-info/top_level.txt
[2.866s] reading manifest file '../../build/jk/jk.egg-info/SOURCES.txt'
[2.867s] writing manifest file '../../build/jk/jk.egg-info/SOURCES.txt'
[2.868s] running build
[2.869s] running build_py
[2.870s] copying jk/nav.py -> /home/eyantra/LB24/Student/1048/build/jk/build/lib/jk
[2.873s] copying jk/dock.py -> /home/eyantra/LB24/Student/1048/build/jk/build/lib/jk
[2.874s] running install
[2.878s] running install_lib
[2.879s] copying /home/eyantra/LB24/Student/1048/build/jk/build/lib/jk/nav.py -> /home/eyantra/LB24/Student/1048/install/jk/lib/python3.10/site-packages/jk
[2.880s] copying /home/eyantra/LB24/Student/1048/build/jk/build/lib/jk/dock.py -> /home/eyantra/LB24/Student/1048/install/jk/lib/python3.10/site-packages/jk
[2.882s] byte-compiling /home/eyantra/LB24/Student/1048/install/jk/lib/python3.10/site-packages/jk/nav.py to nav.cpython-310.pyc
[2.885s] byte-compiling /home/eyantra/LB24/Student/1048/install/jk/lib/python3.10/site-packages/jk/dock.py to dock.cpython-310.pyc
[2.886s] running install_data
[2.886s] running install_egg_info
[2.889s] removing '/home/eyantra/LB24/Student/1048/install/jk/lib/python3.10/site-packages/jk-0.0.0-py3.10.egg-info' (and everything under it)
[2.889s] Copying ../../build/jk/jk.egg-info to /home/eyantra/LB24/Student/1048/install/jk/lib/python3.10/site-packages/jk-0.0.0-py3.10.egg-info
[2.890s] running install_scripts
[2.938s] Installing arm script to /home/eyantra/LB24/Student/1048/install/jk/lib/jk
[2.939s] Installing dock script to /home/eyantra/LB24/Student/1048/install/jk/lib/jk
[2.939s] Installing nav script to /home/eyantra/LB24/Student/1048/install/jk/lib/jk
[2.940s] writing list of installed files to '/home/eyantra/LB24/Student/1048/build/jk/install.log'
[3.043s] Invoked command in '/home/eyantra/LB24/Student/1048/src/jk' returned '0': PYTHONPATH=/home/eyantra/LB24/Student/1048/build/jk/prefix_override:/usr/lib/python3/dist-packages/colcon_core/task/python/colcon_distutils_commands:/home/eyantra/LB24/Student/1048/install/jk/lib/python3.10/site-packages:${PYTHONPATH} /usr/bin/python3 -W ignore:setup.py install is deprecated -W ignore:easy_install command is deprecated setup.py egg_info --egg-base ../../build/jk build --build-base /home/eyantra/LB24/Student/1048/build/jk/build install --record /home/eyantra/LB24/Student/1048/build/jk/install.log --single-version-externally-managed install_data
