[4.849s] Invoking command in '/home/eyantra/LB24/Student/1048/src/bot': PYTHONPATH=/home/eyantra/LB24/Student/1048/build/bot/prefix_override:/usr/lib/python3/dist-packages/colcon_core/task/python/colcon_distutils_commands:/home/eyantra/LB24/Student/1048/install/bot/lib/python3.10/site-packages:${PYTHONPATH} /usr/bin/python3 -W ignore:setup.py install is deprecated -W ignore:easy_install command is deprecated setup.py egg_info --egg-base ../../build/bot build --build-base /home/eyantra/LB24/Student/1048/build/bot/build install --record /home/eyantra/LB24/Student/1048/build/bot/install.log --single-version-externally-managed install_data
[7.090s] running egg_info
[7.091s] writing ../../build/bot/bot.egg-info/PKG-INFO
[7.105s] writing dependency_links to ../../build/bot/bot.egg-info/dependency_links.txt
[7.105s] writing entry points to ../../build/bot/bot.egg-info/entry_points.txt
[7.105s] writing requirements to ../../build/bot/bot.egg-info/requires.txt
[7.105s] writing top-level names to ../../build/bot/bot.egg-info/top_level.txt
[7.118s] reading manifest file '../../build/bot/bot.egg-info/SOURCES.txt'
[7.121s] writing manifest file '../../build/bot/bot.egg-info/SOURCES.txt'
[7.127s] running build
[7.127s] running build_py
[7.128s] running install
[7.131s] running install_lib
[7.152s] running install_data
[7.153s] running install_egg_info
[7.166s] removing '/home/eyantra/LB24/Student/1048/install/bot/lib/python3.10/site-packages/bot-0.0.0-py3.10.egg-info' (and everything under it)
[7.169s] Copying ../../build/bot/bot.egg-info to /home/eyantra/LB24/Student/1048/install/bot/lib/python3.10/site-packages/bot-0.0.0-py3.10.egg-info
[7.180s] running install_scripts
[7.320s] Installing arm script to /home/eyantra/LB24/Student/1048/install/bot/lib/bot
[7.321s] Installing dock script to /home/eyantra/LB24/Student/1048/install/bot/lib/bot
[7.321s] Installing nav script to /home/eyantra/LB24/Student/1048/install/bot/lib/bot
[7.326s] writing list of installed files to '/home/eyantra/LB24/Student/1048/build/bot/install.log'
[7.462s] Invoked command in '/home/eyantra/LB24/Student/1048/src/bot' returned '0': PYTHONPATH=/home/eyantra/LB24/Student/1048/build/bot/prefix_override:/usr/lib/python3/dist-packages/colcon_core/task/python/colcon_distutils_commands:/home/eyantra/LB24/Student/1048/install/bot/lib/python3.10/site-packages:${PYTHONPATH} /usr/bin/python3 -W ignore:setup.py install is deprecated -W ignore:easy_install command is deprecated setup.py egg_info --egg-base ../../build/bot build --build-base /home/eyantra/LB24/Student/1048/build/bot/build install --record /home/eyantra/LB24/Student/1048/build/bot/install.log --single-version-externally-managed install_data
