[0.641s] Invoking command in '/home/northee/git/task3a/src/bot': PYTHONPATH=/home/northee/git/task3a/build/bot/prefix_override:/usr/lib/python3/dist-packages/colcon_core/task/python/colcon_distutils_commands:/home/northee/git/task3a/install/bot/lib/python3.10/site-packages:${PYTHONPATH} /usr/bin/python3 -W ignore:setup.py install is deprecated -W ignore:easy_install command is deprecated setup.py egg_info --egg-base ../../build/bot build --build-base /home/northee/git/task3a/build/bot/build install --record /home/northee/git/task3a/build/bot/install.log --single-version-externally-managed install_data
[0.786s] running egg_info
[0.786s] creating ../../build/bot/bot.egg-info
[0.786s] writing ../../build/bot/bot.egg-info/PKG-INFO
[0.786s] writing dependency_links to ../../build/bot/bot.egg-info/dependency_links.txt
[0.786s] writing entry points to ../../build/bot/bot.egg-info/entry_points.txt
[0.786s] writing requirements to ../../build/bot/bot.egg-info/requires.txt
[0.786s] writing top-level names to ../../build/bot/bot.egg-info/top_level.txt
[0.786s] writing manifest file '../../build/bot/bot.egg-info/SOURCES.txt'
[0.787s] reading manifest file '../../build/bot/bot.egg-info/SOURCES.txt'
[0.787s] writing manifest file '../../build/bot/bot.egg-info/SOURCES.txt'
[0.787s] running build
[0.787s] running build_py
[0.787s] creating /home/northee/git/task3a/build/bot/build
[0.787s] creating /home/northee/git/task3a/build/bot/build/lib
[0.787s] creating /home/northee/git/task3a/build/bot/build/lib/bot
[0.787s] copying bot/__init__.py -> /home/northee/git/task3a/build/bot/build/lib/bot
[0.787s] copying bot/dock.py -> /home/northee/git/task3a/build/bot/build/lib/bot
[0.788s] copying bot/nav5.py -> /home/northee/git/task3a/build/bot/build/lib/bot
[0.788s] copying bot/dock5.py -> /home/northee/git/task3a/build/bot/build/lib/bot
[0.788s] copying bot/arm5.py -> /home/northee/git/task3a/build/bot/build/lib/bot
[0.788s] copying bot/arm.py -> /home/northee/git/task3a/build/bot/build/lib/bot
[0.788s] copying bot/nav.py -> /home/northee/git/task3a/build/bot/build/lib/bot
[0.788s] running install
[0.788s] running install_lib
[0.788s] creating /home/northee/git/task3a/install/bot/lib/python3.10/site-packages/bot
[0.788s] copying /home/northee/git/task3a/build/bot/build/lib/bot/__init__.py -> /home/northee/git/task3a/install/bot/lib/python3.10/site-packages/bot
[0.788s] copying /home/northee/git/task3a/build/bot/build/lib/bot/dock.py -> /home/northee/git/task3a/install/bot/lib/python3.10/site-packages/bot
[0.788s] copying /home/northee/git/task3a/build/bot/build/lib/bot/nav5.py -> /home/northee/git/task3a/install/bot/lib/python3.10/site-packages/bot
[0.788s] copying /home/northee/git/task3a/build/bot/build/lib/bot/dock5.py -> /home/northee/git/task3a/install/bot/lib/python3.10/site-packages/bot
[0.788s] copying /home/northee/git/task3a/build/bot/build/lib/bot/arm5.py -> /home/northee/git/task3a/install/bot/lib/python3.10/site-packages/bot
[0.788s] copying /home/northee/git/task3a/build/bot/build/lib/bot/arm.py -> /home/northee/git/task3a/install/bot/lib/python3.10/site-packages/bot
[0.788s] copying /home/northee/git/task3a/build/bot/build/lib/bot/nav.py -> /home/northee/git/task3a/install/bot/lib/python3.10/site-packages/bot
[0.789s] byte-compiling /home/northee/git/task3a/install/bot/lib/python3.10/site-packages/bot/__init__.py to __init__.cpython-310.pyc
[0.789s] byte-compiling /home/northee/git/task3a/install/bot/lib/python3.10/site-packages/bot/dock.py to dock.cpython-310.pyc
[0.790s] byte-compiling /home/northee/git/task3a/install/bot/lib/python3.10/site-packages/bot/nav5.py to nav5.cpython-310.pyc
[0.790s] byte-compiling /home/northee/git/task3a/install/bot/lib/python3.10/site-packages/bot/dock5.py to dock5.cpython-310.pyc
[0.791s] byte-compiling /home/northee/git/task3a/install/bot/lib/python3.10/site-packages/bot/arm5.py to arm5.cpython-310.pyc
[0.792s] byte-compiling /home/northee/git/task3a/install/bot/lib/python3.10/site-packages/bot/arm.py to arm.cpython-310.pyc
[0.794s] byte-compiling /home/northee/git/task3a/install/bot/lib/python3.10/site-packages/bot/nav.py to nav.cpython-310.pyc
[0.794s] running install_data
[0.794s] creating /home/northee/git/task3a/install/bot/share/ament_index
[0.795s] creating /home/northee/git/task3a/install/bot/share/ament_index/resource_index
[0.795s] creating /home/northee/git/task3a/install/bot/share/ament_index/resource_index/packages
[0.795s] copying resource/bot -> /home/northee/git/task3a/install/bot/share/ament_index/resource_index/packages
[0.795s] copying package.xml -> /home/northee/git/task3a/install/bot/share/bot
[0.795s] running install_egg_info
[0.796s] Copying ../../build/bot/bot.egg-info to /home/northee/git/task3a/install/bot/lib/python3.10/site-packages/bot-0.0.0-py3.10.egg-info
[0.796s] running install_scripts
[0.806s] Installing arm script to /home/northee/git/task3a/install/bot/lib/bot
[0.806s] Installing dock script to /home/northee/git/task3a/install/bot/lib/bot
[0.806s] Installing nav script to /home/northee/git/task3a/install/bot/lib/bot
[0.807s] writing list of installed files to '/home/northee/git/task3a/build/bot/install.log'
[0.819s] Invoked command in '/home/northee/git/task3a/src/bot' returned '0': PYTHONPATH=/home/northee/git/task3a/build/bot/prefix_override:/usr/lib/python3/dist-packages/colcon_core/task/python/colcon_distutils_commands:/home/northee/git/task3a/install/bot/lib/python3.10/site-packages:${PYTHONPATH} /usr/bin/python3 -W ignore:setup.py install is deprecated -W ignore:easy_install command is deprecated setup.py egg_info --egg-base ../../build/bot build --build-base /home/northee/git/task3a/build/bot/build install --record /home/northee/git/task3a/build/bot/install.log --single-version-externally-managed install_data
