[0.007s] Invoking command in '/home/northee/git/task3a/build/fin': AMENT_PREFIX_PATH=/home/northee/git/task3a/install/ebot_docking:${AMENT_PREFIX_PATH} CMAKE_PREFIX_PATH=/home/northee/git/task3a/install/ebot_docking:/opt/ros/humble LD_LIBRARY_PATH=/home/northee/git/task3a/install/ebot_docking/lib:${LD_LIBRARY_PATH} PYTHONPATH=/home/northee/git/task3a/install/ebot_docking/local/lib/python3.10/dist-packages:${PYTHONPATH} /usr/bin/cmake --build /home/northee/git/task3a/build/fin -- -j24 -l24
[0.024s] [ 33%] Built target arm
[0.025s] [ 66%] Built target nav
[0.029s] [ 83%] [32mBuilding CXX object CMakeFiles/dock.dir/src/dock.cpp.o[0m
[3.790s] [100%] [32m[1mLinking CXX executable dock[0m
[3.977s] [100%] Built target dock
[3.981s] Invoked command in '/home/northee/git/task3a/build/fin' returned '0': AMENT_PREFIX_PATH=/home/northee/git/task3a/install/ebot_docking:${AMENT_PREFIX_PATH} CMAKE_PREFIX_PATH=/home/northee/git/task3a/install/ebot_docking:/opt/ros/humble LD_LIBRARY_PATH=/home/northee/git/task3a/install/ebot_docking/lib:${LD_LIBRARY_PATH} PYTHONPATH=/home/northee/git/task3a/install/ebot_docking/local/lib/python3.10/dist-packages:${PYTHONPATH} /usr/bin/cmake --build /home/northee/git/task3a/build/fin -- -j24 -l24
[3.984s] Invoking command in '/home/northee/git/task3a/build/fin': AMENT_PREFIX_PATH=/home/northee/git/task3a/install/ebot_docking:${AMENT_PREFIX_PATH} CMAKE_PREFIX_PATH=/home/northee/git/task3a/install/ebot_docking:/opt/ros/humble LD_LIBRARY_PATH=/home/northee/git/task3a/install/ebot_docking/lib:${LD_LIBRARY_PATH} PYTHONPATH=/home/northee/git/task3a/install/ebot_docking/local/lib/python3.10/dist-packages:${PYTHONPATH} /usr/bin/cmake --install /home/northee/git/task3a/build/fin
[3.985s] -- Install configuration: ""
[3.985s] -- Up-to-date: /home/northee/git/task3a/install/fin/lib/fin/arm
[3.985s] -- Installing: /home/northee/git/task3a/install/fin/lib/fin/dock
[3.987s] -- Set runtime path of "/home/northee/git/task3a/install/fin/lib/fin/dock" to ""
[3.987s] -- Up-to-date: /home/northee/git/task3a/install/fin/lib/fin/nav
[3.987s] -- Up-to-date: /home/northee/git/task3a/install/fin/share/ament_index/resource_index/package_run_dependencies/fin
[3.987s] -- Up-to-date: /home/northee/git/task3a/install/fin/share/ament_index/resource_index/parent_prefix_path/fin
[3.987s] -- Up-to-date: /home/northee/git/task3a/install/fin/share/fin/environment/ament_prefix_path.sh
[3.987s] -- Up-to-date: /home/northee/git/task3a/install/fin/share/fin/environment/ament_prefix_path.dsv
[3.987s] -- Up-to-date: /home/northee/git/task3a/install/fin/share/fin/environment/path.sh
[3.987s] -- Up-to-date: /home/northee/git/task3a/install/fin/share/fin/environment/path.dsv
[3.987s] -- Up-to-date: /home/northee/git/task3a/install/fin/share/fin/local_setup.bash
[3.987s] -- Up-to-date: /home/northee/git/task3a/install/fin/share/fin/local_setup.sh
[3.988s] -- Up-to-date: /home/northee/git/task3a/install/fin/share/fin/local_setup.zsh
[3.988s] -- Up-to-date: /home/northee/git/task3a/install/fin/share/fin/local_setup.dsv
[3.988s] -- Installing: /home/northee/git/task3a/install/fin/share/fin/package.dsv
[3.988s] -- Up-to-date: /home/northee/git/task3a/install/fin/share/ament_index/resource_index/packages/fin
[3.988s] -- Up-to-date: /home/northee/git/task3a/install/fin/share/fin/cmake/finConfig.cmake
[3.988s] -- Up-to-date: /home/northee/git/task3a/install/fin/share/fin/cmake/finConfig-version.cmake
[3.988s] -- Up-to-date: /home/northee/git/task3a/install/fin/share/fin/package.xml
[3.988s] Invoked command in '/home/northee/git/task3a/build/fin' returned '0': AMENT_PREFIX_PATH=/home/northee/git/task3a/install/ebot_docking:${AMENT_PREFIX_PATH} CMAKE_PREFIX_PATH=/home/northee/git/task3a/install/ebot_docking:/opt/ros/humble LD_LIBRARY_PATH=/home/northee/git/task3a/install/ebot_docking/lib:${LD_LIBRARY_PATH} PYTHONPATH=/home/northee/git/task3a/install/ebot_docking/local/lib/python3.10/dist-packages:${PYTHONPATH} /usr/bin/cmake --install /home/northee/git/task3a/build/fin
