[2.000s] Invoking command in '/home/eyantra/LB24/Student/1048/build/pymoveit2': CMAKE_PREFIX_PATH=/opt/ros/humble /usr/bin/cmake --build /home/eyantra/LB24/Student/1048/build/pymoveit2 -- -j8 -l8
[2.720s] Built target ament_cmake_python_copy_pymoveit2
[2.962s] running egg_info
[2.972s] writing pymoveit2.egg-info/PKG-INFO
[2.972s] writing dependency_links to pymoveit2.egg-info/dependency_links.txt
[2.972s] writing top-level names to pymoveit2.egg-info/top_level.txt
[2.974s] reading manifest file 'pymoveit2.egg-info/SOURCES.txt'
[2.974s] writing manifest file 'pymoveit2.egg-info/SOURCES.txt'
[3.131s] Built target ament_cmake_python_build_pymoveit2_egg
[3.169s] Invoked command in '/home/eyantra/LB24/Student/1048/build/pymoveit2' returned '0': CMAKE_PREFIX_PATH=/opt/ros/humble /usr/bin/cmake --build /home/eyantra/LB24/Student/1048/build/pymoveit2 -- -j8 -l8
[3.170s] Invoking command in '/home/eyantra/LB24/Student/1048/build/pymoveit2': CMAKE_PREFIX_PATH=/opt/ros/humble /usr/bin/cmake --install /home/eyantra/LB24/Student/1048/build/pymoveit2
[3.208s] -- Install configuration: ""
[3.209s] -- Up-to-date: /home/eyantra/LB24/Student/1048/install/pymoveit2/share/pymoveit2/environment/pythonpath.sh
[3.209s] -- Up-to-date: /home/eyantra/LB24/Student/1048/install/pymoveit2/share/pymoveit2/environment/pythonpath.dsv
[3.209s] -- Up-to-date: /home/eyantra/LB24/Student/1048/install/pymoveit2/local/lib/python3.10/dist-packages/pymoveit2-2.1.0-py3.10.egg-info
[3.209s] -- Installing: /home/eyantra/LB24/Student/1048/install/pymoveit2/local/lib/python3.10/dist-packages/pymoveit2-2.1.0-py3.10.egg-info/dependency_links.txt
[3.209s] -- Installing: /home/eyantra/LB24/Student/1048/install/pymoveit2/local/lib/python3.10/dist-packages/pymoveit2-2.1.0-py3.10.egg-info/SOURCES.txt
[3.209s] -- Installing: /home/eyantra/LB24/Student/1048/install/pymoveit2/local/lib/python3.10/dist-packages/pymoveit2-2.1.0-py3.10.egg-info/top_level.txt
[3.209s] -- Installing: /home/eyantra/LB24/Student/1048/install/pymoveit2/local/lib/python3.10/dist-packages/pymoveit2-2.1.0-py3.10.egg-info/PKG-INFO
[3.210s] -- Up-to-date: /home/eyantra/LB24/Student/1048/install/pymoveit2/local/lib/python3.10/dist-packages/pymoveit2
[3.210s] -- Up-to-date: /home/eyantra/LB24/Student/1048/install/pymoveit2/local/lib/python3.10/dist-packages/pymoveit2/moveit2_servo.py
[3.210s] -- Up-to-date: /home/eyantra/LB24/Student/1048/install/pymoveit2/local/lib/python3.10/dist-packages/pymoveit2/robots
[3.210s] -- Up-to-date: /home/eyantra/LB24/Student/1048/install/pymoveit2/local/lib/python3.10/dist-packages/pymoveit2/robots/ur5.py
[3.210s] -- Up-to-date: /home/eyantra/LB24/Student/1048/install/pymoveit2/local/lib/python3.10/dist-packages/pymoveit2/robots/kinova.py
[3.210s] -- Up-to-date: /home/eyantra/LB24/Student/1048/install/pymoveit2/local/lib/python3.10/dist-packages/pymoveit2/robots/__init__.py
[3.210s] -- Up-to-date: /home/eyantra/LB24/Student/1048/install/pymoveit2/local/lib/python3.10/dist-packages/pymoveit2/moveit2.py
[3.210s] -- Up-to-date: /home/eyantra/LB24/Student/1048/install/pymoveit2/local/lib/python3.10/dist-packages/pymoveit2/__init__.py
[3.314s] Listing '/home/eyantra/LB24/Student/1048/install/pymoveit2/local/lib/python3.10/dist-packages/pymoveit2'...
[3.314s] Listing '/home/eyantra/LB24/Student/1048/install/pymoveit2/local/lib/python3.10/dist-packages/pymoveit2/robots'...
[3.314s] -- Up-to-date: /home/eyantra/LB24/Student/1048/install/pymoveit2/lib/pymoveit2/ex_collision_object.py
[3.314s] -- Up-to-date: /home/eyantra/LB24/Student/1048/install/pymoveit2/lib/pymoveit2/ex_joint_goal.py
[3.315s] -- Up-to-date: /home/eyantra/LB24/Student/1048/install/pymoveit2/lib/pymoveit2/ex_pose_goal.py
[3.315s] -- Up-to-date: /home/eyantra/LB24/Student/1048/install/pymoveit2/lib/pymoveit2/ex_servo.py
[3.315s] -- Up-to-date: /home/eyantra/LB24/Student/1048/install/pymoveit2/lib/pymoveit2/assets
[3.315s] -- Up-to-date: /home/eyantra/LB24/Student/1048/install/pymoveit2/lib/pymoveit2/assets/rack.stl
[3.315s] -- Up-to-date: /home/eyantra/LB24/Student/1048/install/pymoveit2/lib/pymoveit2/assets/box2.stl
[3.315s] -- Up-to-date: /home/eyantra/LB24/Student/1048/install/pymoveit2/lib/pymoveit2/assets/box3.stl
[3.315s] -- Up-to-date: /home/eyantra/LB24/Student/1048/install/pymoveit2/lib/pymoveit2/assets/rack_box.stl
[3.315s] -- Up-to-date: /home/eyantra/LB24/Student/1048/install/pymoveit2/lib/pymoveit2/assets/box.stl
[3.315s] -- Up-to-date: /home/eyantra/LB24/Student/1048/install/pymoveit2/lib/pymoveit2/assets/rack_box_again.stl
[3.316s] -- Up-to-date: /home/eyantra/LB24/Student/1048/install/pymoveit2/lib/pymoveit2/assets/box1.stl
[3.316s] -- Up-to-date: /home/eyantra/LB24/Student/1048/install/pymoveit2/lib/pymoveit2/assets/suzanne.stl
[3.316s] -- Up-to-date: /home/eyantra/LB24/Student/1048/install/pymoveit2/share/ament_index/resource_index/package_run_dependencies/pymoveit2
[3.316s] -- Up-to-date: /home/eyantra/LB24/Student/1048/install/pymoveit2/share/ament_index/resource_index/parent_prefix_path/pymoveit2
[3.316s] -- Up-to-date: /home/eyantra/LB24/Student/1048/install/pymoveit2/share/pymoveit2/environment/ament_prefix_path.sh
[3.316s] -- Up-to-date: /home/eyantra/LB24/Student/1048/install/pymoveit2/share/pymoveit2/environment/ament_prefix_path.dsv
[3.316s] -- Up-to-date: /home/eyantra/LB24/Student/1048/install/pymoveit2/share/pymoveit2/environment/path.sh
[3.316s] -- Up-to-date: /home/eyantra/LB24/Student/1048/install/pymoveit2/share/pymoveit2/environment/path.dsv
[3.316s] -- Up-to-date: /home/eyantra/LB24/Student/1048/install/pymoveit2/share/pymoveit2/local_setup.bash
[3.316s] -- Up-to-date: /home/eyantra/LB24/Student/1048/install/pymoveit2/share/pymoveit2/local_setup.sh
[3.316s] -- Up-to-date: /home/eyantra/LB24/Student/1048/install/pymoveit2/share/pymoveit2/local_setup.zsh
[3.317s] -- Up-to-date: /home/eyantra/LB24/Student/1048/install/pymoveit2/share/pymoveit2/local_setup.dsv
[3.317s] -- Installing: /home/eyantra/LB24/Student/1048/install/pymoveit2/share/pymoveit2/package.dsv
[3.317s] -- Up-to-date: /home/eyantra/LB24/Student/1048/install/pymoveit2/share/ament_index/resource_index/packages/pymoveit2
[3.317s] -- Up-to-date: /home/eyantra/LB24/Student/1048/install/pymoveit2/share/pymoveit2/cmake/pymoveit2Config.cmake
[3.317s] -- Up-to-date: /home/eyantra/LB24/Student/1048/install/pymoveit2/share/pymoveit2/cmake/pymoveit2Config-version.cmake
[3.317s] -- Up-to-date: /home/eyantra/LB24/Student/1048/install/pymoveit2/share/pymoveit2/package.xml
[3.348s] Invoked command in '/home/eyantra/LB24/Student/1048/build/pymoveit2' returned '0': CMAKE_PREFIX_PATH=/opt/ros/humble /usr/bin/cmake --install /home/eyantra/LB24/Student/1048/build/pymoveit2
