[3.472s] Invoking command in '/home/eyantra/LB24/Student/1048/src/ff': PYTHONPATH=/home/eyantra/LB24/Student/1048/build/ff/prefix_override:/usr/lib/python3/dist-packages/colcon_core/task/python/colcon_distutils_commands:/home/eyantra/LB24/Student/1048/install/ff/lib/python3.10/site-packages:${PYTHONPATH} /usr/bin/python3 -W ignore:setup.py install is deprecated -W ignore:easy_install command is deprecated setup.py egg_info --egg-base ../../build/ff build --build-base /home/eyantra/LB24/Student/1048/build/ff/build install --record /home/eyantra/LB24/Student/1048/build/ff/install.log --single-version-externally-managed install_data
[4.102s] running egg_info
[4.104s] writing ../../build/ff/ff.egg-info/PKG-INFO
[4.104s] writing dependency_links to ../../build/ff/ff.egg-info/dependency_links.txt
[4.104s] writing entry points to ../../build/ff/ff.egg-info/entry_points.txt
[4.104s] writing requirements to ../../build/ff/ff.egg-info/requires.txt
[4.104s] writing top-level names to ../../build/ff/ff.egg-info/top_level.txt
[4.107s] reading manifest file '../../build/ff/ff.egg-info/SOURCES.txt'
[4.107s] writing manifest file '../../build/ff/ff.egg-info/SOURCES.txt'
[4.107s] running build
[4.107s] running build_py
[4.107s] running install
[4.107s] running install_lib
[4.107s] running install_data
[4.107s] running install_egg_info
[4.107s] removing '/home/eyantra/LB24/Student/1048/install/ff/lib/python3.10/site-packages/ff-0.0.0-py3.10.egg-info' (and everything under it)
[4.107s] Copying ../../build/ff/ff.egg-info to /home/eyantra/LB24/Student/1048/install/ff/lib/python3.10/site-packages/ff-0.0.0-py3.10.egg-info
[4.112s] running install_scripts
[4.153s] Installing arm script to /home/eyantra/LB24/Student/1048/install/ff/lib/ff
[4.154s] Installing dock script to /home/eyantra/LB24/Student/1048/install/ff/lib/ff
[4.155s] Installing nav script to /home/eyantra/LB24/Student/1048/install/ff/lib/ff
[4.157s] writing list of installed files to '/home/eyantra/LB24/Student/1048/build/ff/install.log'
[4.272s] Invoked command in '/home/eyantra/LB24/Student/1048/src/ff' returned '0': PYTHONPATH=/home/eyantra/LB24/Student/1048/build/ff/prefix_override:/usr/lib/python3/dist-packages/colcon_core/task/python/colcon_distutils_commands:/home/eyantra/LB24/Student/1048/install/ff/lib/python3.10/site-packages:${PYTHONPATH} /usr/bin/python3 -W ignore:setup.py install is deprecated -W ignore:easy_install command is deprecated setup.py egg_info --egg-base ../../build/ff build --build-base /home/eyantra/LB24/Student/1048/build/ff/build install --record /home/eyantra/LB24/Student/1048/build/ff/install.log --single-version-externally-managed install_data
