[0.013s] Invoking command in '/home/northee/git/task3a/build/usb_servo': CMAKE_PREFIX_PATH=/opt/ros/humble /usr/bin/cmake /home/northee/git/task3a/src/usb_servo -DCMAKE_EXPORT_COMPILE_COMMANDS=ON --no-warn-unused-cli -DCMAKE_INSTALL_PREFIX=/home/northee/git/task3a/install/usb_servo
[0.140s] Not searching for unused variables given on the command line.
[0.276s] -- The C compiler identification is GNU 11.4.0
[0.463s] -- The CXX compiler identification is GNU 11.4.0
[0.476s] -- Detecting C compiler ABI info
[0.545s] -- Detecting C compiler ABI info - done
[0.549s] -- Check for working C compiler: /usr/bin/cc - skipped
[0.575s] -- Detecting C compile features
[0.576s] -- Detecting C compile features - done
[0.583s] -- Detecting CXX compiler ABI info
[0.633s] -- Detecting CXX compiler ABI info - done
[0.637s] -- Check for working CXX compiler: /usr/bin/c++ - skipped
[0.637s] -- Detecting CXX compile features
[0.637s] -- Detecting CXX compile features - done
[0.644s] -- Found ament_cmake: 1.3.11 (/opt/ros/humble/share/ament_cmake/cmake)
[0.717s] -- Found Python3: /usr/bin/python3 (found version "3.10.12") found components: Interpreter 
[0.790s] -- Found rosidl_default_generators: 1.2.0 (/opt/ros/humble/share/rosidl_default_generators/cmake)
[0.794s] -- Using all available rosidl_typesupport_c: rosidl_typesupport_fastrtps_c;rosidl_typesupport_introspection_c
[0.803s] -- Found rosidl_adapter: 3.1.6 (/opt/ros/humble/share/rosidl_adapter/cmake)
[0.854s] -- Using all available rosidl_typesupport_cpp: rosidl_typesupport_fastrtps_cpp;rosidl_typesupport_introspection_cpp
[1.036s] -- Found ament_cmake_ros: 0.10.0 (/opt/ros/humble/share/ament_cmake_ros/cmake)
[1.096s] -- Using all available rosidl_typesupport_c: rosidl_typesupport_fastrtps_c;rosidl_typesupport_introspection_c
[1.180s] -- Using all available rosidl_typesupport_cpp: rosidl_typesupport_fastrtps_cpp;rosidl_typesupport_introspection_cpp
[1.191s] -- Found PythonInterp: /usr/bin/python3 (found suitable version "3.10.12", minimum required is "3.6") 
[1.192s] -- Found python_cmake_module: 0.10.0 (/opt/ros/humble/share/python_cmake_module/cmake)
[1.206s] -- Found PythonLibs: /usr/lib/x86_64-linux-gnu/libpython3.10.so (found suitable version "3.10.12", minimum required is "3.5") 
[1.206s] -- Using PYTHON_EXECUTABLE: /usr/bin/python3
[1.206s] -- Using PYTHON_INCLUDE_DIRS: /usr/include/python3.10
[1.206s] -- Using PYTHON_LIBRARIES: /usr/lib/x86_64-linux-gnu/libpython3.10.so
[1.215s] -- Found PythonExtra: .so  
[1.229s] -- Found ament_lint_auto: 0.12.11 (/opt/ros/humble/share/ament_lint_auto/cmake)
[1.251s] -- Added test 'lint_cmake' to check CMake code style
[1.252s] -- Added test 'xmllint' to check XML markup files
[1.253s] -- Configuring done
[1.264s] -- Generating done
[1.268s] -- Build files have been written to: /home/northee/git/task3a/build/usb_servo
[1.271s] Invoked command in '/home/northee/git/task3a/build/usb_servo' returned '0': CMAKE_PREFIX_PATH=/opt/ros/humble /usr/bin/cmake /home/northee/git/task3a/src/usb_servo -DCMAKE_EXPORT_COMPILE_COMMANDS=ON --no-warn-unused-cli -DCMAKE_INSTALL_PREFIX=/home/northee/git/task3a/install/usb_servo
[1.271s] Invoking command in '/home/northee/git/task3a/build/usb_servo': CMAKE_PREFIX_PATH=/opt/ros/humble /usr/bin/cmake --build /home/northee/git/task3a/build/usb_servo -- -j24 -l24
[1.283s] [  3%] [34m[1mGenerating C code for ROS interfaces[0m
[1.287s] [  6%] [34m[1mGenerating C++ code for ROS interfaces[0m
[1.288s] [  6%] Built target ament_cmake_python_copy_usb_servo
[1.384s] running egg_info
[1.384s] creating usb_servo.egg-info
[1.384s] writing usb_servo.egg-info/PKG-INFO
[1.384s] writing dependency_links to usb_servo.egg-info/dependency_links.txt
[1.384s] writing top-level names to usb_servo.egg-info/top_level.txt
[1.384s] writing manifest file 'usb_servo.egg-info/SOURCES.txt'
[1.385s] reading manifest file 'usb_servo.egg-info/SOURCES.txt'
[1.385s] writing manifest file 'usb_servo.egg-info/SOURCES.txt'
[1.396s] [  6%] Built target ament_cmake_python_build_usb_servo_egg
[1.412s] [  6%] Built target usb_servo__cpp
[1.414s] [ 12%] [34m[1mGenerating C++ type support dispatch for ROS interfaces[0m
[1.415s] [ 12%] [34m[1mGenerating C++ type support for eProsima Fast-RTPS[0m
[1.415s] [ 19%] [32mBuilding C object CMakeFiles/usb_servo__rosidl_generator_c.dir/rosidl_generator_c/usb_servo/srv/detail/servo_sw__functions.c.o[0m
[1.415s] [ 19%] [34m[1mGenerating C++ introspection for ROS interfaces[0m
[1.516s] [ 22%] [32mBuilding CXX object CMakeFiles/usb_servo__rosidl_typesupport_cpp.dir/rosidl_typesupport_cpp/usb_servo/srv/servo_sw__type_support.cpp.o[0m
[1.528s] [ 25%] [32mBuilding CXX object CMakeFiles/usb_servo__rosidl_typesupport_introspection_cpp.dir/rosidl_typesupport_introspection_cpp/usb_servo/srv/detail/servo_sw__type_support.cpp.o[0m
[1.534s] [ 29%] [32mBuilding CXX object CMakeFiles/usb_servo__rosidl_typesupport_fastrtps_cpp.dir/rosidl_typesupport_fastrtps_cpp/usb_servo/srv/detail/dds_fastrtps/servo_sw__type_support.cpp.o[0m
[1.544s] [ 32%] [32m[1mLinking C shared library libusb_servo__rosidl_generator_c.so[0m
[1.559s] [ 32%] Built target usb_servo__rosidl_generator_c
[1.562s] [ 35%] [34m[1mGenerating C type support for eProsima Fast-RTPS[0m
[1.562s] [ 41%] [34m[1mGenerating C type support dispatch for ROS interfaces[0m
[1.562s] [ 41%] [34m[1mGenerating C introspection for ROS interfaces[0m
[1.676s] [ 45%] [32mBuilding CXX object CMakeFiles/usb_servo__rosidl_typesupport_fastrtps_c.dir/rosidl_typesupport_fastrtps_c/usb_servo/srv/detail/servo_sw__type_support_c.cpp.o[0m
[1.679s] [ 48%] [32mBuilding CXX object CMakeFiles/usb_servo__rosidl_typesupport_c.dir/rosidl_typesupport_c/usb_servo/srv/servo_sw__type_support.cpp.o[0m
[1.698s] [ 51%] [32mBuilding C object CMakeFiles/usb_servo__rosidl_typesupport_introspection_c.dir/rosidl_typesupport_introspection_c/usb_servo/srv/detail/servo_sw__type_support.c.o[0m
[1.699s] [ 54%] [32m[1mLinking CXX shared library libusb_servo__rosidl_typesupport_c.so[0m
[1.711s] [ 58%] [32m[1mLinking C shared library libusb_servo__rosidl_typesupport_introspection_c.so[0m
[1.712s] [ 58%] Built target usb_servo__rosidl_typesupport_c
[1.720s] [ 58%] Built target usb_servo__rosidl_typesupport_introspection_c
[1.745s] [ 61%] [32m[1mLinking CXX shared library libusb_servo__rosidl_typesupport_cpp.so[0m
[1.761s] [ 61%] Built target usb_servo__rosidl_typesupport_cpp
[1.790s] [ 64%] [32m[1mLinking CXX shared library libusb_servo__rosidl_typesupport_introspection_cpp.so[0m
[1.808s] [ 64%] Built target usb_servo__rosidl_typesupport_introspection_cpp
[1.818s] [ 67%] [32m[1mLinking CXX shared library libusb_servo__rosidl_typesupport_fastrtps_c.so[0m
[1.827s] [ 70%] [32m[1mLinking CXX shared library libusb_servo__rosidl_typesupport_fastrtps_cpp.so[0m
[1.850s] [ 70%] Built target usb_servo__rosidl_typesupport_fastrtps_c
[1.860s] [ 70%] Built target usb_servo__rosidl_typesupport_fastrtps_cpp
[1.865s] [ 70%] Built target usb_servo
[1.871s] [ 74%] [34m[1mGenerating Python code for ROS interfaces[0m
[2.019s] [ 74%] Built target usb_servo__py
[2.025s] [ 77%] [32mBuilding C object CMakeFiles/usb_servo__rosidl_generator_py.dir/rosidl_generator_py/usb_servo/srv/_servo_sw_s.c.o[0m
[2.107s] [ 80%] [32m[1mLinking C shared library rosidl_generator_py/usb_servo/libusb_servo__rosidl_generator_py.so[0m
[2.123s] [ 80%] Built target usb_servo__rosidl_generator_py
[2.129s] [ 83%] [32mBuilding C object CMakeFiles/usb_servo__rosidl_typesupport_fastrtps_c__pyext.dir/rosidl_generator_py/usb_servo/_usb_servo_s.ep.rosidl_typesupport_fastrtps_c.c.o[0m
[2.129s] [ 87%] [32mBuilding C object CMakeFiles/usb_servo__rosidl_typesupport_c__pyext.dir/rosidl_generator_py/usb_servo/_usb_servo_s.ep.rosidl_typesupport_c.c.o[0m
[2.129s] [ 90%] [32mBuilding C object CMakeFiles/usb_servo__rosidl_typesupport_introspection_c__pyext.dir/rosidl_generator_py/usb_servo/_usb_servo_s.ep.rosidl_typesupport_introspection_c.c.o[0m
[2.175s] [ 93%] [32m[1mLinking C shared library rosidl_generator_py/usb_servo/usb_servo_s__rosidl_typesupport_introspection_c.cpython-310-x86_64-linux-gnu.so[0m
[2.176s] [100%] [32m[1mLinking C shared library rosidl_generator_py/usb_servo/usb_servo_s__rosidl_typesupport_fastrtps_c.cpython-310-x86_64-linux-gnu.so[0m
[2.176s] [100%] [32m[1mLinking C shared library rosidl_generator_py/usb_servo/usb_servo_s__rosidl_typesupport_c.cpython-310-x86_64-linux-gnu.so[0m
[2.190s] [100%] Built target usb_servo__rosidl_typesupport_introspection_c__pyext
[2.191s] [100%] Built target usb_servo__rosidl_typesupport_c__pyext
[2.191s] [100%] Built target usb_servo__rosidl_typesupport_fastrtps_c__pyext
[2.194s] Invoked command in '/home/northee/git/task3a/build/usb_servo' returned '0': CMAKE_PREFIX_PATH=/opt/ros/humble /usr/bin/cmake --build /home/northee/git/task3a/build/usb_servo -- -j24 -l24
[2.195s] Invoking command in '/home/northee/git/task3a/build/usb_servo': CMAKE_PREFIX_PATH=/opt/ros/humble /usr/bin/cmake --install /home/northee/git/task3a/build/usb_servo
[2.197s] -- Install configuration: ""
[2.197s] -- Installing: /home/northee/git/task3a/install/usb_servo/share/ament_index/resource_index/rosidl_interfaces/usb_servo
[2.197s] -- Installing: /home/northee/git/task3a/install/usb_servo/include/usb_servo/usb_servo
[2.197s] -- Installing: /home/northee/git/task3a/install/usb_servo/include/usb_servo/usb_servo/srv
[2.197s] -- Installing: /home/northee/git/task3a/install/usb_servo/include/usb_servo/usb_servo/srv/servo_sw.h
[2.197s] -- Installing: /home/northee/git/task3a/install/usb_servo/include/usb_servo/usb_servo/srv/detail
[2.197s] -- Installing: /home/northee/git/task3a/install/usb_servo/include/usb_servo/usb_servo/srv/detail/servo_sw__type_support.h
[2.197s] -- Installing: /home/northee/git/task3a/install/usb_servo/include/usb_servo/usb_servo/srv/detail/servo_sw__functions.c
[2.197s] -- Installing: /home/northee/git/task3a/install/usb_servo/include/usb_servo/usb_servo/srv/detail/servo_sw__functions.h
[2.197s] -- Installing: /home/northee/git/task3a/install/usb_servo/include/usb_servo/usb_servo/srv/detail/servo_sw__struct.h
[2.197s] -- Installing: /home/northee/git/task3a/install/usb_servo/include/usb_servo/usb_servo/msg
[2.197s] -- Installing: /home/northee/git/task3a/install/usb_servo/include/usb_servo/usb_servo/msg/rosidl_generator_c__visibility_control.h
[2.197s] -- Installing: /home/northee/git/task3a/install/usb_servo/share/usb_servo/environment/library_path.sh
[2.197s] -- Installing: /home/northee/git/task3a/install/usb_servo/share/usb_servo/environment/library_path.dsv
[2.197s] -- Installing: /home/northee/git/task3a/install/usb_servo/lib/libusb_servo__rosidl_generator_c.so
[2.198s] -- Set runtime path of "/home/northee/git/task3a/install/usb_servo/lib/libusb_servo__rosidl_generator_c.so" to ""
[2.198s] -- Up-to-date: /home/northee/git/task3a/install/usb_servo/include/usb_servo/usb_servo
[2.198s] -- Up-to-date: /home/northee/git/task3a/install/usb_servo/include/usb_servo/usb_servo/srv
[2.198s] -- Up-to-date: /home/northee/git/task3a/install/usb_servo/include/usb_servo/usb_servo/srv/detail
[2.198s] -- Installing: /home/northee/git/task3a/install/usb_servo/include/usb_servo/usb_servo/srv/detail/servo_sw__rosidl_typesupport_fastrtps_c.h
[2.198s] -- Up-to-date: /home/northee/git/task3a/install/usb_servo/include/usb_servo/usb_servo/msg
[2.198s] -- Installing: /home/northee/git/task3a/install/usb_servo/include/usb_servo/usb_servo/msg/rosidl_typesupport_fastrtps_c__visibility_control.h
[2.198s] -- Installing: /home/northee/git/task3a/install/usb_servo/lib/libusb_servo__rosidl_typesupport_fastrtps_c.so
[2.198s] -- Set runtime path of "/home/northee/git/task3a/install/usb_servo/lib/libusb_servo__rosidl_typesupport_fastrtps_c.so" to ""
[2.198s] -- Up-to-date: /home/northee/git/task3a/install/usb_servo/include/usb_servo/usb_servo
[2.198s] -- Up-to-date: /home/northee/git/task3a/install/usb_servo/include/usb_servo/usb_servo/srv
[2.198s] -- Up-to-date: /home/northee/git/task3a/install/usb_servo/include/usb_servo/usb_servo/srv/detail
[2.198s] -- Installing: /home/northee/git/task3a/install/usb_servo/include/usb_servo/usb_servo/srv/detail/servo_sw__rosidl_typesupport_introspection_c.h
[2.198s] -- Installing: /home/northee/git/task3a/install/usb_servo/include/usb_servo/usb_servo/srv/detail/servo_sw__type_support.c
[2.198s] -- Up-to-date: /home/northee/git/task3a/install/usb_servo/include/usb_servo/usb_servo/msg
[2.198s] -- Installing: /home/northee/git/task3a/install/usb_servo/include/usb_servo/usb_servo/msg/rosidl_typesupport_introspection_c__visibility_control.h
[2.198s] -- Installing: /home/northee/git/task3a/install/usb_servo/lib/libusb_servo__rosidl_typesupport_introspection_c.so
[2.198s] -- Set runtime path of "/home/northee/git/task3a/install/usb_servo/lib/libusb_servo__rosidl_typesupport_introspection_c.so" to ""
[2.198s] -- Installing: /home/northee/git/task3a/install/usb_servo/lib/libusb_servo__rosidl_typesupport_c.so
[2.198s] -- Set runtime path of "/home/northee/git/task3a/install/usb_servo/lib/libusb_servo__rosidl_typesupport_c.so" to ""
[2.198s] -- Up-to-date: /home/northee/git/task3a/install/usb_servo/include/usb_servo/usb_servo
[2.198s] -- Up-to-date: /home/northee/git/task3a/install/usb_servo/include/usb_servo/usb_servo/srv
[2.198s] -- Installing: /home/northee/git/task3a/install/usb_servo/include/usb_servo/usb_servo/srv/servo_sw.hpp
[2.198s] -- Up-to-date: /home/northee/git/task3a/install/usb_servo/include/usb_servo/usb_servo/srv/detail
[2.198s] -- Installing: /home/northee/git/task3a/install/usb_servo/include/usb_servo/usb_servo/srv/detail/servo_sw__struct.hpp
[2.198s] -- Installing: /home/northee/git/task3a/install/usb_servo/include/usb_servo/usb_servo/srv/detail/servo_sw__traits.hpp
[2.198s] -- Installing: /home/northee/git/task3a/install/usb_servo/include/usb_servo/usb_servo/srv/detail/servo_sw__builder.hpp
[2.198s] -- Installing: /home/northee/git/task3a/install/usb_servo/include/usb_servo/usb_servo/srv/detail/servo_sw__type_support.hpp
[2.198s] -- Up-to-date: /home/northee/git/task3a/install/usb_servo/include/usb_servo/usb_servo/msg
[2.198s] -- Installing: /home/northee/git/task3a/install/usb_servo/include/usb_servo/usb_servo/msg/rosidl_generator_cpp__visibility_control.hpp
[2.198s] -- Up-to-date: /home/northee/git/task3a/install/usb_servo/include/usb_servo/usb_servo
[2.198s] -- Up-to-date: /home/northee/git/task3a/install/usb_servo/include/usb_servo/usb_servo/srv
[2.198s] -- Up-to-date: /home/northee/git/task3a/install/usb_servo/include/usb_servo/usb_servo/srv/detail
[2.198s] -- Installing: /home/northee/git/task3a/install/usb_servo/include/usb_servo/usb_servo/srv/detail/dds_fastrtps
[2.198s] -- Installing: /home/northee/git/task3a/install/usb_servo/include/usb_servo/usb_servo/srv/detail/servo_sw__rosidl_typesupport_fastrtps_cpp.hpp
[2.199s] -- Up-to-date: /home/northee/git/task3a/install/usb_servo/include/usb_servo/usb_servo/msg
[2.199s] -- Installing: /home/northee/git/task3a/install/usb_servo/include/usb_servo/usb_servo/msg/rosidl_typesupport_fastrtps_cpp__visibility_control.h
[2.199s] -- Installing: /home/northee/git/task3a/install/usb_servo/lib/libusb_servo__rosidl_typesupport_fastrtps_cpp.so
[2.199s] -- Set runtime path of "/home/northee/git/task3a/install/usb_servo/lib/libusb_servo__rosidl_typesupport_fastrtps_cpp.so" to ""
[2.199s] -- Up-to-date: /home/northee/git/task3a/install/usb_servo/include/usb_servo/usb_servo
[2.199s] -- Up-to-date: /home/northee/git/task3a/install/usb_servo/include/usb_servo/usb_servo/srv
[2.199s] -- Up-to-date: /home/northee/git/task3a/install/usb_servo/include/usb_servo/usb_servo/srv/detail
[2.199s] -- Installing: /home/northee/git/task3a/install/usb_servo/include/usb_servo/usb_servo/srv/detail/servo_sw__rosidl_typesupport_introspection_cpp.hpp
[2.199s] -- Installing: /home/northee/git/task3a/install/usb_servo/include/usb_servo/usb_servo/srv/detail/servo_sw__type_support.cpp
[2.199s] -- Installing: /home/northee/git/task3a/install/usb_servo/lib/libusb_servo__rosidl_typesupport_introspection_cpp.so
[2.199s] -- Set runtime path of "/home/northee/git/task3a/install/usb_servo/lib/libusb_servo__rosidl_typesupport_introspection_cpp.so" to ""
[2.199s] -- Installing: /home/northee/git/task3a/install/usb_servo/lib/libusb_servo__rosidl_typesupport_cpp.so
[2.199s] -- Set runtime path of "/home/northee/git/task3a/install/usb_servo/lib/libusb_servo__rosidl_typesupport_cpp.so" to ""
[2.199s] -- Installing: /home/northee/git/task3a/install/usb_servo/share/usb_servo/environment/pythonpath.sh
[2.199s] -- Installing: /home/northee/git/task3a/install/usb_servo/share/usb_servo/environment/pythonpath.dsv
[2.199s] -- Installing: /home/northee/git/task3a/install/usb_servo/local/lib/python3.10/dist-packages/usb_servo-0.0.0-py3.10.egg-info
[2.199s] -- Installing: /home/northee/git/task3a/install/usb_servo/local/lib/python3.10/dist-packages/usb_servo-0.0.0-py3.10.egg-info/SOURCES.txt
[2.199s] -- Installing: /home/northee/git/task3a/install/usb_servo/local/lib/python3.10/dist-packages/usb_servo-0.0.0-py3.10.egg-info/top_level.txt
[2.199s] -- Installing: /home/northee/git/task3a/install/usb_servo/local/lib/python3.10/dist-packages/usb_servo-0.0.0-py3.10.egg-info/PKG-INFO
[2.199s] -- Installing: /home/northee/git/task3a/install/usb_servo/local/lib/python3.10/dist-packages/usb_servo-0.0.0-py3.10.egg-info/dependency_links.txt
[2.199s] -- Installing: /home/northee/git/task3a/install/usb_servo/local/lib/python3.10/dist-packages/usb_servo
[2.199s] -- Installing: /home/northee/git/task3a/install/usb_servo/local/lib/python3.10/dist-packages/usb_servo/srv
[2.199s] -- Installing: /home/northee/git/task3a/install/usb_servo/local/lib/python3.10/dist-packages/usb_servo/srv/__init__.py
[2.199s] -- Installing: /home/northee/git/task3a/install/usb_servo/local/lib/python3.10/dist-packages/usb_servo/srv/_servo_sw_s.c
[2.199s] -- Installing: /home/northee/git/task3a/install/usb_servo/local/lib/python3.10/dist-packages/usb_servo/srv/_servo_sw.py
[2.199s] -- Installing: /home/northee/git/task3a/install/usb_servo/local/lib/python3.10/dist-packages/usb_servo/_usb_servo_s.ep.rosidl_typesupport_fastrtps_c.c
[2.199s] -- Installing: /home/northee/git/task3a/install/usb_servo/local/lib/python3.10/dist-packages/usb_servo/__init__.py
[2.199s] -- Installing: /home/northee/git/task3a/install/usb_servo/local/lib/python3.10/dist-packages/usb_servo/usb_servo_s__rosidl_typesupport_introspection_c.cpython-310-x86_64-linux-gnu.so
[2.199s] -- Installing: /home/northee/git/task3a/install/usb_servo/local/lib/python3.10/dist-packages/usb_servo/_usb_servo_s.ep.rosidl_typesupport_introspection_c.c
[2.199s] -- Installing: /home/northee/git/task3a/install/usb_servo/local/lib/python3.10/dist-packages/usb_servo/usb_servo_s__rosidl_typesupport_c.cpython-310-x86_64-linux-gnu.so
[2.199s] -- Installing: /home/northee/git/task3a/install/usb_servo/local/lib/python3.10/dist-packages/usb_servo/_usb_servo_s.ep.rosidl_typesupport_c.c
[2.199s] -- Installing: /home/northee/git/task3a/install/usb_servo/local/lib/python3.10/dist-packages/usb_servo/libusb_servo__rosidl_generator_py.so
[2.200s] -- Installing: /home/northee/git/task3a/install/usb_servo/local/lib/python3.10/dist-packages/usb_servo/usb_servo_s__rosidl_typesupport_fastrtps_c.cpython-310-x86_64-linux-gnu.so
[2.217s] Listing '/home/northee/git/task3a/install/usb_servo/local/lib/python3.10/dist-packages/usb_servo'...
[2.217s] Compiling '/home/northee/git/task3a/install/usb_servo/local/lib/python3.10/dist-packages/usb_servo/__init__.py'...
[2.217s] Listing '/home/northee/git/task3a/install/usb_servo/local/lib/python3.10/dist-packages/usb_servo/srv'...
[2.217s] Compiling '/home/northee/git/task3a/install/usb_servo/local/lib/python3.10/dist-packages/usb_servo/srv/__init__.py'...
[2.217s] Compiling '/home/northee/git/task3a/install/usb_servo/local/lib/python3.10/dist-packages/usb_servo/srv/_servo_sw.py'...
[2.219s] -- Installing: /home/northee/git/task3a/install/usb_servo/local/lib/python3.10/dist-packages/usb_servo/usb_servo_s__rosidl_typesupport_fastrtps_c.cpython-310-x86_64-linux-gnu.so
[2.219s] -- Set runtime path of "/home/northee/git/task3a/install/usb_servo/local/lib/python3.10/dist-packages/usb_servo/usb_servo_s__rosidl_typesupport_fastrtps_c.cpython-310-x86_64-linux-gnu.so" to ""
[2.219s] -- Installing: /home/northee/git/task3a/install/usb_servo/local/lib/python3.10/dist-packages/usb_servo/usb_servo_s__rosidl_typesupport_introspection_c.cpython-310-x86_64-linux-gnu.so
[2.219s] -- Set runtime path of "/home/northee/git/task3a/install/usb_servo/local/lib/python3.10/dist-packages/usb_servo/usb_servo_s__rosidl_typesupport_introspection_c.cpython-310-x86_64-linux-gnu.so" to ""
[2.220s] -- Installing: /home/northee/git/task3a/install/usb_servo/local/lib/python3.10/dist-packages/usb_servo/usb_servo_s__rosidl_typesupport_c.cpython-310-x86_64-linux-gnu.so
[2.220s] -- Set runtime path of "/home/northee/git/task3a/install/usb_servo/local/lib/python3.10/dist-packages/usb_servo/usb_servo_s__rosidl_typesupport_c.cpython-310-x86_64-linux-gnu.so" to ""
[2.220s] -- Installing: /home/northee/git/task3a/install/usb_servo/lib/libusb_servo__rosidl_generator_py.so
[2.220s] -- Set runtime path of "/home/northee/git/task3a/install/usb_servo/lib/libusb_servo__rosidl_generator_py.so" to ""
[2.220s] -- Installing: /home/northee/git/task3a/install/usb_servo/share/usb_servo/srv/ServoSw.idl
[2.220s] -- Installing: /home/northee/git/task3a/install/usb_servo/share/usb_servo/srv/ServoSw.srv
[2.220s] -- Installing: /home/northee/git/task3a/install/usb_servo/share/usb_servo/srv/ServoSw_Request.msg
[2.220s] -- Installing: /home/northee/git/task3a/install/usb_servo/share/usb_servo/srv/ServoSw_Response.msg
[2.220s] -- Installing: /home/northee/git/task3a/install/usb_servo/share/ament_index/resource_index/package_run_dependencies/usb_servo
[2.220s] -- Installing: /home/northee/git/task3a/install/usb_servo/share/ament_index/resource_index/parent_prefix_path/usb_servo
[2.220s] -- Installing: /home/northee/git/task3a/install/usb_servo/share/usb_servo/environment/ament_prefix_path.sh
[2.220s] -- Installing: /home/northee/git/task3a/install/usb_servo/share/usb_servo/environment/ament_prefix_path.dsv
[2.220s] -- Installing: /home/northee/git/task3a/install/usb_servo/share/usb_servo/environment/path.sh
[2.220s] -- Installing: /home/northee/git/task3a/install/usb_servo/share/usb_servo/environment/path.dsv
[2.220s] -- Installing: /home/northee/git/task3a/install/usb_servo/share/usb_servo/local_setup.bash
[2.220s] -- Installing: /home/northee/git/task3a/install/usb_servo/share/usb_servo/local_setup.sh
[2.220s] -- Installing: /home/northee/git/task3a/install/usb_servo/share/usb_servo/local_setup.zsh
[2.221s] -- Installing: /home/northee/git/task3a/install/usb_servo/share/usb_servo/local_setup.dsv
[2.221s] -- Installing: /home/northee/git/task3a/install/usb_servo/share/usb_servo/package.dsv
[2.221s] -- Installing: /home/northee/git/task3a/install/usb_servo/share/ament_index/resource_index/packages/usb_servo
[2.221s] -- Installing: /home/northee/git/task3a/install/usb_servo/share/usb_servo/cmake/export_usb_servo__rosidl_generator_cExport.cmake
[2.221s] -- Installing: /home/northee/git/task3a/install/usb_servo/share/usb_servo/cmake/export_usb_servo__rosidl_generator_cExport-noconfig.cmake
[2.221s] -- Installing: /home/northee/git/task3a/install/usb_servo/share/usb_servo/cmake/export_usb_servo__rosidl_typesupport_fastrtps_cExport.cmake
[2.221s] -- Installing: /home/northee/git/task3a/install/usb_servo/share/usb_servo/cmake/export_usb_servo__rosidl_typesupport_fastrtps_cExport-noconfig.cmake
[2.221s] -- Installing: /home/northee/git/task3a/install/usb_servo/share/usb_servo/cmake/usb_servo__rosidl_typesupport_introspection_cExport.cmake
[2.221s] -- Installing: /home/northee/git/task3a/install/usb_servo/share/usb_servo/cmake/usb_servo__rosidl_typesupport_introspection_cExport-noconfig.cmake
[2.221s] -- Installing: /home/northee/git/task3a/install/usb_servo/share/usb_servo/cmake/usb_servo__rosidl_typesupport_cExport.cmake
[2.221s] -- Installing: /home/northee/git/task3a/install/usb_servo/share/usb_servo/cmake/usb_servo__rosidl_typesupport_cExport-noconfig.cmake
[2.221s] -- Installing: /home/northee/git/task3a/install/usb_servo/share/usb_servo/cmake/export_usb_servo__rosidl_generator_cppExport.cmake
[2.221s] -- Installing: /home/northee/git/task3a/install/usb_servo/share/usb_servo/cmake/export_usb_servo__rosidl_typesupport_fastrtps_cppExport.cmake
[2.221s] -- Installing: /home/northee/git/task3a/install/usb_servo/share/usb_servo/cmake/export_usb_servo__rosidl_typesupport_fastrtps_cppExport-noconfig.cmake
[2.221s] -- Installing: /home/northee/git/task3a/install/usb_servo/share/usb_servo/cmake/usb_servo__rosidl_typesupport_introspection_cppExport.cmake
[2.221s] -- Installing: /home/northee/git/task3a/install/usb_servo/share/usb_servo/cmake/usb_servo__rosidl_typesupport_introspection_cppExport-noconfig.cmake
[2.221s] -- Installing: /home/northee/git/task3a/install/usb_servo/share/usb_servo/cmake/usb_servo__rosidl_typesupport_cppExport.cmake
[2.221s] -- Installing: /home/northee/git/task3a/install/usb_servo/share/usb_servo/cmake/usb_servo__rosidl_typesupport_cppExport-noconfig.cmake
[2.221s] -- Installing: /home/northee/git/task3a/install/usb_servo/share/usb_servo/cmake/export_usb_servo__rosidl_generator_pyExport.cmake
[2.222s] -- Installing: /home/northee/git/task3a/install/usb_servo/share/usb_servo/cmake/export_usb_servo__rosidl_generator_pyExport-noconfig.cmake
[2.222s] -- Installing: /home/northee/git/task3a/install/usb_servo/share/usb_servo/cmake/rosidl_cmake-extras.cmake
[2.222s] -- Installing: /home/northee/git/task3a/install/usb_servo/share/usb_servo/cmake/ament_cmake_export_include_directories-extras.cmake
[2.222s] -- Installing: /home/northee/git/task3a/install/usb_servo/share/usb_servo/cmake/ament_cmake_export_libraries-extras.cmake
[2.222s] -- Installing: /home/northee/git/task3a/install/usb_servo/share/usb_servo/cmake/ament_cmake_export_targets-extras.cmake
[2.222s] -- Installing: /home/northee/git/task3a/install/usb_servo/share/usb_servo/cmake/rosidl_cmake_export_typesupport_targets-extras.cmake
[2.222s] -- Installing: /home/northee/git/task3a/install/usb_servo/share/usb_servo/cmake/ament_cmake_export_dependencies-extras.cmake
[2.222s] -- Installing: /home/northee/git/task3a/install/usb_servo/share/usb_servo/cmake/rosidl_cmake_export_typesupport_libraries-extras.cmake
[2.222s] -- Installing: /home/northee/git/task3a/install/usb_servo/share/usb_servo/cmake/usb_servoConfig.cmake
[2.222s] -- Installing: /home/northee/git/task3a/install/usb_servo/share/usb_servo/cmake/usb_servoConfig-version.cmake
[2.222s] -- Installing: /home/northee/git/task3a/install/usb_servo/share/usb_servo/package.xml
[2.223s] Invoked command in '/home/northee/git/task3a/build/usb_servo' returned '0': CMAKE_PREFIX_PATH=/opt/ros/humble /usr/bin/cmake --install /home/northee/git/task3a/build/usb_servo
