[0.587s] Invoking command in '/home/northee/git/task3a/src/ff': PYTHONPATH=/home/northee/git/task3a/build/ff/prefix_override:/usr/lib/python3/dist-packages/colcon_core/task/python/colcon_distutils_commands:/home/northee/git/task3a/install/ff/lib/python3.10/site-packages:${PYTHONPATH} /usr/bin/python3 -W ignore:setup.py install is deprecated -W ignore:easy_install command is deprecated setup.py egg_info --egg-base ../../build/ff build --build-base /home/northee/git/task3a/build/ff/build install --record /home/northee/git/task3a/build/ff/install.log --single-version-externally-managed install_data
[0.708s] running egg_info
[0.708s] creating ../../build/ff/ff.egg-info
[0.708s] writing ../../build/ff/ff.egg-info/PKG-INFO
[0.708s] writing dependency_links to ../../build/ff/ff.egg-info/dependency_links.txt
[0.708s] writing entry points to ../../build/ff/ff.egg-info/entry_points.txt
[0.708s] writing requirements to ../../build/ff/ff.egg-info/requires.txt
[0.708s] writing top-level names to ../../build/ff/ff.egg-info/top_level.txt
[0.708s] writing manifest file '../../build/ff/ff.egg-info/SOURCES.txt'
[0.709s] reading manifest file '../../build/ff/ff.egg-info/SOURCES.txt'
[0.709s] writing manifest file '../../build/ff/ff.egg-info/SOURCES.txt'
[0.709s] running build
[0.709s] running build_py
[0.709s] creating /home/northee/git/task3a/build/ff/build
[0.709s] creating /home/northee/git/task3a/build/ff/build/lib
[0.709s] creating /home/northee/git/task3a/build/ff/build/lib/ff
[0.709s] copying ff/__init__.py -> /home/northee/git/task3a/build/ff/build/lib/ff
[0.709s] copying ff/dock.py -> /home/northee/git/task3a/build/ff/build/lib/ff
[0.709s] copying ff/arm.py -> /home/northee/git/task3a/build/ff/build/lib/ff
[0.710s] copying ff/nav.py -> /home/northee/git/task3a/build/ff/build/lib/ff
[0.710s] running install
[0.710s] running install_lib
[0.710s] creating /home/northee/git/task3a/install/ff/lib/python3.10/site-packages/ff
[0.710s] copying /home/northee/git/task3a/build/ff/build/lib/ff/__init__.py -> /home/northee/git/task3a/install/ff/lib/python3.10/site-packages/ff
[0.710s] copying /home/northee/git/task3a/build/ff/build/lib/ff/dock.py -> /home/northee/git/task3a/install/ff/lib/python3.10/site-packages/ff
[0.710s] copying /home/northee/git/task3a/build/ff/build/lib/ff/arm.py -> /home/northee/git/task3a/install/ff/lib/python3.10/site-packages/ff
[0.710s] copying /home/northee/git/task3a/build/ff/build/lib/ff/nav.py -> /home/northee/git/task3a/install/ff/lib/python3.10/site-packages/ff
[0.711s] byte-compiling /home/northee/git/task3a/install/ff/lib/python3.10/site-packages/ff/__init__.py to __init__.cpython-310.pyc
[0.711s] byte-compiling /home/northee/git/task3a/install/ff/lib/python3.10/site-packages/ff/dock.py to dock.cpython-310.pyc
[0.711s] byte-compiling /home/northee/git/task3a/install/ff/lib/python3.10/site-packages/ff/arm.py to arm.cpython-310.pyc
[0.713s] byte-compiling /home/northee/git/task3a/install/ff/lib/python3.10/site-packages/ff/nav.py to nav.cpython-310.pyc
[0.713s] running install_data
[0.713s] creating /home/northee/git/task3a/install/ff/share/ament_index
[0.713s] creating /home/northee/git/task3a/install/ff/share/ament_index/resource_index
[0.713s] creating /home/northee/git/task3a/install/ff/share/ament_index/resource_index/packages
[0.713s] copying resource/ff -> /home/northee/git/task3a/install/ff/share/ament_index/resource_index/packages
[0.713s] copying package.xml -> /home/northee/git/task3a/install/ff/share/ff
[0.713s] running install_egg_info
[0.714s] Copying ../../build/ff/ff.egg-info to /home/northee/git/task3a/install/ff/lib/python3.10/site-packages/ff-0.0.0-py3.10.egg-info
[0.714s] running install_scripts
[0.724s] Installing arm script to /home/northee/git/task3a/install/ff/lib/ff
[0.724s] Installing dock script to /home/northee/git/task3a/install/ff/lib/ff
[0.724s] Installing nav script to /home/northee/git/task3a/install/ff/lib/ff
[0.724s] writing list of installed files to '/home/northee/git/task3a/build/ff/install.log'
[0.735s] Invoked command in '/home/northee/git/task3a/src/ff' returned '0': PYTHONPATH=/home/northee/git/task3a/build/ff/prefix_override:/usr/lib/python3/dist-packages/colcon_core/task/python/colcon_distutils_commands:/home/northee/git/task3a/install/ff/lib/python3.10/site-packages:${PYTHONPATH} /usr/bin/python3 -W ignore:setup.py install is deprecated -W ignore:easy_install command is deprecated setup.py egg_info --egg-base ../../build/ff build --build-base /home/northee/git/task3a/build/ff/build install --record /home/northee/git/task3a/build/ff/install.log --single-version-externally-managed install_data
