running egg_info
creating ../../build/ur5_control/ur5_control.egg-info
writing ../../build/ur5_control/ur5_control.egg-info/PKG-INFO
writing dependency_links to ../../build/ur5_control/ur5_control.egg-info/dependency_links.txt
writing entry points to ../../build/ur5_control/ur5_control.egg-info/entry_points.txt
writing requirements to ../../build/ur5_control/ur5_control.egg-info/requires.txt
writing top-level names to ../../build/ur5_control/ur5_control.egg-info/top_level.txt
writing manifest file '../../build/ur5_control/ur5_control.egg-info/SOURCES.txt'
reading manifest file '../../build/ur5_control/ur5_control.egg-info/SOURCES.txt'
writing manifest file '../../build/ur5_control/ur5_control.egg-info/SOURCES.txt'
running build
running build_py
creating /home/eyantra/LB24/Student/1048/build/ur5_control/build
creating /home/eyantra/LB24/Student/1048/build/ur5_control/build/lib
creating /home/eyantra/LB24/Student/1048/build/ur5_control/build/lib/ur5_control
copying ur5_control/arm.py -> /home/eyantra/LB24/Student/1048/build/ur5_control/build/lib/ur5_control
copying ur5_control/arm5.py -> /home/eyantra/LB24/Student/1048/build/ur5_control/build/lib/ur5_control
copying ur5_control/__init__.py -> /home/eyantra/LB24/Student/1048/build/ur5_control/build/lib/ur5_control
running install
running install_lib
creating /home/eyantra/LB24/Student/1048/install/ur5_control/lib/python3.10/site-packages/ur5_control
copying /home/eyantra/LB24/Student/1048/build/ur5_control/build/lib/ur5_control/arm.py -> /home/eyantra/LB24/Student/1048/install/ur5_control/lib/python3.10/site-packages/ur5_control
copying /home/eyantra/LB24/Student/1048/build/ur5_control/build/lib/ur5_control/arm5.py -> /home/eyantra/LB24/Student/1048/install/ur5_control/lib/python3.10/site-packages/ur5_control
copying /home/eyantra/LB24/Student/1048/build/ur5_control/build/lib/ur5_control/__init__.py -> /home/eyantra/LB24/Student/1048/install/ur5_control/lib/python3.10/site-packages/ur5_control
byte-compiling /home/eyantra/LB24/Student/1048/install/ur5_control/lib/python3.10/site-packages/ur5_control/arm.py to arm.cpython-310.pyc
byte-compiling /home/eyantra/LB24/Student/1048/install/ur5_control/lib/python3.10/site-packages/ur5_control/arm5.py to arm5.cpython-310.pyc
byte-compiling /home/eyantra/LB24/Student/1048/install/ur5_control/lib/python3.10/site-packages/ur5_control/__init__.py to __init__.cpython-310.pyc
running install_data
creating /home/eyantra/LB24/Student/1048/install/ur5_control/share/ament_index
creating /home/eyantra/LB24/Student/1048/install/ur5_control/share/ament_index/resource_index
creating /home/eyantra/LB24/Student/1048/install/ur5_control/share/ament_index/resource_index/packages
copying resource/ur5_control -> /home/eyantra/LB24/Student/1048/install/ur5_control/share/ament_index/resource_index/packages
copying package.xml -> /home/eyantra/LB24/Student/1048/install/ur5_control/share/ur5_control
creating /home/eyantra/LB24/Student/1048/install/ur5_control/lib/ur5_control
copying ur5_control/__init__.py -> /home/eyantra/LB24/Student/1048/install/ur5_control/lib/ur5_control
running install_egg_info
Copying ../../build/ur5_control/ur5_control.egg-info to /home/eyantra/LB24/Student/1048/install/ur5_control/lib/python3.10/site-packages/ur5_control-0.0.0-py3.10.egg-info
running install_scripts
Installing 3a script to /home/eyantra/LB24/Student/1048/install/ur5_control/lib/ur5_control
Installing arm script to /home/eyantra/LB24/Student/1048/install/ur5_control/lib/ur5_control
Installing arm5 script to /home/eyantra/LB24/Student/1048/install/ur5_control/lib/ur5_control
Installing working script to /home/eyantra/LB24/Student/1048/install/ur5_control/lib/ur5_control
writing list of installed files to '/home/eyantra/LB24/Student/1048/build/ur5_control/install.log'
