[0.712s] Invoking command in '/home/eyantra/LB24/Student/1048/build/ebot_nav2': CMAKE_PREFIX_PATH=/opt/ros/humble /usr/bin/cmake --build /home/eyantra/LB24/Student/1048/build/ebot_nav2 -- -j8 -l8
[2.213s] Invoked command in '/home/eyantra/LB24/Student/1048/build/ebot_nav2' returned '0': CMAKE_PREFIX_PATH=/opt/ros/humble /usr/bin/cmake --build /home/eyantra/LB24/Student/1048/build/ebot_nav2 -- -j8 -l8
[2.214s] Invoking command in '/home/eyantra/LB24/Student/1048/build/ebot_nav2': CMAKE_PREFIX_PATH=/opt/ros/humble /usr/bin/cmake --install /home/eyantra/LB24/Student/1048/build/ebot_nav2
[2.268s] -- Install configuration: ""
[2.268s] -- Up-to-date: /home/eyantra/LB24/Student/1048/install/ebot_nav2/share/ebot_nav2//launch
[2.268s] -- Up-to-date: /home/eyantra/LB24/Student/1048/install/ebot_nav2/share/ebot_nav2//launch/ebot_nav2_brinup.launch.py
[2.268s] -- Up-to-date: /home/eyantra/LB24/Student/1048/install/ebot_nav2/share/ebot_nav2//models
[2.268s] -- Up-to-date: /home/eyantra/LB24/Student/1048/install/ebot_nav2/share/ebot_nav2//models/ground_plane
[2.268s] -- Up-to-date: /home/eyantra/LB24/Student/1048/install/ebot_nav2/share/ebot_nav2//models/ground_plane/model-1_4.sdf
[2.269s] -- Up-to-date: /home/eyantra/LB24/Student/1048/install/ebot_nav2/share/ebot_nav2//models/ground_plane/model.config
[2.269s] -- Up-to-date: /home/eyantra/LB24/Student/1048/install/ebot_nav2/share/ebot_nav2//models/ground_plane/model-1_3.sdf
[2.269s] -- Up-to-date: /home/eyantra/LB24/Student/1048/install/ebot_nav2/share/ebot_nav2//models/ground_plane/model-1_2.sdf
[2.269s] -- Up-to-date: /home/eyantra/LB24/Student/1048/install/ebot_nav2/share/ebot_nav2//models/ground_plane/model.sdf
[2.269s] -- Up-to-date: /home/eyantra/LB24/Student/1048/install/ebot_nav2/share/ebot_nav2//models/ebot
[2.269s] -- Up-to-date: /home/eyantra/LB24/Student/1048/install/ebot_nav2/share/ebot_nav2//models/ebot/agri_bot.xacro
[2.269s] -- Up-to-date: /home/eyantra/LB24/Student/1048/install/ebot_nav2/share/ebot_nav2//models/ebot/ebot_trolley.xacro
[2.269s] -- Up-to-date: /home/eyantra/LB24/Student/1048/install/ebot_nav2/share/ebot_nav2//models/ebot/ebot_trolley_ur5.xacro
[2.269s] -- Up-to-date: /home/eyantra/LB24/Student/1048/install/ebot_nav2/share/ebot_nav2//models/ebot/ebot.gazebo
[2.270s] -- Up-to-date: /home/eyantra/LB24/Student/1048/install/ebot_nav2/share/ebot_nav2//meshes
[2.270s] -- Up-to-date: /home/eyantra/LB24/Student/1048/install/ebot_nav2/share/ebot_nav2//meshes/LIDAR.STL
[2.270s] -- Up-to-date: /home/eyantra/LB24/Student/1048/install/ebot_nav2/share/ebot_nav2//meshes/FUS3.STL
[2.270s] -- Up-to-date: /home/eyantra/LB24/Student/1048/install/ebot_nav2/share/ebot_nav2//meshes/NAVRS.STL
[2.270s] -- Up-to-date: /home/eyantra/LB24/Student/1048/install/ebot_nav2/share/ebot_nav2//meshes/FWL.STL
[2.270s] -- Up-to-date: /home/eyantra/LB24/Student/1048/install/ebot_nav2/share/ebot_nav2//meshes/FUS1.STL
[2.270s] -- Up-to-date: /home/eyantra/LB24/Student/1048/install/ebot_nav2/share/ebot_nav2//meshes/basket_collision.stl
[2.270s] -- Up-to-date: /home/eyantra/LB24/Student/1048/install/ebot_nav2/share/ebot_nav2//meshes/LHUS10.STL
[2.270s] -- Up-to-date: /home/eyantra/LB24/Student/1048/install/ebot_nav2/share/ebot_nav2//meshes/LANT.STL
[2.270s] -- Up-to-date: /home/eyantra/LB24/Student/1048/install/ebot_nav2/share/ebot_nav2//meshes/basket.dae
[2.271s] -- Up-to-date: /home/eyantra/LB24/Student/1048/install/ebot_nav2/share/ebot_nav2//meshes/FWR.STL
[2.271s] -- Up-to-date: /home/eyantra/LB24/Student/1048/install/ebot_nav2/share/ebot_nav2//meshes/RRS.STL
[2.271s] -- Up-to-date: /home/eyantra/LB24/Student/1048/install/ebot_nav2/share/ebot_nav2//meshes/robot_base.stl
[2.271s] -- Up-to-date: /home/eyantra/LB24/Student/1048/install/ebot_nav2/share/ebot_nav2//meshes/RWL.STL
[2.271s] -- Up-to-date: /home/eyantra/LB24/Student/1048/install/ebot_nav2/share/ebot_nav2//meshes/RANT.STL
[2.271s] -- Up-to-date: /home/eyantra/LB24/Student/1048/install/ebot_nav2/share/ebot_nav2//meshes/RUS5.STL
[2.289s] -- Up-to-date: /home/eyantra/LB24/Student/1048/install/ebot_nav2/share/ebot_nav2//meshes/RWR.STL
[2.289s] -- Up-to-date: /home/eyantra/LB24/Student/1048/install/ebot_nav2/share/ebot_nav2//meshes/LHUS9.STL
[2.290s] -- Up-to-date: /home/eyantra/LB24/Student/1048/install/ebot_nav2/share/ebot_nav2//meshes/chassis.dae
[2.290s] -- Up-to-date: /home/eyantra/LB24/Student/1048/install/ebot_nav2/share/ebot_nav2//meshes/RHUS9.STL
[2.290s] -- Up-to-date: /home/eyantra/LB24/Student/1048/install/ebot_nav2/share/ebot_nav2//meshes/RUS6.STL
[2.290s] -- Up-to-date: /home/eyantra/LB24/Student/1048/install/ebot_nav2/share/ebot_nav2//meshes/FUS4.STL
[2.290s] -- Up-to-date: /home/eyantra/LB24/Student/1048/install/ebot_nav2/share/ebot_nav2//meshes/FRS.STL
[2.290s] -- Up-to-date: /home/eyantra/LB24/Student/1048/install/ebot_nav2/share/ebot_nav2//meshes/FUS2.STL
[2.290s] -- Up-to-date: /home/eyantra/LB24/Student/1048/install/ebot_nav2/share/ebot_nav2//meshes/RHUS7.STL
[2.290s] -- Up-to-date: /home/eyantra/LB24/Student/1048/install/ebot_nav2/share/ebot_nav2//meshes/trolley.STL
[2.290s] -- Up-to-date: /home/eyantra/LB24/Student/1048/install/ebot_nav2/share/ebot_nav2//config
[2.291s] -- Up-to-date: /home/eyantra/LB24/Student/1048/install/ebot_nav2/share/ebot_nav2//config/config.yaml
[2.291s] -- Up-to-date: /home/eyantra/LB24/Student/1048/install/ebot_nav2/share/ebot_nav2//config/ekf.yaml
[2.291s] -- Up-to-date: /home/eyantra/LB24/Student/1048/install/ebot_nav2/share/ebot_nav2//config/mapper_params_online_async.yaml
[2.291s] -- Up-to-date: /home/eyantra/LB24/Student/1048/install/ebot_nav2/share/ebot_nav2//plugins
[2.291s] -- Up-to-date: /home/eyantra/LB24/Student/1048/install/ebot_nav2/share/ebot_nav2//plugins/libgazebo_ros_vacuum_gripper.so
[2.291s] -- Up-to-date: /home/eyantra/LB24/Student/1048/install/ebot_nav2/share/ebot_nav2//plugins/libgazebo_collision_sensor.so
[2.291s] -- Up-to-date: /home/eyantra/LB24/Student/1048/install/ebot_nav2/share/ebot_nav2//maps
[2.291s] -- Up-to-date: /home/eyantra/LB24/Student/1048/install/ebot_nav2/share/ebot_nav2//maps/map.pgm
[2.291s] -- Up-to-date: /home/eyantra/LB24/Student/1048/install/ebot_nav2/share/ebot_nav2//maps/map.posegraph
[2.291s] -- Up-to-date: /home/eyantra/LB24/Student/1048/install/ebot_nav2/share/ebot_nav2//maps/map.yaml
[2.292s] -- Up-to-date: /home/eyantra/LB24/Student/1048/install/ebot_nav2/share/ebot_nav2//maps/map.data
[2.292s] -- Up-to-date: /home/eyantra/LB24/Student/1048/install/ebot_nav2/share/ebot_nav2//params
[2.292s] -- Up-to-date: /home/eyantra/LB24/Student/1048/install/ebot_nav2/share/ebot_nav2//params/nav2_params.yaml
[2.292s] -- Up-to-date: /home/eyantra/LB24/Student/1048/install/ebot_nav2/share/ebot_nav2//params/nav2_params_filtered.yaml
[2.292s] -- Up-to-date: /home/eyantra/LB24/Student/1048/install/ebot_nav2/share/ebot_nav2//rviz
[2.292s] -- Up-to-date: /home/eyantra/LB24/Student/1048/install/ebot_nav2/share/ebot_nav2//rviz/nav2_default_view.rviz
[2.314s] -- Up-to-date: /home/eyantra/LB24/Student/1048/install/ebot_nav2/lib/ebot_nav2/pyarmor_runtime_000000
[2.314s] -- Up-to-date: /home/eyantra/LB24/Student/1048/install/ebot_nav2/lib/ebot_nav2/pyarmor_runtime_000000/__init__.py
[2.314s] -- Up-to-date: /home/eyantra/LB24/Student/1048/install/ebot_nav2/lib/ebot_nav2/pyarmor_runtime_000000/pyarmor_runtime.so
[2.314s] -- Up-to-date: /home/eyantra/LB24/Student/1048/install/ebot_nav2/lib/ebot_nav2/pose_detector.py
[2.315s] -- Up-to-date: /home/eyantra/LB24/Student/1048/install/ebot_nav2/lib/ebot_nav2/pf_pose_saver.py
[2.315s] -- Up-to-date: /home/eyantra/LB24/Student/1048/install/ebot_nav2/lib/ebot_nav2/duplicate_imu.py
[2.315s] -- Up-to-date: /home/eyantra/LB24/Student/1048/install/ebot_nav2/share/ament_index/resource_index/package_run_dependencies/ebot_nav2
[2.315s] -- Up-to-date: /home/eyantra/LB24/Student/1048/install/ebot_nav2/share/ament_index/resource_index/parent_prefix_path/ebot_nav2
[2.315s] -- Up-to-date: /home/eyantra/LB24/Student/1048/install/ebot_nav2/share/ebot_nav2/environment/ament_prefix_path.sh
[2.315s] -- Up-to-date: /home/eyantra/LB24/Student/1048/install/ebot_nav2/share/ebot_nav2/environment/ament_prefix_path.dsv
[2.315s] -- Up-to-date: /home/eyantra/LB24/Student/1048/install/ebot_nav2/share/ebot_nav2/environment/path.sh
[2.316s] -- Up-to-date: /home/eyantra/LB24/Student/1048/install/ebot_nav2/share/ebot_nav2/environment/path.dsv
[2.316s] -- Up-to-date: /home/eyantra/LB24/Student/1048/install/ebot_nav2/share/ebot_nav2/local_setup.bash
[2.316s] -- Up-to-date: /home/eyantra/LB24/Student/1048/install/ebot_nav2/share/ebot_nav2/local_setup.sh
[2.316s] -- Up-to-date: /home/eyantra/LB24/Student/1048/install/ebot_nav2/share/ebot_nav2/local_setup.zsh
[2.316s] -- Up-to-date: /home/eyantra/LB24/Student/1048/install/ebot_nav2/share/ebot_nav2/local_setup.dsv
[2.316s] -- Installing: /home/eyantra/LB24/Student/1048/install/ebot_nav2/share/ebot_nav2/package.dsv
[2.316s] -- Up-to-date: /home/eyantra/LB24/Student/1048/install/ebot_nav2/share/ament_index/resource_index/packages/ebot_nav2
[2.316s] -- Up-to-date: /home/eyantra/LB24/Student/1048/install/ebot_nav2/share/ebot_nav2/cmake/ebot_nav2Config.cmake
[2.316s] -- Up-to-date: /home/eyantra/LB24/Student/1048/install/ebot_nav2/share/ebot_nav2/cmake/ebot_nav2Config-version.cmake
[2.316s] -- Up-to-date: /home/eyantra/LB24/Student/1048/install/ebot_nav2/share/ebot_nav2/package.xml
[2.385s] Invoked command in '/home/eyantra/LB24/Student/1048/build/ebot_nav2' returned '0': CMAKE_PREFIX_PATH=/opt/ros/humble /usr/bin/cmake --install /home/eyantra/LB24/Student/1048/build/ebot_nav2
