[0.368s] Invoking command in '/home/northee/git/task3a/build/ur_moveit_config': CMAKE_PREFIX_PATH=/opt/ros/humble /usr/bin/cmake /home/northee/git/task3a/src/ur_moveit_config -DCMAKE_INSTALL_PREFIX=/home/northee/git/task3a/install/ur_moveit_config
[0.376s] -- Found ament_cmake: 1.3.11 (/opt/ros/humble/share/ament_cmake/cmake)
[0.424s] -- Found ament_lint_auto: 0.12.11 (/opt/ros/humble/share/ament_lint_auto/cmake)
[0.461s] -- Configuring done
[0.466s] -- Generating done
[0.467s] -- Build files have been written to: /home/northee/git/task3a/build/ur_moveit_config
[0.469s] Invoked command in '/home/northee/git/task3a/build/ur_moveit_config' returned '0': CMAKE_PREFIX_PATH=/opt/ros/humble /usr/bin/cmake /home/northee/git/task3a/src/ur_moveit_config -DCMAKE_INSTALL_PREFIX=/home/northee/git/task3a/install/ur_moveit_config
[0.470s] Invoking command in '/home/northee/git/task3a/build/ur_moveit_config': CMAKE_PREFIX_PATH=/opt/ros/humble /usr/bin/cmake --build /home/northee/git/task3a/build/ur_moveit_config -- -j24 -l24
[0.479s] Invoked command in '/home/northee/git/task3a/build/ur_moveit_config' returned '0': CMAKE_PREFIX_PATH=/opt/ros/humble /usr/bin/cmake --build /home/northee/git/task3a/build/ur_moveit_config -- -j24 -l24
[0.482s] Invoking command in '/home/northee/git/task3a/build/ur_moveit_config': CMAKE_PREFIX_PATH=/opt/ros/humble /usr/bin/cmake --install /home/northee/git/task3a/build/ur_moveit_config
[0.483s] -- Install configuration: ""
[0.484s] -- Up-to-date: /home/northee/git/task3a/install/ur_moveit_config/share/ur_moveit_config/config
[0.484s] -- Up-to-date: /home/northee/git/task3a/install/ur_moveit_config/share/ur_moveit_config/config/kinematics.yaml
[0.484s] -- Up-to-date: /home/northee/git/task3a/install/ur_moveit_config/share/ur_moveit_config/launch
[0.485s] -- Up-to-date: /home/northee/git/task3a/install/ur_moveit_config/share/ur_moveit_config/launch/ur_moveit.launch.py
[0.485s] -- Up-to-date: /home/northee/git/task3a/install/ur_moveit_config/share/ur_moveit_config/rviz
[0.486s] -- Up-to-date: /home/northee/git/task3a/install/ur_moveit_config/share/ur_moveit_config/rviz/view_robot.rviz
[0.486s] -- Up-to-date: /home/northee/git/task3a/install/ur_moveit_config/share/ur_moveit_config/srdf
[0.486s] -- Up-to-date: /home/northee/git/task3a/install/ur_moveit_config/share/ur_moveit_config/srdf/ur_macro.srdf.xacro
[0.487s] -- Up-to-date: /home/northee/git/task3a/install/ur_moveit_config/share/ur_moveit_config/srdf/ur.srdf.xacro
[0.488s] -- Up-to-date: /home/northee/git/task3a/install/ur_moveit_config/share/ament_index/resource_index/package_run_dependencies/ur_moveit_config
[0.488s] -- Installing: /home/northee/git/task3a/install/ur_moveit_config/share/ament_index/resource_index/parent_prefix_path/ur_moveit_config
[0.488s] -- Up-to-date: /home/northee/git/task3a/install/ur_moveit_config/share/ur_moveit_config/environment/ament_prefix_path.sh
[0.488s] -- Installing: /home/northee/git/task3a/install/ur_moveit_config/share/ur_moveit_config/environment/ament_prefix_path.dsv
[0.488s] -- Up-to-date: /home/northee/git/task3a/install/ur_moveit_config/share/ur_moveit_config/environment/path.sh
[0.489s] -- Installing: /home/northee/git/task3a/install/ur_moveit_config/share/ur_moveit_config/environment/path.dsv
[0.489s] -- Up-to-date: /home/northee/git/task3a/install/ur_moveit_config/share/ur_moveit_config/local_setup.bash
[0.489s] -- Up-to-date: /home/northee/git/task3a/install/ur_moveit_config/share/ur_moveit_config/local_setup.sh
[0.489s] -- Up-to-date: /home/northee/git/task3a/install/ur_moveit_config/share/ur_moveit_config/local_setup.zsh
[0.489s] -- Installing: /home/northee/git/task3a/install/ur_moveit_config/share/ur_moveit_config/local_setup.dsv
[0.489s] -- Installing: /home/northee/git/task3a/install/ur_moveit_config/share/ur_moveit_config/package.dsv
[0.489s] -- Up-to-date: /home/northee/git/task3a/install/ur_moveit_config/share/ament_index/resource_index/packages/ur_moveit_config
[0.490s] -- Up-to-date: /home/northee/git/task3a/install/ur_moveit_config/share/ur_moveit_config/cmake/ur_moveit_configConfig.cmake
[0.490s] -- Up-to-date: /home/northee/git/task3a/install/ur_moveit_config/share/ur_moveit_config/cmake/ur_moveit_configConfig-version.cmake
[0.490s] -- Up-to-date: /home/northee/git/task3a/install/ur_moveit_config/share/ur_moveit_config/package.xml
[0.490s] Invoked command in '/home/northee/git/task3a/build/ur_moveit_config' returned '0': CMAKE_PREFIX_PATH=/opt/ros/humble /usr/bin/cmake --install /home/northee/git/task3a/build/ur_moveit_config
