[2.815s] Invoking command in '/home/eyantra/LB24/Student/1048/src/jk': PYTHONPATH=/home/eyantra/LB24/Student/1048/build/jk/prefix_override:/usr/lib/python3/dist-packages/colcon_core/task/python/colcon_distutils_commands:/home/eyantra/LB24/Student/1048/install/jk/lib/python3.10/site-packages:${PYTHONPATH} /usr/bin/python3 -W ignore:setup.py install is deprecated -W ignore:easy_install command is deprecated setup.py egg_info --egg-base ../../build/jk build --build-base /home/eyantra/LB24/Student/1048/build/jk/build install --record /home/eyantra/LB24/Student/1048/build/jk/install.log --single-version-externally-managed install_data
[3.722s] running egg_info
[3.723s] writing ../../build/jk/jk.egg-info/PKG-INFO
[3.723s] writing dependency_links to ../../build/jk/jk.egg-info/dependency_links.txt
[3.723s] writing entry points to ../../build/jk/jk.egg-info/entry_points.txt
[3.723s] writing requirements to ../../build/jk/jk.egg-info/requires.txt
[3.723s] writing top-level names to ../../build/jk/jk.egg-info/top_level.txt
[3.723s] reading manifest file '../../build/jk/jk.egg-info/SOURCES.txt'
[3.724s] writing manifest file '../../build/jk/jk.egg-info/SOURCES.txt'
[3.724s] running build
[3.724s] running build_py
[3.724s] running install
[3.731s] running install_lib
[3.731s] running install_data
[3.731s] running install_egg_info
[3.732s] removing '/home/eyantra/LB24/Student/1048/install/jk/lib/python3.10/site-packages/jk-0.0.0-py3.10.egg-info' (and everything under it)
[3.732s] Copying ../../build/jk/jk.egg-info to /home/eyantra/LB24/Student/1048/install/jk/lib/python3.10/site-packages/jk-0.0.0-py3.10.egg-info
[3.737s] running install_scripts
[3.784s] Installing arm script to /home/eyantra/LB24/Student/1048/install/jk/lib/jk
[3.784s] Installing dock script to /home/eyantra/LB24/Student/1048/install/jk/lib/jk
[3.788s] Installing nav script to /home/eyantra/LB24/Student/1048/install/jk/lib/jk
[3.789s] writing list of installed files to '/home/eyantra/LB24/Student/1048/build/jk/install.log'
[3.951s] Invoked command in '/home/eyantra/LB24/Student/1048/src/jk' returned '0': PYTHONPATH=/home/eyantra/LB24/Student/1048/build/jk/prefix_override:/usr/lib/python3/dist-packages/colcon_core/task/python/colcon_distutils_commands:/home/eyantra/LB24/Student/1048/install/jk/lib/python3.10/site-packages:${PYTHONPATH} /usr/bin/python3 -W ignore:setup.py install is deprecated -W ignore:easy_install command is deprecated setup.py egg_info --egg-base ../../build/jk build --build-base /home/eyantra/LB24/Student/1048/build/jk/build install --record /home/eyantra/LB24/Student/1048/build/jk/install.log --single-version-externally-managed install_data
