[0.134s] Invoking command in '/home/northee/git/task3a/build/ur_moveit_config': CMAKE_PREFIX_PATH=${CMAKE_PREFIX_PATH}:/home/northee/eyrc/eyrc_ws/install/ur5_control:/home/northee/eyrc/eyrc_ws/install/bot:/home/northee/git/task3a/install/l:/home/northee/git/task3a/install/ff:/opt/ros/humble /usr/bin/cmake /home/northee/git/task3a/src/ur_moveit_config -DCMAKE_INSTALL_PREFIX=/home/northee/git/task3a/install/ur_moveit_config
[0.161s] -- The C compiler identification is GNU 11.4.0
[0.187s] -- The CXX compiler identification is GNU 11.4.0
[0.192s] -- Detecting C compiler ABI info
[0.222s] -- Detecting C compiler ABI info - done
[0.227s] -- Check for working C compiler: /usr/bin/cc - skipped
[0.227s] -- Detecting C compile features
[0.227s] -- Detecting C compile features - done
[0.228s] -- Detecting CXX compiler ABI info
[0.268s] -- Detecting CXX compiler ABI info - done
[0.272s] -- Check for working CXX compiler: /usr/bin/c++ - skipped
[0.272s] -- Detecting CXX compile features
[0.273s] -- Detecting CXX compile features - done
[0.274s] -- Found ament_cmake: 1.3.11 (/opt/ros/humble/share/ament_cmake/cmake)
[0.355s] -- Found Python3: /usr/bin/python3 (found version "3.10.12") found components: Interpreter 
[0.409s] -- Found ament_lint_auto: 0.12.11 (/opt/ros/humble/share/ament_lint_auto/cmake)
[0.441s] -- Configuring done
[0.441s] -- Generating done
[0.442s] -- Build files have been written to: /home/northee/git/task3a/build/ur_moveit_config
[0.444s] Invoked command in '/home/northee/git/task3a/build/ur_moveit_config' returned '0': CMAKE_PREFIX_PATH=${CMAKE_PREFIX_PATH}:/home/northee/eyrc/eyrc_ws/install/ur5_control:/home/northee/eyrc/eyrc_ws/install/bot:/home/northee/git/task3a/install/l:/home/northee/git/task3a/install/ff:/opt/ros/humble /usr/bin/cmake /home/northee/git/task3a/src/ur_moveit_config -DCMAKE_INSTALL_PREFIX=/home/northee/git/task3a/install/ur_moveit_config
[0.445s] Invoking command in '/home/northee/git/task3a/build/ur_moveit_config': CMAKE_PREFIX_PATH=${CMAKE_PREFIX_PATH}:/home/northee/eyrc/eyrc_ws/install/ur5_control:/home/northee/eyrc/eyrc_ws/install/bot:/home/northee/git/task3a/install/l:/home/northee/git/task3a/install/ff:/opt/ros/humble /usr/bin/cmake --build /home/northee/git/task3a/build/ur_moveit_config -- -j24 -l24
[0.456s] Invoked command in '/home/northee/git/task3a/build/ur_moveit_config' returned '0': CMAKE_PREFIX_PATH=${CMAKE_PREFIX_PATH}:/home/northee/eyrc/eyrc_ws/install/ur5_control:/home/northee/eyrc/eyrc_ws/install/bot:/home/northee/git/task3a/install/l:/home/northee/git/task3a/install/ff:/opt/ros/humble /usr/bin/cmake --build /home/northee/git/task3a/build/ur_moveit_config -- -j24 -l24
[0.459s] Invoking command in '/home/northee/git/task3a/build/ur_moveit_config': CMAKE_PREFIX_PATH=${CMAKE_PREFIX_PATH}:/home/northee/eyrc/eyrc_ws/install/ur5_control:/home/northee/eyrc/eyrc_ws/install/bot:/home/northee/git/task3a/install/l:/home/northee/git/task3a/install/ff:/opt/ros/humble /usr/bin/cmake --install /home/northee/git/task3a/build/ur_moveit_config
[0.461s] -- Install configuration: ""
[0.461s] -- Installing: /home/northee/git/task3a/install/ur_moveit_config/share/ur_moveit_config/config
[0.461s] -- Installing: /home/northee/git/task3a/install/ur_moveit_config/share/ur_moveit_config/config/kinematics.yaml
[0.461s] -- Installing: /home/northee/git/task3a/install/ur_moveit_config/share/ur_moveit_config/launch
[0.461s] -- Installing: /home/northee/git/task3a/install/ur_moveit_config/share/ur_moveit_config/launch/ur_moveit.launch.py
[0.462s] -- Installing: /home/northee/git/task3a/install/ur_moveit_config/share/ur_moveit_config/rviz
[0.462s] -- Installing: /home/northee/git/task3a/install/ur_moveit_config/share/ur_moveit_config/rviz/view_robot.rviz
[0.462s] -- Installing: /home/northee/git/task3a/install/ur_moveit_config/share/ur_moveit_config/srdf
[0.462s] -- Installing: /home/northee/git/task3a/install/ur_moveit_config/share/ur_moveit_config/srdf/ur_macro.srdf.xacro
[0.462s] -- Installing: /home/northee/git/task3a/install/ur_moveit_config/share/ur_moveit_config/srdf/ur.srdf.xacro
[0.462s] -- Installing: /home/northee/git/task3a/install/ur_moveit_config/share/ament_index/resource_index/package_run_dependencies/ur_moveit_config
[0.462s] -- Installing: /home/northee/git/task3a/install/ur_moveit_config/share/ament_index/resource_index/parent_prefix_path/ur_moveit_config
[0.462s] -- Installing: /home/northee/git/task3a/install/ur_moveit_config/share/ur_moveit_config/environment/ament_prefix_path.sh
[0.462s] -- Installing: /home/northee/git/task3a/install/ur_moveit_config/share/ur_moveit_config/environment/ament_prefix_path.dsv
[0.462s] -- Installing: /home/northee/git/task3a/install/ur_moveit_config/share/ur_moveit_config/environment/path.sh
[0.462s] -- Installing: /home/northee/git/task3a/install/ur_moveit_config/share/ur_moveit_config/environment/path.dsv
[0.462s] -- Installing: /home/northee/git/task3a/install/ur_moveit_config/share/ur_moveit_config/local_setup.bash
[0.462s] -- Installing: /home/northee/git/task3a/install/ur_moveit_config/share/ur_moveit_config/local_setup.sh
[0.462s] -- Installing: /home/northee/git/task3a/install/ur_moveit_config/share/ur_moveit_config/local_setup.zsh
[0.462s] -- Installing: /home/northee/git/task3a/install/ur_moveit_config/share/ur_moveit_config/local_setup.dsv
[0.462s] -- Installing: /home/northee/git/task3a/install/ur_moveit_config/share/ur_moveit_config/package.dsv
[0.462s] -- Installing: /home/northee/git/task3a/install/ur_moveit_config/share/ament_index/resource_index/packages/ur_moveit_config
[0.462s] -- Installing: /home/northee/git/task3a/install/ur_moveit_config/share/ur_moveit_config/cmake/ur_moveit_configConfig.cmake
[0.462s] -- Installing: /home/northee/git/task3a/install/ur_moveit_config/share/ur_moveit_config/cmake/ur_moveit_configConfig-version.cmake
[0.462s] -- Installing: /home/northee/git/task3a/install/ur_moveit_config/share/ur_moveit_config/package.xml
[0.463s] Invoked command in '/home/northee/git/task3a/build/ur_moveit_config' returned '0': CMAKE_PREFIX_PATH=${CMAKE_PREFIX_PATH}:/home/northee/eyrc/eyrc_ws/install/ur5_control:/home/northee/eyrc/eyrc_ws/install/bot:/home/northee/git/task3a/install/l:/home/northee/git/task3a/install/ff:/opt/ros/humble /usr/bin/cmake --install /home/northee/git/task3a/build/ur_moveit_config
