[2.988s] Invoking command in '/home/eyantra/LB24/Student/1048/src/ff': PYTHONPATH=/home/eyantra/LB24/Student/1048/build/ff/prefix_override:/usr/lib/python3/dist-packages/colcon_core/task/python/colcon_distutils_commands:/home/eyantra/LB24/Student/1048/install/ff/lib/python3.10/site-packages:${PYTHONPATH} /usr/bin/python3 -W ignore:setup.py install is deprecated -W ignore:easy_install command is deprecated setup.py egg_info --egg-base ../../build/ff build --build-base /home/eyantra/LB24/Student/1048/build/ff/build install --record /home/eyantra/LB24/Student/1048/build/ff/install.log --single-version-externally-managed install_data
[3.533s] running egg_info
[3.534s] writing ../../build/ff/ff.egg-info/PKG-INFO
[3.536s] writing dependency_links to ../../build/ff/ff.egg-info/dependency_links.txt
[3.537s] writing entry points to ../../build/ff/ff.egg-info/entry_points.txt
[3.538s] writing requirements to ../../build/ff/ff.egg-info/requires.txt
[3.538s] writing top-level names to ../../build/ff/ff.egg-info/top_level.txt
[3.549s] reading manifest file '../../build/ff/ff.egg-info/SOURCES.txt'
[3.551s] writing manifest file '../../build/ff/ff.egg-info/SOURCES.txt'
[3.552s] running build
[3.553s] running build_py
[3.554s] running install
[3.554s] running install_lib
[3.555s] running install_data
[3.555s] running install_egg_info
[3.575s] removing '/home/eyantra/LB24/Student/1048/install/ff/lib/python3.10/site-packages/ff-0.0.0-py3.10.egg-info' (and everything under it)
[3.579s] Copying ../../build/ff/ff.egg-info to /home/eyantra/LB24/Student/1048/install/ff/lib/python3.10/site-packages/ff-0.0.0-py3.10.egg-info
[3.580s] running install_scripts
[3.612s] Installing arm script to /home/eyantra/LB24/Student/1048/install/ff/lib/ff
[3.616s] Installing dock script to /home/eyantra/LB24/Student/1048/install/ff/lib/ff
[3.616s] Installing nav script to /home/eyantra/LB24/Student/1048/install/ff/lib/ff
[3.617s] writing list of installed files to '/home/eyantra/LB24/Student/1048/build/ff/install.log'
[3.725s] Invoked command in '/home/eyantra/LB24/Student/1048/src/ff' returned '0': PYTHONPATH=/home/eyantra/LB24/Student/1048/build/ff/prefix_override:/usr/lib/python3/dist-packages/colcon_core/task/python/colcon_distutils_commands:/home/eyantra/LB24/Student/1048/install/ff/lib/python3.10/site-packages:${PYTHONPATH} /usr/bin/python3 -W ignore:setup.py install is deprecated -W ignore:easy_install command is deprecated setup.py egg_info --egg-base ../../build/ff build --build-base /home/eyantra/LB24/Student/1048/build/ff/build install --record /home/eyantra/LB24/Student/1048/build/ff/install.log --single-version-externally-managed install_data
