[0.456s] Invoking command in '/home/northee/git/task3a/src/jk': PYTHONPATH=/home/northee/git/task3a/build/jk/prefix_override:/usr/lib/python3/dist-packages/colcon_core/task/python/colcon_distutils_commands:/home/northee/git/task3a/install/jk/lib/python3.10/site-packages:${PYTHONPATH} /usr/bin/python3 -W ignore:setup.py install is deprecated -W ignore:easy_install command is deprecated setup.py egg_info --egg-base ../../build/jk build --build-base /home/northee/git/task3a/build/jk/build install --record /home/northee/git/task3a/build/jk/install.log --single-version-externally-managed install_data
[0.562s] running egg_info
[0.562s] writing ../../build/jk/jk.egg-info/PKG-INFO
[0.562s] writing dependency_links to ../../build/jk/jk.egg-info/dependency_links.txt
[0.562s] writing entry points to ../../build/jk/jk.egg-info/entry_points.txt
[0.562s] writing requirements to ../../build/jk/jk.egg-info/requires.txt
[0.562s] writing top-level names to ../../build/jk/jk.egg-info/top_level.txt
[0.563s] reading manifest file '../../build/jk/jk.egg-info/SOURCES.txt'
[0.563s] writing manifest file '../../build/jk/jk.egg-info/SOURCES.txt'
[0.563s] running build
[0.563s] running build_py
[0.564s] copying jk/arm.py -> /home/northee/git/task3a/build/jk/build/lib/jk
[0.564s] running install
[0.564s] running install_lib
[0.564s] copying /home/northee/git/task3a/build/jk/build/lib/jk/arm.py -> /home/northee/git/task3a/install/jk/lib/python3.10/site-packages/jk
[0.564s] byte-compiling /home/northee/git/task3a/install/jk/lib/python3.10/site-packages/jk/arm.py to arm.cpython-310.pyc
[0.566s] running install_data
[0.567s] running install_egg_info
[0.567s] removing '/home/northee/git/task3a/install/jk/lib/python3.10/site-packages/jk-0.0.0-py3.10.egg-info' (and everything under it)
[0.567s] Copying ../../build/jk/jk.egg-info to /home/northee/git/task3a/install/jk/lib/python3.10/site-packages/jk-0.0.0-py3.10.egg-info
[0.568s] running install_scripts
[0.577s] Installing arm script to /home/northee/git/task3a/install/jk/lib/jk
[0.577s] Installing dock script to /home/northee/git/task3a/install/jk/lib/jk
[0.577s] Installing nav script to /home/northee/git/task3a/install/jk/lib/jk
[0.577s] writing list of installed files to '/home/northee/git/task3a/build/jk/install.log'
[0.588s] Invoked command in '/home/northee/git/task3a/src/jk' returned '0': PYTHONPATH=/home/northee/git/task3a/build/jk/prefix_override:/usr/lib/python3/dist-packages/colcon_core/task/python/colcon_distutils_commands:/home/northee/git/task3a/install/jk/lib/python3.10/site-packages:${PYTHONPATH} /usr/bin/python3 -W ignore:setup.py install is deprecated -W ignore:easy_install command is deprecated setup.py egg_info --egg-base ../../build/jk build --build-base /home/northee/git/task3a/build/jk/build install --record /home/northee/git/task3a/build/jk/install.log --single-version-externally-managed install_data
