[0.125s] Invoking command in '/home/eyantra/LB24/Student/1048/build/usb_servo': CMAKE_PREFIX_PATH=/opt/ros/humble /usr/bin/cmake --build /home/eyantra/LB24/Student/1048/build/usb_servo -- -j8 -l8
[2.310s] [  3%] Built target usb_servo__cpp
[2.311s] [  3%] Built target ament_cmake_python_copy_usb_servo
[2.312s] [ 12%] Built target usb_servo__rosidl_typesupport_cpp
[2.313s] running egg_info
[2.314s] writing usb_servo.egg-info/PKG-INFO
[2.320s] writing dependency_links to usb_servo.egg-info/dependency_links.txt
[2.322s] writing top-level names to usb_servo.egg-info/top_level.txt
[2.323s] reading manifest file 'usb_servo.egg-info/SOURCES.txt'
[2.323s] writing manifest file 'usb_servo.egg-info/SOURCES.txt'
[2.323s] [ 12%] Built target ament_cmake_python_build_usb_servo_egg
[2.323s] [ 22%] Built target usb_servo__rosidl_typesupport_introspection_cpp
[2.323s] [ 32%] Built target usb_servo__rosidl_typesupport_fastrtps_cpp
[2.324s] [ 41%] Built target usb_servo__rosidl_generator_c
[2.324s] [ 51%] Built target usb_servo__rosidl_typesupport_fastrtps_c
[2.324s] [ 61%] Built target usb_servo__rosidl_typesupport_c
[2.324s] [ 70%] Built target usb_servo__rosidl_typesupport_introspection_c
[2.324s] [ 70%] Built target usb_servo
[2.324s] [ 74%] Built target usb_servo__py
[2.324s] [ 80%] Built target usb_servo__rosidl_generator_py
[2.324s] [ 87%] Built target usb_servo__rosidl_typesupport_fastrtps_c__pyext
[2.324s] [ 93%] Built target usb_servo__rosidl_typesupport_c__pyext
[2.324s] [100%] Built target usb_servo__rosidl_typesupport_introspection_c__pyext
[2.349s] Invoked command in '/home/eyantra/LB24/Student/1048/build/usb_servo' returned '0': CMAKE_PREFIX_PATH=/opt/ros/humble /usr/bin/cmake --build /home/eyantra/LB24/Student/1048/build/usb_servo -- -j8 -l8
[2.379s] Invoking command in '/home/eyantra/LB24/Student/1048/build/usb_servo': CMAKE_PREFIX_PATH=/opt/ros/humble /usr/bin/cmake --install /home/eyantra/LB24/Student/1048/build/usb_servo
[2.438s] -- Install configuration: ""
[2.438s] -- Up-to-date: /home/eyantra/LB24/Student/1048/install/usb_servo/share/ament_index/resource_index/rosidl_interfaces/usb_servo
[2.438s] -- Up-to-date: /home/eyantra/LB24/Student/1048/install/usb_servo/include/usb_servo/usb_servo
[2.438s] -- Up-to-date: /home/eyantra/LB24/Student/1048/install/usb_servo/include/usb_servo/usb_servo/msg
[2.438s] -- Up-to-date: /home/eyantra/LB24/Student/1048/install/usb_servo/include/usb_servo/usb_servo/msg/rosidl_generator_c__visibility_control.h
[2.439s] -- Up-to-date: /home/eyantra/LB24/Student/1048/install/usb_servo/include/usb_servo/usb_servo/srv
[2.439s] -- Up-to-date: /home/eyantra/LB24/Student/1048/install/usb_servo/include/usb_servo/usb_servo/srv/servo_sw.h
[2.439s] -- Up-to-date: /home/eyantra/LB24/Student/1048/install/usb_servo/include/usb_servo/usb_servo/srv/detail
[2.439s] -- Up-to-date: /home/eyantra/LB24/Student/1048/install/usb_servo/include/usb_servo/usb_servo/srv/detail/servo_sw__functions.c
[2.439s] -- Up-to-date: /home/eyantra/LB24/Student/1048/install/usb_servo/include/usb_servo/usb_servo/srv/detail/servo_sw__struct.h
[2.439s] -- Up-to-date: /home/eyantra/LB24/Student/1048/install/usb_servo/include/usb_servo/usb_servo/srv/detail/servo_sw__type_support.h
[2.439s] -- Up-to-date: /home/eyantra/LB24/Student/1048/install/usb_servo/include/usb_servo/usb_servo/srv/detail/servo_sw__functions.h
[2.439s] -- Up-to-date: /home/eyantra/LB24/Student/1048/install/usb_servo/share/usb_servo/environment/library_path.sh
[2.439s] -- Up-to-date: /home/eyantra/LB24/Student/1048/install/usb_servo/share/usb_servo/environment/library_path.dsv
[2.440s] -- Up-to-date: /home/eyantra/LB24/Student/1048/install/usb_servo/lib/libusb_servo__rosidl_generator_c.so
[2.440s] -- Up-to-date: /home/eyantra/LB24/Student/1048/install/usb_servo/include/usb_servo/usb_servo
[2.440s] -- Up-to-date: /home/eyantra/LB24/Student/1048/install/usb_servo/include/usb_servo/usb_servo/msg
[2.440s] -- Up-to-date: /home/eyantra/LB24/Student/1048/install/usb_servo/include/usb_servo/usb_servo/msg/rosidl_typesupport_fastrtps_c__visibility_control.h
[2.440s] -- Up-to-date: /home/eyantra/LB24/Student/1048/install/usb_servo/include/usb_servo/usb_servo/srv
[2.440s] -- Up-to-date: /home/eyantra/LB24/Student/1048/install/usb_servo/include/usb_servo/usb_servo/srv/detail
[2.449s] -- Up-to-date: /home/eyantra/LB24/Student/1048/install/usb_servo/include/usb_servo/usb_servo/srv/detail/servo_sw__rosidl_typesupport_fastrtps_c.h
[2.450s] -- Up-to-date: /home/eyantra/LB24/Student/1048/install/usb_servo/lib/libusb_servo__rosidl_typesupport_fastrtps_c.so
[2.450s] -- Up-to-date: /home/eyantra/LB24/Student/1048/install/usb_servo/include/usb_servo/usb_servo
[2.450s] -- Up-to-date: /home/eyantra/LB24/Student/1048/install/usb_servo/include/usb_servo/usb_servo/msg
[2.450s] -- Up-to-date: /home/eyantra/LB24/Student/1048/install/usb_servo/include/usb_servo/usb_servo/msg/rosidl_typesupport_introspection_c__visibility_control.h
[2.456s] -- Up-to-date: /home/eyantra/LB24/Student/1048/install/usb_servo/include/usb_servo/usb_servo/srv
[2.458s] -- Up-to-date: /home/eyantra/LB24/Student/1048/install/usb_servo/include/usb_servo/usb_servo/srv/detail
[2.458s] -- Up-to-date: /home/eyantra/LB24/Student/1048/install/usb_servo/include/usb_servo/usb_servo/srv/detail/servo_sw__rosidl_typesupport_introspection_c.h
[2.458s] -- Up-to-date: /home/eyantra/LB24/Student/1048/install/usb_servo/include/usb_servo/usb_servo/srv/detail/servo_sw__type_support.c
[2.458s] -- Up-to-date: /home/eyantra/LB24/Student/1048/install/usb_servo/lib/libusb_servo__rosidl_typesupport_introspection_c.so
[2.458s] -- Up-to-date: /home/eyantra/LB24/Student/1048/install/usb_servo/lib/libusb_servo__rosidl_typesupport_c.so
[2.458s] -- Up-to-date: /home/eyantra/LB24/Student/1048/install/usb_servo/include/usb_servo/usb_servo
[2.459s] -- Up-to-date: /home/eyantra/LB24/Student/1048/install/usb_servo/include/usb_servo/usb_servo/msg
[2.459s] -- Up-to-date: /home/eyantra/LB24/Student/1048/install/usb_servo/include/usb_servo/usb_servo/msg/rosidl_generator_cpp__visibility_control.hpp
[2.459s] -- Up-to-date: /home/eyantra/LB24/Student/1048/install/usb_servo/include/usb_servo/usb_servo/srv
[2.462s] -- Up-to-date: /home/eyantra/LB24/Student/1048/install/usb_servo/include/usb_servo/usb_servo/srv/detail
[2.463s] -- Up-to-date: /home/eyantra/LB24/Student/1048/install/usb_servo/include/usb_servo/usb_servo/srv/detail/servo_sw__struct.hpp
[2.463s] -- Up-to-date: /home/eyantra/LB24/Student/1048/install/usb_servo/include/usb_servo/usb_servo/srv/detail/servo_sw__builder.hpp
[2.463s] -- Up-to-date: /home/eyantra/LB24/Student/1048/install/usb_servo/include/usb_servo/usb_servo/srv/detail/servo_sw__type_support.hpp
[2.463s] -- Up-to-date: /home/eyantra/LB24/Student/1048/install/usb_servo/include/usb_servo/usb_servo/srv/detail/servo_sw__traits.hpp
[2.463s] -- Up-to-date: /home/eyantra/LB24/Student/1048/install/usb_servo/include/usb_servo/usb_servo/srv/servo_sw.hpp
[2.463s] -- Up-to-date: /home/eyantra/LB24/Student/1048/install/usb_servo/include/usb_servo/usb_servo
[2.463s] -- Up-to-date: /home/eyantra/LB24/Student/1048/install/usb_servo/include/usb_servo/usb_servo/msg
[2.463s] -- Up-to-date: /home/eyantra/LB24/Student/1048/install/usb_servo/include/usb_servo/usb_servo/msg/rosidl_typesupport_fastrtps_cpp__visibility_control.h
[2.463s] -- Up-to-date: /home/eyantra/LB24/Student/1048/install/usb_servo/include/usb_servo/usb_servo/srv
[2.464s] -- Up-to-date: /home/eyantra/LB24/Student/1048/install/usb_servo/include/usb_servo/usb_servo/srv/detail
[2.464s] -- Up-to-date: /home/eyantra/LB24/Student/1048/install/usb_servo/include/usb_servo/usb_servo/srv/detail/dds_fastrtps
[2.464s] -- Up-to-date: /home/eyantra/LB24/Student/1048/install/usb_servo/include/usb_servo/usb_servo/srv/detail/servo_sw__rosidl_typesupport_fastrtps_cpp.hpp
[2.464s] -- Up-to-date: /home/eyantra/LB24/Student/1048/install/usb_servo/lib/libusb_servo__rosidl_typesupport_fastrtps_cpp.so
[2.464s] -- Up-to-date: /home/eyantra/LB24/Student/1048/install/usb_servo/include/usb_servo/usb_servo
[2.464s] -- Up-to-date: /home/eyantra/LB24/Student/1048/install/usb_servo/include/usb_servo/usb_servo/srv
[2.464s] -- Up-to-date: /home/eyantra/LB24/Student/1048/install/usb_servo/include/usb_servo/usb_servo/srv/detail
[2.464s] -- Up-to-date: /home/eyantra/LB24/Student/1048/install/usb_servo/include/usb_servo/usb_servo/srv/detail/servo_sw__type_support.cpp
[2.464s] -- Up-to-date: /home/eyantra/LB24/Student/1048/install/usb_servo/include/usb_servo/usb_servo/srv/detail/servo_sw__rosidl_typesupport_introspection_cpp.hpp
[2.465s] -- Up-to-date: /home/eyantra/LB24/Student/1048/install/usb_servo/lib/libusb_servo__rosidl_typesupport_introspection_cpp.so
[2.465s] -- Up-to-date: /home/eyantra/LB24/Student/1048/install/usb_servo/lib/libusb_servo__rosidl_typesupport_cpp.so
[2.465s] -- Up-to-date: /home/eyantra/LB24/Student/1048/install/usb_servo/share/usb_servo/environment/pythonpath.sh
[2.465s] -- Up-to-date: /home/eyantra/LB24/Student/1048/install/usb_servo/share/usb_servo/environment/pythonpath.dsv
[2.465s] -- Up-to-date: /home/eyantra/LB24/Student/1048/install/usb_servo/local/lib/python3.10/dist-packages/usb_servo-0.0.0-py3.10.egg-info
[2.465s] -- Installing: /home/eyantra/LB24/Student/1048/install/usb_servo/local/lib/python3.10/dist-packages/usb_servo-0.0.0-py3.10.egg-info/dependency_links.txt
[2.465s] -- Installing: /home/eyantra/LB24/Student/1048/install/usb_servo/local/lib/python3.10/dist-packages/usb_servo-0.0.0-py3.10.egg-info/SOURCES.txt
[2.465s] -- Installing: /home/eyantra/LB24/Student/1048/install/usb_servo/local/lib/python3.10/dist-packages/usb_servo-0.0.0-py3.10.egg-info/top_level.txt
[2.465s] -- Installing: /home/eyantra/LB24/Student/1048/install/usb_servo/local/lib/python3.10/dist-packages/usb_servo-0.0.0-py3.10.egg-info/PKG-INFO
[2.465s] -- Up-to-date: /home/eyantra/LB24/Student/1048/install/usb_servo/local/lib/python3.10/dist-packages/usb_servo
[2.466s] -- Up-to-date: /home/eyantra/LB24/Student/1048/install/usb_servo/local/lib/python3.10/dist-packages/usb_servo/_usb_servo_s.ep.rosidl_typesupport_c.c
[2.466s] -- Up-to-date: /home/eyantra/LB24/Student/1048/install/usb_servo/local/lib/python3.10/dist-packages/usb_servo/usb_servo_s__rosidl_typesupport_introspection_c.cpython-310-x86_64-linux-gnu.so
[2.466s] -- Up-to-date: /home/eyantra/LB24/Student/1048/install/usb_servo/local/lib/python3.10/dist-packages/usb_servo/usb_servo_s__rosidl_typesupport_fastrtps_c.cpython-310-x86_64-linux-gnu.so
[2.466s] -- Up-to-date: /home/eyantra/LB24/Student/1048/install/usb_servo/local/lib/python3.10/dist-packages/usb_servo/__init__.py
[2.466s] -- Up-to-date: /home/eyantra/LB24/Student/1048/install/usb_servo/local/lib/python3.10/dist-packages/usb_servo/srv
[2.470s] -- Up-to-date: /home/eyantra/LB24/Student/1048/install/usb_servo/local/lib/python3.10/dist-packages/usb_servo/srv/_servo_sw_s.c
[2.470s] -- Up-to-date: /home/eyantra/LB24/Student/1048/install/usb_servo/local/lib/python3.10/dist-packages/usb_servo/srv/__init__.py
[2.470s] -- Up-to-date: /home/eyantra/LB24/Student/1048/install/usb_servo/local/lib/python3.10/dist-packages/usb_servo/srv/_servo_sw.py
[2.470s] -- Up-to-date: /home/eyantra/LB24/Student/1048/install/usb_servo/local/lib/python3.10/dist-packages/usb_servo/usb_servo_s__rosidl_typesupport_c.cpython-310-x86_64-linux-gnu.so
[2.471s] -- Up-to-date: /home/eyantra/LB24/Student/1048/install/usb_servo/local/lib/python3.10/dist-packages/usb_servo/_usb_servo_s.ep.rosidl_typesupport_fastrtps_c.c
[2.471s] -- Up-to-date: /home/eyantra/LB24/Student/1048/install/usb_servo/local/lib/python3.10/dist-packages/usb_servo/_usb_servo_s.ep.rosidl_typesupport_introspection_c.c
[2.471s] -- Up-to-date: /home/eyantra/LB24/Student/1048/install/usb_servo/local/lib/python3.10/dist-packages/usb_servo/libusb_servo__rosidl_generator_py.so
[2.631s] Listing '/home/eyantra/LB24/Student/1048/install/usb_servo/local/lib/python3.10/dist-packages/usb_servo'...
[2.631s] Listing '/home/eyantra/LB24/Student/1048/install/usb_servo/local/lib/python3.10/dist-packages/usb_servo/srv'...
[2.646s] -- Up-to-date: /home/eyantra/LB24/Student/1048/install/usb_servo/local/lib/python3.10/dist-packages/usb_servo/usb_servo_s__rosidl_typesupport_fastrtps_c.cpython-310-x86_64-linux-gnu.so
[2.652s] -- Up-to-date: /home/eyantra/LB24/Student/1048/install/usb_servo/local/lib/python3.10/dist-packages/usb_servo/usb_servo_s__rosidl_typesupport_introspection_c.cpython-310-x86_64-linux-gnu.so
[2.655s] -- Up-to-date: /home/eyantra/LB24/Student/1048/install/usb_servo/local/lib/python3.10/dist-packages/usb_servo/usb_servo_s__rosidl_typesupport_c.cpython-310-x86_64-linux-gnu.so
[2.658s] -- Up-to-date: /home/eyantra/LB24/Student/1048/install/usb_servo/lib/libusb_servo__rosidl_generator_py.so
[2.659s] -- Up-to-date: /home/eyantra/LB24/Student/1048/install/usb_servo/share/usb_servo/srv/ServoSw.idl
[2.671s] -- Up-to-date: /home/eyantra/LB24/Student/1048/install/usb_servo/share/usb_servo/srv/ServoSw.srv
[2.671s] -- Up-to-date: /home/eyantra/LB24/Student/1048/install/usb_servo/share/usb_servo/srv/ServoSw_Request.msg
[2.671s] -- Up-to-date: /home/eyantra/LB24/Student/1048/install/usb_servo/share/usb_servo/srv/ServoSw_Response.msg
[2.671s] -- Up-to-date: /home/eyantra/LB24/Student/1048/install/usb_servo/share/ament_index/resource_index/package_run_dependencies/usb_servo
[2.671s] -- Up-to-date: /home/eyantra/LB24/Student/1048/install/usb_servo/share/ament_index/resource_index/parent_prefix_path/usb_servo
[2.671s] -- Up-to-date: /home/eyantra/LB24/Student/1048/install/usb_servo/share/usb_servo/environment/ament_prefix_path.sh
[2.671s] -- Up-to-date: /home/eyantra/LB24/Student/1048/install/usb_servo/share/usb_servo/environment/ament_prefix_path.dsv
[2.672s] -- Up-to-date: /home/eyantra/LB24/Student/1048/install/usb_servo/share/usb_servo/environment/path.sh
[2.672s] -- Up-to-date: /home/eyantra/LB24/Student/1048/install/usb_servo/share/usb_servo/environment/path.dsv
[2.672s] -- Up-to-date: /home/eyantra/LB24/Student/1048/install/usb_servo/share/usb_servo/local_setup.bash
[2.672s] -- Up-to-date: /home/eyantra/LB24/Student/1048/install/usb_servo/share/usb_servo/local_setup.sh
[2.672s] -- Up-to-date: /home/eyantra/LB24/Student/1048/install/usb_servo/share/usb_servo/local_setup.zsh
[2.672s] -- Up-to-date: /home/eyantra/LB24/Student/1048/install/usb_servo/share/usb_servo/local_setup.dsv
[2.672s] -- Installing: /home/eyantra/LB24/Student/1048/install/usb_servo/share/usb_servo/package.dsv
[2.672s] -- Up-to-date: /home/eyantra/LB24/Student/1048/install/usb_servo/share/ament_index/resource_index/packages/usb_servo
[2.672s] -- Up-to-date: /home/eyantra/LB24/Student/1048/install/usb_servo/share/usb_servo/cmake/export_usb_servo__rosidl_generator_cExport.cmake
[2.672s] -- Up-to-date: /home/eyantra/LB24/Student/1048/install/usb_servo/share/usb_servo/cmake/export_usb_servo__rosidl_generator_cExport-noconfig.cmake
[2.673s] -- Up-to-date: /home/eyantra/LB24/Student/1048/install/usb_servo/share/usb_servo/cmake/export_usb_servo__rosidl_typesupport_fastrtps_cExport.cmake
[2.673s] -- Up-to-date: /home/eyantra/LB24/Student/1048/install/usb_servo/share/usb_servo/cmake/export_usb_servo__rosidl_typesupport_fastrtps_cExport-noconfig.cmake
[2.673s] -- Up-to-date: /home/eyantra/LB24/Student/1048/install/usb_servo/share/usb_servo/cmake/usb_servo__rosidl_typesupport_introspection_cExport.cmake
[2.673s] -- Up-to-date: /home/eyantra/LB24/Student/1048/install/usb_servo/share/usb_servo/cmake/usb_servo__rosidl_typesupport_introspection_cExport-noconfig.cmake
[2.673s] -- Up-to-date: /home/eyantra/LB24/Student/1048/install/usb_servo/share/usb_servo/cmake/usb_servo__rosidl_typesupport_cExport.cmake
[2.673s] -- Up-to-date: /home/eyantra/LB24/Student/1048/install/usb_servo/share/usb_servo/cmake/usb_servo__rosidl_typesupport_cExport-noconfig.cmake
[2.673s] -- Up-to-date: /home/eyantra/LB24/Student/1048/install/usb_servo/share/usb_servo/cmake/export_usb_servo__rosidl_generator_cppExport.cmake
[2.673s] -- Up-to-date: /home/eyantra/LB24/Student/1048/install/usb_servo/share/usb_servo/cmake/export_usb_servo__rosidl_typesupport_fastrtps_cppExport.cmake
[2.674s] -- Up-to-date: /home/eyantra/LB24/Student/1048/install/usb_servo/share/usb_servo/cmake/export_usb_servo__rosidl_typesupport_fastrtps_cppExport-noconfig.cmake
[2.674s] -- Up-to-date: /home/eyantra/LB24/Student/1048/install/usb_servo/share/usb_servo/cmake/usb_servo__rosidl_typesupport_introspection_cppExport.cmake
[2.674s] -- Up-to-date: /home/eyantra/LB24/Student/1048/install/usb_servo/share/usb_servo/cmake/usb_servo__rosidl_typesupport_introspection_cppExport-noconfig.cmake
[2.674s] -- Up-to-date: /home/eyantra/LB24/Student/1048/install/usb_servo/share/usb_servo/cmake/usb_servo__rosidl_typesupport_cppExport.cmake
[2.674s] -- Up-to-date: /home/eyantra/LB24/Student/1048/install/usb_servo/share/usb_servo/cmake/usb_servo__rosidl_typesupport_cppExport-noconfig.cmake
[2.674s] -- Up-to-date: /home/eyantra/LB24/Student/1048/install/usb_servo/share/usb_servo/cmake/export_usb_servo__rosidl_generator_pyExport.cmake
[2.674s] -- Up-to-date: /home/eyantra/LB24/Student/1048/install/usb_servo/share/usb_servo/cmake/export_usb_servo__rosidl_generator_pyExport-noconfig.cmake
[2.674s] -- Up-to-date: /home/eyantra/LB24/Student/1048/install/usb_servo/share/usb_servo/cmake/rosidl_cmake-extras.cmake
[2.674s] -- Up-to-date: /home/eyantra/LB24/Student/1048/install/usb_servo/share/usb_servo/cmake/ament_cmake_export_include_directories-extras.cmake
[2.674s] -- Up-to-date: /home/eyantra/LB24/Student/1048/install/usb_servo/share/usb_servo/cmake/ament_cmake_export_libraries-extras.cmake
[2.674s] -- Up-to-date: /home/eyantra/LB24/Student/1048/install/usb_servo/share/usb_servo/cmake/ament_cmake_export_targets-extras.cmake
[2.675s] -- Up-to-date: /home/eyantra/LB24/Student/1048/install/usb_servo/share/usb_servo/cmake/rosidl_cmake_export_typesupport_targets-extras.cmake
[2.675s] -- Up-to-date: /home/eyantra/LB24/Student/1048/install/usb_servo/share/usb_servo/cmake/ament_cmake_export_dependencies-extras.cmake
[2.675s] -- Up-to-date: /home/eyantra/LB24/Student/1048/install/usb_servo/share/usb_servo/cmake/rosidl_cmake_export_typesupport_libraries-extras.cmake
[2.675s] -- Up-to-date: /home/eyantra/LB24/Student/1048/install/usb_servo/share/usb_servo/cmake/usb_servoConfig.cmake
[2.675s] -- Up-to-date: /home/eyantra/LB24/Student/1048/install/usb_servo/share/usb_servo/cmake/usb_servoConfig-version.cmake
[2.675s] -- Up-to-date: /home/eyantra/LB24/Student/1048/install/usb_servo/share/usb_servo/package.xml
[2.750s] Invoked command in '/home/eyantra/LB24/Student/1048/build/usb_servo' returned '0': CMAKE_PREFIX_PATH=/opt/ros/humble /usr/bin/cmake --install /home/eyantra/LB24/Student/1048/build/usb_servo
