[0.111s] Invoking command in '/home/eyantra/LB24/Student/1048/build/usb_servo': CMAKE_PREFIX_PATH=${CMAKE_PREFIX_PATH}:/home/eyantra/LB24/Student/1048/install/jk:/home/eyantra/LB24/Student/1048/install/ff:/opt/ros/humble /usr/bin/cmake /home/eyantra/LB24/Student/1048/src/usb_servo -DCMAKE_INSTALL_PREFIX=/home/eyantra/LB24/Student/1048/install/usb_servo
[1.583s] -- The C compiler identification is GNU 11.4.0
[1.583s] -- The CXX compiler identification is GNU 11.4.0
[1.583s] -- Detecting C compiler ABI info
[1.583s] -- Detecting C compiler ABI info - done
[1.583s] -- Check for working C compiler: /usr/bin/cc - skipped
[1.583s] -- Detecting C compile features
[1.583s] -- Detecting C compile features - done
[1.583s] -- Detecting CXX compiler ABI info
[1.583s] -- Detecting CXX compiler ABI info - done
[1.584s] -- Check for working CXX compiler: /usr/bin/c++ - skipped
[1.584s] -- Detecting CXX compile features
[1.584s] -- Detecting CXX compile features - done
[1.584s] -- Found ament_cmake: 1.3.11 (/opt/ros/humble/share/ament_cmake/cmake)
[1.584s] -- Found Python3: /usr/bin/python3 (found version "3.10.12") found components: Interpreter 
[1.584s] -- Found rosidl_default_generators: 1.2.0 (/opt/ros/humble/share/rosidl_default_generators/cmake)
[1.584s] -- Using all available rosidl_typesupport_c: rosidl_typesupport_fastrtps_c;rosidl_typesupport_introspection_c
[1.584s] -- Found rosidl_adapter: 3.1.6 (/opt/ros/humble/share/rosidl_adapter/cmake)
[1.584s] -- Using all available rosidl_typesupport_cpp: rosidl_typesupport_fastrtps_cpp;rosidl_typesupport_introspection_cpp
[1.735s] -- Found rclpy: 3.3.15 (/opt/ros/humble/share/rclpy/cmake)
[1.742s] -- Found rclcpp: 16.0.11 (/opt/ros/humble/share/rclcpp/cmake)
[1.919s] -- Found rmw_implementation_cmake: 6.1.2 (/opt/ros/humble/share/rmw_implementation_cmake/cmake)
[1.924s] -- Found rmw_fastrtps_cpp: 6.2.7 (/opt/ros/humble/share/rmw_fastrtps_cpp/cmake)
[2.209s] -- Found OpenSSL: /usr/lib/x86_64-linux-gnu/libcrypto.so (found version "3.0.2")  
[2.297s] -- Found FastRTPS: /opt/ros/humble/include  
[2.402s] -- Using RMW implementation 'rmw_fastrtps_cpp' as default
[2.423s] -- Looking for pthread.h
[2.680s] -- Looking for pthread.h - found
[2.680s] -- Performing Test CMAKE_HAVE_LIBC_PTHREAD
[2.942s] -- Performing Test CMAKE_HAVE_LIBC_PTHREAD - Success
[2.951s] -- Found Threads: TRUE  
[3.147s] -- Found ament_lint_auto: 0.12.11 (/opt/ros/humble/share/ament_lint_auto/cmake)
[4.016s] -- Found ament_cmake_ros: 0.10.0 (/opt/ros/humble/share/ament_cmake_ros/cmake)
[4.441s] -- Using all available rosidl_typesupport_c: rosidl_typesupport_fastrtps_c;rosidl_typesupport_introspection_c
[5.020s] -- Using all available rosidl_typesupport_cpp: rosidl_typesupport_fastrtps_cpp;rosidl_typesupport_introspection_cpp
[5.063s] -- Found PythonInterp: /usr/bin/python3 (found suitable version "3.10.12", minimum required is "3.6") 
[5.071s] -- Found python_cmake_module: 0.10.0 (/opt/ros/humble/share/python_cmake_module/cmake)
[5.140s] -- Found PythonLibs: /usr/lib/x86_64-linux-gnu/libpython3.10.so (found suitable version "3.10.12", minimum required is "3.5") 
[5.140s] -- Using PYTHON_EXECUTABLE: /usr/bin/python3
[5.140s] -- Using PYTHON_INCLUDE_DIRS: /usr/include/python3.10
[5.140s] -- Using PYTHON_LIBRARIES: /usr/lib/x86_64-linux-gnu/libpython3.10.so
[5.182s] -- Found PythonExtra: .so  
[5.284s] -- Added test 'copyright' to check source files copyright and LICENSE
[5.286s] -- Added test 'lint_cmake' to check CMake code style
[5.288s] -- Added test 'xmllint' to check XML markup files
[5.305s] -- Configuring done
[5.364s] -- Generating done
[5.381s] -- Build files have been written to: /home/eyantra/LB24/Student/1048/build/usb_servo
[5.413s] Invoked command in '/home/eyantra/LB24/Student/1048/build/usb_servo' returned '0': CMAKE_PREFIX_PATH=${CMAKE_PREFIX_PATH}:/home/eyantra/LB24/Student/1048/install/jk:/home/eyantra/LB24/Student/1048/install/ff:/opt/ros/humble /usr/bin/cmake /home/eyantra/LB24/Student/1048/src/usb_servo -DCMAKE_INSTALL_PREFIX=/home/eyantra/LB24/Student/1048/install/usb_servo
[5.424s] Invoking command in '/home/eyantra/LB24/Student/1048/build/usb_servo': CMAKE_PREFIX_PATH=${CMAKE_PREFIX_PATH}:/home/eyantra/LB24/Student/1048/install/jk:/home/eyantra/LB24/Student/1048/install/ff:/opt/ros/humble /usr/bin/cmake --build /home/eyantra/LB24/Student/1048/build/usb_servo -- -j8 -l8
[5.542s] [  2%] [34m[1mGenerating C++ code for ROS interfaces[0m
[6.333s] [  2%] Built target usb_servo__cpp
[6.403s] [  2%] Built target ament_cmake_python_copy_usb_servo
[6.418s] [  5%] [34m[1mGenerating C++ introspection for ROS interfaces[0m
[7.110s] [  7%] [32mBuilding CXX object CMakeFiles/usb_servo__rosidl_typesupport_introspection_cpp.dir/rosidl_typesupport_introspection_cpp/usb_servo/msg/detail/num__type_support.cpp.o[0m
[7.866s] [ 10%] [32mBuilding CXX object CMakeFiles/usb_servo__rosidl_typesupport_introspection_cpp.dir/rosidl_typesupport_introspection_cpp/usb_servo/srv/detail/servo_sw__type_support.cpp.o[0m
[8.671s] [  7%] [32m[1mLinking CXX shared library libusb_servo__rosidl_typesupport_introspection_cpp.so[0m
[8.764s] [ 12%] Built target usb_servo__rosidl_typesupport_introspection_cpp
[9.510s] running egg_info
[9.519s] creating usb_servo.egg-info
[9.520s] writing usb_servo.egg-info/PKG-INFO
[9.520s] writing dependency_links to usb_servo.egg-info/dependency_links.txt
[9.520s] writing top-level names to usb_servo.egg-info/top_level.txt
[9.528s] writing manifest file 'usb_servo.egg-info/SOURCES.txt'
[9.534s] reading manifest file 'usb_servo.egg-info/SOURCES.txt'
[9.537s] writing manifest file 'usb_servo.egg-info/SOURCES.txt'
[9.665s] [ 12%] Built target ament_cmake_python_build_usb_servo_egg
[9.694s] [ 15%] [34m[1mGenerating C++ type support for eProsima Fast-RTPS[0m
[10.538s] [ 17%] [32mBuilding CXX object CMakeFiles/usb_servo__rosidl_typesupport_fastrtps_cpp.dir/rosidl_typesupport_fastrtps_cpp/usb_servo/msg/detail/dds_fastrtps/num__type_support.cpp.o[0m
[11.420s] [ 20%] [32mBuilding CXX object CMakeFiles/usb_servo__rosidl_typesupport_fastrtps_cpp.dir/rosidl_typesupport_fastrtps_cpp/usb_servo/srv/detail/dds_fastrtps/servo_sw__type_support.cpp.o[0m
[12.408s] [ 23%] [32m[1mLinking CXX shared library libusb_servo__rosidl_typesupport_fastrtps_cpp.so[0m
[12.689s] [ 23%] Built target usb_servo__rosidl_typesupport_fastrtps_cpp
[12.714s] [ 25%] [34m[1mGenerating C++ type support dispatch for ROS interfaces[0m
[13.374s] [ 28%] [32mBuilding CXX object CMakeFiles/usb_servo__rosidl_typesupport_cpp.dir/rosidl_typesupport_cpp/usb_servo/msg/num__type_support.cpp.o[0m
[13.892s] [ 30%] [32mBuilding CXX object CMakeFiles/usb_servo__rosidl_typesupport_cpp.dir/rosidl_typesupport_cpp/usb_servo/srv/servo_sw__type_support.cpp.o[0m
[14.423s] [ 33%] [32m[1mLinking CXX shared library libusb_servo__rosidl_typesupport_cpp.so[0m
[14.516s] [ 33%] Built target usb_servo__rosidl_typesupport_cpp
[14.537s] [ 35%] [34m[1mGenerating C code for ROS interfaces[0m
[15.441s] [35m[1mConsolidate compiler generated dependencies of target usb_servo__rosidl_generator_c[0m
[15.466s] [ 41%] [32mBuilding C object CMakeFiles/usb_servo__rosidl_generator_c.dir/rosidl_generator_c/usb_servo/srv/detail/servo_sw__functions.c.o[0m
[15.563s] [ 43%] [32m[1mLinking C shared library libusb_servo__rosidl_generator_c.so[0m
[15.704s] [ 46%] Built target usb_servo__rosidl_generator_c
[15.727s] [ 46%] [34m[1mGenerating C type support for eProsima Fast-RTPS[0m
[16.435s] [ 48%] [32mBuilding CXX object CMakeFiles/usb_servo__rosidl_typesupport_fastrtps_c.dir/rosidl_typesupport_fastrtps_c/usb_servo/msg/detail/num__type_support_c.cpp.o[0m
[17.148s] [ 51%] [32mBuilding CXX object CMakeFiles/usb_servo__rosidl_typesupport_fastrtps_c.dir/rosidl_typesupport_fastrtps_c/usb_servo/srv/detail/servo_sw__type_support_c.cpp.o[0m
[17.692s] gmake[2]: *** [CMakeFiles/usb_servo__rosidl_typesupport_fastrtps_c.dir/build.make:112: CMakeFiles/usb_servo__rosidl_typesupport_fastrtps_c.dir/rosidl_typesupport_fastrtps_c/usb_servo/srv/detail/servo_sw__type_support_c.cpp.o] Interrupt
[17.693s] gmake[1]: *** wait: No child processes.  Stop.
[17.693s] gmake[1]: *** Waiting for unfinished jobs....
[17.693s] gmake[1]: *** wait: No child processes.  Stop.
[17.697s] gmake: *** [Makefile:146: all] Error 2
[17.705s] Invoked command in '/home/eyantra/LB24/Student/1048/build/usb_servo' returned '-2': CMAKE_PREFIX_PATH=${CMAKE_PREFIX_PATH}:/home/eyantra/LB24/Student/1048/install/jk:/home/eyantra/LB24/Student/1048/install/ff:/opt/ros/humble /usr/bin/cmake --build /home/eyantra/LB24/Student/1048/build/usb_servo -- -j8 -l8
