[0.553s] Invoking command in '/home/northee/git/task3a/src/ur5_control': PYTHONPATH=/home/northee/git/task3a/build/ur5_control/prefix_override:/usr/lib/python3/dist-packages/colcon_core/task/python/colcon_distutils_commands:/home/northee/git/task3a/install/ur5_control/lib/python3.10/site-packages:${PYTHONPATH} /usr/bin/python3 -W ignore:setup.py install is deprecated -W ignore:easy_install command is deprecated setup.py egg_info --egg-base ../../build/ur5_control build --build-base /home/northee/git/task3a/build/ur5_control/build install --record /home/northee/git/task3a/build/ur5_control/install.log --single-version-externally-managed install_data
[0.699s] running egg_info
[0.699s] creating ../../build/ur5_control/ur5_control.egg-info
[0.700s] writing ../../build/ur5_control/ur5_control.egg-info/PKG-INFO
[0.700s] writing dependency_links to ../../build/ur5_control/ur5_control.egg-info/dependency_links.txt
[0.700s] writing entry points to ../../build/ur5_control/ur5_control.egg-info/entry_points.txt
[0.700s] writing requirements to ../../build/ur5_control/ur5_control.egg-info/requires.txt
[0.700s] writing top-level names to ../../build/ur5_control/ur5_control.egg-info/top_level.txt
[0.700s] writing manifest file '../../build/ur5_control/ur5_control.egg-info/SOURCES.txt'
[0.700s] reading manifest file '../../build/ur5_control/ur5_control.egg-info/SOURCES.txt'
[0.701s] writing manifest file '../../build/ur5_control/ur5_control.egg-info/SOURCES.txt'
[0.701s] running build
[0.701s] running build_py
[0.701s] creating /home/northee/git/task3a/build/ur5_control/build
[0.701s] creating /home/northee/git/task3a/build/ur5_control/build/lib
[0.701s] creating /home/northee/git/task3a/build/ur5_control/build/lib/ur5_control
[0.701s] copying ur5_control/__init__.py -> /home/northee/git/task3a/build/ur5_control/build/lib/ur5_control
[0.701s] copying ur5_control/arm5.py -> /home/northee/git/task3a/build/ur5_control/build/lib/ur5_control
[0.701s] copying ur5_control/arm.py -> /home/northee/git/task3a/build/ur5_control/build/lib/ur5_control
[0.701s] running install
[0.701s] running install_lib
[0.701s] creating /home/northee/git/task3a/install/ur5_control/lib/python3.10/site-packages/ur5_control
[0.701s] copying /home/northee/git/task3a/build/ur5_control/build/lib/ur5_control/__init__.py -> /home/northee/git/task3a/install/ur5_control/lib/python3.10/site-packages/ur5_control
[0.702s] copying /home/northee/git/task3a/build/ur5_control/build/lib/ur5_control/arm5.py -> /home/northee/git/task3a/install/ur5_control/lib/python3.10/site-packages/ur5_control
[0.702s] copying /home/northee/git/task3a/build/ur5_control/build/lib/ur5_control/arm.py -> /home/northee/git/task3a/install/ur5_control/lib/python3.10/site-packages/ur5_control
[0.702s] byte-compiling /home/northee/git/task3a/install/ur5_control/lib/python3.10/site-packages/ur5_control/__init__.py to __init__.cpython-310.pyc
[0.702s] byte-compiling /home/northee/git/task3a/install/ur5_control/lib/python3.10/site-packages/ur5_control/arm5.py to arm5.cpython-310.pyc
[0.704s] byte-compiling /home/northee/git/task3a/install/ur5_control/lib/python3.10/site-packages/ur5_control/arm.py to arm.cpython-310.pyc
[0.705s] running install_data
[0.705s] creating /home/northee/git/task3a/install/ur5_control/share/ament_index
[0.705s] creating /home/northee/git/task3a/install/ur5_control/share/ament_index/resource_index
[0.705s] creating /home/northee/git/task3a/install/ur5_control/share/ament_index/resource_index/packages
[0.705s] copying resource/ur5_control -> /home/northee/git/task3a/install/ur5_control/share/ament_index/resource_index/packages
[0.705s] copying package.xml -> /home/northee/git/task3a/install/ur5_control/share/ur5_control
[0.705s] creating /home/northee/git/task3a/install/ur5_control/lib/ur5_control
[0.705s] copying ur5_control/__init__.py -> /home/northee/git/task3a/install/ur5_control/lib/ur5_control
[0.705s] running install_egg_info
[0.706s] Copying ../../build/ur5_control/ur5_control.egg-info to /home/northee/git/task3a/install/ur5_control/lib/python3.10/site-packages/ur5_control-0.0.0-py3.10.egg-info
[0.706s] running install_scripts
[0.716s] Installing 3a script to /home/northee/git/task3a/install/ur5_control/lib/ur5_control
[0.716s] Installing arm script to /home/northee/git/task3a/install/ur5_control/lib/ur5_control
[0.716s] Installing arm5 script to /home/northee/git/task3a/install/ur5_control/lib/ur5_control
[0.716s] Installing working script to /home/northee/git/task3a/install/ur5_control/lib/ur5_control
[0.716s] writing list of installed files to '/home/northee/git/task3a/build/ur5_control/install.log'
[0.727s] Invoked command in '/home/northee/git/task3a/src/ur5_control' returned '0': PYTHONPATH=/home/northee/git/task3a/build/ur5_control/prefix_override:/usr/lib/python3/dist-packages/colcon_core/task/python/colcon_distutils_commands:/home/northee/git/task3a/install/ur5_control/lib/python3.10/site-packages:${PYTHONPATH} /usr/bin/python3 -W ignore:setup.py install is deprecated -W ignore:easy_install command is deprecated setup.py egg_info --egg-base ../../build/ur5_control build --build-base /home/northee/git/task3a/build/ur5_control/build install --record /home/northee/git/task3a/build/ur5_control/install.log --single-version-externally-managed install_data
