[0.755s] Invoking command in '/home/eyantra/LB24/Student/1048/build/ur_moveit_config': CMAKE_PREFIX_PATH=/opt/ros/humble /usr/bin/cmake --build /home/eyantra/LB24/Student/1048/build/ur_moveit_config -- -j8 -l8
[0.923s] Invoked command in '/home/eyantra/LB24/Student/1048/build/ur_moveit_config' returned '0': CMAKE_PREFIX_PATH=/opt/ros/humble /usr/bin/cmake --build /home/eyantra/LB24/Student/1048/build/ur_moveit_config -- -j8 -l8
[0.926s] Invoking command in '/home/eyantra/LB24/Student/1048/build/ur_moveit_config': CMAKE_PREFIX_PATH=/opt/ros/humble /usr/bin/cmake --install /home/eyantra/LB24/Student/1048/build/ur_moveit_config
[0.944s] -- Install configuration: ""
[0.947s] -- Up-to-date: /home/eyantra/LB24/Student/1048/install/ur_moveit_config/share/ur_moveit_config/config
[0.947s] -- Up-to-date: /home/eyantra/LB24/Student/1048/install/ur_moveit_config/share/ur_moveit_config/config/kinematics.yaml
[0.947s] -- Up-to-date: /home/eyantra/LB24/Student/1048/install/ur_moveit_config/share/ur_moveit_config/launch
[0.947s] -- Up-to-date: /home/eyantra/LB24/Student/1048/install/ur_moveit_config/share/ur_moveit_config/launch/ur_moveit.launch.py
[0.947s] -- Up-to-date: /home/eyantra/LB24/Student/1048/install/ur_moveit_config/share/ur_moveit_config/rviz
[0.947s] -- Up-to-date: /home/eyantra/LB24/Student/1048/install/ur_moveit_config/share/ur_moveit_config/rviz/view_robot.rviz
[0.947s] -- Up-to-date: /home/eyantra/LB24/Student/1048/install/ur_moveit_config/share/ur_moveit_config/srdf
[0.950s] -- Up-to-date: /home/eyantra/LB24/Student/1048/install/ur_moveit_config/share/ur_moveit_config/srdf/ur_macro.srdf.xacro
[0.951s] -- Up-to-date: /home/eyantra/LB24/Student/1048/install/ur_moveit_config/share/ur_moveit_config/srdf/ur.srdf.xacro
[0.951s] -- Up-to-date: /home/eyantra/LB24/Student/1048/install/ur_moveit_config/share/ament_index/resource_index/package_run_dependencies/ur_moveit_config
[0.952s] -- Up-to-date: /home/eyantra/LB24/Student/1048/install/ur_moveit_config/share/ament_index/resource_index/parent_prefix_path/ur_moveit_config
[0.952s] -- Up-to-date: /home/eyantra/LB24/Student/1048/install/ur_moveit_config/share/ur_moveit_config/environment/ament_prefix_path.sh
[0.953s] -- Up-to-date: /home/eyantra/LB24/Student/1048/install/ur_moveit_config/share/ur_moveit_config/environment/ament_prefix_path.dsv
[0.955s] -- Up-to-date: /home/eyantra/LB24/Student/1048/install/ur_moveit_config/share/ur_moveit_config/environment/path.sh
[0.956s] -- Up-to-date: /home/eyantra/LB24/Student/1048/install/ur_moveit_config/share/ur_moveit_config/environment/path.dsv
[0.957s] -- Up-to-date: /home/eyantra/LB24/Student/1048/install/ur_moveit_config/share/ur_moveit_config/local_setup.bash
[0.958s] -- Up-to-date: /home/eyantra/LB24/Student/1048/install/ur_moveit_config/share/ur_moveit_config/local_setup.sh
[0.958s] -- Up-to-date: /home/eyantra/LB24/Student/1048/install/ur_moveit_config/share/ur_moveit_config/local_setup.zsh
[0.960s] -- Up-to-date: /home/eyantra/LB24/Student/1048/install/ur_moveit_config/share/ur_moveit_config/local_setup.dsv
[0.961s] -- Installing: /home/eyantra/LB24/Student/1048/install/ur_moveit_config/share/ur_moveit_config/package.dsv
[0.961s] -- Up-to-date: /home/eyantra/LB24/Student/1048/install/ur_moveit_config/share/ament_index/resource_index/packages/ur_moveit_config
[0.962s] -- Up-to-date: /home/eyantra/LB24/Student/1048/install/ur_moveit_config/share/ur_moveit_config/cmake/ur_moveit_configConfig.cmake
[0.965s] -- Up-to-date: /home/eyantra/LB24/Student/1048/install/ur_moveit_config/share/ur_moveit_config/cmake/ur_moveit_configConfig-version.cmake
[0.966s] -- Up-to-date: /home/eyantra/LB24/Student/1048/install/ur_moveit_config/share/ur_moveit_config/package.xml
[0.966s] Invoked command in '/home/eyantra/LB24/Student/1048/build/ur_moveit_config' returned '0': CMAKE_PREFIX_PATH=/opt/ros/humble /usr/bin/cmake --install /home/eyantra/LB24/Student/1048/build/ur_moveit_config
