[0.085s] Invoking command in '/home/eyantra/LB24/Student/1048/build/fin': AMENT_PREFIX_PATH=/home/eyantra/LB24/Student/1048/install/usb_servo:/home/eyantra/LB24/Student/1048/install/ebot_docking:${AMENT_PREFIX_PATH} CMAKE_PREFIX_PATH=/home/eyantra/LB24/Student/1048/install/usb_servo:/home/eyantra/LB24/Student/1048/install/ebot_docking:/opt/ros/humble LD_LIBRARY_PATH=/home/eyantra/LB24/Student/1048/install/usb_servo/lib:/home/eyantra/LB24/Student/1048/install/ebot_docking/lib:${LD_LIBRARY_PATH} PYTHONPATH=/home/eyantra/LB24/Student/1048/install/usb_servo/local/lib/python3.10/dist-packages:/home/eyantra/LB24/Student/1048/install/ebot_docking/local/lib/python3.10/dist-packages:${PYTHONPATH} /usr/bin/cmake --build /home/eyantra/LB24/Student/1048/build/fin -- -j8 -l8
[0.390s] [ 33%] Built target arm
[0.478s] [ 50%] [32mBuilding CXX object CMakeFiles/nav.dir/src/nav.cpp.o[0m
[35.471s] [32m[1mLinking CXX executable nav[0m
[37.822s] Built target nav
[37.877s] Built target dock
[37.909s] Invoked command in '/home/eyantra/LB24/Student/1048/build/fin' returned '0': AMENT_PREFIX_PATH=/home/eyantra/LB24/Student/1048/install/usb_servo:/home/eyantra/LB24/Student/1048/install/ebot_docking:${AMENT_PREFIX_PATH} CMAKE_PREFIX_PATH=/home/eyantra/LB24/Student/1048/install/usb_servo:/home/eyantra/LB24/Student/1048/install/ebot_docking:/opt/ros/humble LD_LIBRARY_PATH=/home/eyantra/LB24/Student/1048/install/usb_servo/lib:/home/eyantra/LB24/Student/1048/install/ebot_docking/lib:${LD_LIBRARY_PATH} PYTHONPATH=/home/eyantra/LB24/Student/1048/install/usb_servo/local/lib/python3.10/dist-packages:/home/eyantra/LB24/Student/1048/install/ebot_docking/local/lib/python3.10/dist-packages:${PYTHONPATH} /usr/bin/cmake --build /home/eyantra/LB24/Student/1048/build/fin -- -j8 -l8
[37.910s] Invoking command in '/home/eyantra/LB24/Student/1048/build/fin': AMENT_PREFIX_PATH=/home/eyantra/LB24/Student/1048/install/usb_servo:/home/eyantra/LB24/Student/1048/install/ebot_docking:${AMENT_PREFIX_PATH} CMAKE_PREFIX_PATH=/home/eyantra/LB24/Student/1048/install/usb_servo:/home/eyantra/LB24/Student/1048/install/ebot_docking:/opt/ros/humble LD_LIBRARY_PATH=/home/eyantra/LB24/Student/1048/install/usb_servo/lib:/home/eyantra/LB24/Student/1048/install/ebot_docking/lib:${LD_LIBRARY_PATH} PYTHONPATH=/home/eyantra/LB24/Student/1048/install/usb_servo/local/lib/python3.10/dist-packages:/home/eyantra/LB24/Student/1048/install/ebot_docking/local/lib/python3.10/dist-packages:${PYTHONPATH} /usr/bin/cmake --install /home/eyantra/LB24/Student/1048/build/fin
[37.913s] -- Install configuration: ""
[37.913s] -- Up-to-date: /home/eyantra/LB24/Student/1048/install/fin/lib/fin/arm
[37.913s] -- Up-to-date: /home/eyantra/LB24/Student/1048/install/fin/lib/fin/dock
[37.914s] -- Installing: /home/eyantra/LB24/Student/1048/install/fin/lib/fin/nav
[37.930s] -- Set runtime path of "/home/eyantra/LB24/Student/1048/install/fin/lib/fin/nav" to ""
[37.931s] -- Up-to-date: /home/eyantra/LB24/Student/1048/install/fin/lib/fin/arm.py
[37.931s] -- Up-to-date: /home/eyantra/LB24/Student/1048/install/fin/share/ament_index/resource_index/package_run_dependencies/fin
[37.931s] -- Up-to-date: /home/eyantra/LB24/Student/1048/install/fin/share/ament_index/resource_index/parent_prefix_path/fin
[37.931s] -- Up-to-date: /home/eyantra/LB24/Student/1048/install/fin/share/fin/environment/ament_prefix_path.sh
[37.931s] -- Up-to-date: /home/eyantra/LB24/Student/1048/install/fin/share/fin/environment/ament_prefix_path.dsv
[37.931s] -- Up-to-date: /home/eyantra/LB24/Student/1048/install/fin/share/fin/environment/path.sh
[37.931s] -- Up-to-date: /home/eyantra/LB24/Student/1048/install/fin/share/fin/environment/path.dsv
[37.931s] -- Up-to-date: /home/eyantra/LB24/Student/1048/install/fin/share/fin/local_setup.bash
[37.931s] -- Up-to-date: /home/eyantra/LB24/Student/1048/install/fin/share/fin/local_setup.sh
[37.931s] -- Up-to-date: /home/eyantra/LB24/Student/1048/install/fin/share/fin/local_setup.zsh
[37.931s] -- Up-to-date: /home/eyantra/LB24/Student/1048/install/fin/share/fin/local_setup.dsv
[37.932s] -- Installing: /home/eyantra/LB24/Student/1048/install/fin/share/fin/package.dsv
[37.932s] -- Up-to-date: /home/eyantra/LB24/Student/1048/install/fin/share/ament_index/resource_index/packages/fin
[37.932s] -- Up-to-date: /home/eyantra/LB24/Student/1048/install/fin/share/fin/cmake/finConfig.cmake
[37.932s] -- Up-to-date: /home/eyantra/LB24/Student/1048/install/fin/share/fin/cmake/finConfig-version.cmake
[37.932s] -- Up-to-date: /home/eyantra/LB24/Student/1048/install/fin/share/fin/package.xml
[37.940s] Invoked command in '/home/eyantra/LB24/Student/1048/build/fin' returned '0': AMENT_PREFIX_PATH=/home/eyantra/LB24/Student/1048/install/usb_servo:/home/eyantra/LB24/Student/1048/install/ebot_docking:${AMENT_PREFIX_PATH} CMAKE_PREFIX_PATH=/home/eyantra/LB24/Student/1048/install/usb_servo:/home/eyantra/LB24/Student/1048/install/ebot_docking:/opt/ros/humble LD_LIBRARY_PATH=/home/eyantra/LB24/Student/1048/install/usb_servo/lib:/home/eyantra/LB24/Student/1048/install/ebot_docking/lib:${LD_LIBRARY_PATH} PYTHONPATH=/home/eyantra/LB24/Student/1048/install/usb_servo/local/lib/python3.10/dist-packages:/home/eyantra/LB24/Student/1048/install/ebot_docking/local/lib/python3.10/dist-packages:${PYTHONPATH} /usr/bin/cmake --install /home/eyantra/LB24/Student/1048/build/fin
