[2.863s] Invoking command in '/home/eyantra/LB24/Student/1048/src/ur5_control': PYTHONPATH=/home/eyantra/LB24/Student/1048/build/ur5_control/prefix_override:/usr/lib/python3/dist-packages/colcon_core/task/python/colcon_distutils_commands:/home/eyantra/LB24/Student/1048/install/ur5_control/lib/python3.10/site-packages:${PYTHONPATH} /usr/bin/python3 -W ignore:setup.py install is deprecated -W ignore:easy_install command is deprecated setup.py egg_info --egg-base ../../build/ur5_control build --build-base /home/eyantra/LB24/Student/1048/build/ur5_control/build install --record /home/eyantra/LB24/Student/1048/build/ur5_control/install.log --single-version-externally-managed install_data
[3.404s] running egg_info
[3.406s] writing ../../build/ur5_control/ur5_control.egg-info/PKG-INFO
[3.406s] writing dependency_links to ../../build/ur5_control/ur5_control.egg-info/dependency_links.txt
[3.406s] writing entry points to ../../build/ur5_control/ur5_control.egg-info/entry_points.txt
[3.407s] writing requirements to ../../build/ur5_control/ur5_control.egg-info/requires.txt
[3.407s] writing top-level names to ../../build/ur5_control/ur5_control.egg-info/top_level.txt
[3.413s] reading manifest file '../../build/ur5_control/ur5_control.egg-info/SOURCES.txt'
[3.414s] writing manifest file '../../build/ur5_control/ur5_control.egg-info/SOURCES.txt'
[3.415s] running build
[3.415s] running build_py
[3.416s] running install
[3.417s] running install_lib
[3.420s] running install_data
[3.422s] running install_egg_info
[3.426s] removing '/home/eyantra/LB24/Student/1048/install/ur5_control/lib/python3.10/site-packages/ur5_control-0.0.0-py3.10.egg-info' (and everything under it)
[3.432s] Copying ../../build/ur5_control/ur5_control.egg-info to /home/eyantra/LB24/Student/1048/install/ur5_control/lib/python3.10/site-packages/ur5_control-0.0.0-py3.10.egg-info
[3.442s] running install_scripts
[3.492s] Installing 3a script to /home/eyantra/LB24/Student/1048/install/ur5_control/lib/ur5_control
[3.493s] Installing arm script to /home/eyantra/LB24/Student/1048/install/ur5_control/lib/ur5_control
[3.494s] Installing arm5 script to /home/eyantra/LB24/Student/1048/install/ur5_control/lib/ur5_control
[3.495s] Installing working script to /home/eyantra/LB24/Student/1048/install/ur5_control/lib/ur5_control
[3.495s] writing list of installed files to '/home/eyantra/LB24/Student/1048/build/ur5_control/install.log'
[3.626s] Invoked command in '/home/eyantra/LB24/Student/1048/src/ur5_control' returned '0': PYTHONPATH=/home/eyantra/LB24/Student/1048/build/ur5_control/prefix_override:/usr/lib/python3/dist-packages/colcon_core/task/python/colcon_distutils_commands:/home/eyantra/LB24/Student/1048/install/ur5_control/lib/python3.10/site-packages:${PYTHONPATH} /usr/bin/python3 -W ignore:setup.py install is deprecated -W ignore:easy_install command is deprecated setup.py egg_info --egg-base ../../build/ur5_control build --build-base /home/eyantra/LB24/Student/1048/build/ur5_control/build install --record /home/eyantra/LB24/Student/1048/build/ur5_control/install.log --single-version-externally-managed install_data
