[0.300s] Invoking command in '/home/northee/git/task3a/src/ff': PYTHONPATH=/home/northee/git/task3a/build/ff/prefix_override:/usr/lib/python3/dist-packages/colcon_core/task/python/colcon_distutils_commands:/home/northee/git/task3a/install/ff/lib/python3.10/site-packages:${PYTHONPATH} /usr/bin/python3 -W ignore:setup.py install is deprecated -W ignore:easy_install command is deprecated setup.py egg_info --egg-base ../../build/ff build --build-base /home/northee/git/task3a/build/ff/build install --record /home/northee/git/task3a/build/ff/install.log --single-version-externally-managed install_data
[0.402s] running egg_info
[0.402s] writing ../../build/ff/ff.egg-info/PKG-INFO
[0.402s] writing dependency_links to ../../build/ff/ff.egg-info/dependency_links.txt
[0.402s] writing entry points to ../../build/ff/ff.egg-info/entry_points.txt
[0.402s] writing requirements to ../../build/ff/ff.egg-info/requires.txt
[0.402s] writing top-level names to ../../build/ff/ff.egg-info/top_level.txt
[0.403s] reading manifest file '../../build/ff/ff.egg-info/SOURCES.txt'
[0.403s] writing manifest file '../../build/ff/ff.egg-info/SOURCES.txt'
[0.403s] running build
[0.403s] running build_py
[0.403s] copying ff/run.py -> /home/northee/git/task3a/build/ff/build/lib/ff
[0.404s] running install
[0.404s] running install_lib
[0.404s] copying /home/northee/git/task3a/build/ff/build/lib/ff/run.py -> /home/northee/git/task3a/install/ff/lib/python3.10/site-packages/ff
[0.404s] byte-compiling /home/northee/git/task3a/install/ff/lib/python3.10/site-packages/ff/run.py to run.cpython-310.pyc
[0.404s] running install_data
[0.405s] running install_egg_info
[0.406s] removing '/home/northee/git/task3a/install/ff/lib/python3.10/site-packages/ff-0.0.0-py3.10.egg-info' (and everything under it)
[0.406s] Copying ../../build/ff/ff.egg-info to /home/northee/git/task3a/install/ff/lib/python3.10/site-packages/ff-0.0.0-py3.10.egg-info
[0.406s] running install_scripts
[0.415s] Installing go script to /home/northee/git/task3a/install/ff/lib/ff
[0.416s] writing list of installed files to '/home/northee/git/task3a/build/ff/install.log'
[0.426s] Invoked command in '/home/northee/git/task3a/src/ff' returned '0': PYTHONPATH=/home/northee/git/task3a/build/ff/prefix_override:/usr/lib/python3/dist-packages/colcon_core/task/python/colcon_distutils_commands:/home/northee/git/task3a/install/ff/lib/python3.10/site-packages:${PYTHONPATH} /usr/bin/python3 -W ignore:setup.py install is deprecated -W ignore:easy_install command is deprecated setup.py egg_info --egg-base ../../build/ff build --build-base /home/northee/git/task3a/build/ff/build install --record /home/northee/git/task3a/build/ff/install.log --single-version-externally-managed install_data
