[0.026s] Invoking command in '/home/northee/git/task3a/build/usb_servo': CMAKE_PREFIX_PATH=${CMAKE_PREFIX_PATH}:/home/northee/eyrc/eyrc_ws/install/ur5_control:/home/northee/eyrc/eyrc_ws/install/bot:/home/northee/git/task3a/install/ur5_control:/home/northee/git/task3a/install/ff:/home/northee/git/task3a/install/bot:/home/northee/ROS2/turtle_ws/install/turtle_final:/home/northee/ROS2/turtle_ws/install/service_tut:/home/northee/ROS2/turtle_ws/install/first_pkg:/home/northee/ROS2/turtle_ws/install/exercise_1:/home/northee/ROS2/turtle_ws/install/arena_25:/home/northee/ROS2/urdf_ws/install/py_pubsub:/home/northee/ROS2/urdf_ws/install/ros2_control_demo_testing:/opt/ros/humble /usr/bin/cmake /home/northee/git/task3a/src/usb_servo -DCMAKE_EXPORT_COMPILE_COMMANDS=ON --no-warn-unused-cli -DCMAKE_INSTALL_PREFIX=/home/northee/git/task3a/install/usb_servo
[0.397s] Not searching for unused variables given on the command line.
[0.397s] -- The C compiler identification is GNU 11.4.0
[0.397s] -- The CXX compiler identification is GNU 11.4.0
[0.397s] -- Detecting C compiler ABI info
[0.397s] -- Detecting C compiler ABI info - done
[0.397s] -- Check for working C compiler: /usr/bin/cc - skipped
[0.397s] -- Detecting C compile features
[0.398s] -- Detecting C compile features - done
[0.398s] -- Detecting CXX compiler ABI info
[0.398s] -- Detecting CXX compiler ABI info - done
[0.398s] -- Check for working CXX compiler: /usr/bin/c++ - skipped
[0.398s] -- Detecting CXX compile features
[0.398s] -- Detecting CXX compile features - done
[0.398s] -- Found ament_cmake: 1.3.11 (/opt/ros/humble/share/ament_cmake/cmake)
[0.415s] -- Found Python3: /usr/bin/python3 (found version "3.10.12") found components: Interpreter 
[0.508s] -- Found rosidl_default_generators: 1.2.0 (/opt/ros/humble/share/rosidl_default_generators/cmake)
[0.516s] -- Using all available rosidl_typesupport_c: rosidl_typesupport_fastrtps_c;rosidl_typesupport_introspection_c
[0.526s] -- Found rosidl_adapter: 3.1.6 (/opt/ros/humble/share/rosidl_adapter/cmake)
[0.585s] -- Using all available rosidl_typesupport_cpp: rosidl_typesupport_fastrtps_cpp;rosidl_typesupport_introspection_cpp
[0.733s] -- Found ament_cmake_ros: 0.10.0 (/opt/ros/humble/share/ament_cmake_ros/cmake)
[0.806s] -- Using all available rosidl_typesupport_c: rosidl_typesupport_fastrtps_c;rosidl_typesupport_introspection_c
[0.874s] -- Using all available rosidl_typesupport_cpp: rosidl_typesupport_fastrtps_cpp;rosidl_typesupport_introspection_cpp
[0.887s] -- Found PythonInterp: /usr/bin/python3 (found suitable version "3.10.12", minimum required is "3.6") 
[0.889s] -- Found python_cmake_module: 0.10.0 (/opt/ros/humble/share/python_cmake_module/cmake)
[0.905s] -- Found PythonLibs: /usr/lib/x86_64-linux-gnu/libpython3.10.so (found suitable version "3.10.12", minimum required is "3.5") 
[0.905s] -- Using PYTHON_EXECUTABLE: /usr/bin/python3
[0.905s] -- Using PYTHON_INCLUDE_DIRS: /usr/include/python3.10
[0.905s] -- Using PYTHON_LIBRARIES: /usr/lib/x86_64-linux-gnu/libpython3.10.so
[0.918s] -- Found PythonExtra: .so  
[0.952s] -- Found ament_lint_auto: 0.12.11 (/opt/ros/humble/share/ament_lint_auto/cmake)
[0.983s] -- Added test 'lint_cmake' to check CMake code style
[0.984s] -- Added test 'xmllint' to check XML markup files
[0.986s] -- Configuring done
[0.997s] -- Generating done
[1.001s] -- Build files have been written to: /home/northee/git/task3a/build/usb_servo
[1.004s] Invoked command in '/home/northee/git/task3a/build/usb_servo' returned '0': CMAKE_PREFIX_PATH=${CMAKE_PREFIX_PATH}:/home/northee/eyrc/eyrc_ws/install/ur5_control:/home/northee/eyrc/eyrc_ws/install/bot:/home/northee/git/task3a/install/ur5_control:/home/northee/git/task3a/install/ff:/home/northee/git/task3a/install/bot:/home/northee/ROS2/turtle_ws/install/turtle_final:/home/northee/ROS2/turtle_ws/install/service_tut:/home/northee/ROS2/turtle_ws/install/first_pkg:/home/northee/ROS2/turtle_ws/install/exercise_1:/home/northee/ROS2/turtle_ws/install/arena_25:/home/northee/ROS2/urdf_ws/install/py_pubsub:/home/northee/ROS2/urdf_ws/install/ros2_control_demo_testing:/opt/ros/humble /usr/bin/cmake /home/northee/git/task3a/src/usb_servo -DCMAKE_EXPORT_COMPILE_COMMANDS=ON --no-warn-unused-cli -DCMAKE_INSTALL_PREFIX=/home/northee/git/task3a/install/usb_servo
[1.005s] Invoking command in '/home/northee/git/task3a/build/usb_servo': CMAKE_PREFIX_PATH=${CMAKE_PREFIX_PATH}:/home/northee/eyrc/eyrc_ws/install/ur5_control:/home/northee/eyrc/eyrc_ws/install/bot:/home/northee/git/task3a/install/ur5_control:/home/northee/git/task3a/install/ff:/home/northee/git/task3a/install/bot:/home/northee/ROS2/turtle_ws/install/turtle_final:/home/northee/ROS2/turtle_ws/install/service_tut:/home/northee/ROS2/turtle_ws/install/first_pkg:/home/northee/ROS2/turtle_ws/install/exercise_1:/home/northee/ROS2/turtle_ws/install/arena_25:/home/northee/ROS2/urdf_ws/install/py_pubsub:/home/northee/ROS2/urdf_ws/install/ros2_control_demo_testing:/opt/ros/humble /usr/bin/cmake --build /home/northee/git/task3a/build/usb_servo -- -j24 -l24
[1.020s] [  3%] [34m[1mGenerating C code for ROS interfaces[0m
[1.024s] [  6%] [34m[1mGenerating C++ code for ROS interfaces[0m
[1.024s] [  6%] Built target ament_cmake_python_copy_usb_servo
[1.136s] running egg_info
[1.137s] creating usb_servo.egg-info
[1.137s] writing usb_servo.egg-info/PKG-INFO
[1.137s] writing dependency_links to usb_servo.egg-info/dependency_links.txt
[1.137s] writing top-level names to usb_servo.egg-info/top_level.txt
[1.137s] writing manifest file 'usb_servo.egg-info/SOURCES.txt'
[1.137s] reading manifest file 'usb_servo.egg-info/SOURCES.txt'
[1.137s] writing manifest file 'usb_servo.egg-info/SOURCES.txt'
[1.149s] [  6%] Built target ament_cmake_python_build_usb_servo_egg
[1.156s] [  6%] Built target usb_servo__cpp
[1.157s] [  9%] [32mBuilding C object CMakeFiles/usb_servo__rosidl_generator_c.dir/rosidl_generator_c/usb_servo/srv/detail/servo_sw__functions.c.o[0m
[1.160s] [ 12%] [34m[1mGenerating C++ type support for eProsima Fast-RTPS[0m
[1.160s] [ 16%] [34m[1mGenerating C++ introspection for ROS interfaces[0m
[1.160s] [ 19%] [34m[1mGenerating C++ type support dispatch for ROS interfaces[0m
[1.191s] [ 22%] [32m[1mLinking C shared library libusb_servo__rosidl_generator_c.so[0m
[1.207s] [ 22%] Built target usb_servo__rosidl_generator_c
[1.211s] [ 29%] [34m[1mGenerating C type support for eProsima Fast-RTPS[0m
[1.211s] [ 29%] [34m[1mGenerating C type support dispatch for ROS interfaces[0m
[1.211s] [ 32%] [34m[1mGenerating C introspection for ROS interfaces[0m
[1.268s] [ 35%] [32mBuilding CXX object CMakeFiles/usb_servo__rosidl_typesupport_cpp.dir/rosidl_typesupport_cpp/usb_servo/srv/servo_sw__type_support.cpp.o[0m
[1.282s] [ 38%] [32mBuilding CXX object CMakeFiles/usb_servo__rosidl_typesupport_fastrtps_cpp.dir/rosidl_typesupport_fastrtps_cpp/usb_servo/srv/detail/dds_fastrtps/servo_sw__type_support.cpp.o[0m
[1.289s] [ 41%] [32mBuilding CXX object CMakeFiles/usb_servo__rosidl_typesupport_introspection_cpp.dir/rosidl_typesupport_introspection_cpp/usb_servo/srv/detail/servo_sw__type_support.cpp.o[0m
[1.330s] [ 45%] [32mBuilding CXX object CMakeFiles/usb_servo__rosidl_typesupport_fastrtps_c.dir/rosidl_typesupport_fastrtps_c/usb_servo/srv/detail/servo_sw__type_support_c.cpp.o[0m
[1.381s] [ 48%] [32mBuilding CXX object CMakeFiles/usb_servo__rosidl_typesupport_c.dir/rosidl_typesupport_c/usb_servo/srv/servo_sw__type_support.cpp.o[0m
[1.394s] [ 51%] [32m[1mLinking CXX shared library libusb_servo__rosidl_typesupport_c.so[0m
[1.407s] [ 54%] [32mBuilding C object CMakeFiles/usb_servo__rosidl_typesupport_introspection_c.dir/rosidl_typesupport_introspection_c/usb_servo/srv/detail/servo_sw__type_support.c.o[0m
[1.410s] [ 54%] Built target usb_servo__rosidl_typesupport_c
[1.427s] [ 58%] [32m[1mLinking C shared library libusb_servo__rosidl_typesupport_introspection_c.so[0m
[1.437s] [ 58%] Built target usb_servo__rosidl_typesupport_introspection_c
[1.450s] [ 61%] [32m[1mLinking CXX shared library libusb_servo__rosidl_typesupport_cpp.so[0m
[1.474s] [ 61%] Built target usb_servo__rosidl_typesupport_cpp
[1.481s] [ 64%] [32m[1mLinking CXX shared library libusb_servo__rosidl_typesupport_introspection_cpp.so[0m
[1.504s] [ 64%] Built target usb_servo__rosidl_typesupport_introspection_cpp
[1.510s] [ 67%] [32m[1mLinking CXX shared library libusb_servo__rosidl_typesupport_fastrtps_cpp.so[0m
[1.518s] [ 70%] [32m[1mLinking CXX shared library libusb_servo__rosidl_typesupport_fastrtps_c.so[0m
[1.545s] [ 70%] Built target usb_servo__rosidl_typesupport_fastrtps_cpp
[1.551s] [ 70%] Built target usb_servo__rosidl_typesupport_fastrtps_c
[1.559s] [ 70%] Built target usb_servo
[1.567s] [ 74%] [34m[1mGenerating Python code for ROS interfaces[0m
[1.724s] [ 74%] Built target usb_servo__py
[1.732s] [ 77%] [32mBuilding C object CMakeFiles/usb_servo__rosidl_generator_py.dir/rosidl_generator_py/usb_servo/srv/_servo_sw_s.c.o[0m
[1.809s] [ 80%] [32m[1mLinking C shared library rosidl_generator_py/usb_servo/libusb_servo__rosidl_generator_py.so[0m
[1.828s] [ 80%] Built target usb_servo__rosidl_generator_py
[1.835s] [ 83%] [32mBuilding C object CMakeFiles/usb_servo__rosidl_typesupport_fastrtps_c__pyext.dir/rosidl_generator_py/usb_servo/_usb_servo_s.ep.rosidl_typesupport_fastrtps_c.c.o[0m
[1.835s] [ 87%] [32mBuilding C object CMakeFiles/usb_servo__rosidl_typesupport_c__pyext.dir/rosidl_generator_py/usb_servo/_usb_servo_s.ep.rosidl_typesupport_c.c.o[0m
[1.835s] [ 90%] [32mBuilding C object CMakeFiles/usb_servo__rosidl_typesupport_introspection_c__pyext.dir/rosidl_generator_py/usb_servo/_usb_servo_s.ep.rosidl_typesupport_introspection_c.c.o[0m
[1.878s] [ 93%] [32m[1mLinking C shared library rosidl_generator_py/usb_servo/usb_servo_s__rosidl_typesupport_fastrtps_c.cpython-310-x86_64-linux-gnu.so[0m
[1.878s] [ 96%] [32m[1mLinking C shared library rosidl_generator_py/usb_servo/usb_servo_s__rosidl_typesupport_introspection_c.cpython-310-x86_64-linux-gnu.so[0m
[1.879s] [100%] [32m[1mLinking C shared library rosidl_generator_py/usb_servo/usb_servo_s__rosidl_typesupport_c.cpython-310-x86_64-linux-gnu.so[0m
[1.892s] [100%] Built target usb_servo__rosidl_typesupport_introspection_c__pyext
[1.895s] [100%] Built target usb_servo__rosidl_typesupport_fastrtps_c__pyext
[1.895s] [100%] Built target usb_servo__rosidl_typesupport_c__pyext
[1.899s] Invoked command in '/home/northee/git/task3a/build/usb_servo' returned '0': CMAKE_PREFIX_PATH=${CMAKE_PREFIX_PATH}:/home/northee/eyrc/eyrc_ws/install/ur5_control:/home/northee/eyrc/eyrc_ws/install/bot:/home/northee/git/task3a/install/ur5_control:/home/northee/git/task3a/install/ff:/home/northee/git/task3a/install/bot:/home/northee/ROS2/turtle_ws/install/turtle_final:/home/northee/ROS2/turtle_ws/install/service_tut:/home/northee/ROS2/turtle_ws/install/first_pkg:/home/northee/ROS2/turtle_ws/install/exercise_1:/home/northee/ROS2/turtle_ws/install/arena_25:/home/northee/ROS2/urdf_ws/install/py_pubsub:/home/northee/ROS2/urdf_ws/install/ros2_control_demo_testing:/opt/ros/humble /usr/bin/cmake --build /home/northee/git/task3a/build/usb_servo -- -j24 -l24
[1.900s] Invoking command in '/home/northee/git/task3a/build/usb_servo': CMAKE_PREFIX_PATH=${CMAKE_PREFIX_PATH}:/home/northee/eyrc/eyrc_ws/install/ur5_control:/home/northee/eyrc/eyrc_ws/install/bot:/home/northee/git/task3a/install/ur5_control:/home/northee/git/task3a/install/ff:/home/northee/git/task3a/install/bot:/home/northee/ROS2/turtle_ws/install/turtle_final:/home/northee/ROS2/turtle_ws/install/service_tut:/home/northee/ROS2/turtle_ws/install/first_pkg:/home/northee/ROS2/turtle_ws/install/exercise_1:/home/northee/ROS2/turtle_ws/install/arena_25:/home/northee/ROS2/urdf_ws/install/py_pubsub:/home/northee/ROS2/urdf_ws/install/ros2_control_demo_testing:/opt/ros/humble /usr/bin/cmake --install /home/northee/git/task3a/build/usb_servo
[1.902s] -- Install configuration: ""
[1.902s] -- Installing: /home/northee/git/task3a/install/usb_servo/share/ament_index/resource_index/rosidl_interfaces/usb_servo
[1.902s] -- Installing: /home/northee/git/task3a/install/usb_servo/include/usb_servo/usb_servo
[1.902s] -- Installing: /home/northee/git/task3a/install/usb_servo/include/usb_servo/usb_servo/srv
[1.902s] -- Installing: /home/northee/git/task3a/install/usb_servo/include/usb_servo/usb_servo/srv/servo_sw.h
[1.902s] -- Installing: /home/northee/git/task3a/install/usb_servo/include/usb_servo/usb_servo/srv/detail
[1.902s] -- Installing: /home/northee/git/task3a/install/usb_servo/include/usb_servo/usb_servo/srv/detail/servo_sw__type_support.h
[1.902s] -- Installing: /home/northee/git/task3a/install/usb_servo/include/usb_servo/usb_servo/srv/detail/servo_sw__functions.c
[1.902s] -- Installing: /home/northee/git/task3a/install/usb_servo/include/usb_servo/usb_servo/srv/detail/servo_sw__functions.h
[1.902s] -- Installing: /home/northee/git/task3a/install/usb_servo/include/usb_servo/usb_servo/srv/detail/servo_sw__struct.h
[1.902s] -- Installing: /home/northee/git/task3a/install/usb_servo/include/usb_servo/usb_servo/msg
[1.902s] -- Installing: /home/northee/git/task3a/install/usb_servo/include/usb_servo/usb_servo/msg/rosidl_generator_c__visibility_control.h
[1.902s] -- Installing: /home/northee/git/task3a/install/usb_servo/share/usb_servo/environment/library_path.sh
[1.902s] -- Installing: /home/northee/git/task3a/install/usb_servo/share/usb_servo/environment/library_path.dsv
[1.902s] -- Installing: /home/northee/git/task3a/install/usb_servo/lib/libusb_servo__rosidl_generator_c.so
[1.903s] -- Set runtime path of "/home/northee/git/task3a/install/usb_servo/lib/libusb_servo__rosidl_generator_c.so" to ""
[1.903s] -- Up-to-date: /home/northee/git/task3a/install/usb_servo/include/usb_servo/usb_servo
[1.903s] -- Up-to-date: /home/northee/git/task3a/install/usb_servo/include/usb_servo/usb_servo/srv
[1.903s] -- Up-to-date: /home/northee/git/task3a/install/usb_servo/include/usb_servo/usb_servo/srv/detail
[1.903s] -- Installing: /home/northee/git/task3a/install/usb_servo/include/usb_servo/usb_servo/srv/detail/servo_sw__rosidl_typesupport_fastrtps_c.h
[1.903s] -- Up-to-date: /home/northee/git/task3a/install/usb_servo/include/usb_servo/usb_servo/msg
[1.903s] -- Installing: /home/northee/git/task3a/install/usb_servo/include/usb_servo/usb_servo/msg/rosidl_typesupport_fastrtps_c__visibility_control.h
[1.903s] -- Installing: /home/northee/git/task3a/install/usb_servo/lib/libusb_servo__rosidl_typesupport_fastrtps_c.so
[1.903s] -- Set runtime path of "/home/northee/git/task3a/install/usb_servo/lib/libusb_servo__rosidl_typesupport_fastrtps_c.so" to ""
[1.903s] -- Up-to-date: /home/northee/git/task3a/install/usb_servo/include/usb_servo/usb_servo
[1.903s] -- Up-to-date: /home/northee/git/task3a/install/usb_servo/include/usb_servo/usb_servo/srv
[1.903s] -- Up-to-date: /home/northee/git/task3a/install/usb_servo/include/usb_servo/usb_servo/srv/detail
[1.903s] -- Installing: /home/northee/git/task3a/install/usb_servo/include/usb_servo/usb_servo/srv/detail/servo_sw__rosidl_typesupport_introspection_c.h
[1.903s] -- Installing: /home/northee/git/task3a/install/usb_servo/include/usb_servo/usb_servo/srv/detail/servo_sw__type_support.c
[1.903s] -- Up-to-date: /home/northee/git/task3a/install/usb_servo/include/usb_servo/usb_servo/msg
[1.903s] -- Installing: /home/northee/git/task3a/install/usb_servo/include/usb_servo/usb_servo/msg/rosidl_typesupport_introspection_c__visibility_control.h
[1.903s] -- Installing: /home/northee/git/task3a/install/usb_servo/lib/libusb_servo__rosidl_typesupport_introspection_c.so
[1.903s] -- Set runtime path of "/home/northee/git/task3a/install/usb_servo/lib/libusb_servo__rosidl_typesupport_introspection_c.so" to ""
[1.903s] -- Installing: /home/northee/git/task3a/install/usb_servo/lib/libusb_servo__rosidl_typesupport_c.so
[1.903s] -- Set runtime path of "/home/northee/git/task3a/install/usb_servo/lib/libusb_servo__rosidl_typesupport_c.so" to ""
[1.903s] -- Up-to-date: /home/northee/git/task3a/install/usb_servo/include/usb_servo/usb_servo
[1.903s] -- Up-to-date: /home/northee/git/task3a/install/usb_servo/include/usb_servo/usb_servo/srv
[1.903s] -- Installing: /home/northee/git/task3a/install/usb_servo/include/usb_servo/usb_servo/srv/servo_sw.hpp
[1.903s] -- Up-to-date: /home/northee/git/task3a/install/usb_servo/include/usb_servo/usb_servo/srv/detail
[1.903s] -- Installing: /home/northee/git/task3a/install/usb_servo/include/usb_servo/usb_servo/srv/detail/servo_sw__struct.hpp
[1.903s] -- Installing: /home/northee/git/task3a/install/usb_servo/include/usb_servo/usb_servo/srv/detail/servo_sw__traits.hpp
[1.903s] -- Installing: /home/northee/git/task3a/install/usb_servo/include/usb_servo/usb_servo/srv/detail/servo_sw__builder.hpp
[1.903s] -- Installing: /home/northee/git/task3a/install/usb_servo/include/usb_servo/usb_servo/srv/detail/servo_sw__type_support.hpp
[1.903s] -- Up-to-date: /home/northee/git/task3a/install/usb_servo/include/usb_servo/usb_servo/msg
[1.903s] -- Installing: /home/northee/git/task3a/install/usb_servo/include/usb_servo/usb_servo/msg/rosidl_generator_cpp__visibility_control.hpp
[1.903s] -- Up-to-date: /home/northee/git/task3a/install/usb_servo/include/usb_servo/usb_servo
[1.903s] -- Up-to-date: /home/northee/git/task3a/install/usb_servo/include/usb_servo/usb_servo/srv
[1.903s] -- Up-to-date: /home/northee/git/task3a/install/usb_servo/include/usb_servo/usb_servo/srv/detail
[1.904s] -- Installing: /home/northee/git/task3a/install/usb_servo/include/usb_servo/usb_servo/srv/detail/dds_fastrtps
[1.904s] -- Installing: /home/northee/git/task3a/install/usb_servo/include/usb_servo/usb_servo/srv/detail/servo_sw__rosidl_typesupport_fastrtps_cpp.hpp
[1.904s] -- Up-to-date: /home/northee/git/task3a/install/usb_servo/include/usb_servo/usb_servo/msg
[1.904s] -- Installing: /home/northee/git/task3a/install/usb_servo/include/usb_servo/usb_servo/msg/rosidl_typesupport_fastrtps_cpp__visibility_control.h
[1.904s] -- Installing: /home/northee/git/task3a/install/usb_servo/lib/libusb_servo__rosidl_typesupport_fastrtps_cpp.so
[1.904s] -- Set runtime path of "/home/northee/git/task3a/install/usb_servo/lib/libusb_servo__rosidl_typesupport_fastrtps_cpp.so" to ""
[1.904s] -- Up-to-date: /home/northee/git/task3a/install/usb_servo/include/usb_servo/usb_servo
[1.904s] -- Up-to-date: /home/northee/git/task3a/install/usb_servo/include/usb_servo/usb_servo/srv
[1.904s] -- Up-to-date: /home/northee/git/task3a/install/usb_servo/include/usb_servo/usb_servo/srv/detail
[1.904s] -- Installing: /home/northee/git/task3a/install/usb_servo/include/usb_servo/usb_servo/srv/detail/servo_sw__rosidl_typesupport_introspection_cpp.hpp
[1.904s] -- Installing: /home/northee/git/task3a/install/usb_servo/include/usb_servo/usb_servo/srv/detail/servo_sw__type_support.cpp
[1.904s] -- Installing: /home/northee/git/task3a/install/usb_servo/lib/libusb_servo__rosidl_typesupport_introspection_cpp.so
[1.904s] -- Set runtime path of "/home/northee/git/task3a/install/usb_servo/lib/libusb_servo__rosidl_typesupport_introspection_cpp.so" to ""
[1.904s] -- Installing: /home/northee/git/task3a/install/usb_servo/lib/libusb_servo__rosidl_typesupport_cpp.so
[1.904s] -- Set runtime path of "/home/northee/git/task3a/install/usb_servo/lib/libusb_servo__rosidl_typesupport_cpp.so" to ""
[1.904s] -- Installing: /home/northee/git/task3a/install/usb_servo/share/usb_servo/environment/pythonpath.sh
[1.904s] -- Installing: /home/northee/git/task3a/install/usb_servo/share/usb_servo/environment/pythonpath.dsv
[1.904s] -- Installing: /home/northee/git/task3a/install/usb_servo/local/lib/python3.10/dist-packages/usb_servo-0.0.0-py3.10.egg-info
[1.904s] -- Installing: /home/northee/git/task3a/install/usb_servo/local/lib/python3.10/dist-packages/usb_servo-0.0.0-py3.10.egg-info/SOURCES.txt
[1.904s] -- Installing: /home/northee/git/task3a/install/usb_servo/local/lib/python3.10/dist-packages/usb_servo-0.0.0-py3.10.egg-info/top_level.txt
[1.904s] -- Installing: /home/northee/git/task3a/install/usb_servo/local/lib/python3.10/dist-packages/usb_servo-0.0.0-py3.10.egg-info/PKG-INFO
[1.904s] -- Installing: /home/northee/git/task3a/install/usb_servo/local/lib/python3.10/dist-packages/usb_servo-0.0.0-py3.10.egg-info/dependency_links.txt
[1.904s] -- Installing: /home/northee/git/task3a/install/usb_servo/local/lib/python3.10/dist-packages/usb_servo
[1.904s] -- Installing: /home/northee/git/task3a/install/usb_servo/local/lib/python3.10/dist-packages/usb_servo/srv
[1.904s] -- Installing: /home/northee/git/task3a/install/usb_servo/local/lib/python3.10/dist-packages/usb_servo/srv/__init__.py
[1.904s] -- Installing: /home/northee/git/task3a/install/usb_servo/local/lib/python3.10/dist-packages/usb_servo/srv/_servo_sw_s.c
[1.904s] -- Installing: /home/northee/git/task3a/install/usb_servo/local/lib/python3.10/dist-packages/usb_servo/srv/_servo_sw.py
[1.904s] -- Installing: /home/northee/git/task3a/install/usb_servo/local/lib/python3.10/dist-packages/usb_servo/_usb_servo_s.ep.rosidl_typesupport_fastrtps_c.c
[1.904s] -- Installing: /home/northee/git/task3a/install/usb_servo/local/lib/python3.10/dist-packages/usb_servo/__init__.py
[1.904s] -- Installing: /home/northee/git/task3a/install/usb_servo/local/lib/python3.10/dist-packages/usb_servo/usb_servo_s__rosidl_typesupport_introspection_c.cpython-310-x86_64-linux-gnu.so
[1.904s] -- Installing: /home/northee/git/task3a/install/usb_servo/local/lib/python3.10/dist-packages/usb_servo/_usb_servo_s.ep.rosidl_typesupport_introspection_c.c
[1.904s] -- Installing: /home/northee/git/task3a/install/usb_servo/local/lib/python3.10/dist-packages/usb_servo/usb_servo_s__rosidl_typesupport_c.cpython-310-x86_64-linux-gnu.so
[1.904s] -- Installing: /home/northee/git/task3a/install/usb_servo/local/lib/python3.10/dist-packages/usb_servo/_usb_servo_s.ep.rosidl_typesupport_c.c
[1.904s] -- Installing: /home/northee/git/task3a/install/usb_servo/local/lib/python3.10/dist-packages/usb_servo/libusb_servo__rosidl_generator_py.so
[1.905s] -- Installing: /home/northee/git/task3a/install/usb_servo/local/lib/python3.10/dist-packages/usb_servo/usb_servo_s__rosidl_typesupport_fastrtps_c.cpython-310-x86_64-linux-gnu.so
[1.925s] Listing '/home/northee/git/task3a/install/usb_servo/local/lib/python3.10/dist-packages/usb_servo'...
[1.925s] Compiling '/home/northee/git/task3a/install/usb_servo/local/lib/python3.10/dist-packages/usb_servo/__init__.py'...
[1.925s] Listing '/home/northee/git/task3a/install/usb_servo/local/lib/python3.10/dist-packages/usb_servo/srv'...
[1.925s] Compiling '/home/northee/git/task3a/install/usb_servo/local/lib/python3.10/dist-packages/usb_servo/srv/__init__.py'...
[1.925s] Compiling '/home/northee/git/task3a/install/usb_servo/local/lib/python3.10/dist-packages/usb_servo/srv/_servo_sw.py'...
[1.927s] -- Installing: /home/northee/git/task3a/install/usb_servo/local/lib/python3.10/dist-packages/usb_servo/usb_servo_s__rosidl_typesupport_fastrtps_c.cpython-310-x86_64-linux-gnu.so
[1.927s] -- Set runtime path of "/home/northee/git/task3a/install/usb_servo/local/lib/python3.10/dist-packages/usb_servo/usb_servo_s__rosidl_typesupport_fastrtps_c.cpython-310-x86_64-linux-gnu.so" to ""
[1.927s] -- Installing: /home/northee/git/task3a/install/usb_servo/local/lib/python3.10/dist-packages/usb_servo/usb_servo_s__rosidl_typesupport_introspection_c.cpython-310-x86_64-linux-gnu.so
[1.927s] -- Set runtime path of "/home/northee/git/task3a/install/usb_servo/local/lib/python3.10/dist-packages/usb_servo/usb_servo_s__rosidl_typesupport_introspection_c.cpython-310-x86_64-linux-gnu.so" to ""
[1.927s] -- Installing: /home/northee/git/task3a/install/usb_servo/local/lib/python3.10/dist-packages/usb_servo/usb_servo_s__rosidl_typesupport_c.cpython-310-x86_64-linux-gnu.so
[1.927s] -- Set runtime path of "/home/northee/git/task3a/install/usb_servo/local/lib/python3.10/dist-packages/usb_servo/usb_servo_s__rosidl_typesupport_c.cpython-310-x86_64-linux-gnu.so" to ""
[1.927s] -- Installing: /home/northee/git/task3a/install/usb_servo/lib/libusb_servo__rosidl_generator_py.so
[1.927s] -- Set runtime path of "/home/northee/git/task3a/install/usb_servo/lib/libusb_servo__rosidl_generator_py.so" to ""
[1.928s] -- Installing: /home/northee/git/task3a/install/usb_servo/share/usb_servo/srv/ServoSw.idl
[1.928s] -- Installing: /home/northee/git/task3a/install/usb_servo/share/usb_servo/srv/ServoSw.srv
[1.928s] -- Installing: /home/northee/git/task3a/install/usb_servo/share/usb_servo/srv/ServoSw_Request.msg
[1.928s] -- Installing: /home/northee/git/task3a/install/usb_servo/share/usb_servo/srv/ServoSw_Response.msg
[1.928s] -- Installing: /home/northee/git/task3a/install/usb_servo/share/ament_index/resource_index/package_run_dependencies/usb_servo
[1.928s] -- Installing: /home/northee/git/task3a/install/usb_servo/share/ament_index/resource_index/parent_prefix_path/usb_servo
[1.928s] -- Installing: /home/northee/git/task3a/install/usb_servo/share/usb_servo/environment/ament_prefix_path.sh
[1.928s] -- Installing: /home/northee/git/task3a/install/usb_servo/share/usb_servo/environment/ament_prefix_path.dsv
[1.928s] -- Installing: /home/northee/git/task3a/install/usb_servo/share/usb_servo/environment/path.sh
[1.928s] -- Installing: /home/northee/git/task3a/install/usb_servo/share/usb_servo/environment/path.dsv
[1.928s] -- Installing: /home/northee/git/task3a/install/usb_servo/share/usb_servo/local_setup.bash
[1.928s] -- Installing: /home/northee/git/task3a/install/usb_servo/share/usb_servo/local_setup.sh
[1.928s] -- Installing: /home/northee/git/task3a/install/usb_servo/share/usb_servo/local_setup.zsh
[1.928s] -- Installing: /home/northee/git/task3a/install/usb_servo/share/usb_servo/local_setup.dsv
[1.928s] -- Installing: /home/northee/git/task3a/install/usb_servo/share/usb_servo/package.dsv
[1.928s] -- Installing: /home/northee/git/task3a/install/usb_servo/share/ament_index/resource_index/packages/usb_servo
[1.928s] -- Installing: /home/northee/git/task3a/install/usb_servo/share/usb_servo/cmake/export_usb_servo__rosidl_generator_cExport.cmake
[1.928s] -- Installing: /home/northee/git/task3a/install/usb_servo/share/usb_servo/cmake/export_usb_servo__rosidl_generator_cExport-noconfig.cmake
[1.929s] -- Installing: /home/northee/git/task3a/install/usb_servo/share/usb_servo/cmake/export_usb_servo__rosidl_typesupport_fastrtps_cExport.cmake
[1.929s] -- Installing: /home/northee/git/task3a/install/usb_servo/share/usb_servo/cmake/export_usb_servo__rosidl_typesupport_fastrtps_cExport-noconfig.cmake
[1.929s] -- Installing: /home/northee/git/task3a/install/usb_servo/share/usb_servo/cmake/usb_servo__rosidl_typesupport_introspection_cExport.cmake
[1.929s] -- Installing: /home/northee/git/task3a/install/usb_servo/share/usb_servo/cmake/usb_servo__rosidl_typesupport_introspection_cExport-noconfig.cmake
[1.929s] -- Installing: /home/northee/git/task3a/install/usb_servo/share/usb_servo/cmake/usb_servo__rosidl_typesupport_cExport.cmake
[1.929s] -- Installing: /home/northee/git/task3a/install/usb_servo/share/usb_servo/cmake/usb_servo__rosidl_typesupport_cExport-noconfig.cmake
[1.929s] -- Installing: /home/northee/git/task3a/install/usb_servo/share/usb_servo/cmake/export_usb_servo__rosidl_generator_cppExport.cmake
[1.929s] -- Installing: /home/northee/git/task3a/install/usb_servo/share/usb_servo/cmake/export_usb_servo__rosidl_typesupport_fastrtps_cppExport.cmake
[1.929s] -- Installing: /home/northee/git/task3a/install/usb_servo/share/usb_servo/cmake/export_usb_servo__rosidl_typesupport_fastrtps_cppExport-noconfig.cmake
[1.929s] -- Installing: /home/northee/git/task3a/install/usb_servo/share/usb_servo/cmake/usb_servo__rosidl_typesupport_introspection_cppExport.cmake
[1.929s] -- Installing: /home/northee/git/task3a/install/usb_servo/share/usb_servo/cmake/usb_servo__rosidl_typesupport_introspection_cppExport-noconfig.cmake
[1.929s] -- Installing: /home/northee/git/task3a/install/usb_servo/share/usb_servo/cmake/usb_servo__rosidl_typesupport_cppExport.cmake
[1.929s] -- Installing: /home/northee/git/task3a/install/usb_servo/share/usb_servo/cmake/usb_servo__rosidl_typesupport_cppExport-noconfig.cmake
[1.929s] -- Installing: /home/northee/git/task3a/install/usb_servo/share/usb_servo/cmake/export_usb_servo__rosidl_generator_pyExport.cmake
[1.929s] -- Installing: /home/northee/git/task3a/install/usb_servo/share/usb_servo/cmake/export_usb_servo__rosidl_generator_pyExport-noconfig.cmake
[1.929s] -- Installing: /home/northee/git/task3a/install/usb_servo/share/usb_servo/cmake/rosidl_cmake-extras.cmake
[1.929s] -- Installing: /home/northee/git/task3a/install/usb_servo/share/usb_servo/cmake/ament_cmake_export_include_directories-extras.cmake
[1.929s] -- Installing: /home/northee/git/task3a/install/usb_servo/share/usb_servo/cmake/ament_cmake_export_libraries-extras.cmake
[1.929s] -- Installing: /home/northee/git/task3a/install/usb_servo/share/usb_servo/cmake/ament_cmake_export_targets-extras.cmake
[1.929s] -- Installing: /home/northee/git/task3a/install/usb_servo/share/usb_servo/cmake/rosidl_cmake_export_typesupport_targets-extras.cmake
[1.929s] -- Installing: /home/northee/git/task3a/install/usb_servo/share/usb_servo/cmake/ament_cmake_export_dependencies-extras.cmake
[1.930s] -- Installing: /home/northee/git/task3a/install/usb_servo/share/usb_servo/cmake/rosidl_cmake_export_typesupport_libraries-extras.cmake
[1.930s] -- Installing: /home/northee/git/task3a/install/usb_servo/share/usb_servo/cmake/usb_servoConfig.cmake
[1.930s] -- Installing: /home/northee/git/task3a/install/usb_servo/share/usb_servo/cmake/usb_servoConfig-version.cmake
[1.930s] -- Installing: /home/northee/git/task3a/install/usb_servo/share/usb_servo/package.xml
[1.931s] Invoked command in '/home/northee/git/task3a/build/usb_servo' returned '0': CMAKE_PREFIX_PATH=${CMAKE_PREFIX_PATH}:/home/northee/eyrc/eyrc_ws/install/ur5_control:/home/northee/eyrc/eyrc_ws/install/bot:/home/northee/git/task3a/install/ur5_control:/home/northee/git/task3a/install/ff:/home/northee/git/task3a/install/bot:/home/northee/ROS2/turtle_ws/install/turtle_final:/home/northee/ROS2/turtle_ws/install/service_tut:/home/northee/ROS2/turtle_ws/install/first_pkg:/home/northee/ROS2/turtle_ws/install/exercise_1:/home/northee/ROS2/turtle_ws/install/arena_25:/home/northee/ROS2/urdf_ws/install/py_pubsub:/home/northee/ROS2/urdf_ws/install/ros2_control_demo_testing:/opt/ros/humble /usr/bin/cmake --install /home/northee/git/task3a/build/usb_servo
