[0.039s] Invoking command in '/home/eyantra/LB24/Student/1048/build/fin': AMENT_PREFIX_PATH=/home/eyantra/LB24/Student/1048/install/usb_servo:/home/eyantra/LB24/Student/1048/install/ebot_docking:${AMENT_PREFIX_PATH} CMAKE_PREFIX_PATH=/home/eyantra/LB24/Student/1048/install/usb_servo:/home/eyantra/LB24/Student/1048/install/ebot_docking:/opt/ros/humble LD_LIBRARY_PATH=/home/eyantra/LB24/Student/1048/install/usb_servo/lib:/home/eyantra/LB24/Student/1048/install/ebot_docking/lib:${LD_LIBRARY_PATH} PYTHONPATH=/home/eyantra/LB24/Student/1048/install/usb_servo/local/lib/python3.10/dist-packages:/home/eyantra/LB24/Student/1048/install/ebot_docking/local/lib/python3.10/dist-packages:${PYTHONPATH} /usr/bin/cmake --build /home/eyantra/LB24/Student/1048/build/fin -- -j8 -l8
[0.127s] [35m[1mConsolidate compiler generated dependencies of target dock[0m
[0.156s] [ 50%] Built target dock
[0.221s] [ 75%] [32mBuilding CXX object CMakeFiles/nav.dir/src/nav.cpp.o[0m
[27.515s] [100%] [32m[1mLinking CXX executable nav[0m
[29.881s] [100%] Built target nav
[29.902s] Invoked command in '/home/eyantra/LB24/Student/1048/build/fin' returned '0': AMENT_PREFIX_PATH=/home/eyantra/LB24/Student/1048/install/usb_servo:/home/eyantra/LB24/Student/1048/install/ebot_docking:${AMENT_PREFIX_PATH} CMAKE_PREFIX_PATH=/home/eyantra/LB24/Student/1048/install/usb_servo:/home/eyantra/LB24/Student/1048/install/ebot_docking:/opt/ros/humble LD_LIBRARY_PATH=/home/eyantra/LB24/Student/1048/install/usb_servo/lib:/home/eyantra/LB24/Student/1048/install/ebot_docking/lib:${LD_LIBRARY_PATH} PYTHONPATH=/home/eyantra/LB24/Student/1048/install/usb_servo/local/lib/python3.10/dist-packages:/home/eyantra/LB24/Student/1048/install/ebot_docking/local/lib/python3.10/dist-packages:${PYTHONPATH} /usr/bin/cmake --build /home/eyantra/LB24/Student/1048/build/fin -- -j8 -l8
[29.904s] Invoking command in '/home/eyantra/LB24/Student/1048/build/fin': AMENT_PREFIX_PATH=/home/eyantra/LB24/Student/1048/install/usb_servo:/home/eyantra/LB24/Student/1048/install/ebot_docking:${AMENT_PREFIX_PATH} CMAKE_PREFIX_PATH=/home/eyantra/LB24/Student/1048/install/usb_servo:/home/eyantra/LB24/Student/1048/install/ebot_docking:/opt/ros/humble LD_LIBRARY_PATH=/home/eyantra/LB24/Student/1048/install/usb_servo/lib:/home/eyantra/LB24/Student/1048/install/ebot_docking/lib:${LD_LIBRARY_PATH} PYTHONPATH=/home/eyantra/LB24/Student/1048/install/usb_servo/local/lib/python3.10/dist-packages:/home/eyantra/LB24/Student/1048/install/ebot_docking/local/lib/python3.10/dist-packages:${PYTHONPATH} /usr/bin/cmake --install /home/eyantra/LB24/Student/1048/build/fin
[29.919s] -- Install configuration: ""
[29.925s] -- Up-to-date: /home/eyantra/LB24/Student/1048/install/fin/lib/fin/dock
[29.925s] -- Installing: /home/eyantra/LB24/Student/1048/install/fin/lib/fin/nav
[29.944s] -- Set runtime path of "/home/eyantra/LB24/Student/1048/install/fin/lib/fin/nav" to ""
[29.944s] -- Up-to-date: /home/eyantra/LB24/Student/1048/install/fin/lib/fin/arm.py
[29.944s] -- Up-to-date: /home/eyantra/LB24/Student/1048/install/fin/share/ament_index/resource_index/package_run_dependencies/fin
[29.945s] -- Up-to-date: /home/eyantra/LB24/Student/1048/install/fin/share/ament_index/resource_index/parent_prefix_path/fin
[29.945s] -- Up-to-date: /home/eyantra/LB24/Student/1048/install/fin/share/fin/environment/ament_prefix_path.sh
[29.945s] -- Up-to-date: /home/eyantra/LB24/Student/1048/install/fin/share/fin/environment/ament_prefix_path.dsv
[29.945s] -- Up-to-date: /home/eyantra/LB24/Student/1048/install/fin/share/fin/environment/path.sh
[29.945s] -- Up-to-date: /home/eyantra/LB24/Student/1048/install/fin/share/fin/environment/path.dsv
[29.945s] -- Up-to-date: /home/eyantra/LB24/Student/1048/install/fin/share/fin/local_setup.bash
[29.945s] -- Up-to-date: /home/eyantra/LB24/Student/1048/install/fin/share/fin/local_setup.sh
[29.945s] -- Up-to-date: /home/eyantra/LB24/Student/1048/install/fin/share/fin/local_setup.zsh
[29.945s] -- Up-to-date: /home/eyantra/LB24/Student/1048/install/fin/share/fin/local_setup.dsv
[29.946s] -- Installing: /home/eyantra/LB24/Student/1048/install/fin/share/fin/package.dsv
[29.946s] -- Up-to-date: /home/eyantra/LB24/Student/1048/install/fin/share/ament_index/resource_index/packages/fin
[29.946s] -- Up-to-date: /home/eyantra/LB24/Student/1048/install/fin/share/fin/cmake/finConfig.cmake
[29.946s] -- Up-to-date: /home/eyantra/LB24/Student/1048/install/fin/share/fin/cmake/finConfig-version.cmake
[29.946s] -- Up-to-date: /home/eyantra/LB24/Student/1048/install/fin/share/fin/package.xml
[29.949s] Invoked command in '/home/eyantra/LB24/Student/1048/build/fin' returned '0': AMENT_PREFIX_PATH=/home/eyantra/LB24/Student/1048/install/usb_servo:/home/eyantra/LB24/Student/1048/install/ebot_docking:${AMENT_PREFIX_PATH} CMAKE_PREFIX_PATH=/home/eyantra/LB24/Student/1048/install/usb_servo:/home/eyantra/LB24/Student/1048/install/ebot_docking:/opt/ros/humble LD_LIBRARY_PATH=/home/eyantra/LB24/Student/1048/install/usb_servo/lib:/home/eyantra/LB24/Student/1048/install/ebot_docking/lib:${LD_LIBRARY_PATH} PYTHONPATH=/home/eyantra/LB24/Student/1048/install/usb_servo/local/lib/python3.10/dist-packages:/home/eyantra/LB24/Student/1048/install/ebot_docking/local/lib/python3.10/dist-packages:${PYTHONPATH} /usr/bin/cmake --install /home/eyantra/LB24/Student/1048/build/fin
