[0.061s] Invoking command in '/home/eyantra/LB24/Student/1048/build/usb_servo': CMAKE_PREFIX_PATH=/opt/ros/humble /usr/bin/cmake /home/eyantra/LB24/Student/1048/src/usb_servo -DCMAKE_INSTALL_PREFIX=/home/eyantra/LB24/Student/1048/install/usb_servo
[0.835s] -- The C compiler identification is GNU 11.4.0
[0.835s] -- The CXX compiler identification is GNU 11.4.0
[0.835s] -- Detecting C compiler ABI info
[0.835s] -- Detecting C compiler ABI info - done
[0.835s] -- Check for working C compiler: /usr/bin/cc - skipped
[0.836s] -- Detecting C compile features
[0.836s] -- Detecting C compile features - done
[0.836s] -- Detecting CXX compiler ABI info
[0.836s] -- Detecting CXX compiler ABI info - done
[0.837s] -- Check for working CXX compiler: /usr/bin/c++ - skipped
[0.837s] -- Detecting CXX compile features
[0.837s] -- Detecting CXX compile features - done
[0.837s] -- Found ament_cmake: 1.3.11 (/opt/ros/humble/share/ament_cmake/cmake)
[1.174s] -- Found Python3: /usr/bin/python3 (found version "3.10.12") found components: Interpreter 
[1.437s] -- Found rosidl_default_generators: 1.2.0 (/opt/ros/humble/share/rosidl_default_generators/cmake)
[1.443s] -- Using all available rosidl_typesupport_c: rosidl_typesupport_fastrtps_c;rosidl_typesupport_introspection_c
[1.462s] -- Found rosidl_adapter: 3.1.6 (/opt/ros/humble/share/rosidl_adapter/cmake)
[1.576s] -- Using all available rosidl_typesupport_cpp: rosidl_typesupport_fastrtps_cpp;rosidl_typesupport_introspection_cpp
[2.267s] -- Found ament_cmake_ros: 0.10.0 (/opt/ros/humble/share/ament_cmake_ros/cmake)
[2.771s] -- Using all available rosidl_typesupport_c: rosidl_typesupport_fastrtps_c;rosidl_typesupport_introspection_c
[3.316s] -- Using all available rosidl_typesupport_cpp: rosidl_typesupport_fastrtps_cpp;rosidl_typesupport_introspection_cpp
[3.373s] -- Found PythonInterp: /usr/bin/python3 (found suitable version "3.10.12", minimum required is "3.6") 
[3.377s] -- Found python_cmake_module: 0.10.0 (/opt/ros/humble/share/python_cmake_module/cmake)
[3.434s] -- Found PythonLibs: /usr/lib/x86_64-linux-gnu/libpython3.10.so (found suitable version "3.10.12", minimum required is "3.5") 
[3.434s] -- Using PYTHON_EXECUTABLE: /usr/bin/python3
[3.434s] -- Using PYTHON_INCLUDE_DIRS: /usr/include/python3.10
[3.434s] -- Using PYTHON_LIBRARIES: /usr/lib/x86_64-linux-gnu/libpython3.10.so
[3.490s] -- Found PythonExtra: .so  
[3.554s] -- Found ament_lint_auto: 0.12.11 (/opt/ros/humble/share/ament_lint_auto/cmake)
[3.595s] -- Added test 'lint_cmake' to check CMake code style
[3.597s] -- Added test 'xmllint' to check XML markup files
[3.600s] -- Configuring done
[3.678s] -- Generating done
[3.693s] -- Build files have been written to: /home/eyantra/LB24/Student/1048/build/usb_servo
[3.701s] Invoked command in '/home/eyantra/LB24/Student/1048/build/usb_servo' returned '0': CMAKE_PREFIX_PATH=/opt/ros/humble /usr/bin/cmake /home/eyantra/LB24/Student/1048/src/usb_servo -DCMAKE_INSTALL_PREFIX=/home/eyantra/LB24/Student/1048/install/usb_servo
[3.713s] Invoking command in '/home/eyantra/LB24/Student/1048/build/usb_servo': CMAKE_PREFIX_PATH=/opt/ros/humble /usr/bin/cmake --build /home/eyantra/LB24/Student/1048/build/usb_servo -- -j8 -l8
[3.791s] [  3%] [34m[1mGenerating C code for ROS interfaces[0m
[3.823s] [  6%] [34m[1mGenerating C++ code for ROS interfaces[0m
[3.854s] [  6%] Built target ament_cmake_python_copy_usb_servo
[4.474s] running egg_info
[4.477s] creating usb_servo.egg-info
[4.477s] writing usb_servo.egg-info/PKG-INFO
[4.477s] writing dependency_links to usb_servo.egg-info/dependency_links.txt
[4.477s] writing top-level names to usb_servo.egg-info/top_level.txt
[4.478s] writing manifest file 'usb_servo.egg-info/SOURCES.txt'
[4.490s] reading manifest file 'usb_servo.egg-info/SOURCES.txt'
[4.490s] writing manifest file 'usb_servo.egg-info/SOURCES.txt'
[4.514s] [  6%] Built target usb_servo__cpp
[4.528s] [  9%] [32mBuilding C object CMakeFiles/usb_servo__rosidl_generator_c.dir/rosidl_generator_c/usb_servo/srv/detail/servo_sw__functions.c.o[0m
[4.532s] [ 12%] [34m[1mGenerating C++ type support for eProsima Fast-RTPS[0m
[4.538s] [ 16%] [34m[1mGenerating C++ type support dispatch for ROS interfaces[0m
[4.541s] [ 19%] [34m[1mGenerating C++ introspection for ROS interfaces[0m
[4.640s] [ 19%] Built target ament_cmake_python_build_usb_servo_egg
[4.655s] [ 22%] [32m[1mLinking C shared library libusb_servo__rosidl_generator_c.so[0m
[4.768s] [ 22%] Built target usb_servo__rosidl_generator_c
[4.794s] [ 29%] [34m[1mGenerating C introspection for ROS interfaces[0m
[4.795s] [ 29%] [34m[1mGenerating C type support for eProsima Fast-RTPS[0m
[4.813s] [ 32%] [34m[1mGenerating C type support dispatch for ROS interfaces[0m
[5.336s] [ 35%] [32mBuilding CXX object CMakeFiles/usb_servo__rosidl_typesupport_introspection_cpp.dir/rosidl_typesupport_introspection_cpp/usb_servo/srv/detail/servo_sw__type_support.cpp.o[0m
[5.345s] [ 38%] [32mBuilding CXX object CMakeFiles/usb_servo__rosidl_typesupport_cpp.dir/rosidl_typesupport_cpp/usb_servo/srv/servo_sw__type_support.cpp.o[0m
[5.578s] [ 41%] [32mBuilding CXX object CMakeFiles/usb_servo__rosidl_typesupport_fastrtps_cpp.dir/rosidl_typesupport_fastrtps_cpp/usb_servo/srv/detail/dds_fastrtps/servo_sw__type_support.cpp.o[0m
[5.624s] [ 45%] [32mBuilding CXX object CMakeFiles/usb_servo__rosidl_typesupport_fastrtps_c.dir/rosidl_typesupport_fastrtps_c/usb_servo/srv/detail/servo_sw__type_support_c.cpp.o[0m
[5.719s] [ 48%] [32mBuilding CXX object CMakeFiles/usb_servo__rosidl_typesupport_c.dir/rosidl_typesupport_c/usb_servo/srv/servo_sw__type_support.cpp.o[0m
[5.792s] [ 51%] [32m[1mLinking CXX shared library libusb_servo__rosidl_typesupport_c.so[0m
[5.900s] [ 54%] [32mBuilding C object CMakeFiles/usb_servo__rosidl_typesupport_introspection_c.dir/rosidl_typesupport_introspection_c/usb_servo/srv/detail/servo_sw__type_support.c.o[0m
[5.941s] [ 54%] Built target usb_servo__rosidl_typesupport_c
[6.079s] [ 58%] [32m[1mLinking C shared library libusb_servo__rosidl_typesupport_introspection_c.so[0m
[6.284s] [ 58%] Built target usb_servo__rosidl_typesupport_introspection_c
[6.318s] [ 61%] [32m[1mLinking CXX shared library libusb_servo__rosidl_typesupport_fastrtps_c.so[0m
[6.430s] [ 64%] [32m[1mLinking CXX shared library libusb_servo__rosidl_typesupport_cpp.so[0m
[6.510s] [ 67%] [32m[1mLinking CXX shared library libusb_servo__rosidl_typesupport_introspection_cpp.so[0m
[6.616s] [ 67%] Built target usb_servo__rosidl_typesupport_fastrtps_c
[6.647s] [ 67%] Built target usb_servo__rosidl_typesupport_cpp
[6.729s] [ 67%] Built target usb_servo__rosidl_typesupport_introspection_cpp
[7.113s] [ 70%] [32m[1mLinking CXX shared library libusb_servo__rosidl_typesupport_fastrtps_cpp.so[0m
[7.472s] [ 70%] Built target usb_servo__rosidl_typesupport_fastrtps_cpp
[7.544s] [ 70%] Built target usb_servo
[7.587s] [ 74%] [34m[1mGenerating Python code for ROS interfaces[0m
[8.297s] [ 74%] Built target usb_servo__py
[8.338s] [ 77%] [32mBuilding C object CMakeFiles/usb_servo__rosidl_generator_py.dir/rosidl_generator_py/usb_servo/srv/_servo_sw_s.c.o[0m
[8.515s] [ 80%] [32m[1mLinking C shared library rosidl_generator_py/usb_servo/libusb_servo__rosidl_generator_py.so[0m
[8.586s] [ 80%] Built target usb_servo__rosidl_generator_py
[8.621s] [ 83%] [32mBuilding C object CMakeFiles/usb_servo__rosidl_typesupport_fastrtps_c__pyext.dir/rosidl_generator_py/usb_servo/_usb_servo_s.ep.rosidl_typesupport_fastrtps_c.c.o[0m
[8.622s] [ 87%] [32mBuilding C object CMakeFiles/usb_servo__rosidl_typesupport_c__pyext.dir/rosidl_generator_py/usb_servo/_usb_servo_s.ep.rosidl_typesupport_c.c.o[0m
[8.623s] [ 90%] [32mBuilding C object CMakeFiles/usb_servo__rosidl_typesupport_introspection_c__pyext.dir/rosidl_generator_py/usb_servo/_usb_servo_s.ep.rosidl_typesupport_introspection_c.c.o[0m
[8.769s] [ 93%] [32m[1mLinking C shared library rosidl_generator_py/usb_servo/usb_servo_s__rosidl_typesupport_c.cpython-310-x86_64-linux-gnu.so[0m
[8.806s] [ 96%] [32m[1mLinking C shared library rosidl_generator_py/usb_servo/usb_servo_s__rosidl_typesupport_introspection_c.cpython-310-x86_64-linux-gnu.so[0m
[8.840s] [100%] [32m[1mLinking C shared library rosidl_generator_py/usb_servo/usb_servo_s__rosidl_typesupport_fastrtps_c.cpython-310-x86_64-linux-gnu.so[0m
[8.851s] [100%] Built target usb_servo__rosidl_typesupport_c__pyext
[8.881s] [100%] Built target usb_servo__rosidl_typesupport_introspection_c__pyext
[8.900s] [100%] Built target usb_servo__rosidl_typesupport_fastrtps_c__pyext
[8.933s] Invoked command in '/home/eyantra/LB24/Student/1048/build/usb_servo' returned '0': CMAKE_PREFIX_PATH=/opt/ros/humble /usr/bin/cmake --build /home/eyantra/LB24/Student/1048/build/usb_servo -- -j8 -l8
[8.936s] Invoking command in '/home/eyantra/LB24/Student/1048/build/usb_servo': CMAKE_PREFIX_PATH=/opt/ros/humble /usr/bin/cmake --install /home/eyantra/LB24/Student/1048/build/usb_servo
[8.944s] -- Install configuration: ""
[8.944s] -- Installing: /home/eyantra/LB24/Student/1048/install/usb_servo/share/ament_index/resource_index/rosidl_interfaces/usb_servo
[8.945s] -- Installing: /home/eyantra/LB24/Student/1048/install/usb_servo/include/usb_servo/usb_servo
[8.945s] -- Installing: /home/eyantra/LB24/Student/1048/install/usb_servo/include/usb_servo/usb_servo/msg
[8.945s] -- Installing: /home/eyantra/LB24/Student/1048/install/usb_servo/include/usb_servo/usb_servo/msg/rosidl_generator_c__visibility_control.h
[8.945s] -- Installing: /home/eyantra/LB24/Student/1048/install/usb_servo/include/usb_servo/usb_servo/srv
[8.945s] -- Installing: /home/eyantra/LB24/Student/1048/install/usb_servo/include/usb_servo/usb_servo/srv/servo_sw.h
[8.946s] -- Installing: /home/eyantra/LB24/Student/1048/install/usb_servo/include/usb_servo/usb_servo/srv/detail
[8.946s] -- Installing: /home/eyantra/LB24/Student/1048/install/usb_servo/include/usb_servo/usb_servo/srv/detail/servo_sw__functions.c
[8.946s] -- Installing: /home/eyantra/LB24/Student/1048/install/usb_servo/include/usb_servo/usb_servo/srv/detail/servo_sw__struct.h
[8.946s] -- Installing: /home/eyantra/LB24/Student/1048/install/usb_servo/include/usb_servo/usb_servo/srv/detail/servo_sw__type_support.h
[8.946s] -- Installing: /home/eyantra/LB24/Student/1048/install/usb_servo/include/usb_servo/usb_servo/srv/detail/servo_sw__functions.h
[8.946s] -- Installing: /home/eyantra/LB24/Student/1048/install/usb_servo/share/usb_servo/environment/library_path.sh
[8.947s] -- Installing: /home/eyantra/LB24/Student/1048/install/usb_servo/share/usb_servo/environment/library_path.dsv
[8.947s] -- Installing: /home/eyantra/LB24/Student/1048/install/usb_servo/lib/libusb_servo__rosidl_generator_c.so
[8.947s] -- Set runtime path of "/home/eyantra/LB24/Student/1048/install/usb_servo/lib/libusb_servo__rosidl_generator_c.so" to ""
[8.947s] -- Up-to-date: /home/eyantra/LB24/Student/1048/install/usb_servo/include/usb_servo/usb_servo
[8.952s] -- Up-to-date: /home/eyantra/LB24/Student/1048/install/usb_servo/include/usb_servo/usb_servo/msg
[8.952s] -- Installing: /home/eyantra/LB24/Student/1048/install/usb_servo/include/usb_servo/usb_servo/msg/rosidl_typesupport_fastrtps_c__visibility_control.h
[8.953s] -- Up-to-date: /home/eyantra/LB24/Student/1048/install/usb_servo/include/usb_servo/usb_servo/srv
[8.953s] -- Up-to-date: /home/eyantra/LB24/Student/1048/install/usb_servo/include/usb_servo/usb_servo/srv/detail
[8.959s] -- Installing: /home/eyantra/LB24/Student/1048/install/usb_servo/include/usb_servo/usb_servo/srv/detail/servo_sw__rosidl_typesupport_fastrtps_c.h
[8.959s] -- Installing: /home/eyantra/LB24/Student/1048/install/usb_servo/lib/libusb_servo__rosidl_typesupport_fastrtps_c.so
[8.959s] -- Set runtime path of "/home/eyantra/LB24/Student/1048/install/usb_servo/lib/libusb_servo__rosidl_typesupport_fastrtps_c.so" to ""
[8.959s] -- Up-to-date: /home/eyantra/LB24/Student/1048/install/usb_servo/include/usb_servo/usb_servo
[8.959s] -- Up-to-date: /home/eyantra/LB24/Student/1048/install/usb_servo/include/usb_servo/usb_servo/msg
[8.959s] -- Installing: /home/eyantra/LB24/Student/1048/install/usb_servo/include/usb_servo/usb_servo/msg/rosidl_typesupport_introspection_c__visibility_control.h
[8.959s] -- Up-to-date: /home/eyantra/LB24/Student/1048/install/usb_servo/include/usb_servo/usb_servo/srv
[8.960s] -- Up-to-date: /home/eyantra/LB24/Student/1048/install/usb_servo/include/usb_servo/usb_servo/srv/detail
[8.960s] -- Installing: /home/eyantra/LB24/Student/1048/install/usb_servo/include/usb_servo/usb_servo/srv/detail/servo_sw__rosidl_typesupport_introspection_c.h
[8.960s] -- Installing: /home/eyantra/LB24/Student/1048/install/usb_servo/include/usb_servo/usb_servo/srv/detail/servo_sw__type_support.c
[8.960s] -- Installing: /home/eyantra/LB24/Student/1048/install/usb_servo/lib/libusb_servo__rosidl_typesupport_introspection_c.so
[8.967s] -- Set runtime path of "/home/eyantra/LB24/Student/1048/install/usb_servo/lib/libusb_servo__rosidl_typesupport_introspection_c.so" to ""
[8.967s] -- Installing: /home/eyantra/LB24/Student/1048/install/usb_servo/lib/libusb_servo__rosidl_typesupport_c.so
[8.967s] -- Set runtime path of "/home/eyantra/LB24/Student/1048/install/usb_servo/lib/libusb_servo__rosidl_typesupport_c.so" to ""
[8.968s] -- Up-to-date: /home/eyantra/LB24/Student/1048/install/usb_servo/include/usb_servo/usb_servo
[8.968s] -- Up-to-date: /home/eyantra/LB24/Student/1048/install/usb_servo/include/usb_servo/usb_servo/msg
[8.968s] -- Installing: /home/eyantra/LB24/Student/1048/install/usb_servo/include/usb_servo/usb_servo/msg/rosidl_generator_cpp__visibility_control.hpp
[8.968s] -- Up-to-date: /home/eyantra/LB24/Student/1048/install/usb_servo/include/usb_servo/usb_servo/srv
[8.968s] -- Up-to-date: /home/eyantra/LB24/Student/1048/install/usb_servo/include/usb_servo/usb_servo/srv/detail
[8.968s] -- Installing: /home/eyantra/LB24/Student/1048/install/usb_servo/include/usb_servo/usb_servo/srv/detail/servo_sw__struct.hpp
[8.968s] -- Installing: /home/eyantra/LB24/Student/1048/install/usb_servo/include/usb_servo/usb_servo/srv/detail/servo_sw__builder.hpp
[8.968s] -- Installing: /home/eyantra/LB24/Student/1048/install/usb_servo/include/usb_servo/usb_servo/srv/detail/servo_sw__type_support.hpp
[8.968s] -- Installing: /home/eyantra/LB24/Student/1048/install/usb_servo/include/usb_servo/usb_servo/srv/detail/servo_sw__traits.hpp
[8.968s] -- Installing: /home/eyantra/LB24/Student/1048/install/usb_servo/include/usb_servo/usb_servo/srv/servo_sw.hpp
[8.968s] -- Up-to-date: /home/eyantra/LB24/Student/1048/install/usb_servo/include/usb_servo/usb_servo
[8.968s] -- Up-to-date: /home/eyantra/LB24/Student/1048/install/usb_servo/include/usb_servo/usb_servo/msg
[8.968s] -- Installing: /home/eyantra/LB24/Student/1048/install/usb_servo/include/usb_servo/usb_servo/msg/rosidl_typesupport_fastrtps_cpp__visibility_control.h
[8.968s] -- Up-to-date: /home/eyantra/LB24/Student/1048/install/usb_servo/include/usb_servo/usb_servo/srv
[8.968s] -- Up-to-date: /home/eyantra/LB24/Student/1048/install/usb_servo/include/usb_servo/usb_servo/srv/detail
[8.969s] -- Installing: /home/eyantra/LB24/Student/1048/install/usb_servo/include/usb_servo/usb_servo/srv/detail/dds_fastrtps
[8.969s] -- Installing: /home/eyantra/LB24/Student/1048/install/usb_servo/include/usb_servo/usb_servo/srv/detail/servo_sw__rosidl_typesupport_fastrtps_cpp.hpp
[8.969s] -- Installing: /home/eyantra/LB24/Student/1048/install/usb_servo/lib/libusb_servo__rosidl_typesupport_fastrtps_cpp.so
[8.969s] -- Set runtime path of "/home/eyantra/LB24/Student/1048/install/usb_servo/lib/libusb_servo__rosidl_typesupport_fastrtps_cpp.so" to ""
[8.969s] -- Up-to-date: /home/eyantra/LB24/Student/1048/install/usb_servo/include/usb_servo/usb_servo
[8.969s] -- Up-to-date: /home/eyantra/LB24/Student/1048/install/usb_servo/include/usb_servo/usb_servo/srv
[8.969s] -- Up-to-date: /home/eyantra/LB24/Student/1048/install/usb_servo/include/usb_servo/usb_servo/srv/detail
[8.969s] -- Installing: /home/eyantra/LB24/Student/1048/install/usb_servo/include/usb_servo/usb_servo/srv/detail/servo_sw__type_support.cpp
[8.969s] -- Installing: /home/eyantra/LB24/Student/1048/install/usb_servo/include/usb_servo/usb_servo/srv/detail/servo_sw__rosidl_typesupport_introspection_cpp.hpp
[8.969s] -- Installing: /home/eyantra/LB24/Student/1048/install/usb_servo/lib/libusb_servo__rosidl_typesupport_introspection_cpp.so
[8.969s] -- Set runtime path of "/home/eyantra/LB24/Student/1048/install/usb_servo/lib/libusb_servo__rosidl_typesupport_introspection_cpp.so" to ""
[8.969s] -- Installing: /home/eyantra/LB24/Student/1048/install/usb_servo/lib/libusb_servo__rosidl_typesupport_cpp.so
[8.970s] -- Set runtime path of "/home/eyantra/LB24/Student/1048/install/usb_servo/lib/libusb_servo__rosidl_typesupport_cpp.so" to ""
[8.970s] -- Installing: /home/eyantra/LB24/Student/1048/install/usb_servo/share/usb_servo/environment/pythonpath.sh
[8.970s] -- Installing: /home/eyantra/LB24/Student/1048/install/usb_servo/share/usb_servo/environment/pythonpath.dsv
[8.970s] -- Installing: /home/eyantra/LB24/Student/1048/install/usb_servo/local/lib/python3.10/dist-packages/usb_servo-0.0.0-py3.10.egg-info
[8.970s] -- Installing: /home/eyantra/LB24/Student/1048/install/usb_servo/local/lib/python3.10/dist-packages/usb_servo-0.0.0-py3.10.egg-info/dependency_links.txt
[8.970s] -- Installing: /home/eyantra/LB24/Student/1048/install/usb_servo/local/lib/python3.10/dist-packages/usb_servo-0.0.0-py3.10.egg-info/SOURCES.txt
[8.970s] -- Installing: /home/eyantra/LB24/Student/1048/install/usb_servo/local/lib/python3.10/dist-packages/usb_servo-0.0.0-py3.10.egg-info/top_level.txt
[8.970s] -- Installing: /home/eyantra/LB24/Student/1048/install/usb_servo/local/lib/python3.10/dist-packages/usb_servo-0.0.0-py3.10.egg-info/PKG-INFO
[8.970s] -- Installing: /home/eyantra/LB24/Student/1048/install/usb_servo/local/lib/python3.10/dist-packages/usb_servo
[8.970s] -- Installing: /home/eyantra/LB24/Student/1048/install/usb_servo/local/lib/python3.10/dist-packages/usb_servo/_usb_servo_s.ep.rosidl_typesupport_c.c
[8.970s] -- Installing: /home/eyantra/LB24/Student/1048/install/usb_servo/local/lib/python3.10/dist-packages/usb_servo/usb_servo_s__rosidl_typesupport_introspection_c.cpython-310-x86_64-linux-gnu.so
[8.971s] -- Installing: /home/eyantra/LB24/Student/1048/install/usb_servo/local/lib/python3.10/dist-packages/usb_servo/usb_servo_s__rosidl_typesupport_fastrtps_c.cpython-310-x86_64-linux-gnu.so
[8.971s] -- Installing: /home/eyantra/LB24/Student/1048/install/usb_servo/local/lib/python3.10/dist-packages/usb_servo/__init__.py
[8.971s] -- Installing: /home/eyantra/LB24/Student/1048/install/usb_servo/local/lib/python3.10/dist-packages/usb_servo/srv
[8.971s] -- Installing: /home/eyantra/LB24/Student/1048/install/usb_servo/local/lib/python3.10/dist-packages/usb_servo/srv/_servo_sw_s.c
[8.971s] -- Installing: /home/eyantra/LB24/Student/1048/install/usb_servo/local/lib/python3.10/dist-packages/usb_servo/srv/__init__.py
[8.971s] -- Installing: /home/eyantra/LB24/Student/1048/install/usb_servo/local/lib/python3.10/dist-packages/usb_servo/srv/_servo_sw.py
[8.971s] -- Installing: /home/eyantra/LB24/Student/1048/install/usb_servo/local/lib/python3.10/dist-packages/usb_servo/usb_servo_s__rosidl_typesupport_c.cpython-310-x86_64-linux-gnu.so
[8.971s] -- Installing: /home/eyantra/LB24/Student/1048/install/usb_servo/local/lib/python3.10/dist-packages/usb_servo/_usb_servo_s.ep.rosidl_typesupport_fastrtps_c.c
[8.971s] -- Installing: /home/eyantra/LB24/Student/1048/install/usb_servo/local/lib/python3.10/dist-packages/usb_servo/_usb_servo_s.ep.rosidl_typesupport_introspection_c.c
[8.971s] -- Installing: /home/eyantra/LB24/Student/1048/install/usb_servo/local/lib/python3.10/dist-packages/usb_servo/libusb_servo__rosidl_generator_py.so
[9.034s] Listing '/home/eyantra/LB24/Student/1048/install/usb_servo/local/lib/python3.10/dist-packages/usb_servo'...
[9.034s] Compiling '/home/eyantra/LB24/Student/1048/install/usb_servo/local/lib/python3.10/dist-packages/usb_servo/__init__.py'...
[9.034s] Listing '/home/eyantra/LB24/Student/1048/install/usb_servo/local/lib/python3.10/dist-packages/usb_servo/srv'...
[9.034s] Compiling '/home/eyantra/LB24/Student/1048/install/usb_servo/local/lib/python3.10/dist-packages/usb_servo/srv/__init__.py'...
[9.034s] Compiling '/home/eyantra/LB24/Student/1048/install/usb_servo/local/lib/python3.10/dist-packages/usb_servo/srv/_servo_sw.py'...
[9.048s] -- Installing: /home/eyantra/LB24/Student/1048/install/usb_servo/local/lib/python3.10/dist-packages/usb_servo/usb_servo_s__rosidl_typesupport_fastrtps_c.cpython-310-x86_64-linux-gnu.so
[9.054s] -- Set runtime path of "/home/eyantra/LB24/Student/1048/install/usb_servo/local/lib/python3.10/dist-packages/usb_servo/usb_servo_s__rosidl_typesupport_fastrtps_c.cpython-310-x86_64-linux-gnu.so" to ""
[9.054s] -- Installing: /home/eyantra/LB24/Student/1048/install/usb_servo/local/lib/python3.10/dist-packages/usb_servo/usb_servo_s__rosidl_typesupport_introspection_c.cpython-310-x86_64-linux-gnu.so
[9.054s] -- Set runtime path of "/home/eyantra/LB24/Student/1048/install/usb_servo/local/lib/python3.10/dist-packages/usb_servo/usb_servo_s__rosidl_typesupport_introspection_c.cpython-310-x86_64-linux-gnu.so" to ""
[9.055s] -- Installing: /home/eyantra/LB24/Student/1048/install/usb_servo/local/lib/python3.10/dist-packages/usb_servo/usb_servo_s__rosidl_typesupport_c.cpython-310-x86_64-linux-gnu.so
[9.055s] -- Set runtime path of "/home/eyantra/LB24/Student/1048/install/usb_servo/local/lib/python3.10/dist-packages/usb_servo/usb_servo_s__rosidl_typesupport_c.cpython-310-x86_64-linux-gnu.so" to ""
[9.055s] -- Installing: /home/eyantra/LB24/Student/1048/install/usb_servo/lib/libusb_servo__rosidl_generator_py.so
[9.055s] -- Set runtime path of "/home/eyantra/LB24/Student/1048/install/usb_servo/lib/libusb_servo__rosidl_generator_py.so" to ""
[9.055s] -- Installing: /home/eyantra/LB24/Student/1048/install/usb_servo/share/usb_servo/srv/ServoSw.idl
[9.055s] -- Installing: /home/eyantra/LB24/Student/1048/install/usb_servo/share/usb_servo/srv/ServoSw.srv
[9.055s] -- Installing: /home/eyantra/LB24/Student/1048/install/usb_servo/share/usb_servo/srv/ServoSw_Request.msg
[9.055s] -- Installing: /home/eyantra/LB24/Student/1048/install/usb_servo/share/usb_servo/srv/ServoSw_Response.msg
[9.055s] -- Installing: /home/eyantra/LB24/Student/1048/install/usb_servo/share/ament_index/resource_index/package_run_dependencies/usb_servo
[9.055s] -- Installing: /home/eyantra/LB24/Student/1048/install/usb_servo/share/ament_index/resource_index/parent_prefix_path/usb_servo
[9.056s] -- Installing: /home/eyantra/LB24/Student/1048/install/usb_servo/share/usb_servo/environment/ament_prefix_path.sh
[9.056s] -- Installing: /home/eyantra/LB24/Student/1048/install/usb_servo/share/usb_servo/environment/ament_prefix_path.dsv
[9.056s] -- Installing: /home/eyantra/LB24/Student/1048/install/usb_servo/share/usb_servo/environment/path.sh
[9.056s] -- Installing: /home/eyantra/LB24/Student/1048/install/usb_servo/share/usb_servo/environment/path.dsv
[9.056s] -- Installing: /home/eyantra/LB24/Student/1048/install/usb_servo/share/usb_servo/local_setup.bash
[9.056s] -- Installing: /home/eyantra/LB24/Student/1048/install/usb_servo/share/usb_servo/local_setup.sh
[9.056s] -- Installing: /home/eyantra/LB24/Student/1048/install/usb_servo/share/usb_servo/local_setup.zsh
[9.056s] -- Installing: /home/eyantra/LB24/Student/1048/install/usb_servo/share/usb_servo/local_setup.dsv
[9.056s] -- Installing: /home/eyantra/LB24/Student/1048/install/usb_servo/share/usb_servo/package.dsv
[9.057s] -- Installing: /home/eyantra/LB24/Student/1048/install/usb_servo/share/ament_index/resource_index/packages/usb_servo
[9.057s] -- Installing: /home/eyantra/LB24/Student/1048/install/usb_servo/share/usb_servo/cmake/export_usb_servo__rosidl_generator_cExport.cmake
[9.057s] -- Installing: /home/eyantra/LB24/Student/1048/install/usb_servo/share/usb_servo/cmake/export_usb_servo__rosidl_generator_cExport-noconfig.cmake
[9.057s] -- Installing: /home/eyantra/LB24/Student/1048/install/usb_servo/share/usb_servo/cmake/export_usb_servo__rosidl_typesupport_fastrtps_cExport.cmake
[9.057s] -- Installing: /home/eyantra/LB24/Student/1048/install/usb_servo/share/usb_servo/cmake/export_usb_servo__rosidl_typesupport_fastrtps_cExport-noconfig.cmake
[9.057s] -- Installing: /home/eyantra/LB24/Student/1048/install/usb_servo/share/usb_servo/cmake/usb_servo__rosidl_typesupport_introspection_cExport.cmake
[9.058s] -- Installing: /home/eyantra/LB24/Student/1048/install/usb_servo/share/usb_servo/cmake/usb_servo__rosidl_typesupport_introspection_cExport-noconfig.cmake
[9.058s] -- Installing: /home/eyantra/LB24/Student/1048/install/usb_servo/share/usb_servo/cmake/usb_servo__rosidl_typesupport_cExport.cmake
[9.058s] -- Installing: /home/eyantra/LB24/Student/1048/install/usb_servo/share/usb_servo/cmake/usb_servo__rosidl_typesupport_cExport-noconfig.cmake
[9.058s] -- Installing: /home/eyantra/LB24/Student/1048/install/usb_servo/share/usb_servo/cmake/export_usb_servo__rosidl_generator_cppExport.cmake
[9.059s] -- Installing: /home/eyantra/LB24/Student/1048/install/usb_servo/share/usb_servo/cmake/export_usb_servo__rosidl_typesupport_fastrtps_cppExport.cmake
[9.059s] -- Installing: /home/eyantra/LB24/Student/1048/install/usb_servo/share/usb_servo/cmake/export_usb_servo__rosidl_typesupport_fastrtps_cppExport-noconfig.cmake
[9.059s] -- Installing: /home/eyantra/LB24/Student/1048/install/usb_servo/share/usb_servo/cmake/usb_servo__rosidl_typesupport_introspection_cppExport.cmake
[9.063s] -- Installing: /home/eyantra/LB24/Student/1048/install/usb_servo/share/usb_servo/cmake/usb_servo__rosidl_typesupport_introspection_cppExport-noconfig.cmake
[9.063s] -- Installing: /home/eyantra/LB24/Student/1048/install/usb_servo/share/usb_servo/cmake/usb_servo__rosidl_typesupport_cppExport.cmake
[9.063s] -- Installing: /home/eyantra/LB24/Student/1048/install/usb_servo/share/usb_servo/cmake/usb_servo__rosidl_typesupport_cppExport-noconfig.cmake
[9.063s] -- Installing: /home/eyantra/LB24/Student/1048/install/usb_servo/share/usb_servo/cmake/export_usb_servo__rosidl_generator_pyExport.cmake
[9.063s] -- Installing: /home/eyantra/LB24/Student/1048/install/usb_servo/share/usb_servo/cmake/export_usb_servo__rosidl_generator_pyExport-noconfig.cmake
[9.064s] -- Installing: /home/eyantra/LB24/Student/1048/install/usb_servo/share/usb_servo/cmake/rosidl_cmake-extras.cmake
[9.064s] -- Installing: /home/eyantra/LB24/Student/1048/install/usb_servo/share/usb_servo/cmake/ament_cmake_export_include_directories-extras.cmake
[9.064s] -- Installing: /home/eyantra/LB24/Student/1048/install/usb_servo/share/usb_servo/cmake/ament_cmake_export_libraries-extras.cmake
[9.064s] -- Installing: /home/eyantra/LB24/Student/1048/install/usb_servo/share/usb_servo/cmake/ament_cmake_export_targets-extras.cmake
[9.064s] -- Installing: /home/eyantra/LB24/Student/1048/install/usb_servo/share/usb_servo/cmake/rosidl_cmake_export_typesupport_targets-extras.cmake
[9.064s] -- Installing: /home/eyantra/LB24/Student/1048/install/usb_servo/share/usb_servo/cmake/ament_cmake_export_dependencies-extras.cmake
[9.064s] -- Installing: /home/eyantra/LB24/Student/1048/install/usb_servo/share/usb_servo/cmake/rosidl_cmake_export_typesupport_libraries-extras.cmake
[9.065s] -- Installing: /home/eyantra/LB24/Student/1048/install/usb_servo/share/usb_servo/cmake/usb_servoConfig.cmake
[9.065s] -- Installing: /home/eyantra/LB24/Student/1048/install/usb_servo/share/usb_servo/cmake/usb_servoConfig-version.cmake
[9.065s] -- Installing: /home/eyantra/LB24/Student/1048/install/usb_servo/share/usb_servo/package.xml
[9.068s] Invoked command in '/home/eyantra/LB24/Student/1048/build/usb_servo' returned '0': CMAKE_PREFIX_PATH=/opt/ros/humble /usr/bin/cmake --install /home/eyantra/LB24/Student/1048/build/usb_servo
