[2.798s] Invoking command in '/home/eyantra/LB24/Student/1048/src/ur5_control': PYTHONPATH=/home/eyantra/LB24/Student/1048/build/ur5_control/prefix_override:/usr/lib/python3/dist-packages/colcon_core/task/python/colcon_distutils_commands:/home/eyantra/LB24/Student/1048/install/ur5_control/lib/python3.10/site-packages:${PYTHONPATH} /usr/bin/python3 -W ignore:setup.py install is deprecated -W ignore:easy_install command is deprecated setup.py egg_info --egg-base ../../build/ur5_control build --build-base /home/eyantra/LB24/Student/1048/build/ur5_control/build install --record /home/eyantra/LB24/Student/1048/build/ur5_control/install.log --single-version-externally-managed install_data
[3.269s] running egg_info
[3.272s] writing ../../build/ur5_control/ur5_control.egg-info/PKG-INFO
[3.273s] writing dependency_links to ../../build/ur5_control/ur5_control.egg-info/dependency_links.txt
[3.274s] writing entry points to ../../build/ur5_control/ur5_control.egg-info/entry_points.txt
[3.274s] writing requirements to ../../build/ur5_control/ur5_control.egg-info/requires.txt
[3.275s] writing top-level names to ../../build/ur5_control/ur5_control.egg-info/top_level.txt
[3.280s] reading manifest file '../../build/ur5_control/ur5_control.egg-info/SOURCES.txt'
[3.282s] writing manifest file '../../build/ur5_control/ur5_control.egg-info/SOURCES.txt'
[3.282s] running build
[3.282s] running build_py
[3.283s] running install
[3.283s] running install_lib
[3.285s] running install_data
[3.285s] running install_egg_info
[3.288s] removing '/home/eyantra/LB24/Student/1048/install/ur5_control/lib/python3.10/site-packages/ur5_control-0.0.0-py3.10.egg-info' (and everything under it)
[3.288s] Copying ../../build/ur5_control/ur5_control.egg-info to /home/eyantra/LB24/Student/1048/install/ur5_control/lib/python3.10/site-packages/ur5_control-0.0.0-py3.10.egg-info
[3.290s] running install_scripts
[3.345s] Installing 3a script to /home/eyantra/LB24/Student/1048/install/ur5_control/lib/ur5_control
[3.345s] Installing arm script to /home/eyantra/LB24/Student/1048/install/ur5_control/lib/ur5_control
[3.345s] Installing arm5 script to /home/eyantra/LB24/Student/1048/install/ur5_control/lib/ur5_control
[3.345s] Installing working script to /home/eyantra/LB24/Student/1048/install/ur5_control/lib/ur5_control
[3.345s] writing list of installed files to '/home/eyantra/LB24/Student/1048/build/ur5_control/install.log'
[3.447s] Invoked command in '/home/eyantra/LB24/Student/1048/src/ur5_control' returned '0': PYTHONPATH=/home/eyantra/LB24/Student/1048/build/ur5_control/prefix_override:/usr/lib/python3/dist-packages/colcon_core/task/python/colcon_distutils_commands:/home/eyantra/LB24/Student/1048/install/ur5_control/lib/python3.10/site-packages:${PYTHONPATH} /usr/bin/python3 -W ignore:setup.py install is deprecated -W ignore:easy_install command is deprecated setup.py egg_info --egg-base ../../build/ur5_control build --build-base /home/eyantra/LB24/Student/1048/build/ur5_control/build install --record /home/eyantra/LB24/Student/1048/build/ur5_control/install.log --single-version-externally-managed install_data
