[2.374s] Invoking command in '/home/eyantra/LB24/Student/1048/src/jk': PYTHONPATH=/home/eyantra/LB24/Student/1048/build/jk/prefix_override:/usr/lib/python3/dist-packages/colcon_core/task/python/colcon_distutils_commands:/home/eyantra/LB24/Student/1048/install/jk/lib/python3.10/site-packages:${PYTHONPATH} /usr/bin/python3 -W ignore:setup.py install is deprecated -W ignore:easy_install command is deprecated setup.py egg_info --egg-base ../../build/jk build --build-base /home/eyantra/LB24/Student/1048/build/jk/build install --record /home/eyantra/LB24/Student/1048/build/jk/install.log --single-version-externally-managed install_data
[2.890s] running egg_info
[2.892s] writing ../../build/jk/jk.egg-info/PKG-INFO
[2.893s] writing dependency_links to ../../build/jk/jk.egg-info/dependency_links.txt
[2.894s] writing entry points to ../../build/jk/jk.egg-info/entry_points.txt
[2.895s] writing requirements to ../../build/jk/jk.egg-info/requires.txt
[2.895s] writing top-level names to ../../build/jk/jk.egg-info/top_level.txt
[2.906s] reading manifest file '../../build/jk/jk.egg-info/SOURCES.txt'
[2.907s] writing manifest file '../../build/jk/jk.egg-info/SOURCES.txt'
[2.907s] running build
[2.908s] running build_py
[2.908s] copying jk/nav.py -> /home/eyantra/LB24/Student/1048/build/jk/build/lib/jk
[2.910s] running install
[2.911s] running install_lib
[2.912s] copying /home/eyantra/LB24/Student/1048/build/jk/build/lib/jk/nav.py -> /home/eyantra/LB24/Student/1048/install/jk/lib/python3.10/site-packages/jk
[2.913s] byte-compiling /home/eyantra/LB24/Student/1048/install/jk/lib/python3.10/site-packages/jk/nav.py to nav.cpython-310.pyc
[2.917s] running install_data
[2.918s] running install_egg_info
[2.922s] removing '/home/eyantra/LB24/Student/1048/install/jk/lib/python3.10/site-packages/jk-0.0.0-py3.10.egg-info' (and everything under it)
[2.922s] Copying ../../build/jk/jk.egg-info to /home/eyantra/LB24/Student/1048/install/jk/lib/python3.10/site-packages/jk-0.0.0-py3.10.egg-info
[2.923s] running install_scripts
[2.962s] Installing arm script to /home/eyantra/LB24/Student/1048/install/jk/lib/jk
[2.966s] Installing dock script to /home/eyantra/LB24/Student/1048/install/jk/lib/jk
[2.967s] Installing nav script to /home/eyantra/LB24/Student/1048/install/jk/lib/jk
[2.971s] writing list of installed files to '/home/eyantra/LB24/Student/1048/build/jk/install.log'
[3.062s] Invoked command in '/home/eyantra/LB24/Student/1048/src/jk' returned '0': PYTHONPATH=/home/eyantra/LB24/Student/1048/build/jk/prefix_override:/usr/lib/python3/dist-packages/colcon_core/task/python/colcon_distutils_commands:/home/eyantra/LB24/Student/1048/install/jk/lib/python3.10/site-packages:${PYTHONPATH} /usr/bin/python3 -W ignore:setup.py install is deprecated -W ignore:easy_install command is deprecated setup.py egg_info --egg-base ../../build/jk build --build-base /home/eyantra/LB24/Student/1048/build/jk/build install --record /home/eyantra/LB24/Student/1048/build/jk/install.log --single-version-externally-managed install_data
