[1.951s] Invoking command in '/home/eyantra/LB24/Student/1048/src/bot': PYTHONPATH=/home/eyantra/LB24/Student/1048/build/bot/prefix_override:/usr/lib/python3/dist-packages/colcon_core/task/python/colcon_distutils_commands:/home/eyantra/LB24/Student/1048/install/bot/lib/python3.10/site-packages:${PYTHONPATH} /usr/bin/python3 -W ignore:setup.py install is deprecated -W ignore:easy_install command is deprecated setup.py egg_info --egg-base ../../build/bot build --build-base /home/eyantra/LB24/Student/1048/build/bot/build install --record /home/eyantra/LB24/Student/1048/build/bot/install.log --single-version-externally-managed install_data
[2.283s] running egg_info
[2.284s] writing ../../build/bot/bot.egg-info/PKG-INFO
[2.285s] writing dependency_links to ../../build/bot/bot.egg-info/dependency_links.txt
[2.285s] writing entry points to ../../build/bot/bot.egg-info/entry_points.txt
[2.285s] writing requirements to ../../build/bot/bot.egg-info/requires.txt
[2.285s] writing top-level names to ../../build/bot/bot.egg-info/top_level.txt
[2.288s] reading manifest file '../../build/bot/bot.egg-info/SOURCES.txt'
[2.289s] writing manifest file '../../build/bot/bot.egg-info/SOURCES.txt'
[2.290s] running build
[2.290s] running build_py
[2.290s] running install
[2.291s] running install_lib
[2.294s] running install_data
[2.294s] running install_egg_info
[2.298s] removing '/home/eyantra/LB24/Student/1048/install/bot/lib/python3.10/site-packages/bot-0.0.0-py3.10.egg-info' (and everything under it)
[2.299s] Copying ../../build/bot/bot.egg-info to /home/eyantra/LB24/Student/1048/install/bot/lib/python3.10/site-packages/bot-0.0.0-py3.10.egg-info
[2.304s] running install_scripts
[2.340s] Installing arm script to /home/eyantra/LB24/Student/1048/install/bot/lib/bot
[2.340s] Installing dock script to /home/eyantra/LB24/Student/1048/install/bot/lib/bot
[2.341s] Installing nav script to /home/eyantra/LB24/Student/1048/install/bot/lib/bot
[2.341s] writing list of installed files to '/home/eyantra/LB24/Student/1048/build/bot/install.log'
[2.409s] Invoked command in '/home/eyantra/LB24/Student/1048/src/bot' returned '0': PYTHONPATH=/home/eyantra/LB24/Student/1048/build/bot/prefix_override:/usr/lib/python3/dist-packages/colcon_core/task/python/colcon_distutils_commands:/home/eyantra/LB24/Student/1048/install/bot/lib/python3.10/site-packages:${PYTHONPATH} /usr/bin/python3 -W ignore:setup.py install is deprecated -W ignore:easy_install command is deprecated setup.py egg_info --egg-base ../../build/bot build --build-base /home/eyantra/LB24/Student/1048/build/bot/build install --record /home/eyantra/LB24/Student/1048/build/bot/install.log --single-version-externally-managed install_data
