[0.675s] Invoking command in '/home/eyantra/LB24/Student/1048/build/pymoveit2': CMAKE_PREFIX_PATH=/opt/ros/humble /usr/bin/cmake --build /home/eyantra/LB24/Student/1048/build/pymoveit2 -- -j8 -l8
[0.801s] Built target ament_cmake_python_copy_pymoveit2
[1.401s] running egg_info
[1.402s] writing pymoveit2.egg-info/PKG-INFO
[1.403s] writing dependency_links to pymoveit2.egg-info/dependency_links.txt
[1.405s] writing top-level names to pymoveit2.egg-info/top_level.txt
[1.410s] reading manifest file 'pymoveit2.egg-info/SOURCES.txt'
[1.412s] writing manifest file 'pymoveit2.egg-info/SOURCES.txt'
[1.518s] Built target ament_cmake_python_build_pymoveit2_egg
[1.552s] Invoked command in '/home/eyantra/LB24/Student/1048/build/pymoveit2' returned '0': CMAKE_PREFIX_PATH=/opt/ros/humble /usr/bin/cmake --build /home/eyantra/LB24/Student/1048/build/pymoveit2 -- -j8 -l8
[1.554s] Invoking command in '/home/eyantra/LB24/Student/1048/build/pymoveit2': CMAKE_PREFIX_PATH=/opt/ros/humble /usr/bin/cmake --install /home/eyantra/LB24/Student/1048/build/pymoveit2
[1.568s] -- Install configuration: ""
[1.569s] -- Up-to-date: /home/eyantra/LB24/Student/1048/install/pymoveit2/share/pymoveit2/environment/pythonpath.sh
[1.570s] -- Up-to-date: /home/eyantra/LB24/Student/1048/install/pymoveit2/share/pymoveit2/environment/pythonpath.dsv
[1.570s] -- Up-to-date: /home/eyantra/LB24/Student/1048/install/pymoveit2/local/lib/python3.10/dist-packages/pymoveit2-2.1.0-py3.10.egg-info
[1.573s] -- Installing: /home/eyantra/LB24/Student/1048/install/pymoveit2/local/lib/python3.10/dist-packages/pymoveit2-2.1.0-py3.10.egg-info/dependency_links.txt
[1.573s] -- Installing: /home/eyantra/LB24/Student/1048/install/pymoveit2/local/lib/python3.10/dist-packages/pymoveit2-2.1.0-py3.10.egg-info/SOURCES.txt
[1.574s] -- Installing: /home/eyantra/LB24/Student/1048/install/pymoveit2/local/lib/python3.10/dist-packages/pymoveit2-2.1.0-py3.10.egg-info/top_level.txt
[1.575s] -- Installing: /home/eyantra/LB24/Student/1048/install/pymoveit2/local/lib/python3.10/dist-packages/pymoveit2-2.1.0-py3.10.egg-info/PKG-INFO
[1.576s] -- Up-to-date: /home/eyantra/LB24/Student/1048/install/pymoveit2/local/lib/python3.10/dist-packages/pymoveit2
[1.577s] -- Up-to-date: /home/eyantra/LB24/Student/1048/install/pymoveit2/local/lib/python3.10/dist-packages/pymoveit2/moveit2_servo.py
[1.579s] -- Up-to-date: /home/eyantra/LB24/Student/1048/install/pymoveit2/local/lib/python3.10/dist-packages/pymoveit2/robots
[1.581s] -- Up-to-date: /home/eyantra/LB24/Student/1048/install/pymoveit2/local/lib/python3.10/dist-packages/pymoveit2/robots/ur5.py
[1.582s] -- Up-to-date: /home/eyantra/LB24/Student/1048/install/pymoveit2/local/lib/python3.10/dist-packages/pymoveit2/robots/kinova.py
[1.582s] -- Up-to-date: /home/eyantra/LB24/Student/1048/install/pymoveit2/local/lib/python3.10/dist-packages/pymoveit2/robots/__init__.py
[1.583s] -- Up-to-date: /home/eyantra/LB24/Student/1048/install/pymoveit2/local/lib/python3.10/dist-packages/pymoveit2/moveit2.py
[1.583s] -- Up-to-date: /home/eyantra/LB24/Student/1048/install/pymoveit2/local/lib/python3.10/dist-packages/pymoveit2/__init__.py
[1.642s] Listing '/home/eyantra/LB24/Student/1048/install/pymoveit2/local/lib/python3.10/dist-packages/pymoveit2'...
[1.643s] Listing '/home/eyantra/LB24/Student/1048/install/pymoveit2/local/lib/python3.10/dist-packages/pymoveit2/robots'...
[1.696s] -- Up-to-date: /home/eyantra/LB24/Student/1048/install/pymoveit2/lib/pymoveit2/ex_collision_object.py
[1.697s] -- Up-to-date: /home/eyantra/LB24/Student/1048/install/pymoveit2/lib/pymoveit2/ex_joint_goal.py
[1.698s] -- Up-to-date: /home/eyantra/LB24/Student/1048/install/pymoveit2/lib/pymoveit2/ex_pose_goal.py
[1.699s] -- Up-to-date: /home/eyantra/LB24/Student/1048/install/pymoveit2/lib/pymoveit2/ex_servo.py
[1.700s] -- Up-to-date: /home/eyantra/LB24/Student/1048/install/pymoveit2/lib/pymoveit2/assets
[1.700s] -- Up-to-date: /home/eyantra/LB24/Student/1048/install/pymoveit2/lib/pymoveit2/assets/rack.stl
[1.700s] -- Up-to-date: /home/eyantra/LB24/Student/1048/install/pymoveit2/lib/pymoveit2/assets/box2.stl
[1.701s] -- Up-to-date: /home/eyantra/LB24/Student/1048/install/pymoveit2/lib/pymoveit2/assets/box3.stl
[1.701s] -- Up-to-date: /home/eyantra/LB24/Student/1048/install/pymoveit2/lib/pymoveit2/assets/rack_box.stl
[1.701s] -- Up-to-date: /home/eyantra/LB24/Student/1048/install/pymoveit2/lib/pymoveit2/assets/box.stl
[1.701s] -- Up-to-date: /home/eyantra/LB24/Student/1048/install/pymoveit2/lib/pymoveit2/assets/rack_box_again.stl
[1.701s] -- Up-to-date: /home/eyantra/LB24/Student/1048/install/pymoveit2/lib/pymoveit2/assets/box1.stl
[1.701s] -- Up-to-date: /home/eyantra/LB24/Student/1048/install/pymoveit2/lib/pymoveit2/assets/suzanne.stl
[1.701s] -- Up-to-date: /home/eyantra/LB24/Student/1048/install/pymoveit2/share/ament_index/resource_index/package_run_dependencies/pymoveit2
[1.701s] -- Up-to-date: /home/eyantra/LB24/Student/1048/install/pymoveit2/share/ament_index/resource_index/parent_prefix_path/pymoveit2
[1.702s] -- Up-to-date: /home/eyantra/LB24/Student/1048/install/pymoveit2/share/pymoveit2/environment/ament_prefix_path.sh
[1.702s] -- Up-to-date: /home/eyantra/LB24/Student/1048/install/pymoveit2/share/pymoveit2/environment/ament_prefix_path.dsv
[1.702s] -- Up-to-date: /home/eyantra/LB24/Student/1048/install/pymoveit2/share/pymoveit2/environment/path.sh
[1.702s] -- Up-to-date: /home/eyantra/LB24/Student/1048/install/pymoveit2/share/pymoveit2/environment/path.dsv
[1.702s] -- Up-to-date: /home/eyantra/LB24/Student/1048/install/pymoveit2/share/pymoveit2/local_setup.bash
[1.702s] -- Up-to-date: /home/eyantra/LB24/Student/1048/install/pymoveit2/share/pymoveit2/local_setup.sh
[1.702s] -- Up-to-date: /home/eyantra/LB24/Student/1048/install/pymoveit2/share/pymoveit2/local_setup.zsh
[1.702s] -- Up-to-date: /home/eyantra/LB24/Student/1048/install/pymoveit2/share/pymoveit2/local_setup.dsv
[1.702s] -- Installing: /home/eyantra/LB24/Student/1048/install/pymoveit2/share/pymoveit2/package.dsv
[1.703s] -- Up-to-date: /home/eyantra/LB24/Student/1048/install/pymoveit2/share/ament_index/resource_index/packages/pymoveit2
[1.703s] -- Up-to-date: /home/eyantra/LB24/Student/1048/install/pymoveit2/share/pymoveit2/cmake/pymoveit2Config.cmake
[1.703s] -- Up-to-date: /home/eyantra/LB24/Student/1048/install/pymoveit2/share/pymoveit2/cmake/pymoveit2Config-version.cmake
[1.703s] -- Up-to-date: /home/eyantra/LB24/Student/1048/install/pymoveit2/share/pymoveit2/package.xml
[1.707s] Invoked command in '/home/eyantra/LB24/Student/1048/build/pymoveit2' returned '0': CMAKE_PREFIX_PATH=/opt/ros/humble /usr/bin/cmake --install /home/eyantra/LB24/Student/1048/build/pymoveit2
