[0.098s] Invoking command in '/home/eyantra/LB24/Student/1048/build/usb_servo': CMAKE_PREFIX_PATH=/opt/ros/humble /usr/bin/cmake --build /home/eyantra/LB24/Student/1048/build/usb_servo -- -j8 -l8
[0.837s] [  3%] Built target usb_servo__cpp
[0.838s] [  3%] Built target ament_cmake_python_copy_usb_servo
[0.839s] [ 12%] Built target usb_servo__rosidl_typesupport_introspection_cpp
[1.020s] running egg_info
[1.020s] writing usb_servo.egg-info/PKG-INFO
[1.021s] writing dependency_links to usb_servo.egg-info/dependency_links.txt
[1.021s] writing top-level names to usb_servo.egg-info/top_level.txt
[1.021s] reading manifest file 'usb_servo.egg-info/SOURCES.txt'
[1.021s] writing manifest file 'usb_servo.egg-info/SOURCES.txt'
[1.146s] [ 12%] Built target ament_cmake_python_build_usb_servo_egg
[1.229s] [ 22%] Built target usb_servo__rosidl_typesupport_fastrtps_cpp
[1.288s] [ 32%] Built target usb_servo__rosidl_typesupport_cpp
[1.337s] [ 41%] Built target usb_servo__rosidl_generator_c
[1.402s] [ 51%] Built target usb_servo__rosidl_typesupport_fastrtps_c
[1.435s] [ 61%] Built target usb_servo__rosidl_typesupport_c
[1.484s] [ 70%] Built target usb_servo__rosidl_typesupport_introspection_c
[1.551s] [ 70%] Built target usb_servo
[1.603s] [ 74%] Built target usb_servo__py
[1.658s] [ 80%] Built target usb_servo__rosidl_generator_py
[1.714s] [ 87%] Built target usb_servo__rosidl_typesupport_fastrtps_c__pyext
[1.775s] [ 93%] Built target usb_servo__rosidl_typesupport_c__pyext
[1.821s] [100%] Built target usb_servo__rosidl_typesupport_introspection_c__pyext
[1.893s] Invoked command in '/home/eyantra/LB24/Student/1048/build/usb_servo' returned '0': CMAKE_PREFIX_PATH=/opt/ros/humble /usr/bin/cmake --build /home/eyantra/LB24/Student/1048/build/usb_servo -- -j8 -l8
[1.893s] Invoking command in '/home/eyantra/LB24/Student/1048/build/usb_servo': CMAKE_PREFIX_PATH=/opt/ros/humble /usr/bin/cmake --install /home/eyantra/LB24/Student/1048/build/usb_servo
[1.928s] -- Install configuration: ""
[1.928s] -- Up-to-date: /home/eyantra/LB24/Student/1048/install/usb_servo/share/ament_index/resource_index/rosidl_interfaces/usb_servo
[1.928s] -- Up-to-date: /home/eyantra/LB24/Student/1048/install/usb_servo/include/usb_servo/usb_servo
[1.928s] -- Up-to-date: /home/eyantra/LB24/Student/1048/install/usb_servo/include/usb_servo/usb_servo/msg
[1.929s] -- Up-to-date: /home/eyantra/LB24/Student/1048/install/usb_servo/include/usb_servo/usb_servo/msg/rosidl_generator_c__visibility_control.h
[1.929s] -- Up-to-date: /home/eyantra/LB24/Student/1048/install/usb_servo/include/usb_servo/usb_servo/srv
[1.929s] -- Up-to-date: /home/eyantra/LB24/Student/1048/install/usb_servo/include/usb_servo/usb_servo/srv/servo_sw.h
[1.929s] -- Up-to-date: /home/eyantra/LB24/Student/1048/install/usb_servo/include/usb_servo/usb_servo/srv/detail
[1.929s] -- Up-to-date: /home/eyantra/LB24/Student/1048/install/usb_servo/include/usb_servo/usb_servo/srv/detail/servo_sw__functions.c
[1.929s] -- Up-to-date: /home/eyantra/LB24/Student/1048/install/usb_servo/include/usb_servo/usb_servo/srv/detail/servo_sw__struct.h
[1.929s] -- Up-to-date: /home/eyantra/LB24/Student/1048/install/usb_servo/include/usb_servo/usb_servo/srv/detail/servo_sw__type_support.h
[1.929s] -- Up-to-date: /home/eyantra/LB24/Student/1048/install/usb_servo/include/usb_servo/usb_servo/srv/detail/servo_sw__functions.h
[1.929s] -- Up-to-date: /home/eyantra/LB24/Student/1048/install/usb_servo/share/usb_servo/environment/library_path.sh
[1.960s] -- Up-to-date: /home/eyantra/LB24/Student/1048/install/usb_servo/share/usb_servo/environment/library_path.dsv
[1.961s] -- Up-to-date: /home/eyantra/LB24/Student/1048/install/usb_servo/lib/libusb_servo__rosidl_generator_c.so
[1.961s] -- Up-to-date: /home/eyantra/LB24/Student/1048/install/usb_servo/include/usb_servo/usb_servo
[1.961s] -- Up-to-date: /home/eyantra/LB24/Student/1048/install/usb_servo/include/usb_servo/usb_servo/msg
[1.961s] -- Up-to-date: /home/eyantra/LB24/Student/1048/install/usb_servo/include/usb_servo/usb_servo/msg/rosidl_typesupport_fastrtps_c__visibility_control.h
[1.961s] -- Up-to-date: /home/eyantra/LB24/Student/1048/install/usb_servo/include/usb_servo/usb_servo/srv
[1.964s] -- Up-to-date: /home/eyantra/LB24/Student/1048/install/usb_servo/include/usb_servo/usb_servo/srv/detail
[1.965s] -- Up-to-date: /home/eyantra/LB24/Student/1048/install/usb_servo/include/usb_servo/usb_servo/srv/detail/servo_sw__rosidl_typesupport_fastrtps_c.h
[1.965s] -- Up-to-date: /home/eyantra/LB24/Student/1048/install/usb_servo/lib/libusb_servo__rosidl_typesupport_fastrtps_c.so
[1.965s] -- Up-to-date: /home/eyantra/LB24/Student/1048/install/usb_servo/include/usb_servo/usb_servo
[1.965s] -- Up-to-date: /home/eyantra/LB24/Student/1048/install/usb_servo/include/usb_servo/usb_servo/msg
[1.965s] -- Up-to-date: /home/eyantra/LB24/Student/1048/install/usb_servo/include/usb_servo/usb_servo/msg/rosidl_typesupport_introspection_c__visibility_control.h
[1.965s] -- Up-to-date: /home/eyantra/LB24/Student/1048/install/usb_servo/include/usb_servo/usb_servo/srv
[1.965s] -- Up-to-date: /home/eyantra/LB24/Student/1048/install/usb_servo/include/usb_servo/usb_servo/srv/detail
[1.966s] -- Up-to-date: /home/eyantra/LB24/Student/1048/install/usb_servo/include/usb_servo/usb_servo/srv/detail/servo_sw__rosidl_typesupport_introspection_c.h
[1.966s] -- Up-to-date: /home/eyantra/LB24/Student/1048/install/usb_servo/include/usb_servo/usb_servo/srv/detail/servo_sw__type_support.c
[1.966s] -- Up-to-date: /home/eyantra/LB24/Student/1048/install/usb_servo/lib/libusb_servo__rosidl_typesupport_introspection_c.so
[1.966s] -- Up-to-date: /home/eyantra/LB24/Student/1048/install/usb_servo/lib/libusb_servo__rosidl_typesupport_c.so
[1.987s] -- Up-to-date: /home/eyantra/LB24/Student/1048/install/usb_servo/include/usb_servo/usb_servo
[1.992s] -- Up-to-date: /home/eyantra/LB24/Student/1048/install/usb_servo/include/usb_servo/usb_servo/msg
[1.992s] -- Up-to-date: /home/eyantra/LB24/Student/1048/install/usb_servo/include/usb_servo/usb_servo/msg/rosidl_generator_cpp__visibility_control.hpp
[1.992s] -- Up-to-date: /home/eyantra/LB24/Student/1048/install/usb_servo/include/usb_servo/usb_servo/srv
[1.992s] -- Up-to-date: /home/eyantra/LB24/Student/1048/install/usb_servo/include/usb_servo/usb_servo/srv/detail
[1.992s] -- Up-to-date: /home/eyantra/LB24/Student/1048/install/usb_servo/include/usb_servo/usb_servo/srv/detail/servo_sw__struct.hpp
[1.992s] -- Up-to-date: /home/eyantra/LB24/Student/1048/install/usb_servo/include/usb_servo/usb_servo/srv/detail/servo_sw__builder.hpp
[1.993s] -- Up-to-date: /home/eyantra/LB24/Student/1048/install/usb_servo/include/usb_servo/usb_servo/srv/detail/servo_sw__type_support.hpp
[1.993s] -- Up-to-date: /home/eyantra/LB24/Student/1048/install/usb_servo/include/usb_servo/usb_servo/srv/detail/servo_sw__traits.hpp
[1.993s] -- Up-to-date: /home/eyantra/LB24/Student/1048/install/usb_servo/include/usb_servo/usb_servo/srv/servo_sw.hpp
[1.993s] -- Up-to-date: /home/eyantra/LB24/Student/1048/install/usb_servo/include/usb_servo/usb_servo
[1.993s] -- Up-to-date: /home/eyantra/LB24/Student/1048/install/usb_servo/include/usb_servo/usb_servo/msg
[1.993s] -- Up-to-date: /home/eyantra/LB24/Student/1048/install/usb_servo/include/usb_servo/usb_servo/msg/rosidl_typesupport_fastrtps_cpp__visibility_control.h
[1.993s] -- Up-to-date: /home/eyantra/LB24/Student/1048/install/usb_servo/include/usb_servo/usb_servo/srv
[1.993s] -- Up-to-date: /home/eyantra/LB24/Student/1048/install/usb_servo/include/usb_servo/usb_servo/srv/detail
[1.993s] -- Up-to-date: /home/eyantra/LB24/Student/1048/install/usb_servo/include/usb_servo/usb_servo/srv/detail/dds_fastrtps
[1.993s] -- Up-to-date: /home/eyantra/LB24/Student/1048/install/usb_servo/include/usb_servo/usb_servo/srv/detail/servo_sw__rosidl_typesupport_fastrtps_cpp.hpp
[1.993s] -- Up-to-date: /home/eyantra/LB24/Student/1048/install/usb_servo/lib/libusb_servo__rosidl_typesupport_fastrtps_cpp.so
[1.993s] -- Up-to-date: /home/eyantra/LB24/Student/1048/install/usb_servo/include/usb_servo/usb_servo
[1.994s] -- Up-to-date: /home/eyantra/LB24/Student/1048/install/usb_servo/include/usb_servo/usb_servo/srv
[1.994s] -- Up-to-date: /home/eyantra/LB24/Student/1048/install/usb_servo/include/usb_servo/usb_servo/srv/detail
[1.994s] -- Up-to-date: /home/eyantra/LB24/Student/1048/install/usb_servo/include/usb_servo/usb_servo/srv/detail/servo_sw__type_support.cpp
[1.994s] -- Up-to-date: /home/eyantra/LB24/Student/1048/install/usb_servo/include/usb_servo/usb_servo/srv/detail/servo_sw__rosidl_typesupport_introspection_cpp.hpp
[1.994s] -- Up-to-date: /home/eyantra/LB24/Student/1048/install/usb_servo/lib/libusb_servo__rosidl_typesupport_introspection_cpp.so
[1.994s] -- Up-to-date: /home/eyantra/LB24/Student/1048/install/usb_servo/lib/libusb_servo__rosidl_typesupport_cpp.so
[1.994s] -- Up-to-date: /home/eyantra/LB24/Student/1048/install/usb_servo/share/usb_servo/environment/pythonpath.sh
[1.994s] -- Up-to-date: /home/eyantra/LB24/Student/1048/install/usb_servo/share/usb_servo/environment/pythonpath.dsv
[1.995s] -- Up-to-date: /home/eyantra/LB24/Student/1048/install/usb_servo/local/lib/python3.10/dist-packages/usb_servo-0.0.0-py3.10.egg-info
[1.995s] -- Installing: /home/eyantra/LB24/Student/1048/install/usb_servo/local/lib/python3.10/dist-packages/usb_servo-0.0.0-py3.10.egg-info/dependency_links.txt
[1.995s] -- Installing: /home/eyantra/LB24/Student/1048/install/usb_servo/local/lib/python3.10/dist-packages/usb_servo-0.0.0-py3.10.egg-info/SOURCES.txt
[1.995s] -- Installing: /home/eyantra/LB24/Student/1048/install/usb_servo/local/lib/python3.10/dist-packages/usb_servo-0.0.0-py3.10.egg-info/top_level.txt
[1.995s] -- Installing: /home/eyantra/LB24/Student/1048/install/usb_servo/local/lib/python3.10/dist-packages/usb_servo-0.0.0-py3.10.egg-info/PKG-INFO
[1.995s] -- Up-to-date: /home/eyantra/LB24/Student/1048/install/usb_servo/local/lib/python3.10/dist-packages/usb_servo
[1.995s] -- Up-to-date: /home/eyantra/LB24/Student/1048/install/usb_servo/local/lib/python3.10/dist-packages/usb_servo/_usb_servo_s.ep.rosidl_typesupport_c.c
[1.995s] -- Up-to-date: /home/eyantra/LB24/Student/1048/install/usb_servo/local/lib/python3.10/dist-packages/usb_servo/usb_servo_s__rosidl_typesupport_introspection_c.cpython-310-x86_64-linux-gnu.so
[1.995s] -- Up-to-date: /home/eyantra/LB24/Student/1048/install/usb_servo/local/lib/python3.10/dist-packages/usb_servo/usb_servo_s__rosidl_typesupport_fastrtps_c.cpython-310-x86_64-linux-gnu.so
[1.996s] -- Up-to-date: /home/eyantra/LB24/Student/1048/install/usb_servo/local/lib/python3.10/dist-packages/usb_servo/__init__.py
[1.996s] -- Up-to-date: /home/eyantra/LB24/Student/1048/install/usb_servo/local/lib/python3.10/dist-packages/usb_servo/srv
[1.996s] -- Up-to-date: /home/eyantra/LB24/Student/1048/install/usb_servo/local/lib/python3.10/dist-packages/usb_servo/srv/_servo_sw_s.c
[1.996s] -- Up-to-date: /home/eyantra/LB24/Student/1048/install/usb_servo/local/lib/python3.10/dist-packages/usb_servo/srv/__init__.py
[1.996s] -- Up-to-date: /home/eyantra/LB24/Student/1048/install/usb_servo/local/lib/python3.10/dist-packages/usb_servo/srv/_servo_sw.py
[1.996s] -- Up-to-date: /home/eyantra/LB24/Student/1048/install/usb_servo/local/lib/python3.10/dist-packages/usb_servo/usb_servo_s__rosidl_typesupport_c.cpython-310-x86_64-linux-gnu.so
[1.996s] -- Up-to-date: /home/eyantra/LB24/Student/1048/install/usb_servo/local/lib/python3.10/dist-packages/usb_servo/_usb_servo_s.ep.rosidl_typesupport_fastrtps_c.c
[1.996s] -- Up-to-date: /home/eyantra/LB24/Student/1048/install/usb_servo/local/lib/python3.10/dist-packages/usb_servo/_usb_servo_s.ep.rosidl_typesupport_introspection_c.c
[1.996s] -- Up-to-date: /home/eyantra/LB24/Student/1048/install/usb_servo/local/lib/python3.10/dist-packages/usb_servo/libusb_servo__rosidl_generator_py.so
[1.997s] Listing '/home/eyantra/LB24/Student/1048/install/usb_servo/local/lib/python3.10/dist-packages/usb_servo'...
[1.997s] Listing '/home/eyantra/LB24/Student/1048/install/usb_servo/local/lib/python3.10/dist-packages/usb_servo/srv'...
[2.019s] -- Up-to-date: /home/eyantra/LB24/Student/1048/install/usb_servo/local/lib/python3.10/dist-packages/usb_servo/usb_servo_s__rosidl_typesupport_fastrtps_c.cpython-310-x86_64-linux-gnu.so
[2.019s] -- Up-to-date: /home/eyantra/LB24/Student/1048/install/usb_servo/local/lib/python3.10/dist-packages/usb_servo/usb_servo_s__rosidl_typesupport_introspection_c.cpython-310-x86_64-linux-gnu.so
[2.020s] -- Up-to-date: /home/eyantra/LB24/Student/1048/install/usb_servo/local/lib/python3.10/dist-packages/usb_servo/usb_servo_s__rosidl_typesupport_c.cpython-310-x86_64-linux-gnu.so
[2.020s] -- Up-to-date: /home/eyantra/LB24/Student/1048/install/usb_servo/lib/libusb_servo__rosidl_generator_py.so
[2.023s] -- Up-to-date: /home/eyantra/LB24/Student/1048/install/usb_servo/share/usb_servo/srv/ServoSw.idl
[2.024s] -- Up-to-date: /home/eyantra/LB24/Student/1048/install/usb_servo/share/usb_servo/srv/ServoSw.srv
[2.024s] -- Up-to-date: /home/eyantra/LB24/Student/1048/install/usb_servo/share/usb_servo/srv/ServoSw_Request.msg
[2.025s] -- Up-to-date: /home/eyantra/LB24/Student/1048/install/usb_servo/share/usb_servo/srv/ServoSw_Response.msg
[2.025s] -- Up-to-date: /home/eyantra/LB24/Student/1048/install/usb_servo/share/ament_index/resource_index/package_run_dependencies/usb_servo
[2.028s] -- Up-to-date: /home/eyantra/LB24/Student/1048/install/usb_servo/share/ament_index/resource_index/parent_prefix_path/usb_servo
[2.032s] -- Up-to-date: /home/eyantra/LB24/Student/1048/install/usb_servo/share/usb_servo/environment/ament_prefix_path.sh
[2.032s] -- Up-to-date: /home/eyantra/LB24/Student/1048/install/usb_servo/share/usb_servo/environment/ament_prefix_path.dsv
[2.032s] -- Up-to-date: /home/eyantra/LB24/Student/1048/install/usb_servo/share/usb_servo/environment/path.sh
[2.033s] -- Up-to-date: /home/eyantra/LB24/Student/1048/install/usb_servo/share/usb_servo/environment/path.dsv
[2.033s] -- Up-to-date: /home/eyantra/LB24/Student/1048/install/usb_servo/share/usb_servo/local_setup.bash
[2.033s] -- Up-to-date: /home/eyantra/LB24/Student/1048/install/usb_servo/share/usb_servo/local_setup.sh
[2.034s] -- Up-to-date: /home/eyantra/LB24/Student/1048/install/usb_servo/share/usb_servo/local_setup.zsh
[2.035s] -- Up-to-date: /home/eyantra/LB24/Student/1048/install/usb_servo/share/usb_servo/local_setup.dsv
[2.035s] -- Installing: /home/eyantra/LB24/Student/1048/install/usb_servo/share/usb_servo/package.dsv
[2.035s] -- Up-to-date: /home/eyantra/LB24/Student/1048/install/usb_servo/share/ament_index/resource_index/packages/usb_servo
[2.035s] -- Up-to-date: /home/eyantra/LB24/Student/1048/install/usb_servo/share/usb_servo/cmake/export_usb_servo__rosidl_generator_cExport.cmake
[2.039s] -- Up-to-date: /home/eyantra/LB24/Student/1048/install/usb_servo/share/usb_servo/cmake/export_usb_servo__rosidl_generator_cExport-noconfig.cmake
[2.039s] -- Up-to-date: /home/eyantra/LB24/Student/1048/install/usb_servo/share/usb_servo/cmake/export_usb_servo__rosidl_typesupport_fastrtps_cExport.cmake
[2.039s] -- Up-to-date: /home/eyantra/LB24/Student/1048/install/usb_servo/share/usb_servo/cmake/export_usb_servo__rosidl_typesupport_fastrtps_cExport-noconfig.cmake
[2.040s] -- Up-to-date: /home/eyantra/LB24/Student/1048/install/usb_servo/share/usb_servo/cmake/usb_servo__rosidl_typesupport_introspection_cExport.cmake
[2.040s] -- Up-to-date: /home/eyantra/LB24/Student/1048/install/usb_servo/share/usb_servo/cmake/usb_servo__rosidl_typesupport_introspection_cExport-noconfig.cmake
[2.040s] -- Up-to-date: /home/eyantra/LB24/Student/1048/install/usb_servo/share/usb_servo/cmake/usb_servo__rosidl_typesupport_cExport.cmake
[2.040s] -- Up-to-date: /home/eyantra/LB24/Student/1048/install/usb_servo/share/usb_servo/cmake/usb_servo__rosidl_typesupport_cExport-noconfig.cmake
[2.040s] -- Up-to-date: /home/eyantra/LB24/Student/1048/install/usb_servo/share/usb_servo/cmake/export_usb_servo__rosidl_generator_cppExport.cmake
[2.040s] -- Up-to-date: /home/eyantra/LB24/Student/1048/install/usb_servo/share/usb_servo/cmake/export_usb_servo__rosidl_typesupport_fastrtps_cppExport.cmake
[2.040s] -- Up-to-date: /home/eyantra/LB24/Student/1048/install/usb_servo/share/usb_servo/cmake/export_usb_servo__rosidl_typesupport_fastrtps_cppExport-noconfig.cmake
[2.040s] -- Up-to-date: /home/eyantra/LB24/Student/1048/install/usb_servo/share/usb_servo/cmake/usb_servo__rosidl_typesupport_introspection_cppExport.cmake
[2.040s] -- Up-to-date: /home/eyantra/LB24/Student/1048/install/usb_servo/share/usb_servo/cmake/usb_servo__rosidl_typesupport_introspection_cppExport-noconfig.cmake
[2.040s] -- Up-to-date: /home/eyantra/LB24/Student/1048/install/usb_servo/share/usb_servo/cmake/usb_servo__rosidl_typesupport_cppExport.cmake
[2.040s] -- Up-to-date: /home/eyantra/LB24/Student/1048/install/usb_servo/share/usb_servo/cmake/usb_servo__rosidl_typesupport_cppExport-noconfig.cmake
[2.044s] -- Up-to-date: /home/eyantra/LB24/Student/1048/install/usb_servo/share/usb_servo/cmake/export_usb_servo__rosidl_generator_pyExport.cmake
[2.045s] -- Up-to-date: /home/eyantra/LB24/Student/1048/install/usb_servo/share/usb_servo/cmake/export_usb_servo__rosidl_generator_pyExport-noconfig.cmake
[2.045s] -- Up-to-date: /home/eyantra/LB24/Student/1048/install/usb_servo/share/usb_servo/cmake/rosidl_cmake-extras.cmake
[2.045s] -- Up-to-date: /home/eyantra/LB24/Student/1048/install/usb_servo/share/usb_servo/cmake/ament_cmake_export_include_directories-extras.cmake
[2.045s] -- Up-to-date: /home/eyantra/LB24/Student/1048/install/usb_servo/share/usb_servo/cmake/ament_cmake_export_libraries-extras.cmake
[2.045s] -- Up-to-date: /home/eyantra/LB24/Student/1048/install/usb_servo/share/usb_servo/cmake/ament_cmake_export_targets-extras.cmake
[2.045s] -- Up-to-date: /home/eyantra/LB24/Student/1048/install/usb_servo/share/usb_servo/cmake/rosidl_cmake_export_typesupport_targets-extras.cmake
[2.045s] -- Up-to-date: /home/eyantra/LB24/Student/1048/install/usb_servo/share/usb_servo/cmake/ament_cmake_export_dependencies-extras.cmake
[2.050s] -- Up-to-date: /home/eyantra/LB24/Student/1048/install/usb_servo/share/usb_servo/cmake/rosidl_cmake_export_typesupport_libraries-extras.cmake
[2.050s] -- Up-to-date: /home/eyantra/LB24/Student/1048/install/usb_servo/share/usb_servo/cmake/usb_servoConfig.cmake
[2.050s] -- Up-to-date: /home/eyantra/LB24/Student/1048/install/usb_servo/share/usb_servo/cmake/usb_servoConfig-version.cmake
[2.050s] -- Up-to-date: /home/eyantra/LB24/Student/1048/install/usb_servo/share/usb_servo/package.xml
[2.058s] Invoked command in '/home/eyantra/LB24/Student/1048/build/usb_servo' returned '0': CMAKE_PREFIX_PATH=/opt/ros/humble /usr/bin/cmake --install /home/eyantra/LB24/Student/1048/build/usb_servo
