[3.598s] Invoking command in '/home/eyantra/LB24/Student/1048/src/ff': PYTHONPATH=/home/eyantra/LB24/Student/1048/build/ff/prefix_override:/usr/lib/python3/dist-packages/colcon_core/task/python/colcon_distutils_commands:/home/eyantra/LB24/Student/1048/install/ff/lib/python3.10/site-packages:${PYTHONPATH} /usr/bin/python3 -W ignore:setup.py install is deprecated -W ignore:easy_install command is deprecated setup.py egg_info --egg-base ../../build/ff build --build-base /home/eyantra/LB24/Student/1048/build/ff/build install --record /home/eyantra/LB24/Student/1048/build/ff/install.log --single-version-externally-managed install_data
[4.360s] running egg_info
[4.364s] writing ../../build/ff/ff.egg-info/PKG-INFO
[4.372s] writing dependency_links to ../../build/ff/ff.egg-info/dependency_links.txt
[4.373s] writing entry points to ../../build/ff/ff.egg-info/entry_points.txt
[4.374s] writing requirements to ../../build/ff/ff.egg-info/requires.txt
[4.377s] writing top-level names to ../../build/ff/ff.egg-info/top_level.txt
[4.378s] reading manifest file '../../build/ff/ff.egg-info/SOURCES.txt'
[4.379s] writing manifest file '../../build/ff/ff.egg-info/SOURCES.txt'
[4.382s] running build
[4.383s] running build_py
[4.383s] running install
[4.384s] running install_lib
[4.384s] running install_data
[4.385s] running install_egg_info
[4.388s] removing '/home/eyantra/LB24/Student/1048/install/ff/lib/python3.10/site-packages/ff-0.0.0-py3.10.egg-info' (and everything under it)
[4.390s] Copying ../../build/ff/ff.egg-info to /home/eyantra/LB24/Student/1048/install/ff/lib/python3.10/site-packages/ff-0.0.0-py3.10.egg-info
[4.391s] running install_scripts
[4.465s] Installing go script to /home/eyantra/LB24/Student/1048/install/ff/lib/ff
[4.466s] writing list of installed files to '/home/eyantra/LB24/Student/1048/build/ff/install.log'
[4.577s] Invoked command in '/home/eyantra/LB24/Student/1048/src/ff' returned '0': PYTHONPATH=/home/eyantra/LB24/Student/1048/build/ff/prefix_override:/usr/lib/python3/dist-packages/colcon_core/task/python/colcon_distutils_commands:/home/eyantra/LB24/Student/1048/install/ff/lib/python3.10/site-packages:${PYTHONPATH} /usr/bin/python3 -W ignore:setup.py install is deprecated -W ignore:easy_install command is deprecated setup.py egg_info --egg-base ../../build/ff build --build-base /home/eyantra/LB24/Student/1048/build/ff/build install --record /home/eyantra/LB24/Student/1048/build/ff/install.log --single-version-externally-managed install_data
