[3.917s] Invoking command in '/home/eyantra/LB24/Student/1048/src/ff': PYTHONPATH=/home/eyantra/LB24/Student/1048/build/ff/prefix_override:/usr/lib/python3/dist-packages/colcon_core/task/python/colcon_distutils_commands:/home/eyantra/LB24/Student/1048/install/ff/lib/python3.10/site-packages:${PYTHONPATH} /usr/bin/python3 -W ignore:setup.py install is deprecated -W ignore:easy_install command is deprecated setup.py egg_info --egg-base ../../build/ff build --build-base /home/eyantra/LB24/Student/1048/build/ff/build install --record /home/eyantra/LB24/Student/1048/build/ff/install.log --single-version-externally-managed install_data
[4.682s] running egg_info
[4.684s] writing ../../build/ff/ff.egg-info/PKG-INFO
[4.685s] writing dependency_links to ../../build/ff/ff.egg-info/dependency_links.txt
[4.686s] writing entry points to ../../build/ff/ff.egg-info/entry_points.txt
[4.688s] writing requirements to ../../build/ff/ff.egg-info/requires.txt
[4.690s] writing top-level names to ../../build/ff/ff.egg-info/top_level.txt
[4.693s] reading manifest file '../../build/ff/ff.egg-info/SOURCES.txt'
[4.695s] writing manifest file '../../build/ff/ff.egg-info/SOURCES.txt'
[4.697s] running build
[4.698s] running build_py
[4.700s] running install
[4.701s] running install_lib
[4.702s] running install_data
[4.703s] running install_egg_info
[4.713s] removing '/home/eyantra/LB24/Student/1048/install/ff/lib/python3.10/site-packages/ff-0.0.0-py3.10.egg-info' (and everything under it)
[4.715s] Copying ../../build/ff/ff.egg-info to /home/eyantra/LB24/Student/1048/install/ff/lib/python3.10/site-packages/ff-0.0.0-py3.10.egg-info
[4.716s] running install_scripts
[4.773s] Installing arm script to /home/eyantra/LB24/Student/1048/install/ff/lib/ff
[4.773s] Installing dock script to /home/eyantra/LB24/Student/1048/install/ff/lib/ff
[4.774s] Installing nav script to /home/eyantra/LB24/Student/1048/install/ff/lib/ff
[4.774s] writing list of installed files to '/home/eyantra/LB24/Student/1048/build/ff/install.log'
[4.890s] Invoked command in '/home/eyantra/LB24/Student/1048/src/ff' returned '0': PYTHONPATH=/home/eyantra/LB24/Student/1048/build/ff/prefix_override:/usr/lib/python3/dist-packages/colcon_core/task/python/colcon_distutils_commands:/home/eyantra/LB24/Student/1048/install/ff/lib/python3.10/site-packages:${PYTHONPATH} /usr/bin/python3 -W ignore:setup.py install is deprecated -W ignore:easy_install command is deprecated setup.py egg_info --egg-base ../../build/ff build --build-base /home/eyantra/LB24/Student/1048/build/ff/build install --record /home/eyantra/LB24/Student/1048/build/ff/install.log --single-version-externally-managed install_data
