[ 66%] Built target arm
[ 66%] Built target nav
[ 83%] [32mBuilding CXX object CMakeFiles/dock.dir/src/dock.cpp.o[0m
[100%] [32m[1mLinking CXX executable dock[0m
[100%] Built target dock
-- Install configuration: ""
-- Up-to-date: /home/northee/git/task3a/install/fin/lib/fin/arm
-- Installing: /home/northee/git/task3a/install/fin/lib/fin/dock
-- Set runtime path of "/home/northee/git/task3a/install/fin/lib/fin/dock" to ""
-- Up-to-date: /home/northee/git/task3a/install/fin/lib/fin/nav
-- Up-to-date: /home/northee/git/task3a/install/fin/share/ament_index/resource_index/package_run_dependencies/fin
-- Up-to-date: /home/northee/git/task3a/install/fin/share/ament_index/resource_index/parent_prefix_path/fin
-- Up-to-date: /home/northee/git/task3a/install/fin/share/fin/environment/ament_prefix_path.sh
-- Up-to-date: /home/northee/git/task3a/install/fin/share/fin/environment/ament_prefix_path.dsv
-- Up-to-date: /home/northee/git/task3a/install/fin/share/fin/environment/path.sh
-- Up-to-date: /home/northee/git/task3a/install/fin/share/fin/environment/path.dsv
-- Up-to-date: /home/northee/git/task3a/install/fin/share/fin/local_setup.bash
-- Up-to-date: /home/northee/git/task3a/install/fin/share/fin/local_setup.sh
-- Up-to-date: /home/northee/git/task3a/install/fin/share/fin/local_setup.zsh
-- Up-to-date: /home/northee/git/task3a/install/fin/share/fin/local_setup.dsv
-- Installing: /home/northee/git/task3a/install/fin/share/fin/package.dsv
-- Up-to-date: /home/northee/git/task3a/install/fin/share/ament_index/resource_index/packages/fin
-- Up-to-date: /home/northee/git/task3a/install/fin/share/fin/cmake/finConfig.cmake
-- Up-to-date: /home/northee/git/task3a/install/fin/share/fin/cmake/finConfig-version.cmake
-- Up-to-date: /home/northee/git/task3a/install/fin/share/fin/package.xml
