[0.106s] Invoking command in '/home/eyantra/LB24/Student/1048/build/usb_servo': CMAKE_PREFIX_PATH=${CMAKE_PREFIX_PATH}:/home/eyantra/LB24/Student/1048/install/jk:/home/eyantra/LB24/Student/1048/install/ff:/opt/ros/humble /usr/bin/cmake --build /home/eyantra/LB24/Student/1048/build/usb_servo -- -j8 -l8
[1.500s] [  2%] Built target usb_servo__cpp
[1.500s] [  2%] Built target ament_cmake_python_copy_usb_servo
[1.500s] [35m[1mConsolidate compiler generated dependencies of target usb_servo__rosidl_typesupport_introspection_cpp[0m
[1.500s] [ 12%] Built target usb_servo__rosidl_typesupport_introspection_cpp
[1.500s] running egg_info
[1.500s] writing usb_servo.egg-info/PKG-INFO
[1.500s] writing dependency_links to usb_servo.egg-info/dependency_links.txt
[1.501s] writing top-level names to usb_servo.egg-info/top_level.txt
[1.501s] reading manifest file 'usb_servo.egg-info/SOURCES.txt'
[1.501s] writing manifest file 'usb_servo.egg-info/SOURCES.txt'
[1.502s] [ 12%] Built target ament_cmake_python_build_usb_servo_egg
[1.502s] [35m[1mConsolidate compiler generated dependencies of target usb_servo__rosidl_typesupport_fastrtps_cpp[0m
[1.502s] [ 23%] Built target usb_servo__rosidl_typesupport_fastrtps_cpp
[1.502s] [35m[1mConsolidate compiler generated dependencies of target usb_servo__rosidl_typesupport_cpp[0m
[1.503s] [ 33%] Built target usb_servo__rosidl_typesupport_cpp
[1.503s] [35m[1mConsolidate compiler generated dependencies of target usb_servo__rosidl_generator_c[0m
[1.503s] [ 43%] Built target usb_servo__rosidl_generator_c
[1.503s] [35m[1mConsolidate compiler generated dependencies of target usb_servo__rosidl_typesupport_fastrtps_c[0m
[1.503s] [ 53%] Built target usb_servo__rosidl_typesupport_fastrtps_c
[1.512s] [35m[1mConsolidate compiler generated dependencies of target usb_servo__rosidl_typesupport_c[0m
[1.513s] [ 64%] Built target usb_servo__rosidl_typesupport_c
[1.514s] [35m[1mConsolidate compiler generated dependencies of target usb_servo__rosidl_typesupport_introspection_c[0m
[1.514s] [ 74%] Built target usb_servo__rosidl_typesupport_introspection_c
[1.514s] [ 74%] Built target usb_servo
[1.514s] [ 76%] Built target usb_servo__py
[1.514s] [35m[1mConsolidate compiler generated dependencies of target usb_servo__rosidl_generator_py[0m
[1.514s] [ 84%] Built target usb_servo__rosidl_generator_py
[1.522s] [35m[1mConsolidate compiler generated dependencies of target usb_servo__rosidl_typesupport_fastrtps_c__pyext[0m
[1.554s] [ 89%] Built target usb_servo__rosidl_typesupport_fastrtps_c__pyext
[1.615s] [35m[1mConsolidate compiler generated dependencies of target usb_servo__rosidl_typesupport_c__pyext[0m
[1.617s] [ 94%] Built target usb_servo__rosidl_typesupport_c__pyext
[1.646s] [35m[1mConsolidate compiler generated dependencies of target usb_servo__rosidl_typesupport_introspection_c__pyext[0m
[1.682s] [100%] Built target usb_servo__rosidl_typesupport_introspection_c__pyext
[1.773s] Invoked command in '/home/eyantra/LB24/Student/1048/build/usb_servo' returned '0': CMAKE_PREFIX_PATH=${CMAKE_PREFIX_PATH}:/home/eyantra/LB24/Student/1048/install/jk:/home/eyantra/LB24/Student/1048/install/ff:/opt/ros/humble /usr/bin/cmake --build /home/eyantra/LB24/Student/1048/build/usb_servo -- -j8 -l8
[1.774s] Invoking command in '/home/eyantra/LB24/Student/1048/build/usb_servo': CMAKE_PREFIX_PATH=${CMAKE_PREFIX_PATH}:/home/eyantra/LB24/Student/1048/install/jk:/home/eyantra/LB24/Student/1048/install/ff:/opt/ros/humble /usr/bin/cmake --install /home/eyantra/LB24/Student/1048/build/usb_servo
[1.793s] -- Install configuration: ""
[1.793s] -- Up-to-date: /home/eyantra/LB24/Student/1048/install/usb_servo/share/ament_index/resource_index/rosidl_interfaces/usb_servo
[1.794s] -- Up-to-date: /home/eyantra/LB24/Student/1048/install/usb_servo/include/usb_servo/usb_servo
[1.794s] -- Up-to-date: /home/eyantra/LB24/Student/1048/install/usb_servo/include/usb_servo/usb_servo/msg
[1.794s] -- Up-to-date: /home/eyantra/LB24/Student/1048/install/usb_servo/include/usb_servo/usb_servo/msg/num.h
[1.794s] -- Up-to-date: /home/eyantra/LB24/Student/1048/install/usb_servo/include/usb_servo/usb_servo/msg/rosidl_generator_c__visibility_control.h
[1.794s] -- Up-to-date: /home/eyantra/LB24/Student/1048/install/usb_servo/include/usb_servo/usb_servo/msg/detail
[1.794s] -- Up-to-date: /home/eyantra/LB24/Student/1048/install/usb_servo/include/usb_servo/usb_servo/msg/detail/num__functions.c
[1.794s] -- Up-to-date: /home/eyantra/LB24/Student/1048/install/usb_servo/include/usb_servo/usb_servo/msg/detail/num__functions.h
[1.794s] -- Up-to-date: /home/eyantra/LB24/Student/1048/install/usb_servo/include/usb_servo/usb_servo/msg/detail/num__struct.h
[1.794s] -- Up-to-date: /home/eyantra/LB24/Student/1048/install/usb_servo/include/usb_servo/usb_servo/msg/detail/num__type_support.h
[1.794s] -- Up-to-date: /home/eyantra/LB24/Student/1048/install/usb_servo/include/usb_servo/usb_servo/srv
[1.794s] -- Up-to-date: /home/eyantra/LB24/Student/1048/install/usb_servo/include/usb_servo/usb_servo/srv/servo_sw.h
[1.794s] -- Up-to-date: /home/eyantra/LB24/Student/1048/install/usb_servo/include/usb_servo/usb_servo/srv/detail
[1.795s] -- Up-to-date: /home/eyantra/LB24/Student/1048/install/usb_servo/include/usb_servo/usb_servo/srv/detail/servo_sw__functions.c
[1.795s] -- Up-to-date: /home/eyantra/LB24/Student/1048/install/usb_servo/include/usb_servo/usb_servo/srv/detail/servo_sw__struct.h
[1.795s] -- Up-to-date: /home/eyantra/LB24/Student/1048/install/usb_servo/include/usb_servo/usb_servo/srv/detail/servo_sw__type_support.h
[1.795s] -- Up-to-date: /home/eyantra/LB24/Student/1048/install/usb_servo/include/usb_servo/usb_servo/srv/detail/servo_sw__functions.h
[1.795s] -- Up-to-date: /home/eyantra/LB24/Student/1048/install/usb_servo/share/usb_servo/environment/library_path.sh
[1.795s] -- Up-to-date: /home/eyantra/LB24/Student/1048/install/usb_servo/share/usb_servo/environment/library_path.dsv
[1.795s] -- Up-to-date: /home/eyantra/LB24/Student/1048/install/usb_servo/lib/libusb_servo__rosidl_generator_c.so
[1.795s] -- Up-to-date: /home/eyantra/LB24/Student/1048/install/usb_servo/include/usb_servo/usb_servo
[1.795s] -- Up-to-date: /home/eyantra/LB24/Student/1048/install/usb_servo/include/usb_servo/usb_servo/msg
[1.795s] -- Up-to-date: /home/eyantra/LB24/Student/1048/install/usb_servo/include/usb_servo/usb_servo/msg/detail
[1.795s] -- Up-to-date: /home/eyantra/LB24/Student/1048/install/usb_servo/include/usb_servo/usb_servo/msg/detail/num__rosidl_typesupport_fastrtps_c.h
[1.796s] -- Up-to-date: /home/eyantra/LB24/Student/1048/install/usb_servo/include/usb_servo/usb_servo/msg/rosidl_typesupport_fastrtps_c__visibility_control.h
[1.803s] -- Up-to-date: /home/eyantra/LB24/Student/1048/install/usb_servo/include/usb_servo/usb_servo/srv
[1.803s] -- Up-to-date: /home/eyantra/LB24/Student/1048/install/usb_servo/include/usb_servo/usb_servo/srv/detail
[1.803s] -- Up-to-date: /home/eyantra/LB24/Student/1048/install/usb_servo/include/usb_servo/usb_servo/srv/detail/servo_sw__rosidl_typesupport_fastrtps_c.h
[1.804s] -- Up-to-date: /home/eyantra/LB24/Student/1048/install/usb_servo/lib/libusb_servo__rosidl_typesupport_fastrtps_c.so
[1.804s] -- Up-to-date: /home/eyantra/LB24/Student/1048/install/usb_servo/include/usb_servo/usb_servo
[1.804s] -- Up-to-date: /home/eyantra/LB24/Student/1048/install/usb_servo/include/usb_servo/usb_servo/msg
[1.804s] -- Up-to-date: /home/eyantra/LB24/Student/1048/install/usb_servo/include/usb_servo/usb_servo/msg/detail
[1.804s] -- Up-to-date: /home/eyantra/LB24/Student/1048/install/usb_servo/include/usb_servo/usb_servo/msg/detail/num__rosidl_typesupport_introspection_c.h
[1.804s] -- Up-to-date: /home/eyantra/LB24/Student/1048/install/usb_servo/include/usb_servo/usb_servo/msg/detail/num__type_support.c
[1.804s] -- Up-to-date: /home/eyantra/LB24/Student/1048/install/usb_servo/include/usb_servo/usb_servo/msg/rosidl_typesupport_introspection_c__visibility_control.h
[1.804s] -- Up-to-date: /home/eyantra/LB24/Student/1048/install/usb_servo/include/usb_servo/usb_servo/srv
[1.804s] -- Up-to-date: /home/eyantra/LB24/Student/1048/install/usb_servo/include/usb_servo/usb_servo/srv/detail
[1.805s] -- Up-to-date: /home/eyantra/LB24/Student/1048/install/usb_servo/include/usb_servo/usb_servo/srv/detail/servo_sw__rosidl_typesupport_introspection_c.h
[1.805s] -- Up-to-date: /home/eyantra/LB24/Student/1048/install/usb_servo/include/usb_servo/usb_servo/srv/detail/servo_sw__type_support.c
[1.805s] -- Up-to-date: /home/eyantra/LB24/Student/1048/install/usb_servo/lib/libusb_servo__rosidl_typesupport_introspection_c.so
[1.805s] -- Up-to-date: /home/eyantra/LB24/Student/1048/install/usb_servo/lib/libusb_servo__rosidl_typesupport_c.so
[1.805s] -- Up-to-date: /home/eyantra/LB24/Student/1048/install/usb_servo/include/usb_servo/usb_servo
[1.805s] -- Up-to-date: /home/eyantra/LB24/Student/1048/install/usb_servo/include/usb_servo/usb_servo/msg
[1.805s] -- Up-to-date: /home/eyantra/LB24/Student/1048/install/usb_servo/include/usb_servo/usb_servo/msg/num.hpp
[1.806s] -- Up-to-date: /home/eyantra/LB24/Student/1048/install/usb_servo/include/usb_servo/usb_servo/msg/rosidl_generator_cpp__visibility_control.hpp
[1.806s] -- Up-to-date: /home/eyantra/LB24/Student/1048/install/usb_servo/include/usb_servo/usb_servo/msg/detail
[1.806s] -- Up-to-date: /home/eyantra/LB24/Student/1048/install/usb_servo/include/usb_servo/usb_servo/msg/detail/num__builder.hpp
[1.806s] -- Up-to-date: /home/eyantra/LB24/Student/1048/install/usb_servo/include/usb_servo/usb_servo/msg/detail/num__type_support.hpp
[1.807s] -- Up-to-date: /home/eyantra/LB24/Student/1048/install/usb_servo/include/usb_servo/usb_servo/msg/detail/num__traits.hpp
[1.807s] -- Up-to-date: /home/eyantra/LB24/Student/1048/install/usb_servo/include/usb_servo/usb_servo/msg/detail/num__struct.hpp
[1.807s] -- Up-to-date: /home/eyantra/LB24/Student/1048/install/usb_servo/include/usb_servo/usb_servo/srv
[1.807s] -- Up-to-date: /home/eyantra/LB24/Student/1048/install/usb_servo/include/usb_servo/usb_servo/srv/detail
[1.807s] -- Up-to-date: /home/eyantra/LB24/Student/1048/install/usb_servo/include/usb_servo/usb_servo/srv/detail/servo_sw__struct.hpp
[1.807s] -- Up-to-date: /home/eyantra/LB24/Student/1048/install/usb_servo/include/usb_servo/usb_servo/srv/detail/servo_sw__builder.hpp
[1.807s] -- Up-to-date: /home/eyantra/LB24/Student/1048/install/usb_servo/include/usb_servo/usb_servo/srv/detail/servo_sw__type_support.hpp
[1.807s] -- Up-to-date: /home/eyantra/LB24/Student/1048/install/usb_servo/include/usb_servo/usb_servo/srv/detail/servo_sw__traits.hpp
[1.808s] -- Up-to-date: /home/eyantra/LB24/Student/1048/install/usb_servo/include/usb_servo/usb_servo/srv/servo_sw.hpp
[1.808s] -- Up-to-date: /home/eyantra/LB24/Student/1048/install/usb_servo/include/usb_servo/usb_servo
[1.808s] -- Up-to-date: /home/eyantra/LB24/Student/1048/install/usb_servo/include/usb_servo/usb_servo/msg
[1.808s] -- Up-to-date: /home/eyantra/LB24/Student/1048/install/usb_servo/include/usb_servo/usb_servo/msg/detail
[1.808s] -- Up-to-date: /home/eyantra/LB24/Student/1048/install/usb_servo/include/usb_servo/usb_servo/msg/detail/dds_fastrtps
[1.808s] -- Up-to-date: /home/eyantra/LB24/Student/1048/install/usb_servo/include/usb_servo/usb_servo/msg/detail/num__rosidl_typesupport_fastrtps_cpp.hpp
[1.808s] -- Up-to-date: /home/eyantra/LB24/Student/1048/install/usb_servo/include/usb_servo/usb_servo/msg/rosidl_typesupport_fastrtps_cpp__visibility_control.h
[1.808s] -- Up-to-date: /home/eyantra/LB24/Student/1048/install/usb_servo/include/usb_servo/usb_servo/srv
[1.808s] -- Up-to-date: /home/eyantra/LB24/Student/1048/install/usb_servo/include/usb_servo/usb_servo/srv/detail
[1.808s] -- Up-to-date: /home/eyantra/LB24/Student/1048/install/usb_servo/include/usb_servo/usb_servo/srv/detail/dds_fastrtps
[1.809s] -- Up-to-date: /home/eyantra/LB24/Student/1048/install/usb_servo/include/usb_servo/usb_servo/srv/detail/servo_sw__rosidl_typesupport_fastrtps_cpp.hpp
[1.809s] -- Up-to-date: /home/eyantra/LB24/Student/1048/install/usb_servo/lib/libusb_servo__rosidl_typesupport_fastrtps_cpp.so
[1.809s] -- Up-to-date: /home/eyantra/LB24/Student/1048/install/usb_servo/include/usb_servo/usb_servo
[1.809s] -- Up-to-date: /home/eyantra/LB24/Student/1048/install/usb_servo/include/usb_servo/usb_servo/msg
[1.809s] -- Up-to-date: /home/eyantra/LB24/Student/1048/install/usb_servo/include/usb_servo/usb_servo/msg/detail
[1.809s] -- Up-to-date: /home/eyantra/LB24/Student/1048/install/usb_servo/include/usb_servo/usb_servo/msg/detail/num__type_support.cpp
[1.809s] -- Up-to-date: /home/eyantra/LB24/Student/1048/install/usb_servo/include/usb_servo/usb_servo/msg/detail/num__rosidl_typesupport_introspection_cpp.hpp
[1.809s] -- Up-to-date: /home/eyantra/LB24/Student/1048/install/usb_servo/include/usb_servo/usb_servo/srv
[1.809s] -- Up-to-date: /home/eyantra/LB24/Student/1048/install/usb_servo/include/usb_servo/usb_servo/srv/detail
[1.810s] -- Up-to-date: /home/eyantra/LB24/Student/1048/install/usb_servo/include/usb_servo/usb_servo/srv/detail/servo_sw__type_support.cpp
[1.810s] -- Up-to-date: /home/eyantra/LB24/Student/1048/install/usb_servo/include/usb_servo/usb_servo/srv/detail/servo_sw__rosidl_typesupport_introspection_cpp.hpp
[1.810s] -- Up-to-date: /home/eyantra/LB24/Student/1048/install/usb_servo/lib/libusb_servo__rosidl_typesupport_introspection_cpp.so
[1.810s] -- Up-to-date: /home/eyantra/LB24/Student/1048/install/usb_servo/lib/libusb_servo__rosidl_typesupport_cpp.so
[1.810s] -- Up-to-date: /home/eyantra/LB24/Student/1048/install/usb_servo/share/usb_servo/environment/pythonpath.sh
[1.810s] -- Up-to-date: /home/eyantra/LB24/Student/1048/install/usb_servo/share/usb_servo/environment/pythonpath.dsv
[1.810s] -- Up-to-date: /home/eyantra/LB24/Student/1048/install/usb_servo/local/lib/python3.10/dist-packages/usb_servo-0.0.0-py3.10.egg-info
[1.810s] -- Installing: /home/eyantra/LB24/Student/1048/install/usb_servo/local/lib/python3.10/dist-packages/usb_servo-0.0.0-py3.10.egg-info/dependency_links.txt
[1.810s] -- Installing: /home/eyantra/LB24/Student/1048/install/usb_servo/local/lib/python3.10/dist-packages/usb_servo-0.0.0-py3.10.egg-info/SOURCES.txt
[1.812s] -- Installing: /home/eyantra/LB24/Student/1048/install/usb_servo/local/lib/python3.10/dist-packages/usb_servo-0.0.0-py3.10.egg-info/top_level.txt
[1.812s] -- Installing: /home/eyantra/LB24/Student/1048/install/usb_servo/local/lib/python3.10/dist-packages/usb_servo-0.0.0-py3.10.egg-info/PKG-INFO
[1.812s] -- Up-to-date: /home/eyantra/LB24/Student/1048/install/usb_servo/local/lib/python3.10/dist-packages/usb_servo
[1.812s] -- Up-to-date: /home/eyantra/LB24/Student/1048/install/usb_servo/local/lib/python3.10/dist-packages/usb_servo/msg
[1.812s] -- Up-to-date: /home/eyantra/LB24/Student/1048/install/usb_servo/local/lib/python3.10/dist-packages/usb_servo/msg/_num.py
[1.812s] -- Up-to-date: /home/eyantra/LB24/Student/1048/install/usb_servo/local/lib/python3.10/dist-packages/usb_servo/msg/_num_s.c
[1.812s] -- Up-to-date: /home/eyantra/LB24/Student/1048/install/usb_servo/local/lib/python3.10/dist-packages/usb_servo/msg/__init__.py
[1.812s] -- Up-to-date: /home/eyantra/LB24/Student/1048/install/usb_servo/local/lib/python3.10/dist-packages/usb_servo/_usb_servo_s.ep.rosidl_typesupport_c.c
[1.812s] -- Up-to-date: /home/eyantra/LB24/Student/1048/install/usb_servo/local/lib/python3.10/dist-packages/usb_servo/usb_servo_s__rosidl_typesupport_introspection_c.cpython-310-x86_64-linux-gnu.so
[1.813s] -- Up-to-date: /home/eyantra/LB24/Student/1048/install/usb_servo/local/lib/python3.10/dist-packages/usb_servo/usb_servo_s__rosidl_typesupport_fastrtps_c.cpython-310-x86_64-linux-gnu.so
[1.813s] -- Up-to-date: /home/eyantra/LB24/Student/1048/install/usb_servo/local/lib/python3.10/dist-packages/usb_servo/__init__.py
[1.813s] -- Up-to-date: /home/eyantra/LB24/Student/1048/install/usb_servo/local/lib/python3.10/dist-packages/usb_servo/srv
[1.813s] -- Up-to-date: /home/eyantra/LB24/Student/1048/install/usb_servo/local/lib/python3.10/dist-packages/usb_servo/srv/_servo_sw_s.c
[1.813s] -- Up-to-date: /home/eyantra/LB24/Student/1048/install/usb_servo/local/lib/python3.10/dist-packages/usb_servo/srv/__init__.py
[1.815s] -- Up-to-date: /home/eyantra/LB24/Student/1048/install/usb_servo/local/lib/python3.10/dist-packages/usb_servo/srv/_servo_sw.py
[1.815s] -- Up-to-date: /home/eyantra/LB24/Student/1048/install/usb_servo/local/lib/python3.10/dist-packages/usb_servo/usb_servo_s__rosidl_typesupport_c.cpython-310-x86_64-linux-gnu.so
[1.815s] -- Up-to-date: /home/eyantra/LB24/Student/1048/install/usb_servo/local/lib/python3.10/dist-packages/usb_servo/_usb_servo_s.ep.rosidl_typesupport_fastrtps_c.c
[1.815s] -- Up-to-date: /home/eyantra/LB24/Student/1048/install/usb_servo/local/lib/python3.10/dist-packages/usb_servo/_usb_servo_s.ep.rosidl_typesupport_introspection_c.c
[1.815s] -- Up-to-date: /home/eyantra/LB24/Student/1048/install/usb_servo/local/lib/python3.10/dist-packages/usb_servo/libusb_servo__rosidl_generator_py.so
[1.873s] Listing '/home/eyantra/LB24/Student/1048/install/usb_servo/local/lib/python3.10/dist-packages/usb_servo'...
[1.873s] Listing '/home/eyantra/LB24/Student/1048/install/usb_servo/local/lib/python3.10/dist-packages/usb_servo/msg'...
[1.873s] Listing '/home/eyantra/LB24/Student/1048/install/usb_servo/local/lib/python3.10/dist-packages/usb_servo/srv'...
[1.896s] -- Up-to-date: /home/eyantra/LB24/Student/1048/install/usb_servo/local/lib/python3.10/dist-packages/usb_servo/usb_servo_s__rosidl_typesupport_fastrtps_c.cpython-310-x86_64-linux-gnu.so
[1.896s] -- Up-to-date: /home/eyantra/LB24/Student/1048/install/usb_servo/local/lib/python3.10/dist-packages/usb_servo/usb_servo_s__rosidl_typesupport_introspection_c.cpython-310-x86_64-linux-gnu.so
[1.896s] -- Up-to-date: /home/eyantra/LB24/Student/1048/install/usb_servo/local/lib/python3.10/dist-packages/usb_servo/usb_servo_s__rosidl_typesupport_c.cpython-310-x86_64-linux-gnu.so
[1.897s] -- Up-to-date: /home/eyantra/LB24/Student/1048/install/usb_servo/lib/libusb_servo__rosidl_generator_py.so
[1.897s] -- Up-to-date: /home/eyantra/LB24/Student/1048/install/usb_servo/share/usb_servo/msg/Num.idl
[1.897s] -- Up-to-date: /home/eyantra/LB24/Student/1048/install/usb_servo/share/usb_servo/srv/ServoSw.idl
[1.898s] -- Up-to-date: /home/eyantra/LB24/Student/1048/install/usb_servo/share/usb_servo/msg/Num.msg
[1.898s] -- Up-to-date: /home/eyantra/LB24/Student/1048/install/usb_servo/share/usb_servo/srv/ServoSw.srv
[1.898s] -- Up-to-date: /home/eyantra/LB24/Student/1048/install/usb_servo/share/usb_servo/srv/ServoSw_Request.msg
[1.898s] -- Up-to-date: /home/eyantra/LB24/Student/1048/install/usb_servo/share/usb_servo/srv/ServoSw_Response.msg
[1.898s] -- Up-to-date: /home/eyantra/LB24/Student/1048/install/usb_servo/share/ament_index/resource_index/package_run_dependencies/usb_servo
[1.900s] -- Up-to-date: /home/eyantra/LB24/Student/1048/install/usb_servo/share/ament_index/resource_index/parent_prefix_path/usb_servo
[1.900s] -- Up-to-date: /home/eyantra/LB24/Student/1048/install/usb_servo/share/usb_servo/environment/ament_prefix_path.sh
[1.903s] -- Up-to-date: /home/eyantra/LB24/Student/1048/install/usb_servo/share/usb_servo/environment/ament_prefix_path.dsv
[1.904s] -- Up-to-date: /home/eyantra/LB24/Student/1048/install/usb_servo/share/usb_servo/environment/path.sh
[1.904s] -- Up-to-date: /home/eyantra/LB24/Student/1048/install/usb_servo/share/usb_servo/environment/path.dsv
[1.904s] -- Up-to-date: /home/eyantra/LB24/Student/1048/install/usb_servo/share/usb_servo/local_setup.bash
[1.904s] -- Up-to-date: /home/eyantra/LB24/Student/1048/install/usb_servo/share/usb_servo/local_setup.sh
[1.904s] -- Up-to-date: /home/eyantra/LB24/Student/1048/install/usb_servo/share/usb_servo/local_setup.zsh
[1.907s] -- Up-to-date: /home/eyantra/LB24/Student/1048/install/usb_servo/share/usb_servo/local_setup.dsv
[1.907s] -- Installing: /home/eyantra/LB24/Student/1048/install/usb_servo/share/usb_servo/package.dsv
[1.907s] -- Up-to-date: /home/eyantra/LB24/Student/1048/install/usb_servo/share/ament_index/resource_index/packages/usb_servo
[1.907s] -- Up-to-date: /home/eyantra/LB24/Student/1048/install/usb_servo/share/usb_servo/cmake/export_usb_servo__rosidl_generator_cExport.cmake
[1.909s] -- Up-to-date: /home/eyantra/LB24/Student/1048/install/usb_servo/share/usb_servo/cmake/export_usb_servo__rosidl_generator_cExport-noconfig.cmake
[1.910s] -- Up-to-date: /home/eyantra/LB24/Student/1048/install/usb_servo/share/usb_servo/cmake/export_usb_servo__rosidl_typesupport_fastrtps_cExport.cmake
[1.910s] -- Up-to-date: /home/eyantra/LB24/Student/1048/install/usb_servo/share/usb_servo/cmake/export_usb_servo__rosidl_typesupport_fastrtps_cExport-noconfig.cmake
[1.910s] -- Up-to-date: /home/eyantra/LB24/Student/1048/install/usb_servo/share/usb_servo/cmake/usb_servo__rosidl_typesupport_introspection_cExport.cmake
[1.910s] -- Up-to-date: /home/eyantra/LB24/Student/1048/install/usb_servo/share/usb_servo/cmake/usb_servo__rosidl_typesupport_introspection_cExport-noconfig.cmake
[1.910s] -- Up-to-date: /home/eyantra/LB24/Student/1048/install/usb_servo/share/usb_servo/cmake/usb_servo__rosidl_typesupport_cExport.cmake
[1.910s] -- Up-to-date: /home/eyantra/LB24/Student/1048/install/usb_servo/share/usb_servo/cmake/usb_servo__rosidl_typesupport_cExport-noconfig.cmake
[1.910s] -- Up-to-date: /home/eyantra/LB24/Student/1048/install/usb_servo/share/usb_servo/cmake/export_usb_servo__rosidl_generator_cppExport.cmake
[1.910s] -- Up-to-date: /home/eyantra/LB24/Student/1048/install/usb_servo/share/usb_servo/cmake/export_usb_servo__rosidl_typesupport_fastrtps_cppExport.cmake
[1.910s] -- Up-to-date: /home/eyantra/LB24/Student/1048/install/usb_servo/share/usb_servo/cmake/export_usb_servo__rosidl_typesupport_fastrtps_cppExport-noconfig.cmake
[1.910s] -- Up-to-date: /home/eyantra/LB24/Student/1048/install/usb_servo/share/usb_servo/cmake/usb_servo__rosidl_typesupport_introspection_cppExport.cmake
[1.910s] -- Up-to-date: /home/eyantra/LB24/Student/1048/install/usb_servo/share/usb_servo/cmake/usb_servo__rosidl_typesupport_introspection_cppExport-noconfig.cmake
[1.911s] -- Up-to-date: /home/eyantra/LB24/Student/1048/install/usb_servo/share/usb_servo/cmake/usb_servo__rosidl_typesupport_cppExport.cmake
[1.911s] -- Up-to-date: /home/eyantra/LB24/Student/1048/install/usb_servo/share/usb_servo/cmake/usb_servo__rosidl_typesupport_cppExport-noconfig.cmake
[1.911s] -- Up-to-date: /home/eyantra/LB24/Student/1048/install/usb_servo/share/usb_servo/cmake/export_usb_servo__rosidl_generator_pyExport.cmake
[1.911s] -- Up-to-date: /home/eyantra/LB24/Student/1048/install/usb_servo/share/usb_servo/cmake/export_usb_servo__rosidl_generator_pyExport-noconfig.cmake
[1.911s] -- Up-to-date: /home/eyantra/LB24/Student/1048/install/usb_servo/share/usb_servo/cmake/rosidl_cmake-extras.cmake
[1.912s] -- Up-to-date: /home/eyantra/LB24/Student/1048/install/usb_servo/share/usb_servo/cmake/ament_cmake_export_include_directories-extras.cmake
[1.913s] -- Up-to-date: /home/eyantra/LB24/Student/1048/install/usb_servo/share/usb_servo/cmake/ament_cmake_export_libraries-extras.cmake
[1.913s] -- Up-to-date: /home/eyantra/LB24/Student/1048/install/usb_servo/share/usb_servo/cmake/ament_cmake_export_targets-extras.cmake
[1.913s] -- Up-to-date: /home/eyantra/LB24/Student/1048/install/usb_servo/share/usb_servo/cmake/rosidl_cmake_export_typesupport_targets-extras.cmake
[1.913s] -- Up-to-date: /home/eyantra/LB24/Student/1048/install/usb_servo/share/usb_servo/cmake/ament_cmake_export_dependencies-extras.cmake
[1.913s] -- Up-to-date: /home/eyantra/LB24/Student/1048/install/usb_servo/share/usb_servo/cmake/rosidl_cmake_export_typesupport_libraries-extras.cmake
[1.913s] -- Up-to-date: /home/eyantra/LB24/Student/1048/install/usb_servo/share/usb_servo/cmake/usb_servoConfig.cmake
[1.913s] -- Up-to-date: /home/eyantra/LB24/Student/1048/install/usb_servo/share/usb_servo/cmake/usb_servoConfig-version.cmake
[1.913s] -- Up-to-date: /home/eyantra/LB24/Student/1048/install/usb_servo/share/usb_servo/package.xml
[1.914s] Invoked command in '/home/eyantra/LB24/Student/1048/build/usb_servo' returned '0': CMAKE_PREFIX_PATH=${CMAKE_PREFIX_PATH}:/home/eyantra/LB24/Student/1048/install/jk:/home/eyantra/LB24/Student/1048/install/ff:/opt/ros/humble /usr/bin/cmake --install /home/eyantra/LB24/Student/1048/build/usb_servo
