[0.133s] Invoking command in '/home/eyantra/LB24/Student/1048/build/usb_servo': CMAKE_PREFIX_PATH=/opt/ros/humble /usr/bin/cmake --build /home/eyantra/LB24/Student/1048/build/usb_servo -- -j8 -l8
[2.117s] [  9%] Built target usb_servo__rosidl_generator_c
[2.117s] [ 12%] Built target usb_servo__cpp
[2.117s] [ 12%] Built target ament_cmake_python_copy_usb_servo
[2.117s] [ 22%] Built target usb_servo__rosidl_typesupport_fastrtps_c
[2.117s] [ 32%] Built target usb_servo__rosidl_typesupport_c
[2.117s] [ 41%] Built target usb_servo__rosidl_typesupport_introspection_c
[2.117s] [ 51%] Built target usb_servo__rosidl_typesupport_introspection_cpp
[2.118s] [ 61%] Built target usb_servo__rosidl_typesupport_fastrtps_cpp
[2.118s] [ 70%] Built target usb_servo__rosidl_typesupport_cpp
[2.118s] [ 70%] Built target usb_servo
[2.118s] [ 74%] Built target usb_servo__py
[2.121s] [ 80%] Built target usb_servo__rosidl_generator_py
[2.121s] [ 87%] Built target usb_servo__rosidl_typesupport_fastrtps_c__pyext
[2.122s] [ 93%] Built target usb_servo__rosidl_typesupport_c__pyext
[2.122s] [100%] Built target usb_servo__rosidl_typesupport_introspection_c__pyext
[2.122s] running egg_info
[2.122s] writing usb_servo.egg-info/PKG-INFO
[2.122s] writing dependency_links to usb_servo.egg-info/dependency_links.txt
[2.122s] writing top-level names to usb_servo.egg-info/top_level.txt
[2.122s] reading manifest file 'usb_servo.egg-info/SOURCES.txt'
[2.123s] writing manifest file 'usb_servo.egg-info/SOURCES.txt'
[2.123s] [100%] Built target ament_cmake_python_build_usb_servo_egg
[2.161s] Invoked command in '/home/eyantra/LB24/Student/1048/build/usb_servo' returned '0': CMAKE_PREFIX_PATH=/opt/ros/humble /usr/bin/cmake --build /home/eyantra/LB24/Student/1048/build/usb_servo -- -j8 -l8
[2.166s] Invoking command in '/home/eyantra/LB24/Student/1048/build/usb_servo': CMAKE_PREFIX_PATH=/opt/ros/humble /usr/bin/cmake --install /home/eyantra/LB24/Student/1048/build/usb_servo
[2.272s] -- Install configuration: ""
[2.272s] -- Up-to-date: /home/eyantra/LB24/Student/1048/install/usb_servo/share/ament_index/resource_index/rosidl_interfaces/usb_servo
[2.272s] -- Up-to-date: /home/eyantra/LB24/Student/1048/install/usb_servo/include/usb_servo/usb_servo
[2.272s] -- Up-to-date: /home/eyantra/LB24/Student/1048/install/usb_servo/include/usb_servo/usb_servo/msg
[2.272s] -- Up-to-date: /home/eyantra/LB24/Student/1048/install/usb_servo/include/usb_servo/usb_servo/msg/rosidl_generator_c__visibility_control.h
[2.272s] -- Up-to-date: /home/eyantra/LB24/Student/1048/install/usb_servo/include/usb_servo/usb_servo/srv
[2.272s] -- Up-to-date: /home/eyantra/LB24/Student/1048/install/usb_servo/include/usb_servo/usb_servo/srv/servo_sw.h
[2.273s] -- Up-to-date: /home/eyantra/LB24/Student/1048/install/usb_servo/include/usb_servo/usb_servo/srv/detail
[2.273s] -- Up-to-date: /home/eyantra/LB24/Student/1048/install/usb_servo/include/usb_servo/usb_servo/srv/detail/servo_sw__functions.c
[2.273s] -- Up-to-date: /home/eyantra/LB24/Student/1048/install/usb_servo/include/usb_servo/usb_servo/srv/detail/servo_sw__struct.h
[2.273s] -- Up-to-date: /home/eyantra/LB24/Student/1048/install/usb_servo/include/usb_servo/usb_servo/srv/detail/servo_sw__type_support.h
[2.273s] -- Up-to-date: /home/eyantra/LB24/Student/1048/install/usb_servo/include/usb_servo/usb_servo/srv/detail/servo_sw__functions.h
[2.273s] -- Up-to-date: /home/eyantra/LB24/Student/1048/install/usb_servo/share/usb_servo/environment/library_path.sh
[2.273s] -- Up-to-date: /home/eyantra/LB24/Student/1048/install/usb_servo/share/usb_servo/environment/library_path.dsv
[2.273s] -- Up-to-date: /home/eyantra/LB24/Student/1048/install/usb_servo/lib/libusb_servo__rosidl_generator_c.so
[2.274s] -- Up-to-date: /home/eyantra/LB24/Student/1048/install/usb_servo/include/usb_servo/usb_servo
[2.274s] -- Up-to-date: /home/eyantra/LB24/Student/1048/install/usb_servo/include/usb_servo/usb_servo/msg
[2.285s] -- Up-to-date: /home/eyantra/LB24/Student/1048/install/usb_servo/include/usb_servo/usb_servo/msg/rosidl_typesupport_fastrtps_c__visibility_control.h
[2.285s] -- Up-to-date: /home/eyantra/LB24/Student/1048/install/usb_servo/include/usb_servo/usb_servo/srv
[2.285s] -- Up-to-date: /home/eyantra/LB24/Student/1048/install/usb_servo/include/usb_servo/usb_servo/srv/detail
[2.285s] -- Up-to-date: /home/eyantra/LB24/Student/1048/install/usb_servo/include/usb_servo/usb_servo/srv/detail/servo_sw__rosidl_typesupport_fastrtps_c.h
[2.285s] -- Up-to-date: /home/eyantra/LB24/Student/1048/install/usb_servo/lib/libusb_servo__rosidl_typesupport_fastrtps_c.so
[2.285s] -- Up-to-date: /home/eyantra/LB24/Student/1048/install/usb_servo/include/usb_servo/usb_servo
[2.285s] -- Up-to-date: /home/eyantra/LB24/Student/1048/install/usb_servo/include/usb_servo/usb_servo/msg
[2.285s] -- Up-to-date: /home/eyantra/LB24/Student/1048/install/usb_servo/include/usb_servo/usb_servo/msg/rosidl_typesupport_introspection_c__visibility_control.h
[2.286s] -- Up-to-date: /home/eyantra/LB24/Student/1048/install/usb_servo/include/usb_servo/usb_servo/srv
[2.286s] -- Up-to-date: /home/eyantra/LB24/Student/1048/install/usb_servo/include/usb_servo/usb_servo/srv/detail
[2.286s] -- Up-to-date: /home/eyantra/LB24/Student/1048/install/usb_servo/include/usb_servo/usb_servo/srv/detail/servo_sw__rosidl_typesupport_introspection_c.h
[2.286s] -- Up-to-date: /home/eyantra/LB24/Student/1048/install/usb_servo/include/usb_servo/usb_servo/srv/detail/servo_sw__type_support.c
[2.286s] -- Up-to-date: /home/eyantra/LB24/Student/1048/install/usb_servo/lib/libusb_servo__rosidl_typesupport_introspection_c.so
[2.286s] -- Up-to-date: /home/eyantra/LB24/Student/1048/install/usb_servo/lib/libusb_servo__rosidl_typesupport_c.so
[2.286s] -- Up-to-date: /home/eyantra/LB24/Student/1048/install/usb_servo/include/usb_servo/usb_servo
[2.286s] -- Up-to-date: /home/eyantra/LB24/Student/1048/install/usb_servo/include/usb_servo/usb_servo/msg
[2.286s] -- Up-to-date: /home/eyantra/LB24/Student/1048/install/usb_servo/include/usb_servo/usb_servo/msg/rosidl_generator_cpp__visibility_control.hpp
[2.287s] -- Up-to-date: /home/eyantra/LB24/Student/1048/install/usb_servo/include/usb_servo/usb_servo/srv
[2.287s] -- Up-to-date: /home/eyantra/LB24/Student/1048/install/usb_servo/include/usb_servo/usb_servo/srv/detail
[2.287s] -- Up-to-date: /home/eyantra/LB24/Student/1048/install/usb_servo/include/usb_servo/usb_servo/srv/detail/servo_sw__struct.hpp
[2.287s] -- Up-to-date: /home/eyantra/LB24/Student/1048/install/usb_servo/include/usb_servo/usb_servo/srv/detail/servo_sw__builder.hpp
[2.287s] -- Up-to-date: /home/eyantra/LB24/Student/1048/install/usb_servo/include/usb_servo/usb_servo/srv/detail/servo_sw__type_support.hpp
[2.287s] -- Up-to-date: /home/eyantra/LB24/Student/1048/install/usb_servo/include/usb_servo/usb_servo/srv/detail/servo_sw__traits.hpp
[2.287s] -- Up-to-date: /home/eyantra/LB24/Student/1048/install/usb_servo/include/usb_servo/usb_servo/srv/servo_sw.hpp
[2.287s] -- Up-to-date: /home/eyantra/LB24/Student/1048/install/usb_servo/include/usb_servo/usb_servo
[2.287s] -- Up-to-date: /home/eyantra/LB24/Student/1048/install/usb_servo/include/usb_servo/usb_servo/msg
[2.287s] -- Up-to-date: /home/eyantra/LB24/Student/1048/install/usb_servo/include/usb_servo/usb_servo/msg/rosidl_typesupport_fastrtps_cpp__visibility_control.h
[2.288s] -- Up-to-date: /home/eyantra/LB24/Student/1048/install/usb_servo/include/usb_servo/usb_servo/srv
[2.288s] -- Up-to-date: /home/eyantra/LB24/Student/1048/install/usb_servo/include/usb_servo/usb_servo/srv/detail
[2.288s] -- Up-to-date: /home/eyantra/LB24/Student/1048/install/usb_servo/include/usb_servo/usb_servo/srv/detail/dds_fastrtps
[2.289s] -- Up-to-date: /home/eyantra/LB24/Student/1048/install/usb_servo/include/usb_servo/usb_servo/srv/detail/servo_sw__rosidl_typesupport_fastrtps_cpp.hpp
[2.289s] -- Up-to-date: /home/eyantra/LB24/Student/1048/install/usb_servo/lib/libusb_servo__rosidl_typesupport_fastrtps_cpp.so
[2.290s] -- Up-to-date: /home/eyantra/LB24/Student/1048/install/usb_servo/include/usb_servo/usb_servo
[2.290s] -- Up-to-date: /home/eyantra/LB24/Student/1048/install/usb_servo/include/usb_servo/usb_servo/srv
[2.290s] -- Up-to-date: /home/eyantra/LB24/Student/1048/install/usb_servo/include/usb_servo/usb_servo/srv/detail
[2.290s] -- Up-to-date: /home/eyantra/LB24/Student/1048/install/usb_servo/include/usb_servo/usb_servo/srv/detail/servo_sw__type_support.cpp
[2.290s] -- Up-to-date: /home/eyantra/LB24/Student/1048/install/usb_servo/include/usb_servo/usb_servo/srv/detail/servo_sw__rosidl_typesupport_introspection_cpp.hpp
[2.290s] -- Up-to-date: /home/eyantra/LB24/Student/1048/install/usb_servo/lib/libusb_servo__rosidl_typesupport_introspection_cpp.so
[2.290s] -- Up-to-date: /home/eyantra/LB24/Student/1048/install/usb_servo/lib/libusb_servo__rosidl_typesupport_cpp.so
[2.290s] -- Up-to-date: /home/eyantra/LB24/Student/1048/install/usb_servo/share/usb_servo/environment/pythonpath.sh
[2.290s] -- Up-to-date: /home/eyantra/LB24/Student/1048/install/usb_servo/share/usb_servo/environment/pythonpath.dsv
[2.290s] -- Up-to-date: /home/eyantra/LB24/Student/1048/install/usb_servo/local/lib/python3.10/dist-packages/usb_servo-0.0.0-py3.10.egg-info
[2.291s] -- Installing: /home/eyantra/LB24/Student/1048/install/usb_servo/local/lib/python3.10/dist-packages/usb_servo-0.0.0-py3.10.egg-info/dependency_links.txt
[2.291s] -- Installing: /home/eyantra/LB24/Student/1048/install/usb_servo/local/lib/python3.10/dist-packages/usb_servo-0.0.0-py3.10.egg-info/SOURCES.txt
[2.291s] -- Installing: /home/eyantra/LB24/Student/1048/install/usb_servo/local/lib/python3.10/dist-packages/usb_servo-0.0.0-py3.10.egg-info/top_level.txt
[2.291s] -- Installing: /home/eyantra/LB24/Student/1048/install/usb_servo/local/lib/python3.10/dist-packages/usb_servo-0.0.0-py3.10.egg-info/PKG-INFO
[2.291s] -- Up-to-date: /home/eyantra/LB24/Student/1048/install/usb_servo/local/lib/python3.10/dist-packages/usb_servo
[2.291s] -- Up-to-date: /home/eyantra/LB24/Student/1048/install/usb_servo/local/lib/python3.10/dist-packages/usb_servo/_usb_servo_s.ep.rosidl_typesupport_c.c
[2.291s] -- Up-to-date: /home/eyantra/LB24/Student/1048/install/usb_servo/local/lib/python3.10/dist-packages/usb_servo/usb_servo_s__rosidl_typesupport_introspection_c.cpython-310-x86_64-linux-gnu.so
[2.291s] -- Up-to-date: /home/eyantra/LB24/Student/1048/install/usb_servo/local/lib/python3.10/dist-packages/usb_servo/usb_servo_s__rosidl_typesupport_fastrtps_c.cpython-310-x86_64-linux-gnu.so
[2.291s] -- Up-to-date: /home/eyantra/LB24/Student/1048/install/usb_servo/local/lib/python3.10/dist-packages/usb_servo/__init__.py
[2.292s] -- Up-to-date: /home/eyantra/LB24/Student/1048/install/usb_servo/local/lib/python3.10/dist-packages/usb_servo/srv
[2.292s] -- Up-to-date: /home/eyantra/LB24/Student/1048/install/usb_servo/local/lib/python3.10/dist-packages/usb_servo/srv/_servo_sw_s.c
[2.292s] -- Up-to-date: /home/eyantra/LB24/Student/1048/install/usb_servo/local/lib/python3.10/dist-packages/usb_servo/srv/__init__.py
[2.304s] -- Up-to-date: /home/eyantra/LB24/Student/1048/install/usb_servo/local/lib/python3.10/dist-packages/usb_servo/srv/_servo_sw.py
[2.304s] -- Up-to-date: /home/eyantra/LB24/Student/1048/install/usb_servo/local/lib/python3.10/dist-packages/usb_servo/usb_servo_s__rosidl_typesupport_c.cpython-310-x86_64-linux-gnu.so
[2.304s] -- Up-to-date: /home/eyantra/LB24/Student/1048/install/usb_servo/local/lib/python3.10/dist-packages/usb_servo/_usb_servo_s.ep.rosidl_typesupport_fastrtps_c.c
[2.304s] -- Up-to-date: /home/eyantra/LB24/Student/1048/install/usb_servo/local/lib/python3.10/dist-packages/usb_servo/_usb_servo_s.ep.rosidl_typesupport_introspection_c.c
[2.304s] -- Up-to-date: /home/eyantra/LB24/Student/1048/install/usb_servo/local/lib/python3.10/dist-packages/usb_servo/libusb_servo__rosidl_generator_py.so
[2.357s] Listing '/home/eyantra/LB24/Student/1048/install/usb_servo/local/lib/python3.10/dist-packages/usb_servo'...
[2.357s] Listing '/home/eyantra/LB24/Student/1048/install/usb_servo/local/lib/python3.10/dist-packages/usb_servo/srv'...
[2.365s] -- Up-to-date: /home/eyantra/LB24/Student/1048/install/usb_servo/local/lib/python3.10/dist-packages/usb_servo/usb_servo_s__rosidl_typesupport_fastrtps_c.cpython-310-x86_64-linux-gnu.so
[2.365s] -- Up-to-date: /home/eyantra/LB24/Student/1048/install/usb_servo/local/lib/python3.10/dist-packages/usb_servo/usb_servo_s__rosidl_typesupport_introspection_c.cpython-310-x86_64-linux-gnu.so
[2.366s] -- Up-to-date: /home/eyantra/LB24/Student/1048/install/usb_servo/local/lib/python3.10/dist-packages/usb_servo/usb_servo_s__rosidl_typesupport_c.cpython-310-x86_64-linux-gnu.so
[2.366s] -- Up-to-date: /home/eyantra/LB24/Student/1048/install/usb_servo/lib/libusb_servo__rosidl_generator_py.so
[2.367s] -- Up-to-date: /home/eyantra/LB24/Student/1048/install/usb_servo/share/usb_servo/srv/ServoSw.idl
[2.367s] -- Up-to-date: /home/eyantra/LB24/Student/1048/install/usb_servo/share/usb_servo/srv/ServoSw.srv
[2.368s] -- Up-to-date: /home/eyantra/LB24/Student/1048/install/usb_servo/share/usb_servo/srv/ServoSw_Request.msg
[2.368s] -- Up-to-date: /home/eyantra/LB24/Student/1048/install/usb_servo/share/usb_servo/srv/ServoSw_Response.msg
[2.368s] -- Up-to-date: /home/eyantra/LB24/Student/1048/install/usb_servo/share/ament_index/resource_index/package_run_dependencies/usb_servo
[2.368s] -- Up-to-date: /home/eyantra/LB24/Student/1048/install/usb_servo/share/ament_index/resource_index/parent_prefix_path/usb_servo
[2.368s] -- Up-to-date: /home/eyantra/LB24/Student/1048/install/usb_servo/share/usb_servo/environment/ament_prefix_path.sh
[2.368s] -- Up-to-date: /home/eyantra/LB24/Student/1048/install/usb_servo/share/usb_servo/environment/ament_prefix_path.dsv
[2.369s] -- Up-to-date: /home/eyantra/LB24/Student/1048/install/usb_servo/share/usb_servo/environment/path.sh
[2.369s] -- Up-to-date: /home/eyantra/LB24/Student/1048/install/usb_servo/share/usb_servo/environment/path.dsv
[2.369s] -- Up-to-date: /home/eyantra/LB24/Student/1048/install/usb_servo/share/usb_servo/local_setup.bash
[2.369s] -- Up-to-date: /home/eyantra/LB24/Student/1048/install/usb_servo/share/usb_servo/local_setup.sh
[2.369s] -- Up-to-date: /home/eyantra/LB24/Student/1048/install/usb_servo/share/usb_servo/local_setup.zsh
[2.369s] -- Up-to-date: /home/eyantra/LB24/Student/1048/install/usb_servo/share/usb_servo/local_setup.dsv
[2.369s] -- Installing: /home/eyantra/LB24/Student/1048/install/usb_servo/share/usb_servo/package.dsv
[2.370s] -- Up-to-date: /home/eyantra/LB24/Student/1048/install/usb_servo/share/ament_index/resource_index/packages/usb_servo
[2.370s] -- Up-to-date: /home/eyantra/LB24/Student/1048/install/usb_servo/share/usb_servo/cmake/export_usb_servo__rosidl_generator_cExport.cmake
[2.370s] -- Up-to-date: /home/eyantra/LB24/Student/1048/install/usb_servo/share/usb_servo/cmake/export_usb_servo__rosidl_generator_cExport-noconfig.cmake
[2.370s] -- Up-to-date: /home/eyantra/LB24/Student/1048/install/usb_servo/share/usb_servo/cmake/export_usb_servo__rosidl_typesupport_fastrtps_cExport.cmake
[2.370s] -- Up-to-date: /home/eyantra/LB24/Student/1048/install/usb_servo/share/usb_servo/cmake/export_usb_servo__rosidl_typesupport_fastrtps_cExport-noconfig.cmake
[2.370s] -- Up-to-date: /home/eyantra/LB24/Student/1048/install/usb_servo/share/usb_servo/cmake/usb_servo__rosidl_typesupport_introspection_cExport.cmake
[2.371s] -- Up-to-date: /home/eyantra/LB24/Student/1048/install/usb_servo/share/usb_servo/cmake/usb_servo__rosidl_typesupport_introspection_cExport-noconfig.cmake
[2.371s] -- Up-to-date: /home/eyantra/LB24/Student/1048/install/usb_servo/share/usb_servo/cmake/usb_servo__rosidl_typesupport_cExport.cmake
[2.371s] -- Up-to-date: /home/eyantra/LB24/Student/1048/install/usb_servo/share/usb_servo/cmake/usb_servo__rosidl_typesupport_cExport-noconfig.cmake
[2.371s] -- Up-to-date: /home/eyantra/LB24/Student/1048/install/usb_servo/share/usb_servo/cmake/export_usb_servo__rosidl_generator_cppExport.cmake
[2.371s] -- Up-to-date: /home/eyantra/LB24/Student/1048/install/usb_servo/share/usb_servo/cmake/export_usb_servo__rosidl_typesupport_fastrtps_cppExport.cmake
[2.371s] -- Up-to-date: /home/eyantra/LB24/Student/1048/install/usb_servo/share/usb_servo/cmake/export_usb_servo__rosidl_typesupport_fastrtps_cppExport-noconfig.cmake
[2.371s] -- Up-to-date: /home/eyantra/LB24/Student/1048/install/usb_servo/share/usb_servo/cmake/usb_servo__rosidl_typesupport_introspection_cppExport.cmake
[2.371s] -- Up-to-date: /home/eyantra/LB24/Student/1048/install/usb_servo/share/usb_servo/cmake/usb_servo__rosidl_typesupport_introspection_cppExport-noconfig.cmake
[2.371s] -- Up-to-date: /home/eyantra/LB24/Student/1048/install/usb_servo/share/usb_servo/cmake/usb_servo__rosidl_typesupport_cppExport.cmake
[2.371s] -- Up-to-date: /home/eyantra/LB24/Student/1048/install/usb_servo/share/usb_servo/cmake/usb_servo__rosidl_typesupport_cppExport-noconfig.cmake
[2.372s] -- Up-to-date: /home/eyantra/LB24/Student/1048/install/usb_servo/share/usb_servo/cmake/export_usb_servo__rosidl_generator_pyExport.cmake
[2.372s] -- Up-to-date: /home/eyantra/LB24/Student/1048/install/usb_servo/share/usb_servo/cmake/export_usb_servo__rosidl_generator_pyExport-noconfig.cmake
[2.372s] -- Up-to-date: /home/eyantra/LB24/Student/1048/install/usb_servo/share/usb_servo/cmake/rosidl_cmake-extras.cmake
[2.372s] -- Up-to-date: /home/eyantra/LB24/Student/1048/install/usb_servo/share/usb_servo/cmake/ament_cmake_export_include_directories-extras.cmake
[2.372s] -- Up-to-date: /home/eyantra/LB24/Student/1048/install/usb_servo/share/usb_servo/cmake/ament_cmake_export_libraries-extras.cmake
[2.372s] -- Up-to-date: /home/eyantra/LB24/Student/1048/install/usb_servo/share/usb_servo/cmake/ament_cmake_export_targets-extras.cmake
[2.372s] -- Up-to-date: /home/eyantra/LB24/Student/1048/install/usb_servo/share/usb_servo/cmake/rosidl_cmake_export_typesupport_targets-extras.cmake
[2.372s] -- Up-to-date: /home/eyantra/LB24/Student/1048/install/usb_servo/share/usb_servo/cmake/ament_cmake_export_dependencies-extras.cmake
[2.372s] -- Up-to-date: /home/eyantra/LB24/Student/1048/install/usb_servo/share/usb_servo/cmake/rosidl_cmake_export_typesupport_libraries-extras.cmake
[2.372s] -- Up-to-date: /home/eyantra/LB24/Student/1048/install/usb_servo/share/usb_servo/cmake/usb_servoConfig.cmake
[2.372s] -- Up-to-date: /home/eyantra/LB24/Student/1048/install/usb_servo/share/usb_servo/cmake/usb_servoConfig-version.cmake
[2.373s] -- Up-to-date: /home/eyantra/LB24/Student/1048/install/usb_servo/share/usb_servo/package.xml
[2.475s] Invoked command in '/home/eyantra/LB24/Student/1048/build/usb_servo' returned '0': CMAKE_PREFIX_PATH=/opt/ros/humble /usr/bin/cmake --install /home/eyantra/LB24/Student/1048/build/usb_servo
