[2.844s] Invoking command in '/home/eyantra/LB24/Student/1048/src/bot': PYTHONPATH=/home/eyantra/LB24/Student/1048/build/bot/prefix_override:/usr/lib/python3/dist-packages/colcon_core/task/python/colcon_distutils_commands:/home/eyantra/LB24/Student/1048/install/bot/lib/python3.10/site-packages:${PYTHONPATH} /usr/bin/python3 -W ignore:setup.py install is deprecated -W ignore:easy_install command is deprecated setup.py egg_info --egg-base ../../build/bot build --build-base /home/eyantra/LB24/Student/1048/build/bot/build install --record /home/eyantra/LB24/Student/1048/build/bot/install.log --single-version-externally-managed install_data
[3.397s] running egg_info
[3.400s] writing ../../build/bot/bot.egg-info/PKG-INFO
[3.402s] writing dependency_links to ../../build/bot/bot.egg-info/dependency_links.txt
[3.405s] writing entry points to ../../build/bot/bot.egg-info/entry_points.txt
[3.405s] writing requirements to ../../build/bot/bot.egg-info/requires.txt
[3.405s] writing top-level names to ../../build/bot/bot.egg-info/top_level.txt
[3.412s] reading manifest file '../../build/bot/bot.egg-info/SOURCES.txt'
[3.413s] writing manifest file '../../build/bot/bot.egg-info/SOURCES.txt'
[3.413s] running build
[3.414s] running build_py
[3.416s] running install
[3.417s] running install_lib
[3.420s] running install_data
[3.420s] running install_egg_info
[3.424s] removing '/home/eyantra/LB24/Student/1048/install/bot/lib/python3.10/site-packages/bot-0.0.0-py3.10.egg-info' (and everything under it)
[3.425s] Copying ../../build/bot/bot.egg-info to /home/eyantra/LB24/Student/1048/install/bot/lib/python3.10/site-packages/bot-0.0.0-py3.10.egg-info
[3.426s] running install_scripts
[3.473s] Installing arm script to /home/eyantra/LB24/Student/1048/install/bot/lib/bot
[3.476s] Installing dock script to /home/eyantra/LB24/Student/1048/install/bot/lib/bot
[3.477s] Installing nav script to /home/eyantra/LB24/Student/1048/install/bot/lib/bot
[3.477s] writing list of installed files to '/home/eyantra/LB24/Student/1048/build/bot/install.log'
[3.581s] Invoked command in '/home/eyantra/LB24/Student/1048/src/bot' returned '0': PYTHONPATH=/home/eyantra/LB24/Student/1048/build/bot/prefix_override:/usr/lib/python3/dist-packages/colcon_core/task/python/colcon_distutils_commands:/home/eyantra/LB24/Student/1048/install/bot/lib/python3.10/site-packages:${PYTHONPATH} /usr/bin/python3 -W ignore:setup.py install is deprecated -W ignore:easy_install command is deprecated setup.py egg_info --egg-base ../../build/bot build --build-base /home/eyantra/LB24/Student/1048/build/bot/build install --record /home/eyantra/LB24/Student/1048/build/bot/install.log --single-version-externally-managed install_data
