-- Found ament_cmake: 1.3.11 (/opt/ros/humble/share/ament_cmake/cmake)
-- Found rclcpp: 16.0.11 (/opt/ros/humble/share/rclcpp/cmake)
-- Found rosidl_generator_c: 3.1.6 (/opt/ros/humble/share/rosidl_generator_c/cmake)
-- Found rosidl_adapter: 3.1.6 (/opt/ros/humble/share/rosidl_adapter/cmake)
-- Found rosidl_generator_cpp: 3.1.6 (/opt/ros/humble/share/rosidl_generator_cpp/cmake)
-- Using all available rosidl_typesupport_c: rosidl_typesupport_fastrtps_c;rosidl_typesupport_introspection_c
-- Using all available rosidl_typesupport_cpp: rosidl_typesupport_fastrtps_cpp;rosidl_typesupport_introspection_cpp
-- Found rmw_implementation_cmake: 6.1.2 (/opt/ros/humble/share/rmw_implementation_cmake/cmake)
-- Found rmw_fastrtps_cpp: 6.2.7 (/opt/ros/humble/share/rmw_fastrtps_cpp/cmake)
-- Using RMW implementation 'rmw_fastrtps_cpp' as default
-- Found rclcpp_action: 16.0.11 (/opt/ros/humble/share/rclcpp_action/cmake)
-- Found geometry_msgs: 4.2.4 (/opt/ros/humble/share/geometry_msgs/cmake)
-- Found ebot_docking: 0.0.0 (/home/northee/git/task3a/install/ebot_docking/share/ebot_docking/cmake)
-- Found sensor_msgs: 4.2.4 (/opt/ros/humble/share/sensor_msgs/cmake)
-- Found usb_servo: 0.0.0 (/home/northee/git/task3a/install/usb_servo/share/usb_servo/cmake)
-- Found nav2_msgs: 1.1.18 (/opt/ros/humble/share/nav2_msgs/cmake)
-- Found ament_lint_auto: 0.12.11 (/opt/ros/humble/share/ament_lint_auto/cmake)
-- Added test 'cppcheck' to perform static code analysis on C / C++ code
-- Configured cppcheck include dirs: 
-- Configured cppcheck exclude dirs and/or files: 
-- Added test 'flake8' to check Python code syntax and style conventions
-- Added test 'lint_cmake' to check CMake code style
-- Added test 'pep257' to check Python code against some of the docstring style conventions in PEP 257
-- Added test 'uncrustify' to check C / C++ code style
-- Configured uncrustify additional arguments: 
-- Added test 'xmllint' to check XML markup files
-- Configuring done
-- Generating done
-- Build files have been written to: /home/northee/git/task3a/build/fin
[ 50%] Built target dock
[100%] Built target nav
-- Install configuration: ""
-- Up-to-date: /home/northee/git/task3a/install/fin/lib/fin/dock
-- Up-to-date: /home/northee/git/task3a/install/fin/lib/fin/nav
-- Up-to-date: /home/northee/git/task3a/install/fin/lib/fin/arm.py
-- Up-to-date: /home/northee/git/task3a/install/fin/share/ament_index/resource_index/package_run_dependencies/fin
-- Up-to-date: /home/northee/git/task3a/install/fin/share/ament_index/resource_index/parent_prefix_path/fin
-- Up-to-date: /home/northee/git/task3a/install/fin/share/fin/environment/ament_prefix_path.sh
-- Installing: /home/northee/git/task3a/install/fin/share/fin/environment/ament_prefix_path.dsv
-- Up-to-date: /home/northee/git/task3a/install/fin/share/fin/environment/path.sh
-- Installing: /home/northee/git/task3a/install/fin/share/fin/environment/path.dsv
-- Up-to-date: /home/northee/git/task3a/install/fin/share/fin/local_setup.bash
-- Up-to-date: /home/northee/git/task3a/install/fin/share/fin/local_setup.sh
-- Up-to-date: /home/northee/git/task3a/install/fin/share/fin/local_setup.zsh
-- Installing: /home/northee/git/task3a/install/fin/share/fin/local_setup.dsv
-- Installing: /home/northee/git/task3a/install/fin/share/fin/package.dsv
-- Up-to-date: /home/northee/git/task3a/install/fin/share/ament_index/resource_index/packages/fin
-- Up-to-date: /home/northee/git/task3a/install/fin/share/fin/cmake/finConfig.cmake
-- Up-to-date: /home/northee/git/task3a/install/fin/share/fin/cmake/finConfig-version.cmake
-- Up-to-date: /home/northee/git/task3a/install/fin/share/fin/package.xml
