[0.006s] Invoking command in '/home/northee/git/task3a/build/fin': AMENT_PREFIX_PATH=/home/northee/git/task3a/install/usb_servo:/home/northee/git/task3a/install/ebot_docking:${AMENT_PREFIX_PATH} CMAKE_PREFIX_PATH=/home/northee/git/task3a/install/usb_servo:/home/northee/git/task3a/install/ebot_docking:/opt/ros/humble LD_LIBRARY_PATH=/home/northee/git/task3a/install/usb_servo/lib:/home/northee/git/task3a/install/ebot_docking/lib:${LD_LIBRARY_PATH} PYTHONPATH=/home/northee/git/task3a/install/usb_servo/local/lib/python3.10/dist-packages:/home/northee/git/task3a/install/ebot_docking/local/lib/python3.10/dist-packages:${PYTHONPATH} /usr/bin/cmake /home/northee/git/task3a/src/fin -DCMAKE_INSTALL_PREFIX=/home/northee/git/task3a/install/fin
[0.011s] -- Found ament_cmake: 1.3.11 (/opt/ros/humble/share/ament_cmake/cmake)
[0.055s] -- Found rclcpp: 16.0.11 (/opt/ros/humble/share/rclcpp/cmake)
[0.069s] -- Found rosidl_generator_c: 3.1.6 (/opt/ros/humble/share/rosidl_generator_c/cmake)
[0.070s] -- Found rosidl_adapter: 3.1.6 (/opt/ros/humble/share/rosidl_adapter/cmake)
[0.073s] -- Found rosidl_generator_cpp: 3.1.6 (/opt/ros/humble/share/rosidl_generator_cpp/cmake)
[0.077s] -- Using all available rosidl_typesupport_c: rosidl_typesupport_fastrtps_c;rosidl_typesupport_introspection_c
[0.083s] -- Using all available rosidl_typesupport_cpp: rosidl_typesupport_fastrtps_cpp;rosidl_typesupport_introspection_cpp
[0.098s] -- Found rmw_implementation_cmake: 6.1.2 (/opt/ros/humble/share/rmw_implementation_cmake/cmake)
[0.099s] -- Found rmw_fastrtps_cpp: 6.2.7 (/opt/ros/humble/share/rmw_fastrtps_cpp/cmake)
[0.155s] -- Using RMW implementation 'rmw_fastrtps_cpp' as default
[0.182s] -- Found rclcpp_action: 16.0.11 (/opt/ros/humble/share/rclcpp_action/cmake)
[0.214s] -- Found geometry_msgs: 4.2.4 (/opt/ros/humble/share/geometry_msgs/cmake)
[0.235s] -- Found ebot_docking: 0.0.0 (/home/northee/git/task3a/install/ebot_docking/share/ebot_docking/cmake)
[0.250s] -- Found sensor_msgs: 4.2.4 (/opt/ros/humble/share/sensor_msgs/cmake)
[0.286s] -- Found usb_servo: 0.0.0 (/home/northee/git/task3a/install/usb_servo/share/usb_servo/cmake)
[0.299s] -- Found nav2_msgs: 1.1.18 (/opt/ros/humble/share/nav2_msgs/cmake)
[0.333s] -- Found ament_lint_auto: 0.12.11 (/opt/ros/humble/share/ament_lint_auto/cmake)
[0.376s] -- Added test 'cppcheck' to perform static code analysis on C / C++ code
[0.376s] -- Configured cppcheck include dirs: 
[0.376s] -- Configured cppcheck exclude dirs and/or files: 
[0.376s] -- Added test 'flake8' to check Python code syntax and style conventions
[0.376s] -- Added test 'lint_cmake' to check CMake code style
[0.377s] -- Added test 'pep257' to check Python code against some of the docstring style conventions in PEP 257
[0.377s] -- Added test 'uncrustify' to check C / C++ code style
[0.377s] -- Configured uncrustify additional arguments: 
[0.377s] -- Added test 'xmllint' to check XML markup files
[0.377s] -- Configuring done
[0.385s] -- Generating done
[0.388s] -- Build files have been written to: /home/northee/git/task3a/build/fin
[0.392s] Invoked command in '/home/northee/git/task3a/build/fin' returned '0': AMENT_PREFIX_PATH=/home/northee/git/task3a/install/usb_servo:/home/northee/git/task3a/install/ebot_docking:${AMENT_PREFIX_PATH} CMAKE_PREFIX_PATH=/home/northee/git/task3a/install/usb_servo:/home/northee/git/task3a/install/ebot_docking:/opt/ros/humble LD_LIBRARY_PATH=/home/northee/git/task3a/install/usb_servo/lib:/home/northee/git/task3a/install/ebot_docking/lib:${LD_LIBRARY_PATH} PYTHONPATH=/home/northee/git/task3a/install/usb_servo/local/lib/python3.10/dist-packages:/home/northee/git/task3a/install/ebot_docking/local/lib/python3.10/dist-packages:${PYTHONPATH} /usr/bin/cmake /home/northee/git/task3a/src/fin -DCMAKE_INSTALL_PREFIX=/home/northee/git/task3a/install/fin
[0.392s] Invoking command in '/home/northee/git/task3a/build/fin': AMENT_PREFIX_PATH=/home/northee/git/task3a/install/usb_servo:/home/northee/git/task3a/install/ebot_docking:${AMENT_PREFIX_PATH} CMAKE_PREFIX_PATH=/home/northee/git/task3a/install/usb_servo:/home/northee/git/task3a/install/ebot_docking:/opt/ros/humble LD_LIBRARY_PATH=/home/northee/git/task3a/install/usb_servo/lib:/home/northee/git/task3a/install/ebot_docking/lib:${LD_LIBRARY_PATH} PYTHONPATH=/home/northee/git/task3a/install/usb_servo/local/lib/python3.10/dist-packages:/home/northee/git/task3a/install/ebot_docking/local/lib/python3.10/dist-packages:${PYTHONPATH} /usr/bin/cmake --build /home/northee/git/task3a/build/fin -- -j24 -l24
[0.410s] [ 50%] Built target dock
[0.413s] [100%] Built target nav
[0.418s] Invoked command in '/home/northee/git/task3a/build/fin' returned '0': AMENT_PREFIX_PATH=/home/northee/git/task3a/install/usb_servo:/home/northee/git/task3a/install/ebot_docking:${AMENT_PREFIX_PATH} CMAKE_PREFIX_PATH=/home/northee/git/task3a/install/usb_servo:/home/northee/git/task3a/install/ebot_docking:/opt/ros/humble LD_LIBRARY_PATH=/home/northee/git/task3a/install/usb_servo/lib:/home/northee/git/task3a/install/ebot_docking/lib:${LD_LIBRARY_PATH} PYTHONPATH=/home/northee/git/task3a/install/usb_servo/local/lib/python3.10/dist-packages:/home/northee/git/task3a/install/ebot_docking/local/lib/python3.10/dist-packages:${PYTHONPATH} /usr/bin/cmake --build /home/northee/git/task3a/build/fin -- -j24 -l24
[0.419s] Invoking command in '/home/northee/git/task3a/build/fin': AMENT_PREFIX_PATH=/home/northee/git/task3a/install/usb_servo:/home/northee/git/task3a/install/ebot_docking:${AMENT_PREFIX_PATH} CMAKE_PREFIX_PATH=/home/northee/git/task3a/install/usb_servo:/home/northee/git/task3a/install/ebot_docking:/opt/ros/humble LD_LIBRARY_PATH=/home/northee/git/task3a/install/usb_servo/lib:/home/northee/git/task3a/install/ebot_docking/lib:${LD_LIBRARY_PATH} PYTHONPATH=/home/northee/git/task3a/install/usb_servo/local/lib/python3.10/dist-packages:/home/northee/git/task3a/install/ebot_docking/local/lib/python3.10/dist-packages:${PYTHONPATH} /usr/bin/cmake --install /home/northee/git/task3a/build/fin
[0.423s] -- Install configuration: ""
[0.424s] -- Up-to-date: /home/northee/git/task3a/install/fin/lib/fin/dock
[0.424s] -- Up-to-date: /home/northee/git/task3a/install/fin/lib/fin/nav
[0.425s] -- Up-to-date: /home/northee/git/task3a/install/fin/lib/fin/arm.py
[0.425s] -- Up-to-date: /home/northee/git/task3a/install/fin/share/ament_index/resource_index/package_run_dependencies/fin
[0.425s] -- Up-to-date: /home/northee/git/task3a/install/fin/share/ament_index/resource_index/parent_prefix_path/fin
[0.425s] -- Up-to-date: /home/northee/git/task3a/install/fin/share/fin/environment/ament_prefix_path.sh
[0.425s] -- Installing: /home/northee/git/task3a/install/fin/share/fin/environment/ament_prefix_path.dsv
[0.425s] -- Up-to-date: /home/northee/git/task3a/install/fin/share/fin/environment/path.sh
[0.425s] -- Installing: /home/northee/git/task3a/install/fin/share/fin/environment/path.dsv
[0.426s] -- Up-to-date: /home/northee/git/task3a/install/fin/share/fin/local_setup.bash
[0.426s] -- Up-to-date: /home/northee/git/task3a/install/fin/share/fin/local_setup.sh
[0.426s] -- Up-to-date: /home/northee/git/task3a/install/fin/share/fin/local_setup.zsh
[0.426s] -- Installing: /home/northee/git/task3a/install/fin/share/fin/local_setup.dsv
[0.426s] -- Installing: /home/northee/git/task3a/install/fin/share/fin/package.dsv
[0.426s] -- Up-to-date: /home/northee/git/task3a/install/fin/share/ament_index/resource_index/packages/fin
[0.426s] -- Up-to-date: /home/northee/git/task3a/install/fin/share/fin/cmake/finConfig.cmake
[0.426s] -- Up-to-date: /home/northee/git/task3a/install/fin/share/fin/cmake/finConfig-version.cmake
[0.426s] -- Up-to-date: /home/northee/git/task3a/install/fin/share/fin/package.xml
[0.429s] Invoked command in '/home/northee/git/task3a/build/fin' returned '0': AMENT_PREFIX_PATH=/home/northee/git/task3a/install/usb_servo:/home/northee/git/task3a/install/ebot_docking:${AMENT_PREFIX_PATH} CMAKE_PREFIX_PATH=/home/northee/git/task3a/install/usb_servo:/home/northee/git/task3a/install/ebot_docking:/opt/ros/humble LD_LIBRARY_PATH=/home/northee/git/task3a/install/usb_servo/lib:/home/northee/git/task3a/install/ebot_docking/lib:${LD_LIBRARY_PATH} PYTHONPATH=/home/northee/git/task3a/install/usb_servo/local/lib/python3.10/dist-packages:/home/northee/git/task3a/install/ebot_docking/local/lib/python3.10/dist-packages:${PYTHONPATH} /usr/bin/cmake --install /home/northee/git/task3a/build/fin
