[0.247s] DEBUG:colcon:Command line arguments: ['/usr/bin/colcon', 'build']
[0.247s] DEBUG:colcon:Parsed command line arguments: Namespace(log_base=None, log_level=None, verb_name='build', build_base='build', install_base='install', merge_install=False, symlink_install=False, test_result_base=None, continue_on_error=False, executor='parallel', parallel_workers=8, event_handlers=None, ignore_user_meta=False, metas=['./colcon.meta'], base_paths=['.'], packages_ignore=None, packages_ignore_regex=None, paths=None, packages_up_to=None, packages_up_to_regex=None, packages_above=None, packages_above_and_dependencies=None, packages_above_depth=None, packages_select_by_dep=None, packages_skip_by_dep=None, packages_skip_up_to=None, packages_select_build_failed=False, packages_skip_build_finished=False, packages_select_test_failures=False, packages_skip_test_passed=False, packages_select=None, packages_skip=None, packages_select_regex=None, packages_skip_regex=None, packages_start=None, packages_end=None, allow_overriding=[], cmake_args=None, cmake_target=None, cmake_target_skip_unavailable=False, cmake_clean_cache=False, cmake_clean_first=False, cmake_force_configure=False, ament_cmake_args=None, catkin_cmake_args=None, catkin_skip_building_tests=False, verb_parser=<colcon_defaults.argument_parser.defaults.DefaultArgumentsDecorator object at 0x704fbfd79a50>, verb_extension=<colcon_core.verb.build.BuildVerb object at 0x704fbfefb310>, main=<bound method BuildVerb.main of <colcon_core.verb.build.BuildVerb object at 0x704fbfefb310>>)
[0.686s] Level 1:colcon.colcon_core.package_discovery:discover_packages(colcon_meta) check parameters
[0.687s] Level 1:colcon.colcon_core.package_discovery:discover_packages(recursive) check parameters
[0.687s] Level 1:colcon.colcon_core.package_discovery:discover_packages(ignore) check parameters
[0.687s] Level 1:colcon.colcon_core.package_discovery:discover_packages(path) check parameters
[0.687s] Level 1:colcon.colcon_core.package_discovery:discover_packages(colcon_meta) discover
[0.687s] Level 1:colcon.colcon_core.package_discovery:discover_packages(recursive) discover
[0.687s] INFO:colcon.colcon_core.package_discovery:Crawling recursively for packages in '/home/eyantra/LB24/Student/1048'
[0.688s] Level 1:colcon.colcon_core.package_identification:_identify(.) by extensions ['ignore', 'ignore_ament_install']
[0.688s] Level 1:colcon.colcon_core.package_identification:_identify(.) by extension 'ignore'
[0.688s] Level 1:colcon.colcon_core.package_identification:_identify(.) by extension 'ignore_ament_install'
[0.688s] Level 1:colcon.colcon_core.package_identification:_identify(.) by extensions ['colcon_pkg']
[0.688s] Level 1:colcon.colcon_core.package_identification:_identify(.) by extension 'colcon_pkg'
[0.688s] Level 1:colcon.colcon_core.package_identification:_identify(.) by extensions ['colcon_meta']
[0.689s] Level 1:colcon.colcon_core.package_identification:_identify(.) by extension 'colcon_meta'
[0.689s] Level 1:colcon.colcon_core.package_identification:_identify(.) by extensions ['ros']
[0.689s] Level 1:colcon.colcon_core.package_identification:_identify(.) by extension 'ros'
[0.744s] Level 1:colcon.colcon_core.package_identification:_identify(.) by extensions ['cmake', 'python']
[0.745s] Level 1:colcon.colcon_core.package_identification:_identify(.) by extension 'cmake'
[0.745s] Level 1:colcon.colcon_core.package_identification:_identify(.) by extension 'python'
[0.745s] Level 1:colcon.colcon_core.package_identification:_identify(.) by extensions ['python_setup_py']
[0.745s] Level 1:colcon.colcon_core.package_identification:_identify(.) by extension 'python_setup_py'
[0.746s] Level 1:colcon.colcon_core.package_identification:_identify(build) by extensions ['ignore', 'ignore_ament_install']
[0.746s] Level 1:colcon.colcon_core.package_identification:_identify(build) by extension 'ignore'
[0.746s] Level 1:colcon.colcon_core.package_identification:_identify(build) ignored
[0.747s] Level 1:colcon.colcon_core.package_identification:_identify(install) by extensions ['ignore', 'ignore_ament_install']
[0.747s] Level 1:colcon.colcon_core.package_identification:_identify(install) by extension 'ignore'
[0.747s] Level 1:colcon.colcon_core.package_identification:_identify(install) ignored
[0.747s] Level 1:colcon.colcon_core.package_identification:_identify(log) by extensions ['ignore', 'ignore_ament_install']
[0.747s] Level 1:colcon.colcon_core.package_identification:_identify(log) by extension 'ignore'
[0.747s] Level 1:colcon.colcon_core.package_identification:_identify(log) ignored
[0.748s] Level 1:colcon.colcon_core.package_identification:_identify(src) by extensions ['ignore', 'ignore_ament_install']
[0.748s] Level 1:colcon.colcon_core.package_identification:_identify(src) by extension 'ignore'
[0.748s] Level 1:colcon.colcon_core.package_identification:_identify(src) by extension 'ignore_ament_install'
[0.748s] Level 1:colcon.colcon_core.package_identification:_identify(src) by extensions ['colcon_pkg']
[0.748s] Level 1:colcon.colcon_core.package_identification:_identify(src) by extension 'colcon_pkg'
[0.748s] Level 1:colcon.colcon_core.package_identification:_identify(src) by extensions ['colcon_meta']
[0.749s] Level 1:colcon.colcon_core.package_identification:_identify(src) by extension 'colcon_meta'
[0.749s] Level 1:colcon.colcon_core.package_identification:_identify(src) by extensions ['ros']
[0.749s] Level 1:colcon.colcon_core.package_identification:_identify(src) by extension 'ros'
[0.750s] Level 1:colcon.colcon_core.package_identification:_identify(src) by extensions ['cmake', 'python']
[0.750s] Level 1:colcon.colcon_core.package_identification:_identify(src) by extension 'cmake'
[0.750s] Level 1:colcon.colcon_core.package_identification:_identify(src) by extension 'python'
[0.750s] Level 1:colcon.colcon_core.package_identification:_identify(src) by extensions ['python_setup_py']
[0.751s] Level 1:colcon.colcon_core.package_identification:_identify(src) by extension 'python_setup_py'
[0.751s] Level 1:colcon.colcon_core.package_identification:_identify(src/ebot_docking) by extensions ['ignore', 'ignore_ament_install']
[0.752s] Level 1:colcon.colcon_core.package_identification:_identify(src/ebot_docking) by extension 'ignore'
[0.752s] Level 1:colcon.colcon_core.package_identification:_identify(src/ebot_docking) by extension 'ignore_ament_install'
[0.752s] Level 1:colcon.colcon_core.package_identification:_identify(src/ebot_docking) by extensions ['colcon_pkg']
[0.752s] Level 1:colcon.colcon_core.package_identification:_identify(src/ebot_docking) by extension 'colcon_pkg'
[0.753s] Level 1:colcon.colcon_core.package_identification:_identify(src/ebot_docking) by extensions ['colcon_meta']
[0.753s] Level 1:colcon.colcon_core.package_identification:_identify(src/ebot_docking) by extension 'colcon_meta'
[0.753s] Level 1:colcon.colcon_core.package_identification:_identify(src/ebot_docking) by extensions ['ros']
[0.753s] Level 1:colcon.colcon_core.package_identification:_identify(src/ebot_docking) by extension 'ros'
[0.757s] DEBUG:colcon.colcon_core.package_identification:Package 'src/ebot_docking' with type 'ros.ament_cmake' and name 'ebot_docking'
[0.757s] Level 1:colcon.colcon_core.package_identification:_identify(src/ebot_nav2) by extensions ['ignore', 'ignore_ament_install']
[0.757s] Level 1:colcon.colcon_core.package_identification:_identify(src/ebot_nav2) by extension 'ignore'
[0.757s] Level 1:colcon.colcon_core.package_identification:_identify(src/ebot_nav2) by extension 'ignore_ament_install'
[0.757s] Level 1:colcon.colcon_core.package_identification:_identify(src/ebot_nav2) by extensions ['colcon_pkg']
[0.757s] Level 1:colcon.colcon_core.package_identification:_identify(src/ebot_nav2) by extension 'colcon_pkg'
[0.757s] Level 1:colcon.colcon_core.package_identification:_identify(src/ebot_nav2) by extensions ['colcon_meta']
[0.757s] Level 1:colcon.colcon_core.package_identification:_identify(src/ebot_nav2) by extension 'colcon_meta'
[0.758s] Level 1:colcon.colcon_core.package_identification:_identify(src/ebot_nav2) by extensions ['ros']
[0.758s] Level 1:colcon.colcon_core.package_identification:_identify(src/ebot_nav2) by extension 'ros'
[0.759s] DEBUG:colcon.colcon_core.package_identification:Package 'src/ebot_nav2' with type 'ros.ament_cmake' and name 'ebot_nav2'
[0.759s] Level 1:colcon.colcon_core.package_identification:_identify(src/ff) by extensions ['ignore', 'ignore_ament_install']
[0.760s] Level 1:colcon.colcon_core.package_identification:_identify(src/ff) by extension 'ignore'
[0.760s] Level 1:colcon.colcon_core.package_identification:_identify(src/ff) by extension 'ignore_ament_install'
[0.760s] Level 1:colcon.colcon_core.package_identification:_identify(src/ff) by extensions ['colcon_pkg']
[0.760s] Level 1:colcon.colcon_core.package_identification:_identify(src/ff) by extension 'colcon_pkg'
[0.760s] Level 1:colcon.colcon_core.package_identification:_identify(src/ff) by extensions ['colcon_meta']
[0.760s] Level 1:colcon.colcon_core.package_identification:_identify(src/ff) by extension 'colcon_meta'
[0.760s] Level 1:colcon.colcon_core.package_identification:_identify(src/ff) by extensions ['ros']
[0.760s] Level 1:colcon.colcon_core.package_identification:_identify(src/ff) by extension 'ros'
[0.766s] DEBUG:colcon.colcon_core.package_identification:Package 'src/ff' with type 'ros.ament_python' and name 'ff'
[0.766s] Level 1:colcon.colcon_core.package_identification:_identify(src/fin) by extensions ['ignore', 'ignore_ament_install']
[0.767s] Level 1:colcon.colcon_core.package_identification:_identify(src/fin) by extension 'ignore'
[0.767s] Level 1:colcon.colcon_core.package_identification:_identify(src/fin) by extension 'ignore_ament_install'
[0.767s] Level 1:colcon.colcon_core.package_identification:_identify(src/fin) by extensions ['colcon_pkg']
[0.767s] Level 1:colcon.colcon_core.package_identification:_identify(src/fin) by extension 'colcon_pkg'
[0.767s] Level 1:colcon.colcon_core.package_identification:_identify(src/fin) by extensions ['colcon_meta']
[0.767s] Level 1:colcon.colcon_core.package_identification:_identify(src/fin) by extension 'colcon_meta'
[0.767s] Level 1:colcon.colcon_core.package_identification:_identify(src/fin) by extensions ['ros']
[0.767s] Level 1:colcon.colcon_core.package_identification:_identify(src/fin) by extension 'ros'
[0.768s] DEBUG:colcon.colcon_core.package_identification:Package 'src/fin' with type 'ros.ament_cmake' and name 'fin'
[0.777s] Level 1:colcon.colcon_core.package_identification:_identify(src/jk) by extensions ['ignore', 'ignore_ament_install']
[0.777s] Level 1:colcon.colcon_core.package_identification:_identify(src/jk) by extension 'ignore'
[0.778s] Level 1:colcon.colcon_core.package_identification:_identify(src/jk) by extension 'ignore_ament_install'
[0.778s] Level 1:colcon.colcon_core.package_identification:_identify(src/jk) by extensions ['colcon_pkg']
[0.778s] Level 1:colcon.colcon_core.package_identification:_identify(src/jk) by extension 'colcon_pkg'
[0.778s] Level 1:colcon.colcon_core.package_identification:_identify(src/jk) by extensions ['colcon_meta']
[0.778s] Level 1:colcon.colcon_core.package_identification:_identify(src/jk) by extension 'colcon_meta'
[0.778s] Level 1:colcon.colcon_core.package_identification:_identify(src/jk) by extensions ['ros']
[0.778s] Level 1:colcon.colcon_core.package_identification:_identify(src/jk) by extension 'ros'
[0.780s] DEBUG:colcon.colcon_core.package_identification:Package 'src/jk' with type 'ros.ament_python' and name 'jk'
[0.782s] Level 1:colcon.colcon_core.package_identification:_identify(src/pymoveit2) by extensions ['ignore', 'ignore_ament_install']
[0.783s] Level 1:colcon.colcon_core.package_identification:_identify(src/pymoveit2) by extension 'ignore'
[0.783s] Level 1:colcon.colcon_core.package_identification:_identify(src/pymoveit2) by extension 'ignore_ament_install'
[0.783s] Level 1:colcon.colcon_core.package_identification:_identify(src/pymoveit2) by extensions ['colcon_pkg']
[0.783s] Level 1:colcon.colcon_core.package_identification:_identify(src/pymoveit2) by extension 'colcon_pkg'
[0.783s] Level 1:colcon.colcon_core.package_identification:_identify(src/pymoveit2) by extensions ['colcon_meta']
[0.784s] Level 1:colcon.colcon_core.package_identification:_identify(src/pymoveit2) by extension 'colcon_meta'
[0.784s] Level 1:colcon.colcon_core.package_identification:_identify(src/pymoveit2) by extensions ['ros']
[0.784s] Level 1:colcon.colcon_core.package_identification:_identify(src/pymoveit2) by extension 'ros'
[0.786s] DEBUG:colcon.colcon_core.package_identification:Package 'src/pymoveit2' with type 'ros.ament_cmake' and name 'pymoveit2'
[0.787s] Level 1:colcon.colcon_core.package_identification:_identify(src/ur_moveit_config) by extensions ['ignore', 'ignore_ament_install']
[0.787s] Level 1:colcon.colcon_core.package_identification:_identify(src/ur_moveit_config) by extension 'ignore'
[0.788s] Level 1:colcon.colcon_core.package_identification:_identify(src/ur_moveit_config) by extension 'ignore_ament_install'
[0.788s] Level 1:colcon.colcon_core.package_identification:_identify(src/ur_moveit_config) by extensions ['colcon_pkg']
[0.789s] Level 1:colcon.colcon_core.package_identification:_identify(src/ur_moveit_config) by extension 'colcon_pkg'
[0.789s] Level 1:colcon.colcon_core.package_identification:_identify(src/ur_moveit_config) by extensions ['colcon_meta']
[0.789s] Level 1:colcon.colcon_core.package_identification:_identify(src/ur_moveit_config) by extension 'colcon_meta'
[0.789s] Level 1:colcon.colcon_core.package_identification:_identify(src/ur_moveit_config) by extensions ['ros']
[0.790s] Level 1:colcon.colcon_core.package_identification:_identify(src/ur_moveit_config) by extension 'ros'
[0.792s] DEBUG:colcon.colcon_core.package_identification:Package 'src/ur_moveit_config' with type 'ros.ament_cmake' and name 'ur_moveit_config'
[0.792s] Level 1:colcon.colcon_core.package_identification:_identify(src/usb_servo) by extensions ['ignore', 'ignore_ament_install']
[0.792s] Level 1:colcon.colcon_core.package_identification:_identify(src/usb_servo) by extension 'ignore'
[0.793s] Level 1:colcon.colcon_core.package_identification:_identify(src/usb_servo) by extension 'ignore_ament_install'
[0.793s] Level 1:colcon.colcon_core.package_identification:_identify(src/usb_servo) by extensions ['colcon_pkg']
[0.793s] Level 1:colcon.colcon_core.package_identification:_identify(src/usb_servo) by extension 'colcon_pkg'
[0.793s] Level 1:colcon.colcon_core.package_identification:_identify(src/usb_servo) by extensions ['colcon_meta']
[0.794s] Level 1:colcon.colcon_core.package_identification:_identify(src/usb_servo) by extension 'colcon_meta'
[0.794s] Level 1:colcon.colcon_core.package_identification:_identify(src/usb_servo) by extensions ['ros']
[0.794s] Level 1:colcon.colcon_core.package_identification:_identify(src/usb_servo) by extension 'ros'
[0.795s] DEBUG:colcon.colcon_core.package_identification:Package 'src/usb_servo' with type 'ros.ament_cmake' and name 'usb_servo'
[0.796s] Level 1:colcon.colcon_core.package_discovery:discover_packages(recursive) using defaults
[0.796s] Level 1:colcon.colcon_core.package_discovery:discover_packages(ignore) discover
[0.796s] Level 1:colcon.colcon_core.package_discovery:discover_packages(ignore) using defaults
[0.796s] Level 1:colcon.colcon_core.package_discovery:discover_packages(path) discover
[0.796s] Level 1:colcon.colcon_core.package_discovery:discover_packages(path) using defaults
[0.857s] Level 1:colcon.colcon_core.package_discovery:discover_packages(prefix_path) check parameters
[0.858s] Level 1:colcon.colcon_core.package_discovery:discover_packages(prefix_path) discover
[0.865s] DEBUG:colcon.colcon_installed_package_information.package_discovery:Found 512 installed packages in /opt/ros/humble
[0.871s] Level 1:colcon.colcon_core.package_discovery:discover_packages(prefix_path) using defaults
[0.981s] WARNING:colcon.colcon_core.package_selection:Some selected packages are already built in one or more underlay workspaces:
	'ur_moveit_config' is in: /opt/ros/humble
If a package in a merged underlay workspace is overridden and it installs headers, then all packages in the overlay must sort their include directories by workspace order. Failure to do so may result in build failures or undefined behavior at run time.
If the overridden package is used by another package in any underlay, then the overriding package in the overlay must be API and ABI compatible or undefined behavior at run time may occur.

If you understand the risks and want to override a package anyways, add the following to the command line:
	--allow-overriding ur_moveit_config

This may be promoted to an error in a future release of colcon-override-check.
[0.986s] Level 5:colcon.colcon_core.verb:set package 'ebot_docking' build argument 'cmake_args' from command line to 'None'
[0.986s] Level 5:colcon.colcon_core.verb:set package 'ebot_docking' build argument 'cmake_target' from command line to 'None'
[0.986s] Level 5:colcon.colcon_core.verb:set package 'ebot_docking' build argument 'cmake_target_skip_unavailable' from command line to 'False'
[0.986s] Level 5:colcon.colcon_core.verb:set package 'ebot_docking' build argument 'cmake_clean_cache' from command line to 'False'
[0.986s] Level 5:colcon.colcon_core.verb:set package 'ebot_docking' build argument 'cmake_clean_first' from command line to 'False'
[0.986s] Level 5:colcon.colcon_core.verb:set package 'ebot_docking' build argument 'cmake_force_configure' from command line to 'False'
[0.986s] Level 5:colcon.colcon_core.verb:set package 'ebot_docking' build argument 'ament_cmake_args' from command line to 'None'
[0.986s] Level 5:colcon.colcon_core.verb:set package 'ebot_docking' build argument 'catkin_cmake_args' from command line to 'None'
[0.986s] Level 5:colcon.colcon_core.verb:set package 'ebot_docking' build argument 'catkin_skip_building_tests' from command line to 'False'
[0.986s] DEBUG:colcon.colcon_core.verb:Building package 'ebot_docking' with the following arguments: {'ament_cmake_args': None, 'build_base': '/home/eyantra/LB24/Student/1048/build/ebot_docking', 'catkin_cmake_args': None, 'catkin_skip_building_tests': False, 'cmake_args': None, 'cmake_clean_cache': False, 'cmake_clean_first': False, 'cmake_force_configure': False, 'cmake_target': None, 'cmake_target_skip_unavailable': False, 'install_base': '/home/eyantra/LB24/Student/1048/install/ebot_docking', 'merge_install': False, 'path': '/home/eyantra/LB24/Student/1048/src/ebot_docking', 'symlink_install': False, 'test_result_base': None}
[0.987s] Level 5:colcon.colcon_core.verb:set package 'ebot_nav2' build argument 'cmake_args' from command line to 'None'
[0.987s] Level 5:colcon.colcon_core.verb:set package 'ebot_nav2' build argument 'cmake_target' from command line to 'None'
[0.987s] Level 5:colcon.colcon_core.verb:set package 'ebot_nav2' build argument 'cmake_target_skip_unavailable' from command line to 'False'
[0.987s] Level 5:colcon.colcon_core.verb:set package 'ebot_nav2' build argument 'cmake_clean_cache' from command line to 'False'
[0.987s] Level 5:colcon.colcon_core.verb:set package 'ebot_nav2' build argument 'cmake_clean_first' from command line to 'False'
[0.987s] Level 5:colcon.colcon_core.verb:set package 'ebot_nav2' build argument 'cmake_force_configure' from command line to 'False'
[0.987s] Level 5:colcon.colcon_core.verb:set package 'ebot_nav2' build argument 'ament_cmake_args' from command line to 'None'
[0.987s] Level 5:colcon.colcon_core.verb:set package 'ebot_nav2' build argument 'catkin_cmake_args' from command line to 'None'
[0.987s] Level 5:colcon.colcon_core.verb:set package 'ebot_nav2' build argument 'catkin_skip_building_tests' from command line to 'False'
[0.988s] DEBUG:colcon.colcon_core.verb:Building package 'ebot_nav2' with the following arguments: {'ament_cmake_args': None, 'build_base': '/home/eyantra/LB24/Student/1048/build/ebot_nav2', 'catkin_cmake_args': None, 'catkin_skip_building_tests': False, 'cmake_args': None, 'cmake_clean_cache': False, 'cmake_clean_first': False, 'cmake_force_configure': False, 'cmake_target': None, 'cmake_target_skip_unavailable': False, 'install_base': '/home/eyantra/LB24/Student/1048/install/ebot_nav2', 'merge_install': False, 'path': '/home/eyantra/LB24/Student/1048/src/ebot_nav2', 'symlink_install': False, 'test_result_base': None}
[0.988s] Level 5:colcon.colcon_core.verb:set package 'ff' build argument 'cmake_args' from command line to 'None'
[0.988s] Level 5:colcon.colcon_core.verb:set package 'ff' build argument 'cmake_target' from command line to 'None'
[0.988s] Level 5:colcon.colcon_core.verb:set package 'ff' build argument 'cmake_target_skip_unavailable' from command line to 'False'
[0.988s] Level 5:colcon.colcon_core.verb:set package 'ff' build argument 'cmake_clean_cache' from command line to 'False'
[0.988s] Level 5:colcon.colcon_core.verb:set package 'ff' build argument 'cmake_clean_first' from command line to 'False'
[0.988s] Level 5:colcon.colcon_core.verb:set package 'ff' build argument 'cmake_force_configure' from command line to 'False'
[0.988s] Level 5:colcon.colcon_core.verb:set package 'ff' build argument 'ament_cmake_args' from command line to 'None'
[0.988s] Level 5:colcon.colcon_core.verb:set package 'ff' build argument 'catkin_cmake_args' from command line to 'None'
[0.988s] Level 5:colcon.colcon_core.verb:set package 'ff' build argument 'catkin_skip_building_tests' from command line to 'False'
[0.989s] DEBUG:colcon.colcon_core.verb:Building package 'ff' with the following arguments: {'ament_cmake_args': None, 'build_base': '/home/eyantra/LB24/Student/1048/build/ff', 'catkin_cmake_args': None, 'catkin_skip_building_tests': False, 'cmake_args': None, 'cmake_clean_cache': False, 'cmake_clean_first': False, 'cmake_force_configure': False, 'cmake_target': None, 'cmake_target_skip_unavailable': False, 'install_base': '/home/eyantra/LB24/Student/1048/install/ff', 'merge_install': False, 'path': '/home/eyantra/LB24/Student/1048/src/ff', 'symlink_install': False, 'test_result_base': None}
[0.989s] Level 5:colcon.colcon_core.verb:set package 'jk' build argument 'cmake_args' from command line to 'None'
[0.989s] Level 5:colcon.colcon_core.verb:set package 'jk' build argument 'cmake_target' from command line to 'None'
[0.989s] Level 5:colcon.colcon_core.verb:set package 'jk' build argument 'cmake_target_skip_unavailable' from command line to 'False'
[0.989s] Level 5:colcon.colcon_core.verb:set package 'jk' build argument 'cmake_clean_cache' from command line to 'False'
[0.989s] Level 5:colcon.colcon_core.verb:set package 'jk' build argument 'cmake_clean_first' from command line to 'False'
[0.990s] Level 5:colcon.colcon_core.verb:set package 'jk' build argument 'cmake_force_configure' from command line to 'False'
[0.990s] Level 5:colcon.colcon_core.verb:set package 'jk' build argument 'ament_cmake_args' from command line to 'None'
[0.990s] Level 5:colcon.colcon_core.verb:set package 'jk' build argument 'catkin_cmake_args' from command line to 'None'
[0.990s] Level 5:colcon.colcon_core.verb:set package 'jk' build argument 'catkin_skip_building_tests' from command line to 'False'
[0.990s] DEBUG:colcon.colcon_core.verb:Building package 'jk' with the following arguments: {'ament_cmake_args': None, 'build_base': '/home/eyantra/LB24/Student/1048/build/jk', 'catkin_cmake_args': None, 'catkin_skip_building_tests': False, 'cmake_args': None, 'cmake_clean_cache': False, 'cmake_clean_first': False, 'cmake_force_configure': False, 'cmake_target': None, 'cmake_target_skip_unavailable': False, 'install_base': '/home/eyantra/LB24/Student/1048/install/jk', 'merge_install': False, 'path': '/home/eyantra/LB24/Student/1048/src/jk', 'symlink_install': False, 'test_result_base': None}
[0.990s] Level 5:colcon.colcon_core.verb:set package 'pymoveit2' build argument 'cmake_args' from command line to 'None'
[0.991s] Level 5:colcon.colcon_core.verb:set package 'pymoveit2' build argument 'cmake_target' from command line to 'None'
[0.991s] Level 5:colcon.colcon_core.verb:set package 'pymoveit2' build argument 'cmake_target_skip_unavailable' from command line to 'False'
[0.991s] Level 5:colcon.colcon_core.verb:set package 'pymoveit2' build argument 'cmake_clean_cache' from command line to 'False'
[0.991s] Level 5:colcon.colcon_core.verb:set package 'pymoveit2' build argument 'cmake_clean_first' from command line to 'False'
[0.991s] Level 5:colcon.colcon_core.verb:set package 'pymoveit2' build argument 'cmake_force_configure' from command line to 'False'
[0.992s] Level 5:colcon.colcon_core.verb:set package 'pymoveit2' build argument 'ament_cmake_args' from command line to 'None'
[0.992s] Level 5:colcon.colcon_core.verb:set package 'pymoveit2' build argument 'catkin_cmake_args' from command line to 'None'
[0.992s] Level 5:colcon.colcon_core.verb:set package 'pymoveit2' build argument 'catkin_skip_building_tests' from command line to 'False'
[0.992s] DEBUG:colcon.colcon_core.verb:Building package 'pymoveit2' with the following arguments: {'ament_cmake_args': None, 'build_base': '/home/eyantra/LB24/Student/1048/build/pymoveit2', 'catkin_cmake_args': None, 'catkin_skip_building_tests': False, 'cmake_args': None, 'cmake_clean_cache': False, 'cmake_clean_first': False, 'cmake_force_configure': False, 'cmake_target': None, 'cmake_target_skip_unavailable': False, 'install_base': '/home/eyantra/LB24/Student/1048/install/pymoveit2', 'merge_install': False, 'path': '/home/eyantra/LB24/Student/1048/src/pymoveit2', 'symlink_install': False, 'test_result_base': None}
[0.992s] Level 5:colcon.colcon_core.verb:set package 'ur_moveit_config' build argument 'cmake_args' from command line to 'None'
[0.995s] Level 5:colcon.colcon_core.verb:set package 'ur_moveit_config' build argument 'cmake_target' from command line to 'None'
[0.996s] Level 5:colcon.colcon_core.verb:set package 'ur_moveit_config' build argument 'cmake_target_skip_unavailable' from command line to 'False'
[1.002s] Level 5:colcon.colcon_core.verb:set package 'ur_moveit_config' build argument 'cmake_clean_cache' from command line to 'False'
[1.002s] Level 5:colcon.colcon_core.verb:set package 'ur_moveit_config' build argument 'cmake_clean_first' from command line to 'False'
[1.002s] Level 5:colcon.colcon_core.verb:set package 'ur_moveit_config' build argument 'cmake_force_configure' from command line to 'False'
[1.002s] Level 5:colcon.colcon_core.verb:set package 'ur_moveit_config' build argument 'ament_cmake_args' from command line to 'None'
[1.002s] Level 5:colcon.colcon_core.verb:set package 'ur_moveit_config' build argument 'catkin_cmake_args' from command line to 'None'
[1.002s] Level 5:colcon.colcon_core.verb:set package 'ur_moveit_config' build argument 'catkin_skip_building_tests' from command line to 'False'
[1.002s] DEBUG:colcon.colcon_core.verb:Building package 'ur_moveit_config' with the following arguments: {'ament_cmake_args': None, 'build_base': '/home/eyantra/LB24/Student/1048/build/ur_moveit_config', 'catkin_cmake_args': None, 'catkin_skip_building_tests': False, 'cmake_args': None, 'cmake_clean_cache': False, 'cmake_clean_first': False, 'cmake_force_configure': False, 'cmake_target': None, 'cmake_target_skip_unavailable': False, 'install_base': '/home/eyantra/LB24/Student/1048/install/ur_moveit_config', 'merge_install': False, 'path': '/home/eyantra/LB24/Student/1048/src/ur_moveit_config', 'symlink_install': False, 'test_result_base': None}
[1.004s] Level 5:colcon.colcon_core.verb:set package 'usb_servo' build argument 'cmake_args' from command line to 'None'
[1.004s] Level 5:colcon.colcon_core.verb:set package 'usb_servo' build argument 'cmake_target' from command line to 'None'
[1.004s] Level 5:colcon.colcon_core.verb:set package 'usb_servo' build argument 'cmake_target_skip_unavailable' from command line to 'False'
[1.004s] Level 5:colcon.colcon_core.verb:set package 'usb_servo' build argument 'cmake_clean_cache' from command line to 'False'
[1.004s] Level 5:colcon.colcon_core.verb:set package 'usb_servo' build argument 'cmake_clean_first' from command line to 'False'
[1.004s] Level 5:colcon.colcon_core.verb:set package 'usb_servo' build argument 'cmake_force_configure' from command line to 'False'
[1.004s] Level 5:colcon.colcon_core.verb:set package 'usb_servo' build argument 'ament_cmake_args' from command line to 'None'
[1.004s] Level 5:colcon.colcon_core.verb:set package 'usb_servo' build argument 'catkin_cmake_args' from command line to 'None'
[1.004s] Level 5:colcon.colcon_core.verb:set package 'usb_servo' build argument 'catkin_skip_building_tests' from command line to 'False'
[1.004s] DEBUG:colcon.colcon_core.verb:Building package 'usb_servo' with the following arguments: {'ament_cmake_args': None, 'build_base': '/home/eyantra/LB24/Student/1048/build/usb_servo', 'catkin_cmake_args': None, 'catkin_skip_building_tests': False, 'cmake_args': None, 'cmake_clean_cache': False, 'cmake_clean_first': False, 'cmake_force_configure': False, 'cmake_target': None, 'cmake_target_skip_unavailable': False, 'install_base': '/home/eyantra/LB24/Student/1048/install/usb_servo', 'merge_install': False, 'path': '/home/eyantra/LB24/Student/1048/src/usb_servo', 'symlink_install': False, 'test_result_base': None}
[1.005s] Level 5:colcon.colcon_core.verb:set package 'fin' build argument 'cmake_args' from command line to 'None'
[1.005s] Level 5:colcon.colcon_core.verb:set package 'fin' build argument 'cmake_target' from command line to 'None'
[1.005s] Level 5:colcon.colcon_core.verb:set package 'fin' build argument 'cmake_target_skip_unavailable' from command line to 'False'
[1.005s] Level 5:colcon.colcon_core.verb:set package 'fin' build argument 'cmake_clean_cache' from command line to 'False'
[1.005s] Level 5:colcon.colcon_core.verb:set package 'fin' build argument 'cmake_clean_first' from command line to 'False'
[1.005s] Level 5:colcon.colcon_core.verb:set package 'fin' build argument 'cmake_force_configure' from command line to 'False'
[1.005s] Level 5:colcon.colcon_core.verb:set package 'fin' build argument 'ament_cmake_args' from command line to 'None'
[1.005s] Level 5:colcon.colcon_core.verb:set package 'fin' build argument 'catkin_cmake_args' from command line to 'None'
[1.005s] Level 5:colcon.colcon_core.verb:set package 'fin' build argument 'catkin_skip_building_tests' from command line to 'False'
[1.005s] DEBUG:colcon.colcon_core.verb:Building package 'fin' with the following arguments: {'ament_cmake_args': None, 'build_base': '/home/eyantra/LB24/Student/1048/build/fin', 'catkin_cmake_args': None, 'catkin_skip_building_tests': False, 'cmake_args': None, 'cmake_clean_cache': False, 'cmake_clean_first': False, 'cmake_force_configure': False, 'cmake_target': None, 'cmake_target_skip_unavailable': False, 'install_base': '/home/eyantra/LB24/Student/1048/install/fin', 'merge_install': False, 'path': '/home/eyantra/LB24/Student/1048/src/fin', 'symlink_install': False, 'test_result_base': None}
[1.008s] INFO:colcon.colcon_core.executor:Executing jobs using 'parallel' executor
[1.011s] DEBUG:colcon.colcon_parallel_executor.executor.parallel:run_until_complete
[1.012s] INFO:colcon.colcon_ros.task.ament_cmake.build:Building ROS package in '/home/eyantra/LB24/Student/1048/src/ebot_docking' with build type 'ament_cmake'
[1.012s] INFO:colcon.colcon_cmake.task.cmake.build:Building CMake package in '/home/eyantra/LB24/Student/1048/src/ebot_docking'
[1.018s] INFO:colcon.colcon_core.plugin_system:Skipping extension 'colcon_core.shell.bat': Not used on non-Windows systems
[1.019s] INFO:colcon.colcon_core.shell:Skip shell extension 'powershell' for command environment: Not usable outside of PowerShell
[1.019s] DEBUG:colcon.colcon_core.shell:Skip shell extension 'dsv' for command environment
[1.027s] INFO:colcon.colcon_ros.task.ament_cmake.build:Building ROS package in '/home/eyantra/LB24/Student/1048/src/usb_servo' with build type 'ament_cmake'
[1.028s] INFO:colcon.colcon_cmake.task.cmake.build:Building CMake package in '/home/eyantra/LB24/Student/1048/src/usb_servo'
[1.029s] INFO:colcon.colcon_core.shell:Skip shell extension 'powershell' for command environment: Not usable outside of PowerShell
[1.029s] DEBUG:colcon.colcon_core.shell:Skip shell extension 'dsv' for command environment
[1.039s] INFO:colcon.colcon_ros.task.ament_cmake.build:Building ROS package in '/home/eyantra/LB24/Student/1048/src/ebot_nav2' with build type 'ament_cmake'
[1.039s] INFO:colcon.colcon_cmake.task.cmake.build:Building CMake package in '/home/eyantra/LB24/Student/1048/src/ebot_nav2'
[1.040s] INFO:colcon.colcon_core.shell:Skip shell extension 'powershell' for command environment: Not usable outside of PowerShell
[1.040s] DEBUG:colcon.colcon_core.shell:Skip shell extension 'dsv' for command environment
[1.050s] INFO:colcon.colcon_ros.task.ament_python.build:Building ROS package in '/home/eyantra/LB24/Student/1048/src/ff' with build type 'ament_python'
[1.051s] Level 1:colcon.colcon_core.shell:create_environment_hook('ff', 'ament_prefix_path')
[1.052s] INFO:colcon.colcon_core.shell:Creating environment hook '/home/eyantra/LB24/Student/1048/install/ff/share/ff/hook/ament_prefix_path.ps1'
[1.058s] INFO:colcon.colcon_core.shell:Creating environment descriptor '/home/eyantra/LB24/Student/1048/install/ff/share/ff/hook/ament_prefix_path.dsv'
[1.060s] INFO:colcon.colcon_core.shell:Creating environment hook '/home/eyantra/LB24/Student/1048/install/ff/share/ff/hook/ament_prefix_path.sh'
[1.062s] INFO:colcon.colcon_core.shell:Skip shell extension 'powershell' for command environment: Not usable outside of PowerShell
[1.068s] DEBUG:colcon.colcon_core.shell:Skip shell extension 'dsv' for command environment
[1.087s] INFO:colcon.colcon_ros.task.ament_python.build:Building ROS package in '/home/eyantra/LB24/Student/1048/src/jk' with build type 'ament_python'
[1.088s] Level 1:colcon.colcon_core.shell:create_environment_hook('jk', 'ament_prefix_path')
[1.089s] INFO:colcon.colcon_core.shell:Creating environment hook '/home/eyantra/LB24/Student/1048/install/jk/share/jk/hook/ament_prefix_path.ps1'
[1.091s] INFO:colcon.colcon_core.shell:Creating environment descriptor '/home/eyantra/LB24/Student/1048/install/jk/share/jk/hook/ament_prefix_path.dsv'
[1.092s] INFO:colcon.colcon_core.shell:Creating environment hook '/home/eyantra/LB24/Student/1048/install/jk/share/jk/hook/ament_prefix_path.sh'
[1.095s] INFO:colcon.colcon_core.shell:Skip shell extension 'powershell' for command environment: Not usable outside of PowerShell
[1.095s] DEBUG:colcon.colcon_core.shell:Skip shell extension 'dsv' for command environment
[1.103s] INFO:colcon.colcon_ros.task.ament_cmake.build:Building ROS package in '/home/eyantra/LB24/Student/1048/src/pymoveit2' with build type 'ament_cmake'
[1.103s] INFO:colcon.colcon_cmake.task.cmake.build:Building CMake package in '/home/eyantra/LB24/Student/1048/src/pymoveit2'
[1.104s] INFO:colcon.colcon_core.shell:Skip shell extension 'powershell' for command environment: Not usable outside of PowerShell
[1.106s] DEBUG:colcon.colcon_core.shell:Skip shell extension 'dsv' for command environment
[1.126s] INFO:colcon.colcon_ros.task.ament_cmake.build:Building ROS package in '/home/eyantra/LB24/Student/1048/src/ur_moveit_config' with build type 'ament_cmake'
[1.128s] INFO:colcon.colcon_cmake.task.cmake.build:Building CMake package in '/home/eyantra/LB24/Student/1048/src/ur_moveit_config'
[1.129s] INFO:colcon.colcon_core.shell:Skip shell extension 'powershell' for command environment: Not usable outside of PowerShell
[1.129s] DEBUG:colcon.colcon_core.shell:Skip shell extension 'dsv' for command environment
[1.162s] DEBUG:colcon.colcon_core.event_handler.log_command:Invoking command in '/home/eyantra/LB24/Student/1048/build/ebot_docking': CMAKE_PREFIX_PATH=/opt/ros/humble /usr/bin/cmake --build /home/eyantra/LB24/Student/1048/build/ebot_docking -- -j8 -l8
[1.187s] DEBUG:colcon.colcon_core.event_handler.log_command:Invoking command in '/home/eyantra/LB24/Student/1048/build/usb_servo': CMAKE_PREFIX_PATH=/opt/ros/humble /usr/bin/cmake --build /home/eyantra/LB24/Student/1048/build/usb_servo -- -j8 -l8
[1.214s] DEBUG:colcon.colcon_core.event_handler.log_command:Invoking command in '/home/eyantra/LB24/Student/1048/build/ebot_nav2': CMAKE_PREFIX_PATH=/opt/ros/humble /usr/bin/cmake --build /home/eyantra/LB24/Student/1048/build/ebot_nav2 -- -j8 -l8
[2.152s] INFO:colcon.colcon_core.task.python.build:Building Python package in '/home/eyantra/LB24/Student/1048/src/ff'
[2.155s] INFO:colcon.colcon_core.shell:Skip shell extension 'powershell' for command environment: Not usable outside of PowerShell
[2.156s] DEBUG:colcon.colcon_core.shell:Skip shell extension 'dsv' for command environment
[2.993s] INFO:colcon.colcon_core.task.python.build:Building Python package in '/home/eyantra/LB24/Student/1048/src/jk'
[2.994s] INFO:colcon.colcon_core.shell:Skip shell extension 'powershell' for command environment: Not usable outside of PowerShell
[2.994s] DEBUG:colcon.colcon_core.shell:Skip shell extension 'dsv' for command environment
[3.012s] DEBUG:colcon.colcon_core.event_handler.log_command:Invoking command in '/home/eyantra/LB24/Student/1048/build/pymoveit2': CMAKE_PREFIX_PATH=/opt/ros/humble /usr/bin/cmake --build /home/eyantra/LB24/Student/1048/build/pymoveit2 -- -j8 -l8
[3.027s] DEBUG:colcon.colcon_core.event_handler.log_command:Invoking command in '/home/eyantra/LB24/Student/1048/build/ur_moveit_config': CMAKE_PREFIX_PATH=/opt/ros/humble /usr/bin/cmake --build /home/eyantra/LB24/Student/1048/build/ur_moveit_config -- -j8 -l8
[3.128s] DEBUG:colcon.colcon_core.event_handler.log_command:Invoked command in '/home/eyantra/LB24/Student/1048/build/ebot_nav2' returned '0': CMAKE_PREFIX_PATH=/opt/ros/humble /usr/bin/cmake --build /home/eyantra/LB24/Student/1048/build/ebot_nav2 -- -j8 -l8
[3.192s] DEBUG:colcon.colcon_core.event_handler.log_command:Invoking command in '/home/eyantra/LB24/Student/1048/build/ebot_nav2': CMAKE_PREFIX_PATH=/opt/ros/humble /usr/bin/cmake --install /home/eyantra/LB24/Student/1048/build/ebot_nav2
[3.200s] DEBUG:colcon.colcon_core.event_handler.log_command:Invoked command in '/home/eyantra/LB24/Student/1048/build/usb_servo' returned '0': CMAKE_PREFIX_PATH=/opt/ros/humble /usr/bin/cmake --build /home/eyantra/LB24/Student/1048/build/usb_servo -- -j8 -l8
[3.213s] DEBUG:colcon.colcon_core.event_handler.log_command:Invoking command in '/home/eyantra/LB24/Student/1048/build/usb_servo': CMAKE_PREFIX_PATH=/opt/ros/humble /usr/bin/cmake --install /home/eyantra/LB24/Student/1048/build/usb_servo
[3.247s] Level 1:colcon.colcon_core.environment:create_environment_scripts_only(ebot_nav2)
[3.273s] Level 1:colcon.colcon_core.environment:checking '/home/eyantra/LB24/Student/1048/install/ebot_nav2' for CMake module files
[3.292s] Level 1:colcon.colcon_core.environment:checking '/home/eyantra/LB24/Student/1048/install/ebot_nav2' for CMake config files
[3.293s] Level 1:colcon.colcon_core.shell:create_environment_hook('ebot_nav2', 'cmake_prefix_path')
[3.298s] INFO:colcon.colcon_core.shell:Creating environment hook '/home/eyantra/LB24/Student/1048/install/ebot_nav2/share/ebot_nav2/hook/cmake_prefix_path.ps1'
[3.301s] INFO:colcon.colcon_core.shell:Creating environment descriptor '/home/eyantra/LB24/Student/1048/install/ebot_nav2/share/ebot_nav2/hook/cmake_prefix_path.dsv'
[3.306s] INFO:colcon.colcon_core.shell:Creating environment hook '/home/eyantra/LB24/Student/1048/install/ebot_nav2/share/ebot_nav2/hook/cmake_prefix_path.sh'
[3.311s] Level 1:colcon.colcon_core.environment:checking '/home/eyantra/LB24/Student/1048/install/ebot_nav2/lib'
[3.311s] Level 1:colcon.colcon_core.environment:checking '/home/eyantra/LB24/Student/1048/install/ebot_nav2/bin'
[3.311s] Level 1:colcon.colcon_core.environment:checking '/home/eyantra/LB24/Student/1048/install/ebot_nav2/lib/pkgconfig/ebot_nav2.pc'
[3.315s] Level 1:colcon.colcon_core.environment:checking '/home/eyantra/LB24/Student/1048/install/ebot_nav2/lib/python3.10/site-packages'
[3.319s] Level 1:colcon.colcon_core.environment:checking '/home/eyantra/LB24/Student/1048/install/ebot_nav2/bin'
[3.322s] INFO:colcon.colcon_core.shell:Creating package script '/home/eyantra/LB24/Student/1048/install/ebot_nav2/share/ebot_nav2/package.ps1'
[3.332s] INFO:colcon.colcon_core.shell:Creating package descriptor '/home/eyantra/LB24/Student/1048/install/ebot_nav2/share/ebot_nav2/package.dsv'
[3.336s] INFO:colcon.colcon_core.shell:Creating package script '/home/eyantra/LB24/Student/1048/install/ebot_nav2/share/ebot_nav2/package.sh'
[3.337s] DEBUG:colcon.colcon_core.event_handler.log_command:Invoked command in '/home/eyantra/LB24/Student/1048/build/ur_moveit_config' returned '0': CMAKE_PREFIX_PATH=/opt/ros/humble /usr/bin/cmake --build /home/eyantra/LB24/Student/1048/build/ur_moveit_config -- -j8 -l8
[3.342s] INFO:colcon.colcon_core.shell:Creating package script '/home/eyantra/LB24/Student/1048/install/ebot_nav2/share/ebot_nav2/package.bash'
[3.343s] DEBUG:colcon.colcon_core.event_handler.log_command:Invoking command in '/home/eyantra/LB24/Student/1048/build/ur_moveit_config': CMAKE_PREFIX_PATH=/opt/ros/humble /usr/bin/cmake --install /home/eyantra/LB24/Student/1048/build/ur_moveit_config
[3.349s] DEBUG:colcon.colcon_core.event_handler.log_command:Invoked command in '/home/eyantra/LB24/Student/1048/build/ebot_nav2' returned '0': CMAKE_PREFIX_PATH=/opt/ros/humble /usr/bin/cmake --install /home/eyantra/LB24/Student/1048/build/ebot_nav2
[3.358s] INFO:colcon.colcon_core.shell:Creating package script '/home/eyantra/LB24/Student/1048/install/ebot_nav2/share/ebot_nav2/package.zsh'
[3.363s] Level 1:colcon.colcon_core.environment:create_file_with_runtime_dependencies(/home/eyantra/LB24/Student/1048/install/ebot_nav2/share/colcon-core/packages/ebot_nav2)
[3.388s] Level 1:colcon.colcon_core.environment:create_environment_scripts_only(ebot_nav2)
[3.388s] Level 1:colcon.colcon_core.environment:checking '/home/eyantra/LB24/Student/1048/install/ebot_nav2' for CMake module files
[3.389s] Level 1:colcon.colcon_core.environment:checking '/home/eyantra/LB24/Student/1048/install/ebot_nav2' for CMake config files
[3.390s] Level 1:colcon.colcon_core.shell:create_environment_hook('ebot_nav2', 'cmake_prefix_path')
[3.395s] INFO:colcon.colcon_core.shell:Creating environment hook '/home/eyantra/LB24/Student/1048/install/ebot_nav2/share/ebot_nav2/hook/cmake_prefix_path.ps1'
[3.396s] INFO:colcon.colcon_core.shell:Creating environment descriptor '/home/eyantra/LB24/Student/1048/install/ebot_nav2/share/ebot_nav2/hook/cmake_prefix_path.dsv'
[3.397s] INFO:colcon.colcon_core.shell:Creating environment hook '/home/eyantra/LB24/Student/1048/install/ebot_nav2/share/ebot_nav2/hook/cmake_prefix_path.sh'
[3.398s] Level 1:colcon.colcon_core.environment:checking '/home/eyantra/LB24/Student/1048/install/ebot_nav2/lib'
[3.398s] Level 1:colcon.colcon_core.environment:checking '/home/eyantra/LB24/Student/1048/install/ebot_nav2/bin'
[3.398s] Level 1:colcon.colcon_core.environment:checking '/home/eyantra/LB24/Student/1048/install/ebot_nav2/lib/pkgconfig/ebot_nav2.pc'
[3.401s] Level 1:colcon.colcon_core.environment:checking '/home/eyantra/LB24/Student/1048/install/ebot_nav2/lib/python3.10/site-packages'
[3.401s] Level 1:colcon.colcon_core.environment:checking '/home/eyantra/LB24/Student/1048/install/ebot_nav2/bin'
[3.405s] INFO:colcon.colcon_core.shell:Creating package script '/home/eyantra/LB24/Student/1048/install/ebot_nav2/share/ebot_nav2/package.ps1'
[3.407s] INFO:colcon.colcon_core.shell:Creating package descriptor '/home/eyantra/LB24/Student/1048/install/ebot_nav2/share/ebot_nav2/package.dsv'
[3.408s] INFO:colcon.colcon_core.shell:Creating package script '/home/eyantra/LB24/Student/1048/install/ebot_nav2/share/ebot_nav2/package.sh'
[3.410s] INFO:colcon.colcon_core.shell:Creating package script '/home/eyantra/LB24/Student/1048/install/ebot_nav2/share/ebot_nav2/package.bash'
[3.412s] INFO:colcon.colcon_core.shell:Creating package script '/home/eyantra/LB24/Student/1048/install/ebot_nav2/share/ebot_nav2/package.zsh'
[3.412s] Level 1:colcon.colcon_core.environment:create_file_with_runtime_dependencies(/home/eyantra/LB24/Student/1048/install/ebot_nav2/share/colcon-core/packages/ebot_nav2)
[3.418s] Level 1:colcon.colcon_core.environment:create_environment_scripts_only(ur_moveit_config)
[3.419s] Level 1:colcon.colcon_core.environment:checking '/home/eyantra/LB24/Student/1048/install/ur_moveit_config' for CMake module files
[3.421s] Level 1:colcon.colcon_core.environment:checking '/home/eyantra/LB24/Student/1048/install/ur_moveit_config' for CMake config files
[3.422s] Level 1:colcon.colcon_core.shell:create_environment_hook('ur_moveit_config', 'cmake_prefix_path')
[3.423s] INFO:colcon.colcon_core.shell:Creating environment hook '/home/eyantra/LB24/Student/1048/install/ur_moveit_config/share/ur_moveit_config/hook/cmake_prefix_path.ps1'
[3.425s] INFO:colcon.colcon_core.shell:Creating environment descriptor '/home/eyantra/LB24/Student/1048/install/ur_moveit_config/share/ur_moveit_config/hook/cmake_prefix_path.dsv'
[3.425s] INFO:colcon.colcon_core.shell:Creating environment hook '/home/eyantra/LB24/Student/1048/install/ur_moveit_config/share/ur_moveit_config/hook/cmake_prefix_path.sh'
[3.426s] Level 1:colcon.colcon_core.environment:checking '/home/eyantra/LB24/Student/1048/install/ur_moveit_config/bin'
[3.426s] Level 1:colcon.colcon_core.environment:checking '/home/eyantra/LB24/Student/1048/install/ur_moveit_config/lib/pkgconfig/ur_moveit_config.pc'
[3.427s] Level 1:colcon.colcon_core.environment:checking '/home/eyantra/LB24/Student/1048/install/ur_moveit_config/lib/python3.10/site-packages'
[3.427s] Level 1:colcon.colcon_core.environment:checking '/home/eyantra/LB24/Student/1048/install/ur_moveit_config/bin'
[3.428s] INFO:colcon.colcon_core.shell:Creating package script '/home/eyantra/LB24/Student/1048/install/ur_moveit_config/share/ur_moveit_config/package.ps1'
[3.466s] DEBUG:colcon.colcon_core.event_handler.log_command:Invoked command in '/home/eyantra/LB24/Student/1048/build/ur_moveit_config' returned '0': CMAKE_PREFIX_PATH=/opt/ros/humble /usr/bin/cmake --install /home/eyantra/LB24/Student/1048/build/ur_moveit_config
[3.468s] INFO:colcon.colcon_core.shell:Creating package descriptor '/home/eyantra/LB24/Student/1048/install/ur_moveit_config/share/ur_moveit_config/package.dsv'
[3.469s] INFO:colcon.colcon_core.shell:Creating package script '/home/eyantra/LB24/Student/1048/install/ur_moveit_config/share/ur_moveit_config/package.sh'
[3.470s] INFO:colcon.colcon_core.shell:Creating package script '/home/eyantra/LB24/Student/1048/install/ur_moveit_config/share/ur_moveit_config/package.bash'
[3.475s] INFO:colcon.colcon_core.shell:Creating package script '/home/eyantra/LB24/Student/1048/install/ur_moveit_config/share/ur_moveit_config/package.zsh'
[3.476s] Level 1:colcon.colcon_core.environment:create_file_with_runtime_dependencies(/home/eyantra/LB24/Student/1048/install/ur_moveit_config/share/colcon-core/packages/ur_moveit_config)
[3.477s] Level 1:colcon.colcon_core.environment:create_environment_scripts_only(ur_moveit_config)
[3.478s] Level 1:colcon.colcon_core.environment:checking '/home/eyantra/LB24/Student/1048/install/ur_moveit_config' for CMake module files
[3.479s] Level 1:colcon.colcon_core.environment:checking '/home/eyantra/LB24/Student/1048/install/ur_moveit_config' for CMake config files
[3.480s] Level 1:colcon.colcon_core.shell:create_environment_hook('ur_moveit_config', 'cmake_prefix_path')
[3.480s] INFO:colcon.colcon_core.shell:Creating environment hook '/home/eyantra/LB24/Student/1048/install/ur_moveit_config/share/ur_moveit_config/hook/cmake_prefix_path.ps1'
[3.482s] INFO:colcon.colcon_core.shell:Creating environment descriptor '/home/eyantra/LB24/Student/1048/install/ur_moveit_config/share/ur_moveit_config/hook/cmake_prefix_path.dsv'
[3.483s] INFO:colcon.colcon_core.shell:Creating environment hook '/home/eyantra/LB24/Student/1048/install/ur_moveit_config/share/ur_moveit_config/hook/cmake_prefix_path.sh'
[3.485s] Level 1:colcon.colcon_core.environment:checking '/home/eyantra/LB24/Student/1048/install/ur_moveit_config/bin'
[3.485s] Level 1:colcon.colcon_core.environment:checking '/home/eyantra/LB24/Student/1048/install/ur_moveit_config/lib/pkgconfig/ur_moveit_config.pc'
[3.485s] Level 1:colcon.colcon_core.environment:checking '/home/eyantra/LB24/Student/1048/install/ur_moveit_config/lib/python3.10/site-packages'
[3.486s] Level 1:colcon.colcon_core.environment:checking '/home/eyantra/LB24/Student/1048/install/ur_moveit_config/bin'
[3.487s] INFO:colcon.colcon_core.shell:Creating package script '/home/eyantra/LB24/Student/1048/install/ur_moveit_config/share/ur_moveit_config/package.ps1'
[3.488s] INFO:colcon.colcon_core.shell:Creating package descriptor '/home/eyantra/LB24/Student/1048/install/ur_moveit_config/share/ur_moveit_config/package.dsv'
[3.490s] INFO:colcon.colcon_core.shell:Creating package script '/home/eyantra/LB24/Student/1048/install/ur_moveit_config/share/ur_moveit_config/package.sh'
[3.491s] INFO:colcon.colcon_core.shell:Creating package script '/home/eyantra/LB24/Student/1048/install/ur_moveit_config/share/ur_moveit_config/package.bash'
[3.492s] INFO:colcon.colcon_core.shell:Creating package script '/home/eyantra/LB24/Student/1048/install/ur_moveit_config/share/ur_moveit_config/package.zsh'
[3.493s] Level 1:colcon.colcon_core.environment:create_file_with_runtime_dependencies(/home/eyantra/LB24/Student/1048/install/ur_moveit_config/share/colcon-core/packages/ur_moveit_config)
[3.494s] Level 1:colcon.colcon_core.environment:create_environment_scripts_only(usb_servo)
[3.494s] Level 1:colcon.colcon_core.environment:checking '/home/eyantra/LB24/Student/1048/install/usb_servo' for CMake module files
[3.496s] Level 1:colcon.colcon_core.environment:checking '/home/eyantra/LB24/Student/1048/install/usb_servo' for CMake config files
[3.497s] Level 1:colcon.colcon_core.shell:create_environment_hook('usb_servo', 'cmake_prefix_path')
[3.500s] INFO:colcon.colcon_core.shell:Creating environment hook '/home/eyantra/LB24/Student/1048/install/usb_servo/share/usb_servo/hook/cmake_prefix_path.ps1'
[3.504s] INFO:colcon.colcon_core.shell:Creating environment descriptor '/home/eyantra/LB24/Student/1048/install/usb_servo/share/usb_servo/hook/cmake_prefix_path.dsv'
[3.498s] DEBUG:colcon.colcon_core.event_handler.log_command:Invoked command in '/home/eyantra/LB24/Student/1048/build/usb_servo' returned '0': CMAKE_PREFIX_PATH=/opt/ros/humble /usr/bin/cmake --install /home/eyantra/LB24/Student/1048/build/usb_servo
[3.510s] INFO:colcon.colcon_core.shell:Creating environment hook '/home/eyantra/LB24/Student/1048/install/usb_servo/share/usb_servo/hook/cmake_prefix_path.sh'
[3.511s] Level 1:colcon.colcon_core.environment:checking '/home/eyantra/LB24/Student/1048/install/usb_servo/lib'
[3.512s] Level 1:colcon.colcon_core.shell:create_environment_hook('usb_servo', 'ld_library_path_lib')
[3.514s] INFO:colcon.colcon_core.shell:Creating environment hook '/home/eyantra/LB24/Student/1048/install/usb_servo/share/usb_servo/hook/ld_library_path_lib.ps1'
[3.525s] INFO:colcon.colcon_core.shell:Creating environment descriptor '/home/eyantra/LB24/Student/1048/install/usb_servo/share/usb_servo/hook/ld_library_path_lib.dsv'
[3.526s] INFO:colcon.colcon_core.shell:Creating environment hook '/home/eyantra/LB24/Student/1048/install/usb_servo/share/usb_servo/hook/ld_library_path_lib.sh'
[3.527s] Level 1:colcon.colcon_core.environment:checking '/home/eyantra/LB24/Student/1048/install/usb_servo/bin'
[3.531s] Level 1:colcon.colcon_core.environment:checking '/home/eyantra/LB24/Student/1048/install/usb_servo/lib/pkgconfig/usb_servo.pc'
[3.532s] Level 1:colcon.colcon_core.environment:checking '/home/eyantra/LB24/Student/1048/install/usb_servo/lib/python3.10/site-packages'
[3.533s] Level 1:colcon.colcon_core.environment:checking '/home/eyantra/LB24/Student/1048/install/usb_servo/bin'
[3.534s] INFO:colcon.colcon_core.shell:Creating package script '/home/eyantra/LB24/Student/1048/install/usb_servo/share/usb_servo/package.ps1'
[3.537s] INFO:colcon.colcon_core.shell:Creating package descriptor '/home/eyantra/LB24/Student/1048/install/usb_servo/share/usb_servo/package.dsv'
[3.539s] INFO:colcon.colcon_core.shell:Creating package script '/home/eyantra/LB24/Student/1048/install/usb_servo/share/usb_servo/package.sh'
[3.542s] INFO:colcon.colcon_core.shell:Creating package script '/home/eyantra/LB24/Student/1048/install/usb_servo/share/usb_servo/package.bash'
[3.543s] INFO:colcon.colcon_core.shell:Creating package script '/home/eyantra/LB24/Student/1048/install/usb_servo/share/usb_servo/package.zsh'
[3.546s] Level 1:colcon.colcon_core.environment:create_file_with_runtime_dependencies(/home/eyantra/LB24/Student/1048/install/usb_servo/share/colcon-core/packages/usb_servo)
[3.551s] Level 1:colcon.colcon_core.environment:create_environment_scripts_only(usb_servo)
[3.552s] Level 1:colcon.colcon_core.environment:checking '/home/eyantra/LB24/Student/1048/install/usb_servo' for CMake module files
[3.553s] Level 1:colcon.colcon_core.environment:checking '/home/eyantra/LB24/Student/1048/install/usb_servo' for CMake config files
[3.555s] Level 1:colcon.colcon_core.shell:create_environment_hook('usb_servo', 'cmake_prefix_path')
[3.556s] INFO:colcon.colcon_core.shell:Creating environment hook '/home/eyantra/LB24/Student/1048/install/usb_servo/share/usb_servo/hook/cmake_prefix_path.ps1'
[3.559s] INFO:colcon.colcon_core.shell:Creating environment descriptor '/home/eyantra/LB24/Student/1048/install/usb_servo/share/usb_servo/hook/cmake_prefix_path.dsv'
[3.560s] INFO:colcon.colcon_core.shell:Creating environment hook '/home/eyantra/LB24/Student/1048/install/usb_servo/share/usb_servo/hook/cmake_prefix_path.sh'
[3.562s] Level 1:colcon.colcon_core.environment:checking '/home/eyantra/LB24/Student/1048/install/usb_servo/lib'
[3.563s] Level 1:colcon.colcon_core.shell:create_environment_hook('usb_servo', 'ld_library_path_lib')
[3.564s] INFO:colcon.colcon_core.shell:Creating environment hook '/home/eyantra/LB24/Student/1048/install/usb_servo/share/usb_servo/hook/ld_library_path_lib.ps1'
[3.565s] INFO:colcon.colcon_core.shell:Creating environment descriptor '/home/eyantra/LB24/Student/1048/install/usb_servo/share/usb_servo/hook/ld_library_path_lib.dsv'
[3.566s] INFO:colcon.colcon_core.shell:Creating environment hook '/home/eyantra/LB24/Student/1048/install/usb_servo/share/usb_servo/hook/ld_library_path_lib.sh'
[3.567s] Level 1:colcon.colcon_core.environment:checking '/home/eyantra/LB24/Student/1048/install/usb_servo/bin'
[3.567s] Level 1:colcon.colcon_core.environment:checking '/home/eyantra/LB24/Student/1048/install/usb_servo/lib/pkgconfig/usb_servo.pc'
[3.568s] Level 1:colcon.colcon_core.environment:checking '/home/eyantra/LB24/Student/1048/install/usb_servo/lib/python3.10/site-packages'
[3.569s] Level 1:colcon.colcon_core.environment:checking '/home/eyantra/LB24/Student/1048/install/usb_servo/bin'
[3.570s] INFO:colcon.colcon_core.shell:Creating package script '/home/eyantra/LB24/Student/1048/install/usb_servo/share/usb_servo/package.ps1'
[3.573s] INFO:colcon.colcon_core.shell:Creating package descriptor '/home/eyantra/LB24/Student/1048/install/usb_servo/share/usb_servo/package.dsv'
[3.583s] INFO:colcon.colcon_core.shell:Creating package script '/home/eyantra/LB24/Student/1048/install/usb_servo/share/usb_servo/package.sh'
[3.597s] INFO:colcon.colcon_core.shell:Creating package script '/home/eyantra/LB24/Student/1048/install/usb_servo/share/usb_servo/package.bash'
[3.598s] INFO:colcon.colcon_core.shell:Creating package script '/home/eyantra/LB24/Student/1048/install/usb_servo/share/usb_servo/package.zsh'
[3.599s] Level 1:colcon.colcon_core.environment:create_file_with_runtime_dependencies(/home/eyantra/LB24/Student/1048/install/usb_servo/share/colcon-core/packages/usb_servo)
[3.616s] DEBUG:colcon.colcon_core.event_handler.log_command:Invoked command in '/home/eyantra/LB24/Student/1048/build/ebot_docking' returned '0': CMAKE_PREFIX_PATH=/opt/ros/humble /usr/bin/cmake --build /home/eyantra/LB24/Student/1048/build/ebot_docking -- -j8 -l8
[3.633s] DEBUG:colcon.colcon_core.event_handler.log_command:Invoking command in '/home/eyantra/LB24/Student/1048/build/ebot_docking': CMAKE_PREFIX_PATH=/opt/ros/humble /usr/bin/cmake --install /home/eyantra/LB24/Student/1048/build/ebot_docking
[3.818s] Level 1:colcon.colcon_core.environment:create_environment_scripts_only(ebot_docking)
[3.818s] Level 1:colcon.colcon_core.environment:checking '/home/eyantra/LB24/Student/1048/install/ebot_docking' for CMake module files
[3.819s] Level 1:colcon.colcon_core.environment:checking '/home/eyantra/LB24/Student/1048/install/ebot_docking' for CMake config files
[3.825s] Level 1:colcon.colcon_core.shell:create_environment_hook('ebot_docking', 'cmake_prefix_path')
[3.826s] INFO:colcon.colcon_core.shell:Creating environment hook '/home/eyantra/LB24/Student/1048/install/ebot_docking/share/ebot_docking/hook/cmake_prefix_path.ps1'
[3.828s] INFO:colcon.colcon_core.shell:Creating environment descriptor '/home/eyantra/LB24/Student/1048/install/ebot_docking/share/ebot_docking/hook/cmake_prefix_path.dsv'
[3.832s] DEBUG:colcon.colcon_core.event_handler.log_command:Invoked command in '/home/eyantra/LB24/Student/1048/build/ebot_docking' returned '0': CMAKE_PREFIX_PATH=/opt/ros/humble /usr/bin/cmake --install /home/eyantra/LB24/Student/1048/build/ebot_docking
[3.849s] INFO:colcon.colcon_core.shell:Creating environment hook '/home/eyantra/LB24/Student/1048/install/ebot_docking/share/ebot_docking/hook/cmake_prefix_path.sh'
[3.851s] Level 1:colcon.colcon_core.environment:checking '/home/eyantra/LB24/Student/1048/install/ebot_docking/lib'
[3.851s] Level 1:colcon.colcon_core.shell:create_environment_hook('ebot_docking', 'ld_library_path_lib')
[3.851s] INFO:colcon.colcon_core.shell:Creating environment hook '/home/eyantra/LB24/Student/1048/install/ebot_docking/share/ebot_docking/hook/ld_library_path_lib.ps1'
[3.852s] INFO:colcon.colcon_core.shell:Creating environment descriptor '/home/eyantra/LB24/Student/1048/install/ebot_docking/share/ebot_docking/hook/ld_library_path_lib.dsv'
[3.853s] INFO:colcon.colcon_core.shell:Creating environment hook '/home/eyantra/LB24/Student/1048/install/ebot_docking/share/ebot_docking/hook/ld_library_path_lib.sh'
[3.854s] Level 1:colcon.colcon_core.environment:checking '/home/eyantra/LB24/Student/1048/install/ebot_docking/bin'
[3.854s] Level 1:colcon.colcon_core.environment:checking '/home/eyantra/LB24/Student/1048/install/ebot_docking/lib/pkgconfig/ebot_docking.pc'
[3.854s] Level 1:colcon.colcon_core.environment:checking '/home/eyantra/LB24/Student/1048/install/ebot_docking/lib/python3.10/site-packages'
[3.855s] Level 1:colcon.colcon_core.environment:checking '/home/eyantra/LB24/Student/1048/install/ebot_docking/bin'
[3.855s] INFO:colcon.colcon_core.shell:Creating package script '/home/eyantra/LB24/Student/1048/install/ebot_docking/share/ebot_docking/package.ps1'
[3.857s] INFO:colcon.colcon_core.shell:Creating package descriptor '/home/eyantra/LB24/Student/1048/install/ebot_docking/share/ebot_docking/package.dsv'
[3.858s] INFO:colcon.colcon_core.shell:Creating package script '/home/eyantra/LB24/Student/1048/install/ebot_docking/share/ebot_docking/package.sh'
[3.859s] INFO:colcon.colcon_core.shell:Creating package script '/home/eyantra/LB24/Student/1048/install/ebot_docking/share/ebot_docking/package.bash'
[3.859s] INFO:colcon.colcon_core.shell:Creating package script '/home/eyantra/LB24/Student/1048/install/ebot_docking/share/ebot_docking/package.zsh'
[3.860s] Level 1:colcon.colcon_core.environment:create_file_with_runtime_dependencies(/home/eyantra/LB24/Student/1048/install/ebot_docking/share/colcon-core/packages/ebot_docking)
[3.861s] Level 1:colcon.colcon_core.environment:create_environment_scripts_only(ebot_docking)
[3.862s] Level 1:colcon.colcon_core.environment:checking '/home/eyantra/LB24/Student/1048/install/ebot_docking' for CMake module files
[3.863s] Level 1:colcon.colcon_core.environment:checking '/home/eyantra/LB24/Student/1048/install/ebot_docking' for CMake config files
[3.865s] Level 1:colcon.colcon_core.shell:create_environment_hook('ebot_docking', 'cmake_prefix_path')
[3.866s] INFO:colcon.colcon_core.shell:Creating environment hook '/home/eyantra/LB24/Student/1048/install/ebot_docking/share/ebot_docking/hook/cmake_prefix_path.ps1'
[3.868s] INFO:colcon.colcon_core.shell:Creating environment descriptor '/home/eyantra/LB24/Student/1048/install/ebot_docking/share/ebot_docking/hook/cmake_prefix_path.dsv'
[3.868s] INFO:colcon.colcon_core.shell:Creating environment hook '/home/eyantra/LB24/Student/1048/install/ebot_docking/share/ebot_docking/hook/cmake_prefix_path.sh'
[3.870s] Level 1:colcon.colcon_core.environment:checking '/home/eyantra/LB24/Student/1048/install/ebot_docking/lib'
[3.870s] Level 1:colcon.colcon_core.shell:create_environment_hook('ebot_docking', 'ld_library_path_lib')
[3.870s] INFO:colcon.colcon_core.shell:Creating environment hook '/home/eyantra/LB24/Student/1048/install/ebot_docking/share/ebot_docking/hook/ld_library_path_lib.ps1'
[3.871s] INFO:colcon.colcon_core.shell:Creating environment descriptor '/home/eyantra/LB24/Student/1048/install/ebot_docking/share/ebot_docking/hook/ld_library_path_lib.dsv'
[3.872s] INFO:colcon.colcon_core.shell:Creating environment hook '/home/eyantra/LB24/Student/1048/install/ebot_docking/share/ebot_docking/hook/ld_library_path_lib.sh'
[3.873s] Level 1:colcon.colcon_core.environment:checking '/home/eyantra/LB24/Student/1048/install/ebot_docking/bin'
[3.873s] Level 1:colcon.colcon_core.environment:checking '/home/eyantra/LB24/Student/1048/install/ebot_docking/lib/pkgconfig/ebot_docking.pc'
[3.873s] Level 1:colcon.colcon_core.environment:checking '/home/eyantra/LB24/Student/1048/install/ebot_docking/lib/python3.10/site-packages'
[3.874s] Level 1:colcon.colcon_core.environment:checking '/home/eyantra/LB24/Student/1048/install/ebot_docking/bin'
[3.875s] INFO:colcon.colcon_core.shell:Creating package script '/home/eyantra/LB24/Student/1048/install/ebot_docking/share/ebot_docking/package.ps1'
[3.877s] INFO:colcon.colcon_core.shell:Creating package descriptor '/home/eyantra/LB24/Student/1048/install/ebot_docking/share/ebot_docking/package.dsv'
[3.879s] INFO:colcon.colcon_core.shell:Creating package script '/home/eyantra/LB24/Student/1048/install/ebot_docking/share/ebot_docking/package.sh'
[3.880s] INFO:colcon.colcon_core.shell:Creating package script '/home/eyantra/LB24/Student/1048/install/ebot_docking/share/ebot_docking/package.bash'
[3.881s] INFO:colcon.colcon_core.shell:Creating package script '/home/eyantra/LB24/Student/1048/install/ebot_docking/share/ebot_docking/package.zsh'
[3.882s] Level 1:colcon.colcon_core.environment:create_file_with_runtime_dependencies(/home/eyantra/LB24/Student/1048/install/ebot_docking/share/colcon-core/packages/ebot_docking)
[3.883s] INFO:colcon.colcon_ros.task.ament_cmake.build:Building ROS package in '/home/eyantra/LB24/Student/1048/src/fin' with build type 'ament_cmake'
[3.884s] INFO:colcon.colcon_cmake.task.cmake.build:Building CMake package in '/home/eyantra/LB24/Student/1048/src/fin'
[3.884s] INFO:colcon.colcon_core.shell:Skip shell extension 'powershell' for command environment: Not usable outside of PowerShell
[3.884s] DEBUG:colcon.colcon_core.shell:Skip shell extension 'dsv' for command environment
[3.962s] DEBUG:colcon.colcon_core.event_handler.log_command:Invoking command in '/home/eyantra/LB24/Student/1048/build/fin': AMENT_PREFIX_PATH=/home/eyantra/LB24/Student/1048/install/usb_servo:/home/eyantra/LB24/Student/1048/install/ebot_docking:${AMENT_PREFIX_PATH} CMAKE_PREFIX_PATH=/home/eyantra/LB24/Student/1048/install/usb_servo:/home/eyantra/LB24/Student/1048/install/ebot_docking:/opt/ros/humble LD_LIBRARY_PATH=/home/eyantra/LB24/Student/1048/install/usb_servo/lib:/home/eyantra/LB24/Student/1048/install/ebot_docking/lib:${LD_LIBRARY_PATH} PYTHONPATH=/home/eyantra/LB24/Student/1048/install/usb_servo/local/lib/python3.10/dist-packages:/home/eyantra/LB24/Student/1048/install/ebot_docking/local/lib/python3.10/dist-packages:${PYTHONPATH} /usr/bin/cmake --build /home/eyantra/LB24/Student/1048/build/fin -- -j8 -l8
[4.348s] DEBUG:colcon.colcon_core.event_handler.log_command:Invoked command in '/home/eyantra/LB24/Student/1048/build/fin' returned '0': AMENT_PREFIX_PATH=/home/eyantra/LB24/Student/1048/install/usb_servo:/home/eyantra/LB24/Student/1048/install/ebot_docking:${AMENT_PREFIX_PATH} CMAKE_PREFIX_PATH=/home/eyantra/LB24/Student/1048/install/usb_servo:/home/eyantra/LB24/Student/1048/install/ebot_docking:/opt/ros/humble LD_LIBRARY_PATH=/home/eyantra/LB24/Student/1048/install/usb_servo/lib:/home/eyantra/LB24/Student/1048/install/ebot_docking/lib:${LD_LIBRARY_PATH} PYTHONPATH=/home/eyantra/LB24/Student/1048/install/usb_servo/local/lib/python3.10/dist-packages:/home/eyantra/LB24/Student/1048/install/ebot_docking/local/lib/python3.10/dist-packages:${PYTHONPATH} /usr/bin/cmake --build /home/eyantra/LB24/Student/1048/build/fin -- -j8 -l8
[4.364s] DEBUG:colcon.colcon_core.event_handler.log_command:Invoking command in '/home/eyantra/LB24/Student/1048/build/fin': AMENT_PREFIX_PATH=/home/eyantra/LB24/Student/1048/install/usb_servo:/home/eyantra/LB24/Student/1048/install/ebot_docking:${AMENT_PREFIX_PATH} CMAKE_PREFIX_PATH=/home/eyantra/LB24/Student/1048/install/usb_servo:/home/eyantra/LB24/Student/1048/install/ebot_docking:/opt/ros/humble LD_LIBRARY_PATH=/home/eyantra/LB24/Student/1048/install/usb_servo/lib:/home/eyantra/LB24/Student/1048/install/ebot_docking/lib:${LD_LIBRARY_PATH} PYTHONPATH=/home/eyantra/LB24/Student/1048/install/usb_servo/local/lib/python3.10/dist-packages:/home/eyantra/LB24/Student/1048/install/ebot_docking/local/lib/python3.10/dist-packages:${PYTHONPATH} /usr/bin/cmake --install /home/eyantra/LB24/Student/1048/build/fin
[4.404s] Level 1:colcon.colcon_core.environment:create_environment_scripts_only(fin)
[4.406s] Level 1:colcon.colcon_core.environment:checking '/home/eyantra/LB24/Student/1048/install/fin' for CMake module files
[4.410s] Level 1:colcon.colcon_core.environment:checking '/home/eyantra/LB24/Student/1048/install/fin' for CMake config files
[4.409s] DEBUG:colcon.colcon_core.event_handler.log_command:Invoked command in '/home/eyantra/LB24/Student/1048/build/fin' returned '0': AMENT_PREFIX_PATH=/home/eyantra/LB24/Student/1048/install/usb_servo:/home/eyantra/LB24/Student/1048/install/ebot_docking:${AMENT_PREFIX_PATH} CMAKE_PREFIX_PATH=/home/eyantra/LB24/Student/1048/install/usb_servo:/home/eyantra/LB24/Student/1048/install/ebot_docking:/opt/ros/humble LD_LIBRARY_PATH=/home/eyantra/LB24/Student/1048/install/usb_servo/lib:/home/eyantra/LB24/Student/1048/install/ebot_docking/lib:${LD_LIBRARY_PATH} PYTHONPATH=/home/eyantra/LB24/Student/1048/install/usb_servo/local/lib/python3.10/dist-packages:/home/eyantra/LB24/Student/1048/install/ebot_docking/local/lib/python3.10/dist-packages:${PYTHONPATH} /usr/bin/cmake --install /home/eyantra/LB24/Student/1048/build/fin
[4.411s] Level 1:colcon.colcon_core.shell:create_environment_hook('fin', 'cmake_prefix_path')
[4.412s] INFO:colcon.colcon_core.shell:Creating environment hook '/home/eyantra/LB24/Student/1048/install/fin/share/fin/hook/cmake_prefix_path.ps1'
[4.414s] INFO:colcon.colcon_core.shell:Creating environment descriptor '/home/eyantra/LB24/Student/1048/install/fin/share/fin/hook/cmake_prefix_path.dsv'
[4.416s] INFO:colcon.colcon_core.shell:Creating environment hook '/home/eyantra/LB24/Student/1048/install/fin/share/fin/hook/cmake_prefix_path.sh'
[4.417s] Level 1:colcon.colcon_core.environment:checking '/home/eyantra/LB24/Student/1048/install/fin/lib'
[4.418s] Level 1:colcon.colcon_core.environment:checking '/home/eyantra/LB24/Student/1048/install/fin/bin'
[4.418s] Level 1:colcon.colcon_core.environment:checking '/home/eyantra/LB24/Student/1048/install/fin/lib/pkgconfig/fin.pc'
[4.419s] Level 1:colcon.colcon_core.environment:checking '/home/eyantra/LB24/Student/1048/install/fin/lib/python3.10/site-packages'
[4.419s] Level 1:colcon.colcon_core.environment:checking '/home/eyantra/LB24/Student/1048/install/fin/bin'
[4.421s] INFO:colcon.colcon_core.shell:Creating package script '/home/eyantra/LB24/Student/1048/install/fin/share/fin/package.ps1'
[4.423s] INFO:colcon.colcon_core.shell:Creating package descriptor '/home/eyantra/LB24/Student/1048/install/fin/share/fin/package.dsv'
[4.424s] INFO:colcon.colcon_core.shell:Creating package script '/home/eyantra/LB24/Student/1048/install/fin/share/fin/package.sh'
[4.426s] INFO:colcon.colcon_core.shell:Creating package script '/home/eyantra/LB24/Student/1048/install/fin/share/fin/package.bash'
[4.431s] INFO:colcon.colcon_core.shell:Creating package script '/home/eyantra/LB24/Student/1048/install/fin/share/fin/package.zsh'
[4.435s] Level 1:colcon.colcon_core.environment:create_file_with_runtime_dependencies(/home/eyantra/LB24/Student/1048/install/fin/share/colcon-core/packages/fin)
[4.437s] Level 1:colcon.colcon_core.environment:create_environment_scripts_only(fin)
[4.440s] Level 1:colcon.colcon_core.environment:checking '/home/eyantra/LB24/Student/1048/install/fin' for CMake module files
[4.444s] Level 1:colcon.colcon_core.environment:checking '/home/eyantra/LB24/Student/1048/install/fin' for CMake config files
[4.444s] Level 1:colcon.colcon_core.shell:create_environment_hook('fin', 'cmake_prefix_path')
[4.448s] INFO:colcon.colcon_core.shell:Creating environment hook '/home/eyantra/LB24/Student/1048/install/fin/share/fin/hook/cmake_prefix_path.ps1'
[4.453s] INFO:colcon.colcon_core.shell:Creating environment descriptor '/home/eyantra/LB24/Student/1048/install/fin/share/fin/hook/cmake_prefix_path.dsv'
[4.457s] INFO:colcon.colcon_core.shell:Creating environment hook '/home/eyantra/LB24/Student/1048/install/fin/share/fin/hook/cmake_prefix_path.sh'
[4.461s] Level 1:colcon.colcon_core.environment:checking '/home/eyantra/LB24/Student/1048/install/fin/lib'
[4.462s] Level 1:colcon.colcon_core.environment:checking '/home/eyantra/LB24/Student/1048/install/fin/bin'
[4.463s] Level 1:colcon.colcon_core.environment:checking '/home/eyantra/LB24/Student/1048/install/fin/lib/pkgconfig/fin.pc'
[4.463s] Level 1:colcon.colcon_core.environment:checking '/home/eyantra/LB24/Student/1048/install/fin/lib/python3.10/site-packages'
[4.464s] Level 1:colcon.colcon_core.environment:checking '/home/eyantra/LB24/Student/1048/install/fin/bin'
[4.465s] INFO:colcon.colcon_core.shell:Creating package script '/home/eyantra/LB24/Student/1048/install/fin/share/fin/package.ps1'
[4.467s] INFO:colcon.colcon_core.shell:Creating package descriptor '/home/eyantra/LB24/Student/1048/install/fin/share/fin/package.dsv'
[4.469s] INFO:colcon.colcon_core.shell:Creating package script '/home/eyantra/LB24/Student/1048/install/fin/share/fin/package.sh'
[4.472s] INFO:colcon.colcon_core.shell:Creating package script '/home/eyantra/LB24/Student/1048/install/fin/share/fin/package.bash'
[4.473s] INFO:colcon.colcon_core.shell:Creating package script '/home/eyantra/LB24/Student/1048/install/fin/share/fin/package.zsh'
[4.474s] Level 1:colcon.colcon_core.environment:create_file_with_runtime_dependencies(/home/eyantra/LB24/Student/1048/install/fin/share/colcon-core/packages/fin)
[4.488s] DEBUG:colcon.colcon_core.event_handler.log_command:Invoking command in '/home/eyantra/LB24/Student/1048/src/jk': PYTHONPATH=/home/eyantra/LB24/Student/1048/build/jk/prefix_override:/usr/lib/python3/dist-packages/colcon_core/task/python/colcon_distutils_commands:/home/eyantra/LB24/Student/1048/install/jk/lib/python3.10/site-packages:${PYTHONPATH} /usr/bin/python3 -W ignore:setup.py install is deprecated -W ignore:easy_install command is deprecated setup.py egg_info --egg-base ../../build/jk build --build-base /home/eyantra/LB24/Student/1048/build/jk/build install --record /home/eyantra/LB24/Student/1048/build/jk/install.log --single-version-externally-managed install_data
[4.540s] DEBUG:colcon.colcon_core.event_handler.log_command:Invoked command in '/home/eyantra/LB24/Student/1048/build/pymoveit2' returned '0': CMAKE_PREFIX_PATH=/opt/ros/humble /usr/bin/cmake --build /home/eyantra/LB24/Student/1048/build/pymoveit2 -- -j8 -l8
[4.543s] DEBUG:colcon.colcon_core.event_handler.log_command:Invoking command in '/home/eyantra/LB24/Student/1048/build/pymoveit2': CMAKE_PREFIX_PATH=/opt/ros/humble /usr/bin/cmake --install /home/eyantra/LB24/Student/1048/build/pymoveit2
[4.651s] DEBUG:colcon.colcon_core.event_handler.log_command:Invoking command in '/home/eyantra/LB24/Student/1048/src/ff': PYTHONPATH=/home/eyantra/LB24/Student/1048/build/ff/prefix_override:/usr/lib/python3/dist-packages/colcon_core/task/python/colcon_distutils_commands:/home/eyantra/LB24/Student/1048/install/ff/lib/python3.10/site-packages:${PYTHONPATH} /usr/bin/python3 -W ignore:setup.py install is deprecated -W ignore:easy_install command is deprecated setup.py egg_info --egg-base ../../build/ff build --build-base /home/eyantra/LB24/Student/1048/build/ff/build install --record /home/eyantra/LB24/Student/1048/build/ff/install.log --single-version-externally-managed install_data
[4.803s] Level 1:colcon.colcon_core.environment:create_environment_scripts_only(pymoveit2)
[4.804s] Level 1:colcon.colcon_core.environment:checking '/home/eyantra/LB24/Student/1048/install/pymoveit2' for CMake module files
[4.805s] DEBUG:colcon.colcon_core.event_handler.log_command:Invoked command in '/home/eyantra/LB24/Student/1048/build/pymoveit2' returned '0': CMAKE_PREFIX_PATH=/opt/ros/humble /usr/bin/cmake --install /home/eyantra/LB24/Student/1048/build/pymoveit2
[4.806s] Level 1:colcon.colcon_core.environment:checking '/home/eyantra/LB24/Student/1048/install/pymoveit2' for CMake config files
[4.807s] Level 1:colcon.colcon_core.shell:create_environment_hook('pymoveit2', 'cmake_prefix_path')
[4.807s] INFO:colcon.colcon_core.shell:Creating environment hook '/home/eyantra/LB24/Student/1048/install/pymoveit2/share/pymoveit2/hook/cmake_prefix_path.ps1'
[4.808s] INFO:colcon.colcon_core.shell:Creating environment descriptor '/home/eyantra/LB24/Student/1048/install/pymoveit2/share/pymoveit2/hook/cmake_prefix_path.dsv'
[4.808s] INFO:colcon.colcon_core.shell:Creating environment hook '/home/eyantra/LB24/Student/1048/install/pymoveit2/share/pymoveit2/hook/cmake_prefix_path.sh'
[4.809s] Level 1:colcon.colcon_core.environment:checking '/home/eyantra/LB24/Student/1048/install/pymoveit2/lib'
[4.809s] Level 1:colcon.colcon_core.environment:checking '/home/eyantra/LB24/Student/1048/install/pymoveit2/bin'
[4.809s] Level 1:colcon.colcon_core.environment:checking '/home/eyantra/LB24/Student/1048/install/pymoveit2/lib/pkgconfig/pymoveit2.pc'
[4.810s] Level 1:colcon.colcon_core.environment:checking '/home/eyantra/LB24/Student/1048/install/pymoveit2/lib/python3.10/site-packages'
[4.810s] Level 1:colcon.colcon_core.environment:checking '/home/eyantra/LB24/Student/1048/install/pymoveit2/bin'
[4.811s] INFO:colcon.colcon_core.shell:Creating package script '/home/eyantra/LB24/Student/1048/install/pymoveit2/share/pymoveit2/package.ps1'
[4.812s] INFO:colcon.colcon_core.shell:Creating package descriptor '/home/eyantra/LB24/Student/1048/install/pymoveit2/share/pymoveit2/package.dsv'
[4.813s] INFO:colcon.colcon_core.shell:Creating package script '/home/eyantra/LB24/Student/1048/install/pymoveit2/share/pymoveit2/package.sh'
[4.814s] INFO:colcon.colcon_core.shell:Creating package script '/home/eyantra/LB24/Student/1048/install/pymoveit2/share/pymoveit2/package.bash'
[4.817s] INFO:colcon.colcon_core.shell:Creating package script '/home/eyantra/LB24/Student/1048/install/pymoveit2/share/pymoveit2/package.zsh'
[4.819s] Level 1:colcon.colcon_core.environment:create_file_with_runtime_dependencies(/home/eyantra/LB24/Student/1048/install/pymoveit2/share/colcon-core/packages/pymoveit2)
[4.820s] Level 1:colcon.colcon_core.environment:create_environment_scripts_only(pymoveit2)
[4.821s] Level 1:colcon.colcon_core.environment:checking '/home/eyantra/LB24/Student/1048/install/pymoveit2' for CMake module files
[4.822s] Level 1:colcon.colcon_core.environment:checking '/home/eyantra/LB24/Student/1048/install/pymoveit2' for CMake config files
[4.823s] Level 1:colcon.colcon_core.shell:create_environment_hook('pymoveit2', 'cmake_prefix_path')
[4.825s] INFO:colcon.colcon_core.shell:Creating environment hook '/home/eyantra/LB24/Student/1048/install/pymoveit2/share/pymoveit2/hook/cmake_prefix_path.ps1'
[4.827s] INFO:colcon.colcon_core.shell:Creating environment descriptor '/home/eyantra/LB24/Student/1048/install/pymoveit2/share/pymoveit2/hook/cmake_prefix_path.dsv'
[4.829s] INFO:colcon.colcon_core.shell:Creating environment hook '/home/eyantra/LB24/Student/1048/install/pymoveit2/share/pymoveit2/hook/cmake_prefix_path.sh'
[4.831s] Level 1:colcon.colcon_core.environment:checking '/home/eyantra/LB24/Student/1048/install/pymoveit2/lib'
[4.832s] Level 1:colcon.colcon_core.environment:checking '/home/eyantra/LB24/Student/1048/install/pymoveit2/bin'
[4.832s] Level 1:colcon.colcon_core.environment:checking '/home/eyantra/LB24/Student/1048/install/pymoveit2/lib/pkgconfig/pymoveit2.pc'
[4.833s] Level 1:colcon.colcon_core.environment:checking '/home/eyantra/LB24/Student/1048/install/pymoveit2/lib/python3.10/site-packages'
[4.833s] Level 1:colcon.colcon_core.environment:checking '/home/eyantra/LB24/Student/1048/install/pymoveit2/bin'
[4.834s] INFO:colcon.colcon_core.shell:Creating package script '/home/eyantra/LB24/Student/1048/install/pymoveit2/share/pymoveit2/package.ps1'
[4.836s] INFO:colcon.colcon_core.shell:Creating package descriptor '/home/eyantra/LB24/Student/1048/install/pymoveit2/share/pymoveit2/package.dsv'
[4.837s] INFO:colcon.colcon_core.shell:Creating package script '/home/eyantra/LB24/Student/1048/install/pymoveit2/share/pymoveit2/package.sh'
[4.838s] INFO:colcon.colcon_core.shell:Creating package script '/home/eyantra/LB24/Student/1048/install/pymoveit2/share/pymoveit2/package.bash'
[4.839s] INFO:colcon.colcon_core.shell:Creating package script '/home/eyantra/LB24/Student/1048/install/pymoveit2/share/pymoveit2/package.zsh'
[4.841s] Level 1:colcon.colcon_core.environment:create_file_with_runtime_dependencies(/home/eyantra/LB24/Student/1048/install/pymoveit2/share/colcon-core/packages/pymoveit2)
[5.483s] Level 1:colcon.colcon_core.environment:checking '/home/eyantra/LB24/Student/1048/install/jk' for CMake module files
[5.484s] DEBUG:colcon.colcon_core.event_handler.log_command:Invoked command in '/home/eyantra/LB24/Student/1048/src/jk' returned '0': PYTHONPATH=/home/eyantra/LB24/Student/1048/build/jk/prefix_override:/usr/lib/python3/dist-packages/colcon_core/task/python/colcon_distutils_commands:/home/eyantra/LB24/Student/1048/install/jk/lib/python3.10/site-packages:${PYTHONPATH} /usr/bin/python3 -W ignore:setup.py install is deprecated -W ignore:easy_install command is deprecated setup.py egg_info --egg-base ../../build/jk build --build-base /home/eyantra/LB24/Student/1048/build/jk/build install --record /home/eyantra/LB24/Student/1048/build/jk/install.log --single-version-externally-managed install_data
[5.486s] Level 1:colcon.colcon_core.environment:checking '/home/eyantra/LB24/Student/1048/install/jk' for CMake config files
[5.490s] Level 1:colcon.colcon_core.environment:checking '/home/eyantra/LB24/Student/1048/install/jk/lib'
[5.491s] Level 1:colcon.colcon_core.environment:checking '/home/eyantra/LB24/Student/1048/install/jk/bin'
[5.491s] Level 1:colcon.colcon_core.environment:checking '/home/eyantra/LB24/Student/1048/install/jk/lib/pkgconfig/jk.pc'
[5.491s] Level 1:colcon.colcon_core.environment:checking '/home/eyantra/LB24/Student/1048/install/jk/lib/python3.10/site-packages'
[5.494s] Level 1:colcon.colcon_core.shell:create_environment_hook('jk', 'pythonpath')
[5.495s] INFO:colcon.colcon_core.shell:Creating environment hook '/home/eyantra/LB24/Student/1048/install/jk/share/jk/hook/pythonpath.ps1'
[5.499s] INFO:colcon.colcon_core.shell:Creating environment descriptor '/home/eyantra/LB24/Student/1048/install/jk/share/jk/hook/pythonpath.dsv'
[5.503s] INFO:colcon.colcon_core.shell:Creating environment hook '/home/eyantra/LB24/Student/1048/install/jk/share/jk/hook/pythonpath.sh'
[5.504s] Level 1:colcon.colcon_core.environment:checking '/home/eyantra/LB24/Student/1048/install/jk/bin'
[5.504s] Level 1:colcon.colcon_core.environment:create_environment_scripts_only(jk)
[5.505s] INFO:colcon.colcon_core.shell:Creating package script '/home/eyantra/LB24/Student/1048/install/jk/share/jk/package.ps1'
[5.506s] INFO:colcon.colcon_core.shell:Creating package descriptor '/home/eyantra/LB24/Student/1048/install/jk/share/jk/package.dsv'
[5.506s] INFO:colcon.colcon_core.shell:Creating package script '/home/eyantra/LB24/Student/1048/install/jk/share/jk/package.sh'
[5.507s] INFO:colcon.colcon_core.shell:Creating package script '/home/eyantra/LB24/Student/1048/install/jk/share/jk/package.bash'
[5.508s] INFO:colcon.colcon_core.shell:Creating package script '/home/eyantra/LB24/Student/1048/install/jk/share/jk/package.zsh'
[5.508s] Level 1:colcon.colcon_core.environment:create_file_with_runtime_dependencies(/home/eyantra/LB24/Student/1048/install/jk/share/colcon-core/packages/jk)
[5.629s] Level 1:colcon.colcon_core.environment:checking '/home/eyantra/LB24/Student/1048/install/ff' for CMake module files
[5.630s] DEBUG:colcon.colcon_core.event_handler.log_command:Invoked command in '/home/eyantra/LB24/Student/1048/src/ff' returned '0': PYTHONPATH=/home/eyantra/LB24/Student/1048/build/ff/prefix_override:/usr/lib/python3/dist-packages/colcon_core/task/python/colcon_distutils_commands:/home/eyantra/LB24/Student/1048/install/ff/lib/python3.10/site-packages:${PYTHONPATH} /usr/bin/python3 -W ignore:setup.py install is deprecated -W ignore:easy_install command is deprecated setup.py egg_info --egg-base ../../build/ff build --build-base /home/eyantra/LB24/Student/1048/build/ff/build install --record /home/eyantra/LB24/Student/1048/build/ff/install.log --single-version-externally-managed install_data
[5.631s] Level 1:colcon.colcon_core.environment:checking '/home/eyantra/LB24/Student/1048/install/ff' for CMake config files
[5.632s] Level 1:colcon.colcon_core.environment:checking '/home/eyantra/LB24/Student/1048/install/ff/lib'
[5.632s] Level 1:colcon.colcon_core.environment:checking '/home/eyantra/LB24/Student/1048/install/ff/bin'
[5.632s] Level 1:colcon.colcon_core.environment:checking '/home/eyantra/LB24/Student/1048/install/ff/lib/pkgconfig/ff.pc'
[5.632s] Level 1:colcon.colcon_core.environment:checking '/home/eyantra/LB24/Student/1048/install/ff/lib/python3.10/site-packages'
[5.632s] Level 1:colcon.colcon_core.shell:create_environment_hook('ff', 'pythonpath')
[5.633s] INFO:colcon.colcon_core.shell:Creating environment hook '/home/eyantra/LB24/Student/1048/install/ff/share/ff/hook/pythonpath.ps1'
[5.635s] INFO:colcon.colcon_core.shell:Creating environment descriptor '/home/eyantra/LB24/Student/1048/install/ff/share/ff/hook/pythonpath.dsv'
[5.637s] INFO:colcon.colcon_core.shell:Creating environment hook '/home/eyantra/LB24/Student/1048/install/ff/share/ff/hook/pythonpath.sh'
[5.638s] Level 1:colcon.colcon_core.environment:checking '/home/eyantra/LB24/Student/1048/install/ff/bin'
[5.639s] Level 1:colcon.colcon_core.environment:create_environment_scripts_only(ff)
[5.639s] INFO:colcon.colcon_core.shell:Creating package script '/home/eyantra/LB24/Student/1048/install/ff/share/ff/package.ps1'
[5.640s] INFO:colcon.colcon_core.shell:Creating package descriptor '/home/eyantra/LB24/Student/1048/install/ff/share/ff/package.dsv'
[5.642s] INFO:colcon.colcon_core.shell:Creating package script '/home/eyantra/LB24/Student/1048/install/ff/share/ff/package.sh'
[5.643s] INFO:colcon.colcon_core.shell:Creating package script '/home/eyantra/LB24/Student/1048/install/ff/share/ff/package.bash'
[5.644s] INFO:colcon.colcon_core.shell:Creating package script '/home/eyantra/LB24/Student/1048/install/ff/share/ff/package.zsh'
[5.645s] Level 1:colcon.colcon_core.environment:create_file_with_runtime_dependencies(/home/eyantra/LB24/Student/1048/install/ff/share/colcon-core/packages/ff)
[5.646s] DEBUG:colcon.colcon_parallel_executor.executor.parallel:closing loop
[5.648s] DEBUG:colcon.colcon_parallel_executor.executor.parallel:loop closed
[5.649s] DEBUG:colcon.colcon_parallel_executor.executor.parallel:run_until_complete finished with '0'
[5.649s] DEBUG:colcon.colcon_core.event_reactor:joining thread
[5.660s] INFO:colcon.colcon_core.plugin_system:Skipping extension 'colcon_notification.desktop_notification.terminal_notifier': Not used on non-Darwin systems
[5.660s] INFO:colcon.colcon_core.plugin_system:Skipping extension 'colcon_notification.desktop_notification.win32': Not used on non-Windows systems
[5.660s] INFO:colcon.colcon_notification.desktop_notification:Sending desktop notification using 'notify2'
[5.698s] DEBUG:colcon.colcon_core.event_reactor:joined thread
[5.699s] INFO:colcon.colcon_core.shell:Creating prefix script '/home/eyantra/LB24/Student/1048/install/local_setup.ps1'
[5.701s] INFO:colcon.colcon_core.shell:Creating prefix util module '/home/eyantra/LB24/Student/1048/install/_local_setup_util_ps1.py'
[5.704s] INFO:colcon.colcon_core.shell:Creating prefix chain script '/home/eyantra/LB24/Student/1048/install/setup.ps1'
[5.706s] INFO:colcon.colcon_core.shell:Creating prefix script '/home/eyantra/LB24/Student/1048/install/local_setup.sh'
[5.707s] INFO:colcon.colcon_core.shell:Creating prefix util module '/home/eyantra/LB24/Student/1048/install/_local_setup_util_sh.py'
[5.708s] INFO:colcon.colcon_core.shell:Creating prefix chain script '/home/eyantra/LB24/Student/1048/install/setup.sh'
[5.710s] INFO:colcon.colcon_core.shell:Creating prefix script '/home/eyantra/LB24/Student/1048/install/local_setup.bash'
[5.710s] INFO:colcon.colcon_core.shell:Creating prefix chain script '/home/eyantra/LB24/Student/1048/install/setup.bash'
[5.711s] INFO:colcon.colcon_core.shell:Creating prefix script '/home/eyantra/LB24/Student/1048/install/local_setup.zsh'
[5.712s] INFO:colcon.colcon_core.shell:Creating prefix chain script '/home/eyantra/LB24/Student/1048/install/setup.zsh'
