[0.042s] Invoking command in '/home/eyantra/LB24/Student/1048/build/usb_servo': CMAKE_PREFIX_PATH=/opt/ros/humble /usr/bin/cmake /home/eyantra/LB24/Student/1048/src/usb_servo -DCMAKE_INSTALL_PREFIX=/home/eyantra/LB24/Student/1048/install/usb_servo
[1.123s] -- The C compiler identification is GNU 11.4.0
[1.124s] -- The CXX compiler identification is GNU 11.4.0
[1.124s] -- Detecting C compiler ABI info
[1.124s] -- Detecting C compiler ABI info - done
[1.124s] -- Check for working C compiler: /usr/bin/cc - skipped
[1.125s] -- Detecting C compile features
[1.125s] -- Detecting C compile features - done
[1.125s] -- Detecting CXX compiler ABI info
[1.125s] -- Detecting CXX compiler ABI info - done
[1.125s] -- Check for working CXX compiler: /usr/bin/c++ - skipped
[1.125s] -- Detecting CXX compile features
[1.125s] -- Detecting CXX compile features - done
[1.125s] -- Found ament_cmake: 1.3.11 (/opt/ros/humble/share/ament_cmake/cmake)
[1.125s] -- Found Python3: /usr/bin/python3 (found version "3.10.12") found components: Interpreter 
[1.126s] -- Found rosidl_default_generators: 1.2.0 (/opt/ros/humble/share/rosidl_default_generators/cmake)
[1.126s] -- Using all available rosidl_typesupport_c: rosidl_typesupport_fastrtps_c;rosidl_typesupport_introspection_c
[1.126s] -- Found rosidl_adapter: 3.1.6 (/opt/ros/humble/share/rosidl_adapter/cmake)
[1.126s] -- Using all available rosidl_typesupport_cpp: rosidl_typesupport_fastrtps_cpp;rosidl_typesupport_introspection_cpp
[1.126s] -- Found ament_cmake_ros: 0.10.0 (/opt/ros/humble/share/ament_cmake_ros/cmake)
[1.442s] -- Using all available rosidl_typesupport_c: rosidl_typesupport_fastrtps_c;rosidl_typesupport_introspection_c
[1.897s] -- Using all available rosidl_typesupport_cpp: rosidl_typesupport_fastrtps_cpp;rosidl_typesupport_introspection_cpp
[1.952s] -- Found PythonInterp: /usr/bin/python3 (found suitable version "3.10.12", minimum required is "3.6") 
[1.957s] -- Found python_cmake_module: 0.10.0 (/opt/ros/humble/share/python_cmake_module/cmake)
[2.057s] -- Found PythonLibs: /usr/lib/x86_64-linux-gnu/libpython3.10.so (found suitable version "3.10.12", minimum required is "3.5") 
[2.057s] -- Using PYTHON_EXECUTABLE: /usr/bin/python3
[2.057s] -- Using PYTHON_INCLUDE_DIRS: /usr/include/python3.10
[2.057s] -- Using PYTHON_LIBRARIES: /usr/lib/x86_64-linux-gnu/libpython3.10.so
[2.092s] -- Found PythonExtra: .so  
[2.156s] -- Found ament_lint_auto: 0.12.11 (/opt/ros/humble/share/ament_lint_auto/cmake)
[2.189s] -- Added test 'lint_cmake' to check CMake code style
[2.192s] -- Added test 'xmllint' to check XML markup files
[2.194s] -- Configuring done
[2.235s] -- Generating done
[2.251s] -- Build files have been written to: /home/eyantra/LB24/Student/1048/build/usb_servo
[2.268s] Invoked command in '/home/eyantra/LB24/Student/1048/build/usb_servo' returned '0': CMAKE_PREFIX_PATH=/opt/ros/humble /usr/bin/cmake /home/eyantra/LB24/Student/1048/src/usb_servo -DCMAKE_INSTALL_PREFIX=/home/eyantra/LB24/Student/1048/install/usb_servo
[2.270s] Invoking command in '/home/eyantra/LB24/Student/1048/build/usb_servo': CMAKE_PREFIX_PATH=/opt/ros/humble /usr/bin/cmake --build /home/eyantra/LB24/Student/1048/build/usb_servo -- -j8 -l8
[2.339s] [  3%] [34m[1mGenerating C code for ROS interfaces[0m
[2.349s] [  6%] [34m[1mGenerating C++ code for ROS interfaces[0m
[2.373s] [  6%] Built target ament_cmake_python_copy_usb_servo
[2.948s] [  9%] [32mBuilding C object CMakeFiles/usb_servo__rosidl_generator_c.dir/rosidl_generator_c/usb_servo/srv/detail/servo_sw__functions.c.o[0m
[2.991s] [  9%] Built target usb_servo__cpp
[2.993s] running egg_info
[2.994s] creating usb_servo.egg-info
[2.994s] writing usb_servo.egg-info/PKG-INFO
[2.995s] writing dependency_links to usb_servo.egg-info/dependency_links.txt
[2.995s] writing top-level names to usb_servo.egg-info/top_level.txt
[2.996s] writing manifest file 'usb_servo.egg-info/SOURCES.txt'
[3.000s] reading manifest file 'usb_servo.egg-info/SOURCES.txt'
[3.001s] writing manifest file 'usb_servo.egg-info/SOURCES.txt'
[3.021s] [ 12%] [34m[1mGenerating C++ type support for eProsima Fast-RTPS[0m
[3.025s] [ 16%] [34m[1mGenerating C++ introspection for ROS interfaces[0m
[3.029s] [ 19%] [34m[1mGenerating C++ type support dispatch for ROS interfaces[0m
[3.093s] [ 19%] Built target ament_cmake_python_build_usb_servo_egg
[3.102s] [ 22%] [32m[1mLinking C shared library libusb_servo__rosidl_generator_c.so[0m
[3.166s] [ 22%] Built target usb_servo__rosidl_generator_c
[3.182s] [ 25%] [34m[1mGenerating C type support for eProsima Fast-RTPS[0m
[3.189s] [ 29%] [34m[1mGenerating C introspection for ROS interfaces[0m
[3.195s] [ 32%] [34m[1mGenerating C type support dispatch for ROS interfaces[0m
[3.540s] [ 35%] [32mBuilding CXX object CMakeFiles/usb_servo__rosidl_typesupport_cpp.dir/rosidl_typesupport_cpp/usb_servo/srv/servo_sw__type_support.cpp.o[0m
[3.648s] [ 38%] [32mBuilding CXX object CMakeFiles/usb_servo__rosidl_typesupport_introspection_cpp.dir/rosidl_typesupport_introspection_cpp/usb_servo/srv/detail/servo_sw__type_support.cpp.o[0m
[3.701s] [ 41%] [32mBuilding CXX object CMakeFiles/usb_servo__rosidl_typesupport_fastrtps_cpp.dir/rosidl_typesupport_fastrtps_cpp/usb_servo/srv/detail/dds_fastrtps/servo_sw__type_support.cpp.o[0m
[3.813s] [ 45%] [32mBuilding CXX object CMakeFiles/usb_servo__rosidl_typesupport_c.dir/rosidl_typesupport_c/usb_servo/srv/servo_sw__type_support.cpp.o[0m
[3.870s] [ 48%] [32mBuilding C object CMakeFiles/usb_servo__rosidl_typesupport_introspection_c.dir/rosidl_typesupport_introspection_c/usb_servo/srv/detail/servo_sw__type_support.c.o[0m
[3.880s] [ 51%] [32m[1mLinking CXX shared library libusb_servo__rosidl_typesupport_c.so[0m
[3.977s] [ 54%] [32m[1mLinking C shared library libusb_servo__rosidl_typesupport_introspection_c.so[0m
[3.992s] [ 54%] Built target usb_servo__rosidl_typesupport_c
[3.996s] [ 58%] [32mBuilding CXX object CMakeFiles/usb_servo__rosidl_typesupport_fastrtps_c.dir/rosidl_typesupport_fastrtps_c/usb_servo/srv/detail/servo_sw__type_support_c.cpp.o[0m
[4.063s] [ 58%] Built target usb_servo__rosidl_typesupport_introspection_c
[4.137s] [ 61%] [32m[1mLinking CXX shared library libusb_servo__rosidl_typesupport_cpp.so[0m
[4.230s] [ 61%] Built target usb_servo__rosidl_typesupport_cpp
[4.514s] [ 64%] [32m[1mLinking CXX shared library libusb_servo__rosidl_typesupport_introspection_cpp.so[0m
[4.639s] [ 64%] Built target usb_servo__rosidl_typesupport_introspection_cpp
[4.673s] [ 67%] [32m[1mLinking CXX shared library libusb_servo__rosidl_typesupport_fastrtps_c.so[0m
[4.737s] [ 70%] [32m[1mLinking CXX shared library libusb_servo__rosidl_typesupport_fastrtps_cpp.so[0m
[4.922s] [ 70%] Built target usb_servo__rosidl_typesupport_fastrtps_c
[5.012s] [ 70%] Built target usb_servo__rosidl_typesupport_fastrtps_cpp
[5.049s] [ 70%] Built target usb_servo
[5.074s] [ 74%] [34m[1mGenerating Python code for ROS interfaces[0m
[5.508s] [ 74%] Built target usb_servo__py
[5.527s] [ 77%] [32mBuilding C object CMakeFiles/usb_servo__rosidl_generator_py.dir/rosidl_generator_py/usb_servo/srv/_servo_sw_s.c.o[0m
[5.622s] [ 80%] [32m[1mLinking C shared library rosidl_generator_py/usb_servo/libusb_servo__rosidl_generator_py.so[0m
[5.658s] [ 80%] Built target usb_servo__rosidl_generator_py
[5.677s] [ 83%] [32mBuilding C object CMakeFiles/usb_servo__rosidl_typesupport_introspection_c__pyext.dir/rosidl_generator_py/usb_servo/_usb_servo_s.ep.rosidl_typesupport_introspection_c.c.o[0m
[5.680s] [ 90%] [32mBuilding C object CMakeFiles/usb_servo__rosidl_typesupport_fastrtps_c__pyext.dir/rosidl_generator_py/usb_servo/_usb_servo_s.ep.rosidl_typesupport_fastrtps_c.c.o[0m
[5.680s] [ 90%] [32mBuilding C object CMakeFiles/usb_servo__rosidl_typesupport_c__pyext.dir/rosidl_generator_py/usb_servo/_usb_servo_s.ep.rosidl_typesupport_c.c.o[0m
[5.767s] [ 93%] [32m[1mLinking C shared library rosidl_generator_py/usb_servo/usb_servo_s__rosidl_typesupport_introspection_c.cpython-310-x86_64-linux-gnu.so[0m
[5.774s] [ 96%] [32m[1mLinking C shared library rosidl_generator_py/usb_servo/usb_servo_s__rosidl_typesupport_c.cpython-310-x86_64-linux-gnu.so[0m
[5.777s] [100%] [32m[1mLinking C shared library rosidl_generator_py/usb_servo/usb_servo_s__rosidl_typesupport_fastrtps_c.cpython-310-x86_64-linux-gnu.so[0m
[5.800s] [100%] Built target usb_servo__rosidl_typesupport_introspection_c__pyext
[5.809s] [100%] Built target usb_servo__rosidl_typesupport_fastrtps_c__pyext
[5.809s] [100%] Built target usb_servo__rosidl_typesupport_c__pyext
[5.820s] Invoked command in '/home/eyantra/LB24/Student/1048/build/usb_servo' returned '0': CMAKE_PREFIX_PATH=/opt/ros/humble /usr/bin/cmake --build /home/eyantra/LB24/Student/1048/build/usb_servo -- -j8 -l8
[5.822s] Invoking command in '/home/eyantra/LB24/Student/1048/build/usb_servo': CMAKE_PREFIX_PATH=/opt/ros/humble /usr/bin/cmake --install /home/eyantra/LB24/Student/1048/build/usb_servo
[5.829s] -- Install configuration: ""
[5.830s] -- Installing: /home/eyantra/LB24/Student/1048/install/usb_servo/share/ament_index/resource_index/rosidl_interfaces/usb_servo
[5.830s] -- Installing: /home/eyantra/LB24/Student/1048/install/usb_servo/include/usb_servo/usb_servo
[5.830s] -- Installing: /home/eyantra/LB24/Student/1048/install/usb_servo/include/usb_servo/usb_servo/msg
[5.830s] -- Installing: /home/eyantra/LB24/Student/1048/install/usb_servo/include/usb_servo/usb_servo/msg/rosidl_generator_c__visibility_control.h
[5.830s] -- Installing: /home/eyantra/LB24/Student/1048/install/usb_servo/include/usb_servo/usb_servo/srv
[5.830s] -- Installing: /home/eyantra/LB24/Student/1048/install/usb_servo/include/usb_servo/usb_servo/srv/servo_sw.h
[5.830s] -- Installing: /home/eyantra/LB24/Student/1048/install/usb_servo/include/usb_servo/usb_servo/srv/detail
[5.830s] -- Installing: /home/eyantra/LB24/Student/1048/install/usb_servo/include/usb_servo/usb_servo/srv/detail/servo_sw__functions.c
[5.830s] -- Installing: /home/eyantra/LB24/Student/1048/install/usb_servo/include/usb_servo/usb_servo/srv/detail/servo_sw__struct.h
[5.831s] -- Installing: /home/eyantra/LB24/Student/1048/install/usb_servo/include/usb_servo/usb_servo/srv/detail/servo_sw__type_support.h
[5.831s] -- Installing: /home/eyantra/LB24/Student/1048/install/usb_servo/include/usb_servo/usb_servo/srv/detail/servo_sw__functions.h
[5.831s] -- Installing: /home/eyantra/LB24/Student/1048/install/usb_servo/share/usb_servo/environment/library_path.sh
[5.831s] -- Installing: /home/eyantra/LB24/Student/1048/install/usb_servo/share/usb_servo/environment/library_path.dsv
[5.831s] -- Installing: /home/eyantra/LB24/Student/1048/install/usb_servo/lib/libusb_servo__rosidl_generator_c.so
[5.832s] -- Set runtime path of "/home/eyantra/LB24/Student/1048/install/usb_servo/lib/libusb_servo__rosidl_generator_c.so" to ""
[5.832s] -- Up-to-date: /home/eyantra/LB24/Student/1048/install/usb_servo/include/usb_servo/usb_servo
[5.832s] -- Up-to-date: /home/eyantra/LB24/Student/1048/install/usb_servo/include/usb_servo/usb_servo/msg
[5.832s] -- Installing: /home/eyantra/LB24/Student/1048/install/usb_servo/include/usb_servo/usb_servo/msg/rosidl_typesupport_fastrtps_c__visibility_control.h
[5.832s] -- Up-to-date: /home/eyantra/LB24/Student/1048/install/usb_servo/include/usb_servo/usb_servo/srv
[5.832s] -- Up-to-date: /home/eyantra/LB24/Student/1048/install/usb_servo/include/usb_servo/usb_servo/srv/detail
[5.832s] -- Installing: /home/eyantra/LB24/Student/1048/install/usb_servo/include/usb_servo/usb_servo/srv/detail/servo_sw__rosidl_typesupport_fastrtps_c.h
[5.833s] -- Installing: /home/eyantra/LB24/Student/1048/install/usb_servo/lib/libusb_servo__rosidl_typesupport_fastrtps_c.so
[5.833s] -- Set runtime path of "/home/eyantra/LB24/Student/1048/install/usb_servo/lib/libusb_servo__rosidl_typesupport_fastrtps_c.so" to ""
[5.833s] -- Up-to-date: /home/eyantra/LB24/Student/1048/install/usb_servo/include/usb_servo/usb_servo
[5.833s] -- Up-to-date: /home/eyantra/LB24/Student/1048/install/usb_servo/include/usb_servo/usb_servo/msg
[5.833s] -- Installing: /home/eyantra/LB24/Student/1048/install/usb_servo/include/usb_servo/usb_servo/msg/rosidl_typesupport_introspection_c__visibility_control.h
[5.833s] -- Up-to-date: /home/eyantra/LB24/Student/1048/install/usb_servo/include/usb_servo/usb_servo/srv
[5.833s] -- Up-to-date: /home/eyantra/LB24/Student/1048/install/usb_servo/include/usb_servo/usb_servo/srv/detail
[5.833s] -- Installing: /home/eyantra/LB24/Student/1048/install/usb_servo/include/usb_servo/usb_servo/srv/detail/servo_sw__rosidl_typesupport_introspection_c.h
[5.833s] -- Installing: /home/eyantra/LB24/Student/1048/install/usb_servo/include/usb_servo/usb_servo/srv/detail/servo_sw__type_support.c
[5.833s] -- Installing: /home/eyantra/LB24/Student/1048/install/usb_servo/lib/libusb_servo__rosidl_typesupport_introspection_c.so
[5.834s] -- Set runtime path of "/home/eyantra/LB24/Student/1048/install/usb_servo/lib/libusb_servo__rosidl_typesupport_introspection_c.so" to ""
[5.834s] -- Installing: /home/eyantra/LB24/Student/1048/install/usb_servo/lib/libusb_servo__rosidl_typesupport_c.so
[5.835s] -- Set runtime path of "/home/eyantra/LB24/Student/1048/install/usb_servo/lib/libusb_servo__rosidl_typesupport_c.so" to ""
[5.835s] -- Up-to-date: /home/eyantra/LB24/Student/1048/install/usb_servo/include/usb_servo/usb_servo
[5.835s] -- Up-to-date: /home/eyantra/LB24/Student/1048/install/usb_servo/include/usb_servo/usb_servo/msg
[5.835s] -- Installing: /home/eyantra/LB24/Student/1048/install/usb_servo/include/usb_servo/usb_servo/msg/rosidl_generator_cpp__visibility_control.hpp
[5.835s] -- Up-to-date: /home/eyantra/LB24/Student/1048/install/usb_servo/include/usb_servo/usb_servo/srv
[5.835s] -- Up-to-date: /home/eyantra/LB24/Student/1048/install/usb_servo/include/usb_servo/usb_servo/srv/detail
[5.835s] -- Installing: /home/eyantra/LB24/Student/1048/install/usb_servo/include/usb_servo/usb_servo/srv/detail/servo_sw__struct.hpp
[5.836s] -- Installing: /home/eyantra/LB24/Student/1048/install/usb_servo/include/usb_servo/usb_servo/srv/detail/servo_sw__builder.hpp
[5.836s] -- Installing: /home/eyantra/LB24/Student/1048/install/usb_servo/include/usb_servo/usb_servo/srv/detail/servo_sw__type_support.hpp
[5.836s] -- Installing: /home/eyantra/LB24/Student/1048/install/usb_servo/include/usb_servo/usb_servo/srv/detail/servo_sw__traits.hpp
[5.836s] -- Installing: /home/eyantra/LB24/Student/1048/install/usb_servo/include/usb_servo/usb_servo/srv/servo_sw.hpp
[5.836s] -- Up-to-date: /home/eyantra/LB24/Student/1048/install/usb_servo/include/usb_servo/usb_servo
[5.836s] -- Up-to-date: /home/eyantra/LB24/Student/1048/install/usb_servo/include/usb_servo/usb_servo/msg
[5.836s] -- Installing: /home/eyantra/LB24/Student/1048/install/usb_servo/include/usb_servo/usb_servo/msg/rosidl_typesupport_fastrtps_cpp__visibility_control.h
[5.836s] -- Up-to-date: /home/eyantra/LB24/Student/1048/install/usb_servo/include/usb_servo/usb_servo/srv
[5.836s] -- Up-to-date: /home/eyantra/LB24/Student/1048/install/usb_servo/include/usb_servo/usb_servo/srv/detail
[5.836s] -- Installing: /home/eyantra/LB24/Student/1048/install/usb_servo/include/usb_servo/usb_servo/srv/detail/dds_fastrtps
[5.837s] -- Installing: /home/eyantra/LB24/Student/1048/install/usb_servo/include/usb_servo/usb_servo/srv/detail/servo_sw__rosidl_typesupport_fastrtps_cpp.hpp
[5.837s] -- Installing: /home/eyantra/LB24/Student/1048/install/usb_servo/lib/libusb_servo__rosidl_typesupport_fastrtps_cpp.so
[5.837s] -- Set runtime path of "/home/eyantra/LB24/Student/1048/install/usb_servo/lib/libusb_servo__rosidl_typesupport_fastrtps_cpp.so" to ""
[5.837s] -- Up-to-date: /home/eyantra/LB24/Student/1048/install/usb_servo/include/usb_servo/usb_servo
[5.837s] -- Up-to-date: /home/eyantra/LB24/Student/1048/install/usb_servo/include/usb_servo/usb_servo/srv
[5.837s] -- Up-to-date: /home/eyantra/LB24/Student/1048/install/usb_servo/include/usb_servo/usb_servo/srv/detail
[5.837s] -- Installing: /home/eyantra/LB24/Student/1048/install/usb_servo/include/usb_servo/usb_servo/srv/detail/servo_sw__type_support.cpp
[5.838s] -- Installing: /home/eyantra/LB24/Student/1048/install/usb_servo/include/usb_servo/usb_servo/srv/detail/servo_sw__rosidl_typesupport_introspection_cpp.hpp
[5.838s] -- Installing: /home/eyantra/LB24/Student/1048/install/usb_servo/lib/libusb_servo__rosidl_typesupport_introspection_cpp.so
[5.838s] -- Set runtime path of "/home/eyantra/LB24/Student/1048/install/usb_servo/lib/libusb_servo__rosidl_typesupport_introspection_cpp.so" to ""
[5.838s] -- Installing: /home/eyantra/LB24/Student/1048/install/usb_servo/lib/libusb_servo__rosidl_typesupport_cpp.so
[5.839s] -- Set runtime path of "/home/eyantra/LB24/Student/1048/install/usb_servo/lib/libusb_servo__rosidl_typesupport_cpp.so" to ""
[5.839s] -- Installing: /home/eyantra/LB24/Student/1048/install/usb_servo/share/usb_servo/environment/pythonpath.sh
[5.839s] -- Installing: /home/eyantra/LB24/Student/1048/install/usb_servo/share/usb_servo/environment/pythonpath.dsv
[5.839s] -- Installing: /home/eyantra/LB24/Student/1048/install/usb_servo/local/lib/python3.10/dist-packages/usb_servo-0.0.0-py3.10.egg-info
[5.839s] -- Installing: /home/eyantra/LB24/Student/1048/install/usb_servo/local/lib/python3.10/dist-packages/usb_servo-0.0.0-py3.10.egg-info/dependency_links.txt
[5.839s] -- Installing: /home/eyantra/LB24/Student/1048/install/usb_servo/local/lib/python3.10/dist-packages/usb_servo-0.0.0-py3.10.egg-info/SOURCES.txt
[5.839s] -- Installing: /home/eyantra/LB24/Student/1048/install/usb_servo/local/lib/python3.10/dist-packages/usb_servo-0.0.0-py3.10.egg-info/top_level.txt
[5.840s] -- Installing: /home/eyantra/LB24/Student/1048/install/usb_servo/local/lib/python3.10/dist-packages/usb_servo-0.0.0-py3.10.egg-info/PKG-INFO
[5.840s] -- Installing: /home/eyantra/LB24/Student/1048/install/usb_servo/local/lib/python3.10/dist-packages/usb_servo
[5.840s] -- Installing: /home/eyantra/LB24/Student/1048/install/usb_servo/local/lib/python3.10/dist-packages/usb_servo/_usb_servo_s.ep.rosidl_typesupport_c.c
[5.840s] -- Installing: /home/eyantra/LB24/Student/1048/install/usb_servo/local/lib/python3.10/dist-packages/usb_servo/usb_servo_s__rosidl_typesupport_introspection_c.cpython-310-x86_64-linux-gnu.so
[5.840s] -- Installing: /home/eyantra/LB24/Student/1048/install/usb_servo/local/lib/python3.10/dist-packages/usb_servo/usb_servo_s__rosidl_typesupport_fastrtps_c.cpython-310-x86_64-linux-gnu.so
[5.840s] -- Installing: /home/eyantra/LB24/Student/1048/install/usb_servo/local/lib/python3.10/dist-packages/usb_servo/__init__.py
[5.840s] -- Installing: /home/eyantra/LB24/Student/1048/install/usb_servo/local/lib/python3.10/dist-packages/usb_servo/srv
[5.840s] -- Installing: /home/eyantra/LB24/Student/1048/install/usb_servo/local/lib/python3.10/dist-packages/usb_servo/srv/_servo_sw_s.c
[5.840s] -- Installing: /home/eyantra/LB24/Student/1048/install/usb_servo/local/lib/python3.10/dist-packages/usb_servo/srv/__init__.py
[5.840s] -- Installing: /home/eyantra/LB24/Student/1048/install/usb_servo/local/lib/python3.10/dist-packages/usb_servo/srv/_servo_sw.py
[5.840s] -- Installing: /home/eyantra/LB24/Student/1048/install/usb_servo/local/lib/python3.10/dist-packages/usb_servo/usb_servo_s__rosidl_typesupport_c.cpython-310-x86_64-linux-gnu.so
[5.841s] -- Installing: /home/eyantra/LB24/Student/1048/install/usb_servo/local/lib/python3.10/dist-packages/usb_servo/_usb_servo_s.ep.rosidl_typesupport_fastrtps_c.c
[5.841s] -- Installing: /home/eyantra/LB24/Student/1048/install/usb_servo/local/lib/python3.10/dist-packages/usb_servo/_usb_servo_s.ep.rosidl_typesupport_introspection_c.c
[5.841s] -- Installing: /home/eyantra/LB24/Student/1048/install/usb_servo/local/lib/python3.10/dist-packages/usb_servo/libusb_servo__rosidl_generator_py.so
[5.874s] Listing '/home/eyantra/LB24/Student/1048/install/usb_servo/local/lib/python3.10/dist-packages/usb_servo'...
[5.874s] Compiling '/home/eyantra/LB24/Student/1048/install/usb_servo/local/lib/python3.10/dist-packages/usb_servo/__init__.py'...
[5.874s] Listing '/home/eyantra/LB24/Student/1048/install/usb_servo/local/lib/python3.10/dist-packages/usb_servo/srv'...
[5.874s] Compiling '/home/eyantra/LB24/Student/1048/install/usb_servo/local/lib/python3.10/dist-packages/usb_servo/srv/__init__.py'...
[5.874s] Compiling '/home/eyantra/LB24/Student/1048/install/usb_servo/local/lib/python3.10/dist-packages/usb_servo/srv/_servo_sw.py'...
[5.881s] -- Installing: /home/eyantra/LB24/Student/1048/install/usb_servo/local/lib/python3.10/dist-packages/usb_servo/usb_servo_s__rosidl_typesupport_fastrtps_c.cpython-310-x86_64-linux-gnu.so
[5.882s] -- Set runtime path of "/home/eyantra/LB24/Student/1048/install/usb_servo/local/lib/python3.10/dist-packages/usb_servo/usb_servo_s__rosidl_typesupport_fastrtps_c.cpython-310-x86_64-linux-gnu.so" to ""
[5.882s] -- Installing: /home/eyantra/LB24/Student/1048/install/usb_servo/local/lib/python3.10/dist-packages/usb_servo/usb_servo_s__rosidl_typesupport_introspection_c.cpython-310-x86_64-linux-gnu.so
[5.882s] -- Set runtime path of "/home/eyantra/LB24/Student/1048/install/usb_servo/local/lib/python3.10/dist-packages/usb_servo/usb_servo_s__rosidl_typesupport_introspection_c.cpython-310-x86_64-linux-gnu.so" to ""
[5.883s] -- Installing: /home/eyantra/LB24/Student/1048/install/usb_servo/local/lib/python3.10/dist-packages/usb_servo/usb_servo_s__rosidl_typesupport_c.cpython-310-x86_64-linux-gnu.so
[5.883s] -- Set runtime path of "/home/eyantra/LB24/Student/1048/install/usb_servo/local/lib/python3.10/dist-packages/usb_servo/usb_servo_s__rosidl_typesupport_c.cpython-310-x86_64-linux-gnu.so" to ""
[5.883s] -- Installing: /home/eyantra/LB24/Student/1048/install/usb_servo/lib/libusb_servo__rosidl_generator_py.so
[5.884s] -- Set runtime path of "/home/eyantra/LB24/Student/1048/install/usb_servo/lib/libusb_servo__rosidl_generator_py.so" to ""
[5.884s] -- Installing: /home/eyantra/LB24/Student/1048/install/usb_servo/share/usb_servo/srv/ServoSw.idl
[5.884s] -- Installing: /home/eyantra/LB24/Student/1048/install/usb_servo/share/usb_servo/srv/ServoSw.srv
[5.884s] -- Installing: /home/eyantra/LB24/Student/1048/install/usb_servo/share/usb_servo/srv/ServoSw_Request.msg
[5.884s] -- Installing: /home/eyantra/LB24/Student/1048/install/usb_servo/share/usb_servo/srv/ServoSw_Response.msg
[5.885s] -- Installing: /home/eyantra/LB24/Student/1048/install/usb_servo/share/ament_index/resource_index/package_run_dependencies/usb_servo
[5.885s] -- Installing: /home/eyantra/LB24/Student/1048/install/usb_servo/share/ament_index/resource_index/parent_prefix_path/usb_servo
[5.885s] -- Installing: /home/eyantra/LB24/Student/1048/install/usb_servo/share/usb_servo/environment/ament_prefix_path.sh
[5.885s] -- Installing: /home/eyantra/LB24/Student/1048/install/usb_servo/share/usb_servo/environment/ament_prefix_path.dsv
[5.885s] -- Installing: /home/eyantra/LB24/Student/1048/install/usb_servo/share/usb_servo/environment/path.sh
[5.886s] -- Installing: /home/eyantra/LB24/Student/1048/install/usb_servo/share/usb_servo/environment/path.dsv
[5.886s] -- Installing: /home/eyantra/LB24/Student/1048/install/usb_servo/share/usb_servo/local_setup.bash
[5.886s] -- Installing: /home/eyantra/LB24/Student/1048/install/usb_servo/share/usb_servo/local_setup.sh
[5.886s] -- Installing: /home/eyantra/LB24/Student/1048/install/usb_servo/share/usb_servo/local_setup.zsh
[5.886s] -- Installing: /home/eyantra/LB24/Student/1048/install/usb_servo/share/usb_servo/local_setup.dsv
[5.886s] -- Installing: /home/eyantra/LB24/Student/1048/install/usb_servo/share/usb_servo/package.dsv
[5.887s] -- Installing: /home/eyantra/LB24/Student/1048/install/usb_servo/share/ament_index/resource_index/packages/usb_servo
[5.887s] -- Installing: /home/eyantra/LB24/Student/1048/install/usb_servo/share/usb_servo/cmake/export_usb_servo__rosidl_generator_cExport.cmake
[5.887s] -- Installing: /home/eyantra/LB24/Student/1048/install/usb_servo/share/usb_servo/cmake/export_usb_servo__rosidl_generator_cExport-noconfig.cmake
[5.887s] -- Installing: /home/eyantra/LB24/Student/1048/install/usb_servo/share/usb_servo/cmake/export_usb_servo__rosidl_typesupport_fastrtps_cExport.cmake
[5.887s] -- Installing: /home/eyantra/LB24/Student/1048/install/usb_servo/share/usb_servo/cmake/export_usb_servo__rosidl_typesupport_fastrtps_cExport-noconfig.cmake
[5.888s] -- Installing: /home/eyantra/LB24/Student/1048/install/usb_servo/share/usb_servo/cmake/usb_servo__rosidl_typesupport_introspection_cExport.cmake
[5.888s] -- Installing: /home/eyantra/LB24/Student/1048/install/usb_servo/share/usb_servo/cmake/usb_servo__rosidl_typesupport_introspection_cExport-noconfig.cmake
[5.888s] -- Installing: /home/eyantra/LB24/Student/1048/install/usb_servo/share/usb_servo/cmake/usb_servo__rosidl_typesupport_cExport.cmake
[5.888s] -- Installing: /home/eyantra/LB24/Student/1048/install/usb_servo/share/usb_servo/cmake/usb_servo__rosidl_typesupport_cExport-noconfig.cmake
[5.888s] -- Installing: /home/eyantra/LB24/Student/1048/install/usb_servo/share/usb_servo/cmake/export_usb_servo__rosidl_generator_cppExport.cmake
[5.889s] -- Installing: /home/eyantra/LB24/Student/1048/install/usb_servo/share/usb_servo/cmake/export_usb_servo__rosidl_typesupport_fastrtps_cppExport.cmake
[5.889s] -- Installing: /home/eyantra/LB24/Student/1048/install/usb_servo/share/usb_servo/cmake/export_usb_servo__rosidl_typesupport_fastrtps_cppExport-noconfig.cmake
[5.889s] -- Installing: /home/eyantra/LB24/Student/1048/install/usb_servo/share/usb_servo/cmake/usb_servo__rosidl_typesupport_introspection_cppExport.cmake
[5.889s] -- Installing: /home/eyantra/LB24/Student/1048/install/usb_servo/share/usb_servo/cmake/usb_servo__rosidl_typesupport_introspection_cppExport-noconfig.cmake
[5.889s] -- Installing: /home/eyantra/LB24/Student/1048/install/usb_servo/share/usb_servo/cmake/usb_servo__rosidl_typesupport_cppExport.cmake
[5.890s] -- Installing: /home/eyantra/LB24/Student/1048/install/usb_servo/share/usb_servo/cmake/usb_servo__rosidl_typesupport_cppExport-noconfig.cmake
[5.890s] -- Installing: /home/eyantra/LB24/Student/1048/install/usb_servo/share/usb_servo/cmake/export_usb_servo__rosidl_generator_pyExport.cmake
[5.890s] -- Installing: /home/eyantra/LB24/Student/1048/install/usb_servo/share/usb_servo/cmake/export_usb_servo__rosidl_generator_pyExport-noconfig.cmake
[5.890s] -- Installing: /home/eyantra/LB24/Student/1048/install/usb_servo/share/usb_servo/cmake/rosidl_cmake-extras.cmake
[5.890s] -- Installing: /home/eyantra/LB24/Student/1048/install/usb_servo/share/usb_servo/cmake/ament_cmake_export_include_directories-extras.cmake
[5.890s] -- Installing: /home/eyantra/LB24/Student/1048/install/usb_servo/share/usb_servo/cmake/ament_cmake_export_libraries-extras.cmake
[5.891s] -- Installing: /home/eyantra/LB24/Student/1048/install/usb_servo/share/usb_servo/cmake/ament_cmake_export_targets-extras.cmake
[5.891s] -- Installing: /home/eyantra/LB24/Student/1048/install/usb_servo/share/usb_servo/cmake/rosidl_cmake_export_typesupport_targets-extras.cmake
[5.891s] -- Installing: /home/eyantra/LB24/Student/1048/install/usb_servo/share/usb_servo/cmake/ament_cmake_export_dependencies-extras.cmake
[5.891s] -- Installing: /home/eyantra/LB24/Student/1048/install/usb_servo/share/usb_servo/cmake/rosidl_cmake_export_typesupport_libraries-extras.cmake
[5.891s] -- Installing: /home/eyantra/LB24/Student/1048/install/usb_servo/share/usb_servo/cmake/usb_servoConfig.cmake
[5.892s] -- Installing: /home/eyantra/LB24/Student/1048/install/usb_servo/share/usb_servo/cmake/usb_servoConfig-version.cmake
[5.892s] -- Installing: /home/eyantra/LB24/Student/1048/install/usb_servo/share/usb_servo/package.xml
[5.895s] Invoked command in '/home/eyantra/LB24/Student/1048/build/usb_servo' returned '0': CMAKE_PREFIX_PATH=/opt/ros/humble /usr/bin/cmake --install /home/eyantra/LB24/Student/1048/build/usb_servo
