[0.769s] Invoking command in '/home/eyantra/LB24/Student/1048/build/pymoveit2': CMAKE_PREFIX_PATH=/opt/ros/humble /usr/bin/cmake --build /home/eyantra/LB24/Student/1048/build/pymoveit2 -- -j8 -l8
[0.976s] Built target ament_cmake_python_copy_pymoveit2
[1.679s] running egg_info
[1.688s] writing pymoveit2.egg-info/PKG-INFO
[1.689s] writing dependency_links to pymoveit2.egg-info/dependency_links.txt
[1.689s] writing top-level names to pymoveit2.egg-info/top_level.txt
[1.695s] reading manifest file 'pymoveit2.egg-info/SOURCES.txt'
[1.696s] writing manifest file 'pymoveit2.egg-info/SOURCES.txt'
[1.879s] Built target ament_cmake_python_build_pymoveit2_egg
[1.928s] Invoked command in '/home/eyantra/LB24/Student/1048/build/pymoveit2' returned '0': CMAKE_PREFIX_PATH=/opt/ros/humble /usr/bin/cmake --build /home/eyantra/LB24/Student/1048/build/pymoveit2 -- -j8 -l8
[1.932s] Invoking command in '/home/eyantra/LB24/Student/1048/build/pymoveit2': CMAKE_PREFIX_PATH=/opt/ros/humble /usr/bin/cmake --install /home/eyantra/LB24/Student/1048/build/pymoveit2
[1.947s] -- Install configuration: ""
[1.948s] -- Up-to-date: /home/eyantra/LB24/Student/1048/install/pymoveit2/share/pymoveit2/environment/pythonpath.sh
[1.948s] -- Up-to-date: /home/eyantra/LB24/Student/1048/install/pymoveit2/share/pymoveit2/environment/pythonpath.dsv
[1.948s] -- Up-to-date: /home/eyantra/LB24/Student/1048/install/pymoveit2/local/lib/python3.10/dist-packages/pymoveit2-2.1.0-py3.10.egg-info
[1.948s] -- Installing: /home/eyantra/LB24/Student/1048/install/pymoveit2/local/lib/python3.10/dist-packages/pymoveit2-2.1.0-py3.10.egg-info/dependency_links.txt
[1.948s] -- Installing: /home/eyantra/LB24/Student/1048/install/pymoveit2/local/lib/python3.10/dist-packages/pymoveit2-2.1.0-py3.10.egg-info/SOURCES.txt
[1.948s] -- Installing: /home/eyantra/LB24/Student/1048/install/pymoveit2/local/lib/python3.10/dist-packages/pymoveit2-2.1.0-py3.10.egg-info/top_level.txt
[1.948s] -- Installing: /home/eyantra/LB24/Student/1048/install/pymoveit2/local/lib/python3.10/dist-packages/pymoveit2-2.1.0-py3.10.egg-info/PKG-INFO
[1.948s] -- Up-to-date: /home/eyantra/LB24/Student/1048/install/pymoveit2/local/lib/python3.10/dist-packages/pymoveit2
[1.956s] -- Up-to-date: /home/eyantra/LB24/Student/1048/install/pymoveit2/local/lib/python3.10/dist-packages/pymoveit2/moveit2_servo.py
[1.956s] -- Up-to-date: /home/eyantra/LB24/Student/1048/install/pymoveit2/local/lib/python3.10/dist-packages/pymoveit2/robots
[1.956s] -- Up-to-date: /home/eyantra/LB24/Student/1048/install/pymoveit2/local/lib/python3.10/dist-packages/pymoveit2/robots/ur5.py
[1.956s] -- Up-to-date: /home/eyantra/LB24/Student/1048/install/pymoveit2/local/lib/python3.10/dist-packages/pymoveit2/robots/kinova.py
[1.957s] -- Up-to-date: /home/eyantra/LB24/Student/1048/install/pymoveit2/local/lib/python3.10/dist-packages/pymoveit2/robots/__init__.py
[1.957s] -- Up-to-date: /home/eyantra/LB24/Student/1048/install/pymoveit2/local/lib/python3.10/dist-packages/pymoveit2/moveit2.py
[1.957s] -- Up-to-date: /home/eyantra/LB24/Student/1048/install/pymoveit2/local/lib/python3.10/dist-packages/pymoveit2/__init__.py
[2.050s] Listing '/home/eyantra/LB24/Student/1048/install/pymoveit2/local/lib/python3.10/dist-packages/pymoveit2'...
[2.050s] Listing '/home/eyantra/LB24/Student/1048/install/pymoveit2/local/lib/python3.10/dist-packages/pymoveit2/robots'...
[2.066s] -- Up-to-date: /home/eyantra/LB24/Student/1048/install/pymoveit2/lib/pymoveit2/ex_collision_object.py
[2.068s] -- Up-to-date: /home/eyantra/LB24/Student/1048/install/pymoveit2/lib/pymoveit2/ex_joint_goal.py
[2.068s] -- Up-to-date: /home/eyantra/LB24/Student/1048/install/pymoveit2/lib/pymoveit2/ex_pose_goal.py
[2.068s] -- Up-to-date: /home/eyantra/LB24/Student/1048/install/pymoveit2/lib/pymoveit2/ex_servo.py
[2.069s] -- Up-to-date: /home/eyantra/LB24/Student/1048/install/pymoveit2/lib/pymoveit2/assets
[2.069s] -- Up-to-date: /home/eyantra/LB24/Student/1048/install/pymoveit2/lib/pymoveit2/assets/rack.stl
[2.070s] -- Up-to-date: /home/eyantra/LB24/Student/1048/install/pymoveit2/lib/pymoveit2/assets/box2.stl
[2.070s] -- Up-to-date: /home/eyantra/LB24/Student/1048/install/pymoveit2/lib/pymoveit2/assets/box3.stl
[2.070s] -- Up-to-date: /home/eyantra/LB24/Student/1048/install/pymoveit2/lib/pymoveit2/assets/rack_box.stl
[2.070s] -- Up-to-date: /home/eyantra/LB24/Student/1048/install/pymoveit2/lib/pymoveit2/assets/box.stl
[2.070s] -- Up-to-date: /home/eyantra/LB24/Student/1048/install/pymoveit2/lib/pymoveit2/assets/rack_box_again.stl
[2.071s] -- Up-to-date: /home/eyantra/LB24/Student/1048/install/pymoveit2/lib/pymoveit2/assets/box1.stl
[2.071s] -- Up-to-date: /home/eyantra/LB24/Student/1048/install/pymoveit2/lib/pymoveit2/assets/suzanne.stl
[2.071s] -- Up-to-date: /home/eyantra/LB24/Student/1048/install/pymoveit2/share/ament_index/resource_index/package_run_dependencies/pymoveit2
[2.071s] -- Up-to-date: /home/eyantra/LB24/Student/1048/install/pymoveit2/share/ament_index/resource_index/parent_prefix_path/pymoveit2
[2.071s] -- Up-to-date: /home/eyantra/LB24/Student/1048/install/pymoveit2/share/pymoveit2/environment/ament_prefix_path.sh
[2.071s] -- Up-to-date: /home/eyantra/LB24/Student/1048/install/pymoveit2/share/pymoveit2/environment/ament_prefix_path.dsv
[2.071s] -- Up-to-date: /home/eyantra/LB24/Student/1048/install/pymoveit2/share/pymoveit2/environment/path.sh
[2.071s] -- Up-to-date: /home/eyantra/LB24/Student/1048/install/pymoveit2/share/pymoveit2/environment/path.dsv
[2.076s] -- Up-to-date: /home/eyantra/LB24/Student/1048/install/pymoveit2/share/pymoveit2/local_setup.bash
[2.076s] -- Up-to-date: /home/eyantra/LB24/Student/1048/install/pymoveit2/share/pymoveit2/local_setup.sh
[2.076s] -- Up-to-date: /home/eyantra/LB24/Student/1048/install/pymoveit2/share/pymoveit2/local_setup.zsh
[2.076s] -- Up-to-date: /home/eyantra/LB24/Student/1048/install/pymoveit2/share/pymoveit2/local_setup.dsv
[2.076s] -- Installing: /home/eyantra/LB24/Student/1048/install/pymoveit2/share/pymoveit2/package.dsv
[2.079s] -- Up-to-date: /home/eyantra/LB24/Student/1048/install/pymoveit2/share/ament_index/resource_index/packages/pymoveit2
[2.079s] -- Up-to-date: /home/eyantra/LB24/Student/1048/install/pymoveit2/share/pymoveit2/cmake/pymoveit2Config.cmake
[2.079s] -- Up-to-date: /home/eyantra/LB24/Student/1048/install/pymoveit2/share/pymoveit2/cmake/pymoveit2Config-version.cmake
[2.079s] -- Up-to-date: /home/eyantra/LB24/Student/1048/install/pymoveit2/share/pymoveit2/package.xml
[2.085s] Invoked command in '/home/eyantra/LB24/Student/1048/build/pymoveit2' returned '0': CMAKE_PREFIX_PATH=/opt/ros/humble /usr/bin/cmake --install /home/eyantra/LB24/Student/1048/build/pymoveit2
