[1.420s] Invoking command in '/home/eyantra/LB24/Student/1048/build/pymoveit2': CMAKE_PREFIX_PATH=${CMAKE_PREFIX_PATH}:/home/eyantra/LB24/Student/1048/install/jk:/home/eyantra/LB24/Student/1048/install/ff:/opt/ros/humble /usr/bin/cmake --build /home/eyantra/LB24/Student/1048/build/pymoveit2 -- -j8 -l8
[1.581s] Built target ament_cmake_python_copy_pymoveit2
[2.174s] running egg_info
[2.175s] writing pymoveit2.egg-info/PKG-INFO
[2.175s] writing dependency_links to pymoveit2.egg-info/dependency_links.txt
[2.176s] writing top-level names to pymoveit2.egg-info/top_level.txt
[2.181s] reading manifest file 'pymoveit2.egg-info/SOURCES.txt'
[2.182s] writing manifest file 'pymoveit2.egg-info/SOURCES.txt'
[2.305s] Built target ament_cmake_python_build_pymoveit2_egg
[2.324s] Invoked command in '/home/eyantra/LB24/Student/1048/build/pymoveit2' returned '0': CMAKE_PREFIX_PATH=${CMAKE_PREFIX_PATH}:/home/eyantra/LB24/Student/1048/install/jk:/home/eyantra/LB24/Student/1048/install/ff:/opt/ros/humble /usr/bin/cmake --build /home/eyantra/LB24/Student/1048/build/pymoveit2 -- -j8 -l8
[2.335s] Invoking command in '/home/eyantra/LB24/Student/1048/build/pymoveit2': CMAKE_PREFIX_PATH=${CMAKE_PREFIX_PATH}:/home/eyantra/LB24/Student/1048/install/jk:/home/eyantra/LB24/Student/1048/install/ff:/opt/ros/humble /usr/bin/cmake --install /home/eyantra/LB24/Student/1048/build/pymoveit2
[2.348s] -- Install configuration: ""
[2.349s] -- Up-to-date: /home/eyantra/LB24/Student/1048/install/pymoveit2/share/pymoveit2/environment/pythonpath.sh
[2.349s] -- Up-to-date: /home/eyantra/LB24/Student/1048/install/pymoveit2/share/pymoveit2/environment/pythonpath.dsv
[2.350s] -- Up-to-date: /home/eyantra/LB24/Student/1048/install/pymoveit2/local/lib/python3.10/dist-packages/pymoveit2-2.1.0-py3.10.egg-info
[2.351s] -- Installing: /home/eyantra/LB24/Student/1048/install/pymoveit2/local/lib/python3.10/dist-packages/pymoveit2-2.1.0-py3.10.egg-info/dependency_links.txt
[2.352s] -- Installing: /home/eyantra/LB24/Student/1048/install/pymoveit2/local/lib/python3.10/dist-packages/pymoveit2-2.1.0-py3.10.egg-info/SOURCES.txt
[2.353s] -- Installing: /home/eyantra/LB24/Student/1048/install/pymoveit2/local/lib/python3.10/dist-packages/pymoveit2-2.1.0-py3.10.egg-info/top_level.txt
[2.353s] -- Installing: /home/eyantra/LB24/Student/1048/install/pymoveit2/local/lib/python3.10/dist-packages/pymoveit2-2.1.0-py3.10.egg-info/PKG-INFO
[2.354s] -- Up-to-date: /home/eyantra/LB24/Student/1048/install/pymoveit2/local/lib/python3.10/dist-packages/pymoveit2
[2.354s] -- Up-to-date: /home/eyantra/LB24/Student/1048/install/pymoveit2/local/lib/python3.10/dist-packages/pymoveit2/moveit2_servo.py
[2.355s] -- Up-to-date: /home/eyantra/LB24/Student/1048/install/pymoveit2/local/lib/python3.10/dist-packages/pymoveit2/robots
[2.356s] -- Up-to-date: /home/eyantra/LB24/Student/1048/install/pymoveit2/local/lib/python3.10/dist-packages/pymoveit2/robots/ur5.py
[2.356s] -- Up-to-date: /home/eyantra/LB24/Student/1048/install/pymoveit2/local/lib/python3.10/dist-packages/pymoveit2/robots/kinova.py
[2.360s] -- Up-to-date: /home/eyantra/LB24/Student/1048/install/pymoveit2/local/lib/python3.10/dist-packages/pymoveit2/robots/__init__.py
[2.361s] -- Up-to-date: /home/eyantra/LB24/Student/1048/install/pymoveit2/local/lib/python3.10/dist-packages/pymoveit2/moveit2.py
[2.362s] -- Up-to-date: /home/eyantra/LB24/Student/1048/install/pymoveit2/local/lib/python3.10/dist-packages/pymoveit2/__init__.py
[2.429s] Listing '/home/eyantra/LB24/Student/1048/install/pymoveit2/local/lib/python3.10/dist-packages/pymoveit2'...
[2.429s] Listing '/home/eyantra/LB24/Student/1048/install/pymoveit2/local/lib/python3.10/dist-packages/pymoveit2/robots'...
[2.451s] -- Up-to-date: /home/eyantra/LB24/Student/1048/install/pymoveit2/lib/pymoveit2/ex_collision_object.py
[2.452s] -- Up-to-date: /home/eyantra/LB24/Student/1048/install/pymoveit2/lib/pymoveit2/ex_joint_goal.py
[2.452s] -- Up-to-date: /home/eyantra/LB24/Student/1048/install/pymoveit2/lib/pymoveit2/ex_pose_goal.py
[2.452s] -- Up-to-date: /home/eyantra/LB24/Student/1048/install/pymoveit2/lib/pymoveit2/ex_servo.py
[2.452s] -- Up-to-date: /home/eyantra/LB24/Student/1048/install/pymoveit2/lib/pymoveit2/assets
[2.452s] -- Up-to-date: /home/eyantra/LB24/Student/1048/install/pymoveit2/lib/pymoveit2/assets/rack.stl
[2.452s] -- Up-to-date: /home/eyantra/LB24/Student/1048/install/pymoveit2/lib/pymoveit2/assets/box2.stl
[2.452s] -- Up-to-date: /home/eyantra/LB24/Student/1048/install/pymoveit2/lib/pymoveit2/assets/box3.stl
[2.452s] -- Up-to-date: /home/eyantra/LB24/Student/1048/install/pymoveit2/lib/pymoveit2/assets/rack_box.stl
[2.452s] -- Up-to-date: /home/eyantra/LB24/Student/1048/install/pymoveit2/lib/pymoveit2/assets/box.stl
[2.452s] -- Up-to-date: /home/eyantra/LB24/Student/1048/install/pymoveit2/lib/pymoveit2/assets/rack_box_again.stl
[2.453s] -- Up-to-date: /home/eyantra/LB24/Student/1048/install/pymoveit2/lib/pymoveit2/assets/box1.stl
[2.453s] -- Up-to-date: /home/eyantra/LB24/Student/1048/install/pymoveit2/lib/pymoveit2/assets/suzanne.stl
[2.453s] -- Up-to-date: /home/eyantra/LB24/Student/1048/install/pymoveit2/share/ament_index/resource_index/package_run_dependencies/pymoveit2
[2.453s] -- Up-to-date: /home/eyantra/LB24/Student/1048/install/pymoveit2/share/ament_index/resource_index/parent_prefix_path/pymoveit2
[2.453s] -- Up-to-date: /home/eyantra/LB24/Student/1048/install/pymoveit2/share/pymoveit2/environment/ament_prefix_path.sh
[2.453s] -- Up-to-date: /home/eyantra/LB24/Student/1048/install/pymoveit2/share/pymoveit2/environment/ament_prefix_path.dsv
[2.453s] -- Up-to-date: /home/eyantra/LB24/Student/1048/install/pymoveit2/share/pymoveit2/environment/path.sh
[2.453s] -- Up-to-date: /home/eyantra/LB24/Student/1048/install/pymoveit2/share/pymoveit2/environment/path.dsv
[2.454s] -- Up-to-date: /home/eyantra/LB24/Student/1048/install/pymoveit2/share/pymoveit2/local_setup.bash
[2.454s] -- Up-to-date: /home/eyantra/LB24/Student/1048/install/pymoveit2/share/pymoveit2/local_setup.sh
[2.454s] -- Up-to-date: /home/eyantra/LB24/Student/1048/install/pymoveit2/share/pymoveit2/local_setup.zsh
[2.454s] -- Up-to-date: /home/eyantra/LB24/Student/1048/install/pymoveit2/share/pymoveit2/local_setup.dsv
[2.456s] -- Installing: /home/eyantra/LB24/Student/1048/install/pymoveit2/share/pymoveit2/package.dsv
[2.457s] -- Up-to-date: /home/eyantra/LB24/Student/1048/install/pymoveit2/share/ament_index/resource_index/packages/pymoveit2
[2.457s] -- Up-to-date: /home/eyantra/LB24/Student/1048/install/pymoveit2/share/pymoveit2/cmake/pymoveit2Config.cmake
[2.457s] -- Up-to-date: /home/eyantra/LB24/Student/1048/install/pymoveit2/share/pymoveit2/cmake/pymoveit2Config-version.cmake
[2.457s] -- Up-to-date: /home/eyantra/LB24/Student/1048/install/pymoveit2/share/pymoveit2/package.xml
[2.457s] Invoked command in '/home/eyantra/LB24/Student/1048/build/pymoveit2' returned '0': CMAKE_PREFIX_PATH=${CMAKE_PREFIX_PATH}:/home/eyantra/LB24/Student/1048/install/jk:/home/eyantra/LB24/Student/1048/install/ff:/opt/ros/humble /usr/bin/cmake --install /home/eyantra/LB24/Student/1048/build/pymoveit2
