[0.061s] Invoking command in '/home/eyantra/LB24/Student/1048/build/fin': AMENT_PREFIX_PATH=/home/eyantra/LB24/Student/1048/install/usb_servo:/home/eyantra/LB24/Student/1048/install/ebot_docking:${AMENT_PREFIX_PATH} CMAKE_PREFIX_PATH=/home/eyantra/LB24/Student/1048/install/usb_servo:/home/eyantra/LB24/Student/1048/install/ebot_docking:/opt/ros/humble LD_LIBRARY_PATH=/home/eyantra/LB24/Student/1048/install/usb_servo/lib:/home/eyantra/LB24/Student/1048/install/ebot_docking/lib:${LD_LIBRARY_PATH} PYTHONPATH=/home/eyantra/LB24/Student/1048/install/usb_servo/local/lib/python3.10/dist-packages:/home/eyantra/LB24/Student/1048/install/ebot_docking/local/lib/python3.10/dist-packages:${PYTHONPATH} /usr/bin/cmake --build /home/eyantra/LB24/Student/1048/build/fin -- -j8 -l8
[0.209s] [ 33%] Built target arm
[0.251s] [35m[1mConsolidate compiler generated dependencies of target nav[0m
[0.311s] [ 50%] [32mBuilding CXX object CMakeFiles/nav.dir/src/nav.cpp.o[0m
[22.553s] [ 66%] [32m[1mLinking CXX executable nav[0m
[24.584s] [ 66%] Built target nav
[24.651s] [100%] Built target dock
[24.682s] Invoked command in '/home/eyantra/LB24/Student/1048/build/fin' returned '0': AMENT_PREFIX_PATH=/home/eyantra/LB24/Student/1048/install/usb_servo:/home/eyantra/LB24/Student/1048/install/ebot_docking:${AMENT_PREFIX_PATH} CMAKE_PREFIX_PATH=/home/eyantra/LB24/Student/1048/install/usb_servo:/home/eyantra/LB24/Student/1048/install/ebot_docking:/opt/ros/humble LD_LIBRARY_PATH=/home/eyantra/LB24/Student/1048/install/usb_servo/lib:/home/eyantra/LB24/Student/1048/install/ebot_docking/lib:${LD_LIBRARY_PATH} PYTHONPATH=/home/eyantra/LB24/Student/1048/install/usb_servo/local/lib/python3.10/dist-packages:/home/eyantra/LB24/Student/1048/install/ebot_docking/local/lib/python3.10/dist-packages:${PYTHONPATH} /usr/bin/cmake --build /home/eyantra/LB24/Student/1048/build/fin -- -j8 -l8
[24.685s] Invoking command in '/home/eyantra/LB24/Student/1048/build/fin': AMENT_PREFIX_PATH=/home/eyantra/LB24/Student/1048/install/usb_servo:/home/eyantra/LB24/Student/1048/install/ebot_docking:${AMENT_PREFIX_PATH} CMAKE_PREFIX_PATH=/home/eyantra/LB24/Student/1048/install/usb_servo:/home/eyantra/LB24/Student/1048/install/ebot_docking:/opt/ros/humble LD_LIBRARY_PATH=/home/eyantra/LB24/Student/1048/install/usb_servo/lib:/home/eyantra/LB24/Student/1048/install/ebot_docking/lib:${LD_LIBRARY_PATH} PYTHONPATH=/home/eyantra/LB24/Student/1048/install/usb_servo/local/lib/python3.10/dist-packages:/home/eyantra/LB24/Student/1048/install/ebot_docking/local/lib/python3.10/dist-packages:${PYTHONPATH} /usr/bin/cmake --install /home/eyantra/LB24/Student/1048/build/fin
[24.707s] -- Install configuration: ""
[24.707s] -- Up-to-date: /home/eyantra/LB24/Student/1048/install/fin/lib/fin/arm
[24.707s] -- Up-to-date: /home/eyantra/LB24/Student/1048/install/fin/lib/fin/dock
[24.707s] -- Installing: /home/eyantra/LB24/Student/1048/install/fin/lib/fin/nav
[24.716s] -- Set runtime path of "/home/eyantra/LB24/Student/1048/install/fin/lib/fin/nav" to ""
[24.716s] -- Up-to-date: /home/eyantra/LB24/Student/1048/install/fin/lib/fin/arm.py
[24.718s] -- Up-to-date: /home/eyantra/LB24/Student/1048/install/fin/share/ament_index/resource_index/package_run_dependencies/fin
[24.719s] -- Up-to-date: /home/eyantra/LB24/Student/1048/install/fin/share/ament_index/resource_index/parent_prefix_path/fin
[24.719s] -- Up-to-date: /home/eyantra/LB24/Student/1048/install/fin/share/fin/environment/ament_prefix_path.sh
[24.719s] -- Up-to-date: /home/eyantra/LB24/Student/1048/install/fin/share/fin/environment/ament_prefix_path.dsv
[24.719s] -- Up-to-date: /home/eyantra/LB24/Student/1048/install/fin/share/fin/environment/path.sh
[24.719s] -- Up-to-date: /home/eyantra/LB24/Student/1048/install/fin/share/fin/environment/path.dsv
[24.719s] -- Up-to-date: /home/eyantra/LB24/Student/1048/install/fin/share/fin/local_setup.bash
[24.719s] -- Up-to-date: /home/eyantra/LB24/Student/1048/install/fin/share/fin/local_setup.sh
[24.719s] -- Up-to-date: /home/eyantra/LB24/Student/1048/install/fin/share/fin/local_setup.zsh
[24.719s] -- Up-to-date: /home/eyantra/LB24/Student/1048/install/fin/share/fin/local_setup.dsv
[24.719s] -- Installing: /home/eyantra/LB24/Student/1048/install/fin/share/fin/package.dsv
[24.720s] -- Up-to-date: /home/eyantra/LB24/Student/1048/install/fin/share/ament_index/resource_index/packages/fin
[24.720s] -- Up-to-date: /home/eyantra/LB24/Student/1048/install/fin/share/fin/cmake/finConfig.cmake
[24.720s] -- Up-to-date: /home/eyantra/LB24/Student/1048/install/fin/share/fin/cmake/finConfig-version.cmake
[24.722s] -- Up-to-date: /home/eyantra/LB24/Student/1048/install/fin/share/fin/package.xml
[24.724s] Invoked command in '/home/eyantra/LB24/Student/1048/build/fin' returned '0': AMENT_PREFIX_PATH=/home/eyantra/LB24/Student/1048/install/usb_servo:/home/eyantra/LB24/Student/1048/install/ebot_docking:${AMENT_PREFIX_PATH} CMAKE_PREFIX_PATH=/home/eyantra/LB24/Student/1048/install/usb_servo:/home/eyantra/LB24/Student/1048/install/ebot_docking:/opt/ros/humble LD_LIBRARY_PATH=/home/eyantra/LB24/Student/1048/install/usb_servo/lib:/home/eyantra/LB24/Student/1048/install/ebot_docking/lib:${LD_LIBRARY_PATH} PYTHONPATH=/home/eyantra/LB24/Student/1048/install/usb_servo/local/lib/python3.10/dist-packages:/home/eyantra/LB24/Student/1048/install/ebot_docking/local/lib/python3.10/dist-packages:${PYTHONPATH} /usr/bin/cmake --install /home/eyantra/LB24/Student/1048/build/fin
