[1.912s] Invoking command in '/home/eyantra/LB24/Student/1048/build/ur_moveit_config': CMAKE_PREFIX_PATH=/opt/ros/humble /usr/bin/cmake --build /home/eyantra/LB24/Student/1048/build/ur_moveit_config -- -j8 -l8
[2.181s] Invoked command in '/home/eyantra/LB24/Student/1048/build/ur_moveit_config' returned '0': CMAKE_PREFIX_PATH=/opt/ros/humble /usr/bin/cmake --build /home/eyantra/LB24/Student/1048/build/ur_moveit_config -- -j8 -l8
[2.182s] Invoking command in '/home/eyantra/LB24/Student/1048/build/ur_moveit_config': CMAKE_PREFIX_PATH=/opt/ros/humble /usr/bin/cmake --install /home/eyantra/LB24/Student/1048/build/ur_moveit_config
[2.192s] -- Install configuration: ""
[2.192s] -- Up-to-date: /home/eyantra/LB24/Student/1048/install/ur_moveit_config/share/ur_moveit_config/config
[2.193s] -- Up-to-date: /home/eyantra/LB24/Student/1048/install/ur_moveit_config/share/ur_moveit_config/config/kinematics.yaml
[2.193s] -- Up-to-date: /home/eyantra/LB24/Student/1048/install/ur_moveit_config/share/ur_moveit_config/launch
[2.195s] -- Up-to-date: /home/eyantra/LB24/Student/1048/install/ur_moveit_config/share/ur_moveit_config/launch/ur_moveit.launch.py
[2.195s] -- Up-to-date: /home/eyantra/LB24/Student/1048/install/ur_moveit_config/share/ur_moveit_config/rviz
[2.195s] -- Up-to-date: /home/eyantra/LB24/Student/1048/install/ur_moveit_config/share/ur_moveit_config/rviz/view_robot.rviz
[2.196s] -- Up-to-date: /home/eyantra/LB24/Student/1048/install/ur_moveit_config/share/ur_moveit_config/srdf
[2.196s] -- Up-to-date: /home/eyantra/LB24/Student/1048/install/ur_moveit_config/share/ur_moveit_config/srdf/ur_macro.srdf.xacro
[2.196s] -- Up-to-date: /home/eyantra/LB24/Student/1048/install/ur_moveit_config/share/ur_moveit_config/srdf/ur.srdf.xacro
[2.196s] -- Up-to-date: /home/eyantra/LB24/Student/1048/install/ur_moveit_config/share/ament_index/resource_index/package_run_dependencies/ur_moveit_config
[2.196s] -- Up-to-date: /home/eyantra/LB24/Student/1048/install/ur_moveit_config/share/ament_index/resource_index/parent_prefix_path/ur_moveit_config
[2.197s] -- Up-to-date: /home/eyantra/LB24/Student/1048/install/ur_moveit_config/share/ur_moveit_config/environment/ament_prefix_path.sh
[2.197s] -- Up-to-date: /home/eyantra/LB24/Student/1048/install/ur_moveit_config/share/ur_moveit_config/environment/ament_prefix_path.dsv
[2.197s] -- Up-to-date: /home/eyantra/LB24/Student/1048/install/ur_moveit_config/share/ur_moveit_config/environment/path.sh
[2.197s] -- Up-to-date: /home/eyantra/LB24/Student/1048/install/ur_moveit_config/share/ur_moveit_config/environment/path.dsv
[2.197s] -- Up-to-date: /home/eyantra/LB24/Student/1048/install/ur_moveit_config/share/ur_moveit_config/local_setup.bash
[2.197s] -- Up-to-date: /home/eyantra/LB24/Student/1048/install/ur_moveit_config/share/ur_moveit_config/local_setup.sh
[2.199s] -- Up-to-date: /home/eyantra/LB24/Student/1048/install/ur_moveit_config/share/ur_moveit_config/local_setup.zsh
[2.199s] -- Up-to-date: /home/eyantra/LB24/Student/1048/install/ur_moveit_config/share/ur_moveit_config/local_setup.dsv
[2.199s] -- Installing: /home/eyantra/LB24/Student/1048/install/ur_moveit_config/share/ur_moveit_config/package.dsv
[2.199s] -- Up-to-date: /home/eyantra/LB24/Student/1048/install/ur_moveit_config/share/ament_index/resource_index/packages/ur_moveit_config
[2.199s] -- Up-to-date: /home/eyantra/LB24/Student/1048/install/ur_moveit_config/share/ur_moveit_config/cmake/ur_moveit_configConfig.cmake
[2.199s] -- Up-to-date: /home/eyantra/LB24/Student/1048/install/ur_moveit_config/share/ur_moveit_config/cmake/ur_moveit_configConfig-version.cmake
[2.199s] -- Up-to-date: /home/eyantra/LB24/Student/1048/install/ur_moveit_config/share/ur_moveit_config/package.xml
[2.306s] Invoked command in '/home/eyantra/LB24/Student/1048/build/ur_moveit_config' returned '0': CMAKE_PREFIX_PATH=/opt/ros/humble /usr/bin/cmake --install /home/eyantra/LB24/Student/1048/build/ur_moveit_config
